<?xml version="1.0" encoding="UTF-8"?>
<!-- Generated by org.testng.reporters.JUnitReportReporter -->
<testsuite hostname="LAPTOP-HKRLNLI0" failures="0" tests="8" name="ParentClass" time="963.039" errors="0" timestamp="2022-01-28T11:58:02 IST" skipped="0">
  <testcase classname="ParentClass" name="w3cValidationCheck" time="64.250"/>
  <system-out>
    <![CDATA[Jan 28,2022 11:42:11 [info]  Validating the page for W3C error check : https://www.sc.com/sg/
Jan 28,2022 11:42:11 [info]  Entered the standard chartered url for validation into the address bar for validation
Jan 28,2022 11:42:16 [info]  Clicked on the check button to validate the standard chartered url address
Jan 28,2022 11:42:26 [info]  There are 5 results shown after url validation
Jan 28,2022 11:42:26 [info]  Warning info displayed
Jan 28,2022 11:42:37 [info]  Validating the page for W3C error check : https://www.sc.com/sg/credit-cards/
Jan 28,2022 11:42:38 [info]  Entered the standard chartered url for validation into the address bar for validation
Jan 28,2022 11:42:42 [info]  Clicked on the check button to validate the standard chartered url address
Jan 28,2022 11:42:52 [info]  There are 5 results shown after url validation
Jan 28,2022 11:42:52 [info]  Warning info displayed]]>
  </system-out>
  <testcase classname="ParentClass" name="jsValidationCheck" time="101.554"/>
  <system-out>
    <![CDATA[Jan 28,2022 11:43:04 [info]  Browser has been initiated successfully
Jan 28,2022 11:43:04 [info]  Window has been maximized to full screen
Jan 28,2022 11:43:10 [info]  Validating the page for JS error check : https://www.sc.com/sg/
Jan 28,2022 11:43:13 [info]  Entered the standard chartered url for js validation into the address bar for validation
Jan 28,2022 11:43:16 [info]  Clicked on the check button to validate the standard chartered url address
Jan 28,2022 11:43:52 [info]  Progress bar under the card header is complete
Jan 28,2022 11:43:52 [info]  Report summary has been created successfully
Jan 28,2022 11:43:52 [info]  JS failed count : 9 Failed
Jan 28,2022 11:43:52 [info]  JS warning count : 4 Warnings
Jan 28,2022 11:43:52 [info]  JS passed count : 46 Passed
Jan 28,2022 11:43:53 [info]  Browser has been initiated successfully
Jan 28,2022 11:43:53 [info]  Window has been maximized to full screen
Jan 28,2022 11:44:00 [info]  Validating the page for JS error check : https://www.sc.com/sg/credit-cards/
Jan 28,2022 11:44:04 [info]  Entered the standard chartered url for js validation into the address bar for validation
Jan 28,2022 11:44:06 [info]  Clicked on the check button to validate the standard chartered url address
Jan 28,2022 11:44:44 [info]  Progress bar under the card header is complete
Jan 28,2022 11:44:44 [info]  Report summary has been created successfully
Jan 28,2022 11:44:44 [info]  JS failed count : 7 Failed
Jan 28,2022 11:44:44 [info]  JS warning count : 3 Warnings
Jan 28,2022 11:44:44 [info]  JS passed count : 49 Passed]]>
  </system-out>
  <testcase classname="ParentClass" name="brokenLinkCheck" time="161.834"/>
  <system-out>
    <![CDATA[Jan 28,2022 11:44:51 [info]  There are 266 url to be verified for broken links
Jan 28,2022 11:44:53 [info]  https://www.sc.com/sg/priority/ is a valid link
Jan 28,2022 11:44:53 [info]  https://www.sc.com/sg/priority/priority-private/ is a valid link
Jan 28,2022 11:44:54 [info]  https://www.sc.com/sg/wealth/ is a valid link
Jan 28,2022 11:44:55 [info]  https://www.sc.com/sg/international-banking/ is a valid link
Jan 28,2022 11:44:55 [info]  https://www.sc.com/privatebank/en/ is a valid link
Jan 28,2022 11:44:56 [info]  https://www.sc.com/sg/business/ is a valid link
Jan 28,2022 11:44:56 [info]  https://www.sc.com/sg/commercial is a valid link
Jan 28,2022 11:44:57 [info]  https://www.sc.com/en/banking-services/business-banking.html is a valid link
Jan 28,2022 11:44:58 [info]  https://www.sc.com/sg/bank-with-us/mobile-banking-services/standard-chartered-mobile/ is a valid link
Jan 28,2022 11:44:58 [info]  https://www.sc.com/sg/help/ is a valid link
Jan 28,2022 11:44:59 [info]  https://www.sc.com/sg/search/ is a valid link
Jan 28,2022 11:44:59 [info]  https://www.sc.com/sg/ is a valid link
Jan 28,2022 11:44:59 [info]  https://www.sc.com/sg/ is a valid link
Jan 28,2022 11:44:59 [info]  https://www.sc.com/sg/save/current-accounts/ is a valid link
Jan 28,2022 11:45:00 [info]  https://www.sc.com/sg/save/current-accounts/bonussaver/ is a valid link
Jan 28,2022 11:45:00 [info]  https://www.sc.com/sg/save/current-accounts/supersalary/ is a valid link
Jan 28,2022 11:45:01 [info]  https://www.sc.com/sg/save/mca/ is a valid link
Jan 28,2022 11:45:01 [info]  https://www.sc.com/sg/save/savings-accounts/ is a valid link
Jan 28,2022 11:45:01 [info]  https://www.sc.com/sg/save/savings-accounts/esaver/ is a valid link
Jan 28,2022 11:45:02 [info]  https://www.sc.com/sg/save/savings-accounts/jumpstart/ is a valid link
Jan 28,2022 11:45:02 [info]  https://www.sc.com/sg/save/savings-accounts/usdsaver/ is a valid link
Jan 28,2022 11:45:03 [info]  https://www.sc.com/sg/save/time-deposits/ is a valid link
Jan 28,2022 11:45:03 [info]  https://www.sc.com/sg/save/time-deposits/sustainable-time-deposit/ is a valid link
Jan 28,2022 11:45:04 [info]  https://www.sc.com/sg/save/time-deposits/singapore-dollar-time-deposit/ is a valid link
Jan 28,2022 11:45:04 [info]  https://www.sc.com/sg/save/time-deposits/foreign-currency-time-deposits/ is a valid link
Jan 28,2022 11:45:05 [info]  https://www.sc.com/sg/promotions/casa-member-get-member/ is a valid link
Jan 28,2022 11:45:05 [info]  https://www.sc.com/sg/save/ is a valid link
Jan 28,2022 11:45:05 [info]  https://www.sc.com/sg/credit-cards/ is a valid link
Jan 28,2022 11:45:06 [info]  https://www.sc.com/sg/credit-cards/smart-credit-card/ is a valid link
Jan 28,2022 11:45:06 [info]  https://www.sc.com/sg/credit-cards/smart-credit-card/ is a valid link
Jan 28,2022 11:45:06 [info]  https://www.sc.com/sg/credit-cards/unlimited-cashback-credit-card/ is a valid link
Jan 28,2022 11:45:06 [info]  https://www.sc.com/sg/credit-cards/unlimited-cashback-credit-card/ is a valid link
Jan 28,2022 11:45:06 [info]  https://www.sc.com/sg/credit-cards/rewards-plus-credit-card/ is a valid link
Jan 28,2022 11:45:06 [info]  https://www.sc.com/sg/credit-cards/rewards-plus-credit-card/ is a valid link
Jan 28,2022 11:45:06 [info]  https://www.sc.com/sg/credit-cards/visa-infinite-card/ is a valid link
Jan 28,2022 11:45:07 [info]  https://www.sc.com/sg/credit-cards/visa-infinite-card/ is a valid link
Jan 28,2022 11:45:07 [info]  https://www.sc.com/sg/credit-cards/priority-visa-infinite-card/ is a valid link
Jan 28,2022 11:45:07 [info]  https://www.sc.com/sg/credit-cards/priority-visa-infinite-card/ is a valid link
Jan 28,2022 11:45:07 [info]  https://www.sc.com/sg/credit-cards/x-card/ is a valid link
Jan 28,2022 11:45:08 [info]  https://www.sc.com/sg/credit-cards/x-card/ is a valid link
Jan 28,2022 11:45:08 [info]  https://www.sc.com/sg/bank-with-us/ is a valid link
Jan 28,2022 11:45:08 [info]  https://www.sc.com/sg/promotions/instant/ is a valid link
Jan 28,2022 11:45:09 [info]  https://www.sc.com/sg/bank-with-us/service-requests/card-activation-pin-set/ is a valid link
Jan 28,2022 11:45:09 [info]  https://www.sc.com/sg/bank-with-us/online-banking-services/online-estatements/ is a valid link
Jan 28,2022 11:45:09 [info]  https://www.sc.com/sg/bank-with-us/manage-your-finances/ is a valid link
Jan 28,2022 11:45:10 [info]  https://www.sc.com/sg/sapl is a valid link
Jan 28,2022 11:45:10 [info]  https://www.sc.com/sg/credit-cards/ is a valid link
Jan 28,2022 11:45:10 [info]  https://www.sc.com/sg/borrow/loans/ is a valid link
Jan 28,2022 11:45:11 [info]  https://www.sc.com/sg/borrow/loans/cashone/ is a valid link
Jan 28,2022 11:45:11 [info]  https://www.sc.com/sg/borrow/loans/ is a valid link
Jan 28,2022 11:45:11 [info]  https://www.sc.com/sg/borrow/loans/balance-transfer/ is a valid link
Jan 28,2022 11:45:11 [info]  https://www.sc.com/sg/borrow/loans/ is a valid link
Jan 28,2022 11:45:11 [info]  https://www.sc.com/sg/borrow/loans/debt-consolidation/ is a valid link
Jan 28,2022 11:45:12 [info]  https://www.sc.com/sg/borrow/loans/debt-consolidation-refinance/ is a valid link
Jan 28,2022 11:45:12 [info]  https://www.sc.com/sg/borrow/loans/ is a valid link
Jan 28,2022 11:45:12 [info]  https://www.sc.com/sg/borrow/loans/auto-financing/ is a valid link
Jan 28,2022 11:45:12 [info]  https://www.sc.com/sg/borrow/mortgages/ is a valid link
Jan 28,2022 11:45:13 [info]  https://www.sc.com/sg/borrow/mortgages/mortgageone/ is a valid link
Jan 28,2022 11:45:13 [info]  https://www.sc.com/sg/borrow/mortgages/home-suite/ is a valid link
Jan 28,2022 11:45:14 [info]  https://www.sc.com/sg/borrow/mortgages/green-mortgage/ is a valid link
Jan 28,2022 11:45:14 [info]  https://www.sc.com/sg/important-information/sor-transition-to-sora-faqs/ is a valid link
Jan 28,2022 11:45:14 [info]  https://www.sc.com/sg/borrow/loans/cashone/ is a valid link
Jan 28,2022 11:45:14 [info]  https://www.sc.com/sg/borrow/ is a valid link
Jan 28,2022 11:45:14 [info]  https://www.sc.com/sg/wealth/investment/ is a valid link
Jan 28,2022 11:45:15 [info]  https://www.sc.com/sg/wealth/investment/unit-trusts/ is a valid link
Jan 28,2022 11:45:15 [info]  https://www.sc.com/sg/wealth/investment/online-trading/ is a valid link
Jan 28,2022 11:45:15 [info]  https://www.sc.com/sg/wealth/investment/livefx/ is a valid link
Jan 28,2022 11:45:16 [info]  https://www.sc.com/sg/wealth/sc-goals-planner/ is a valid link
Jan 28,2022 11:45:17 [info]  https://sc-onlineut-morningstar.nw-cloud.com/ is a valid link
Jan 28,2022 11:45:17 [info]  https://www.sc.com/sg/wealth/wealth-connect/ is a valid link
Jan 28,2022 11:45:17 [info]  https://www.sc.com/sg/wealth/ is a valid link
Jan 28,2022 11:45:18 [info]  https://www.sc.com/retail/mce/index.html?#/landing?lang=en&ctry=SG&channel=PLRB&sapp=PUB&requestId=8b5585b9-ac43-4cf8-806a-628426c8caec is a valid link
Jan 28,2022 11:45:18 [info]  https://www.sc.com/sg/articles/2018-psb-market-market-outlook-and-insights-webinar/ is a valid link
Jan 28,2022 11:45:18 [info]  https://www.sc.com/sg/wealth/insights/ is a valid link
Jan 28,2022 11:45:20 [info]  https://feeds.buzzsprout.com/1662247.rss/ is a valid link
Jan 28,2022 11:45:20 [info]  https://www.sc.com/sg/wealth/ is a valid link
Jan 28,2022 11:45:21 [info]  https://www.sc.com/sg/insurance/health-accident/ is a valid link
Jan 28,2022 11:45:21 [info]  https://www.sc.com/sg/insurance/health-insurance/ is a valid link
Jan 28,2022 11:45:21 [info]  https://www.sc.com/sg/insurance/health-accident/ is a valid link
Jan 28,2022 11:45:21 [info]  https://www.sc.com/sg/insurance/critical-illness/ is a valid link
Jan 28,2022 11:45:22 [info]  https://www.sc.com/sg/insurance/travel-home-car/ is a valid link
Jan 28,2022 11:45:22 [info]  https://www.sc.com/sg/insurance/allianz-home-protect/ is a valid link
Jan 28,2022 11:45:22 [info]  https://www.sc.com/sg/insurance/az-motor-protect/ is a valid link
Jan 28,2022 11:45:23 [info]  https://www.sc.com/sg/insurance/az-motor-protect/ is a valid link
Jan 28,2022 11:45:23 [info]  https://www.sc.com/sg/insurance/ is a valid link
Jan 28,2022 11:45:23 [info]  https://www.sc.com/sg/bank-with-us/online-banking/ is a valid link
Jan 28,2022 11:45:24 [info]  https://www.sc.com/sg/business-channels-access/straight2bank/ is a valid link
Jan 28,2022 11:45:25 [info]  https://www.sc.com/sg/rewards-programmes/ is a valid link
Jan 28,2022 11:45:25 [info]  https://www.sc.com/sg/pricing-guide/ is a valid link
Jan 28,2022 11:45:25 [info]  https://www.sc.com/sg/help/forms/ is a valid link
Jan 28,2022 11:45:25 [info]  https://www.sc.com/sg/help/contact-us/ is a valid link
Jan 28,2022 11:45:26 [info]  https://www.sc.com/sg/help/lost-card/ is a valid link
Jan 28,2022 11:45:26 [info]  https://www.sc.com/sg/help/activate-card/ is a valid link
Jan 28,2022 11:45:26 [info]  https://www.sc.com/sg/bank-with-us/online-banking/alerts-and-notifications/ is a valid link
Jan 28,2022 11:45:26 [info]  https://www.sc.com/sg/bank-with-us/remittance/ is a valid link
Jan 28,2022 11:45:27 [info]  https://www.sc.com/sg/bank-with-us/manage-your-finances/ is a valid link
Jan 28,2022 11:45:27 [info]  https://www.sc.com/sg/bank-with-us/manage-your-payments/ is a valid link
Jan 28,2022 11:45:27 [info]  https://www.sc.com/sg/bank-with-us/mobile-banking-services/standard-chartered-mobile/ is a valid link
Jan 28,2022 11:45:27 [info]  https://www.sc.com/sg/bank-with-us/ is a valid link
Jan 28,2022 11:45:27 [info]  https://www.sc.com/sg/bank-with-us/mobile-banking-services/standard-chartered-mobile/ is a valid link
Jan 28,2022 11:45:27 [info]  https://www.sc.com/sg/help/ is a valid link
Jan 28,2022 11:45:27 [info]  https://www.sc.com/sg/search/ is a valid link
Jan 28,2022 11:45:28 [info]  https://www.sc.com/sg/borrow/loans/cashone/?reference_id=IBNOF_OTH_PL is a valid link
Jan 28,2022 11:45:28 [info]  https://www.sc.com/sg/borrow/loans/cashone/?reference_id=IBNOF_OTH_PL is a valid link
Jan 28,2022 11:45:28 [info]  https://www.sc.com/sg/borrow/loans/cashone/?reference_id=IBNOF_OTH_PL is a valid link
Jan 28,2022 11:45:28 [info]  https://www.sc.com/sg/shop-anywhere-pay-later/?reference_id=IBNOF-OTH-SAPL is a valid link
Jan 28,2022 11:45:28 [info]  https://www.sc.com/sg/shop-anywhere-pay-later/?reference_id=IBNOF-OTH-SAPL is a valid link
Jan 28,2022 11:45:28 [info]  https://www.sc.com/sg/shop-anywhere-pay-later/?reference_id=IBNOF-OTH-SAPL is a valid link
Jan 28,2022 11:45:28 [info]  https://www.sc.com/sg/wealth/investment/online-trading/?reference_id=IBNOF-OTH-OT is a valid link
Jan 28,2022 11:45:28 [info]  https://www.sc.com/sg/wealth/investment/online-trading/?reference_id=IBNOF-OTH-OT is a valid link
Jan 28,2022 11:45:28 [info]  https://www.sc.com/sg/wealth/investment/online-trading/?reference_id=IBNOF-OTH-OT is a valid link
Jan 28,2022 11:45:28 [info]  https://www.sc.com/sg/save/?subchancode=IBOA is a valid link
Jan 28,2022 11:45:30 [info]  https://ibank.standardchartered.com.sg/nfs/login.htm?&_ga=2.55342635.1250817750.1612628392-585638684.1569585475 is a valid link
Jan 28,2022 11:45:30 [info]  https://www.sc.com/nfs/orr/foa/view_reward_home.htm?ctry=SG&lang=en_SG is a broken link
Jan 28,2022 11:45:31 [info]  https://s2b.standardchartered.com/ssoapp/login.jsp is a valid link
Jan 28,2022 11:45:31 [info]  https://www.sc.com/ao/ is a valid link
Jan 28,2022 11:45:32 [info]  https://www.sc.com/ar-en/ is a valid link
Jan 28,2022 11:45:32 [info]  https://www.sc.com/au/ is a valid link
Jan 28,2022 11:45:33 [info]  https://www.sc.com/bh/ is a valid link
Jan 28,2022 11:45:33 [info]  https://www.sc.com/bd/ is a valid link
Jan 28,2022 11:45:33 [info]  https://www.sc.com/bw/ is a valid link
Jan 28,2022 11:45:34 [info]  https://www.sc.com/br-en/ is a valid link
Jan 28,2022 11:45:34 [info]  https://www.sc.com/bn/en/ is a valid link
Jan 28,2022 11:45:35 [info]  https://www.sc.com/kh/ is a valid link
Jan 28,2022 11:45:36 [info]  https://www.sc.com/cm/ is a valid link
Jan 28,2022 11:45:36 [info]  https://www.sc.com/ar-en/ is a valid link
Jan 28,2022 11:45:37 [info]  https://www.sc.com/cn/ is a valid link
Jan 28,2022 11:45:37 [info]  https://www.sc.com/co-en/ is a valid link
Jan 28,2022 11:45:38 [info]  https://www.sc.com/ci/ is a valid link
Jan 28,2022 11:45:38 [info]  https://www.sc.com/fk/ is a valid link
Jan 28,2022 11:45:39 [info]  https://www.sc.com/fr-en/ is a valid link
Jan 28,2022 11:45:40 [info]  https://www.sc.com/de-en/ is a valid link
Jan 28,2022 11:45:40 [info]  https://www.sc.com/gh/ is a valid link
Jan 28,2022 11:45:41 [info]  https://www.sc.com/hk/ is a valid link
Jan 28,2022 11:45:41 [info]  https://www.sc.com/in/ is a valid link
Jan 28,2022 11:45:41 [info]  https://www.sc.com/id/en/ is a valid link
Jan 28,2022 11:45:42 [info]  https://www.sc.com/ie/ is a valid link
Jan 28,2022 11:45:42 [info]  https://www.sc.com/it/en/ is a valid link
Jan 28,2022 11:45:43 [info]  https://www.sc.com/jp/ is a valid link
Jan 28,2022 11:45:43 [info]  https://www.sc.com/je/ is a valid link
Jan 28,2022 11:45:44 [info]  https://www.sc.com/jo/ is a valid link
Jan 28,2022 11:45:44 [info]  https://www.sc.com/ke/ is a valid link
Jan 28,2022 11:45:45 [info]  https://www.sc.com/la/ is a valid link
Jan 28,2022 11:45:45 [info]  https://www.sc.com/lb/ is a valid link
Jan 28,2022 11:45:46 [info]  https://www.sc.com/mo/ is a valid link
Jan 28,2022 11:45:46 [info]  https://www.sc.com/my/ is a valid link
Jan 28,2022 11:45:47 [info]  https://www.sc.com/mu/ is a valid link
Jan 28,2022 11:45:47 [info]  https://www.sc.com/us/ is a valid link
Jan 28,2022 11:45:49 [info]  https://www.sc.com/en/contact-us/ is a valid link
Jan 28,2022 11:45:49 [info]  https://www.sc.com/np/ is a valid link
Jan 28,2022 11:45:49 [info]  https://www.sc.com/ng/ is a valid link
Jan 28,2022 11:45:50 [info]  https://www.sc.com/om-en/ is a valid link
Jan 28,2022 11:45:50 [info]  https://www.sc.com/pk/ is a valid link
Jan 28,2022 11:45:50 [info]  https://www.sc.com/co-en/ is a valid link
Jan 28,2022 11:45:50 [info]  https://www.sc.com/ph/ is a valid link
Jan 28,2022 11:45:51 [info]  https://www.sc.com/qa/ is a valid link
Jan 28,2022 11:45:51 [info]  https://www.sc.com/sg/ is a valid link
Jan 28,2022 11:45:51 [info]  https://www.sc.com/sl/ is a valid link
Jan 28,2022 11:45:52 [info]  https://www.sc.com/za/ is a valid link
Jan 28,2022 11:45:54 [info]  https://www.standardchartered.co.kr/np/kr/Intro.jsp is a valid link
Jan 28,2022 11:45:55 [info]  https://www.sc.com/lk/ is a valid link
Jan 28,2022 11:45:56 [info]  https://www.sc.com/se/ is a valid link
Jan 28,2022 11:45:56 [info]  https://www.sc.com/tw/ is a valid link
Jan 28,2022 11:45:56 [info]  https://www.sc.com/tz/ is a valid link
Jan 28,2022 11:45:57 [info]  https://www.sc.com/th-en/ is a valid link
Jan 28,2022 11:45:57 [info]  https://www.sc.com/gm/ is a valid link
Jan 28,2022 11:45:57 [info]  https://www.sc.com/tr-en/ is a valid link
Jan 28,2022 11:45:58 [info]  https://www.sc.com/ug/ is a valid link
Jan 28,2022 11:45:58 [info]  https://www.sc.com/ae/ is a valid link
Jan 28,2022 11:45:58 [info]  https://www.sc.com/uk/ is a valid link
Jan 28,2022 11:45:58 [info]  https://www.sc.com/us/ is a valid link
Jan 28,2022 11:45:59 [info]  https://www.sc.com/vn/en/ is a valid link
Jan 28,2022 11:45:59 [info]  https://www.sc.com/zm/ is a valid link
Jan 28,2022 11:45:59 [info]  https://www.sc.com/zw/ is a valid link
Jan 28,2022 11:46:00 [info]  https://www.sc.com/sg is a valid link
Jan 28,2022 11:46:00 [info]  https://www.sc.com/sg is a valid link
Jan 28,2022 11:46:00 [info]  https://www.sc.com/sg/# is a valid link
Jan 28,2022 11:46:00 [info]  https://api.myinfo.gov.sg/com/v3/authorise?subChanCode=iboa&pid=cc_ourproducts_svt&client_id=PROD-201224747C-SCB-MYWAY&authmode=SINGPASS&purpose=opening%20SC%20Investment%20Account%28s%29%20%26%20e%24aver%20account&response_type=code&attributes=name,hanyupinyinname,aliasname,hanyupinyinaliasname,marriedname,sex,nationality,dob,birthcountry,regadd,noa-basic,email,mobileno,homeno,edulevel,employment&state=IB03%2D2&redirect_uri=https%3A%2F%2Fwww.sc.com%2Fglobal%2Fav%2Fforms%2Fd1%2Fmyinfo%2Fcasa_callback.html%3Fpt%3Des&subChanCode=IBAT06&state=IBAT06-2 is a broken link
Jan 28,2022 11:46:01 [info]  https://retail.sc.com/sg/nfs/login.htm?invest=scot&instance=&referID=&subChanCode=IBAT06&state=IBAT06-2 is a valid link
Jan 28,2022 11:46:01 [info]  https://api.myinfo.gov.sg/com/v3/authorise?client_id=PROD-201224747C-SCB-MYWAY&authmode=SINGPASS&purpose=opening%20SC%20Investment%20Account%28s%29%20%26%20e%24aver%20account&response_type=code&attributes=name,hanyupinyinname,aliasname,hanyupinyinaliasname,marriedname,sex,nationality,dob,birthcountry,regadd,noa-basic,email,mobileno,homeno,edulevel,employment&state=%20IBAT06%2D1&redirect_uri=https%3A%2F%2Fwww.sc.com%2Fglobal%2Fav%2Fforms%2Fd1%2Fmyinfo%2Fcasa_callback.html%3Fpt%3Des&subChanCode=IBAT06&state=IBAT06-1 is a broken link
Jan 28,2022 11:46:01 [info]  https://retail.sc.com/sg/nfs/login.htm?invest=out&_ga&subChanCode=IBAT06&state=IBAT06-1 is a valid link
Jan 28,2022 11:46:01 [info]  https://www.sc.com/sg/credit-cards/smart-credit-card/?referID=CHeroBanner&intcid=xt-hero-general-banner is a valid link
Jan 28,2022 11:46:01 [info]  https://www.sc.com/sg/credit-cards/smart-credit-card/?referID=CHeroBanner&intcid=xt-hero-general-banner is a valid link
Jan 28,2022 11:46:02 [info]  https://www.sc.com/sg/promotions/?intcid=quicklinks-1_may31-sg-promotions&subchancode=IBA4 is a valid link
Jan 28,2022 11:46:02 [info]  https://www.sc.com/sg/borrow/loans/cashone/?subChanCode=IBA4 is a valid link
Jan 28,2022 11:46:02 [info]  https://www.sc.com/sg/credit-cards/smart-credit-card/?subchancode=IBA4 is a valid link
Jan 28,2022 11:46:02 [info]  https://www.sc.com/sg/save/current-accounts/bonussaver/?subChanCode=IBA4 is a valid link
Jan 28,2022 11:46:02 [info]  https://www.sc.com/sg/wealth/investment/online-trading/?subChanCode=IBA4&state=IBAT07-2 is a valid link
Jan 28,2022 11:46:02 [info]  https://www.sc.com/sg/cybersecurity/ is a valid link
Jan 28,2022 11:46:02 [info]  https://www.sc.com/sg/credit-cards/smart-credit-card/?referID=CHeroBanner&intcid=xt-hero-general-tile-1 is a valid link
Jan 28,2022 11:46:03 [info]  https://www.sc.com/sg/promotions/frosjourney/?referID=CHeroBanner&intcid=xt-hero-general-tile-2 is a valid link
Jan 28,2022 11:46:03 [info]  https://www.sc.com/sg/insurance/?referID=CHeroBanner&intcid=xt-hero-general-tile-3 is a valid link
Jan 28,2022 11:46:03 [info]  https://www.sc.com/sg/wealth/sustainable-investing/?referID=CHeroBanner&intcid=xt-hero-general-tile-4 is a valid link
Jan 28,2022 11:46:03 [info]  https://www.sc.com/sg/borrow/loans/cashone/?referID=CHeroBanner&intcid=xt-hero-general-tile-5 is a valid link
Jan 28,2022 11:46:03 [info]  https://www.sc.com/sg/promotions/mgm-referral-programme-scremit/?instance=ibpc_scremit_hp is a valid link
Jan 28,2022 11:46:03 [info]  https://www.sc.com/sg/#banking-for-individuals is a valid link
Jan 28,2022 11:46:04 [info]  https://www.sc.com/sg/priority/ is a valid link
Jan 28,2022 11:46:04 [info]  https://www.sc.com/sg/priority/priority-private is a valid link
Jan 28,2022 11:46:04 [info]  https://www.sc.com/privatebank/en/ is a valid link
Jan 28,2022 11:46:05 [info]  https://www.sc.com/sg/wealth-management/ is a valid link
Jan 28,2022 11:46:05 [info]  https://www.sc.com/sg/personal/ is a valid link
Jan 28,2022 11:46:05 [info]  https://www.sc.com/sg/international-banking/ is a valid link
Jan 28,2022 11:46:05 [info]  https://www.sc.com/sg/#banking-for-companies is a valid link
Jan 28,2022 11:46:05 [info]  https://www.sc.com/sg/business/ is a valid link
Jan 28,2022 11:46:05 [info]  https://www.sc.com/sg/commercial/ is a valid link
Jan 28,2022 11:46:05 [info]  https://www.sc.com/en/banking-services/business-banking.html is a valid link
Jan 28,2022 11:46:06 [info]  https://www.sc.com/retail/mce/index.html?#/landing?lang=en&ctry=SG&channel=PLRB&sapp=PUB&requestId=98e66083-f61b-4206-ada3-790747b797df is a valid link
Jan 28,2022 11:46:06 [info]  https://www.sc.com/retail/mce/index.html?#/landing?lang=en&ctry=SG&channel=PLRB&sapp=PUB&requestId=98e66083-f61b-4206-ada3-790747b797df is a valid link
Jan 28,2022 11:46:06 [info]  https://www.sc.com/sg/articles/2018-psb-market-market-outlook-and-insights-webinar/ is a valid link
Jan 28,2022 11:46:06 [info]  https://www.sc.com/sg/promotions/instant-accounts/ is a valid link
Jan 28,2022 11:46:06 [info]  https://www.sc.com/sg/promotions/instant-accounts/ is a valid link
Jan 28,2022 11:46:06 [info]  https://www.sc.com/sg/promotions/instant-accounts/ is a valid link
Jan 28,2022 11:46:06 [info]  https://www.sc.com/sg/important-information/ is a valid link
Jan 28,2022 11:46:07 [info]  https://www.sc.com/sg/important-information/important-changes-to-credit-card-term/ is a valid link
Jan 28,2022 11:46:07 [info]  https://www.sc.com/sg/important-information/priority-mortgage-plus-pmp-terms/ is a valid link
Jan 28,2022 11:46:07 [info]  https://www.sc.com/sg/important-information/important-changes-to-credit-card-term-rewards/ is a valid link
Jan 28,2022 11:46:08 [info]  https://www.sc.com/sg/important-information/cessation-of-e-cashiers-order-issuance/ is a valid link
Jan 28,2022 11:46:08 [info]  javascript:; This url threw the error
Jan 28,2022 11:46:08 [info]  https://www.sc.com/sg/sitemap/ is a valid link
Jan 28,2022 11:46:09 [info]  https://www.sc.com/sg/about-us/ is a valid link
Jan 28,2022 11:46:09 [info]  https://www.sc.com/sg/bank-with-us/ is a valid link
Jan 28,2022 11:46:09 [info]  https://www.sc.com/sg/atm-branch-locator/ is a valid link
Jan 28,2022 11:46:09 [info]  https://www.sc.com/sg/help/ is a valid link
Jan 28,2022 11:46:09 [info]  https://www.sc.com/sg/help/#faq is a valid link
Jan 28,2022 11:46:09 [info]  https://www.sc.com/sg/help/forms/ is a valid link
Jan 28,2022 11:46:09 [info]  https://www.sc.com/retail/mce/index.html#/landing?lang=en&ctry=SG&channel=PLRB&sapp=PUB is a valid link
Jan 28,2022 11:46:10 [info]  https://www.sc.com/en/investors/ is a valid link
Jan 28,2022 11:46:12 [info]  https://www.standardchartered.com/en/learning-resources/global-research.html is a valid link
Jan 28,2022 11:46:12 [info]  https://www.sc.com/sg/news-media/ is a valid link
Jan 28,2022 11:46:12 [info]  https://www.sc.com/sg/about-us/awards-achievements/ is a valid link
Jan 28,2022 11:46:13 [info]  https://www.sc.com/sg/careers/ is a valid link
Jan 28,2022 11:46:13 [info]  https://www.sc.com/en/ is a valid link
Jan 28,2022 11:46:14 [info]  http://www.speakingupsc.ethicspoint.com/ is a valid link
Jan 28,2022 11:46:15 [info]  https://www.sc.com/en/about/fighting-financial-crime/#fighting-fraud is a valid link
Jan 28,2022 11:46:15 [info]  https://www.sc.com/global/security-tips/ is a valid link
Jan 28,2022 11:46:16 [info]  https://www.sc.com/protecting-our-clients/ is a valid link
Jan 28,2022 11:46:17 [info]  https://sc.com/sg/cookie-policy/ is a valid link
Jan 28,2022 11:46:17 [info]  https://www.standardchartered.com/sustainability/en/index.html is a valid link
Jan 28,2022 11:46:18 [info]  https://www.sc.com/sg/privacy/ is a valid link
Jan 28,2022 11:46:18 [info]  https://www.sc.com/sg/terms-and-conditions/ is a valid link
Jan 28,2022 11:46:19 [info]  https://apps.apple.com/sg/app/sc-mobile-singapore-breeze/id367337298 is a valid link
Jan 28,2022 11:46:19 [info]  https://play.google.com/store/apps/details?id=air.app.scb.breeze.android.main.sg.prod&hl=en is a valid link
Jan 28,2022 11:46:20 [info]  https://www.sc.com/sg/about-us/ is a valid link
Jan 28,2022 11:46:20 [info]  https://www.sc.com/sg/bank-with-us/ is a valid link
Jan 28,2022 11:46:20 [info]  https://www.sc.com/sg/atm-branch-locator/ is a valid link
Jan 28,2022 11:46:20 [info]  https://www.sc.com/sg/help/ is a valid link
Jan 28,2022 11:46:20 [info]  https://www.sc.com/sg/help/#faq is a valid link
Jan 28,2022 11:46:20 [info]  https://www.sc.com/sg/help/forms/ is a valid link
Jan 28,2022 11:46:20 [info]  https://www.sc.com/retail/mce/index.html#/landing?lang=en&ctry=SG&channel=PLRB&sapp=PUB is a valid link
Jan 28,2022 11:46:21 [info]  https://www.sc.com/en/investors/ is a valid link
Jan 28,2022 11:46:21 [info]  https://www.standardchartered.com/en/learning-resources/global-research.html is a valid link
Jan 28,2022 11:46:21 [info]  https://www.sc.com/sg/news-media/ is a valid link
Jan 28,2022 11:46:21 [info]  https://www.sc.com/sg/about-us/awards-achievements/ is a valid link
Jan 28,2022 11:46:22 [info]  https://www.sc.com/sg/careers/ is a valid link
Jan 28,2022 11:46:22 [info]  https://www.sc.com/en/ is a valid link
Jan 28,2022 11:46:23 [info]  http://www.speakingupsc.ethicspoint.com/ is a valid link
Jan 28,2022 11:46:23 [info]  https://www.sc.com/en/about/fighting-financial-crime/#fighting-fraud is a valid link
Jan 28,2022 11:46:23 [info]  https://www.sc.com/global/security-tips/ is a valid link
Jan 28,2022 11:46:24 [info]  https://www.sc.com/protecting-our-clients/ is a valid link
Jan 28,2022 11:46:24 [info]  https://sc.com/sg/cookie-policy/ is a valid link
Jan 28,2022 11:46:24 [info]  https://www.standardchartered.com/sustainability/en/index.html is a valid link
Jan 28,2022 11:46:24 [info]  https://www.sc.com/sg/privacy/ is a valid link
Jan 28,2022 11:46:24 [info]  https://www.sc.com/sg/terms-and-conditions/ is a valid link
Jan 28,2022 11:46:25 [info]  https://www.facebook.com/Standardcharteredsg/ is a valid link
Jan 28,2022 11:46:25 [info]  https://twitter.com/StanChart is a valid link
Jan 28,2022 11:46:26 [info]  https://www.linkedin.com/company/standardchartered/ is a broken link
Jan 28,2022 11:46:29 [info]  There are 245 url to be verified for broken links
Jan 28,2022 11:46:29 [info]  https://www.sc.com/sg/priority/ is a valid link
Jan 28,2022 11:46:30 [info]  https://www.sc.com/sg/priority/priority-private/ is a valid link
Jan 28,2022 11:46:30 [info]  https://www.sc.com/sg/wealth/ is a valid link
Jan 28,2022 11:46:30 [info]  https://www.sc.com/sg/international-banking/ is a valid link
Jan 28,2022 11:46:30 [info]  https://www.sc.com/privatebank/en/ is a valid link
Jan 28,2022 11:46:31 [info]  https://www.sc.com/sg/business/ is a valid link
Jan 28,2022 11:46:31 [info]  https://www.sc.com/sg/commercial is a valid link
Jan 28,2022 11:46:31 [info]  https://www.sc.com/en/banking-services/business-banking.html is a valid link
Jan 28,2022 11:46:32 [info]  https://www.sc.com/sg/bank-with-us/mobile-banking-services/standard-chartered-mobile/ is a valid link
Jan 28,2022 11:46:32 [info]  https://www.sc.com/sg/help/ is a valid link
Jan 28,2022 11:46:32 [info]  https://www.sc.com/sg/search/ is a valid link
Jan 28,2022 11:46:32 [info]  https://www.sc.com/sg/ is a valid link
Jan 28,2022 11:46:32 [info]  https://www.sc.com/sg/ is a valid link
Jan 28,2022 11:46:33 [info]  https://www.sc.com/sg/save/current-accounts/ is a valid link
Jan 28,2022 11:46:33 [info]  https://www.sc.com/sg/save/current-accounts/bonussaver/ is a valid link
Jan 28,2022 11:46:33 [info]  https://www.sc.com/sg/save/current-accounts/supersalary/ is a valid link
Jan 28,2022 11:46:33 [info]  https://www.sc.com/sg/save/mca/ is a valid link
Jan 28,2022 11:46:34 [info]  https://www.sc.com/sg/save/savings-accounts/ is a valid link
Jan 28,2022 11:46:34 [info]  https://www.sc.com/sg/save/savings-accounts/esaver/ is a valid link
Jan 28,2022 11:46:35 [info]  https://www.sc.com/sg/save/savings-accounts/jumpstart/ is a valid link
Jan 28,2022 11:46:35 [info]  https://www.sc.com/sg/save/savings-accounts/usdsaver/ is a valid link
Jan 28,2022 11:46:36 [info]  https://www.sc.com/sg/save/time-deposits/ is a valid link
Jan 28,2022 11:46:36 [info]  https://www.sc.com/sg/save/time-deposits/sustainable-time-deposit/ is a valid link
Jan 28,2022 11:46:36 [info]  https://www.sc.com/sg/save/time-deposits/singapore-dollar-time-deposit/ is a valid link
Jan 28,2022 11:46:36 [info]  https://www.sc.com/sg/save/time-deposits/foreign-currency-time-deposits/ is a valid link
Jan 28,2022 11:46:37 [info]  https://www.sc.com/sg/promotions/casa-member-get-member/ is a valid link
Jan 28,2022 11:46:37 [info]  https://www.sc.com/sg/save/ is a valid link
Jan 28,2022 11:46:37 [info]  https://www.sc.com/sg/credit-cards/ is a valid link
Jan 28,2022 11:46:37 [info]  https://www.sc.com/sg/credit-cards/smart-credit-card/ is a valid link
Jan 28,2022 11:46:37 [info]  https://www.sc.com/sg/credit-cards/smart-credit-card/ is a valid link
Jan 28,2022 11:46:37 [info]  https://www.sc.com/sg/credit-cards/unlimited-cashback-credit-card/ is a valid link
Jan 28,2022 11:46:38 [info]  https://www.sc.com/sg/credit-cards/unlimited-cashback-credit-card/ is a valid link
Jan 28,2022 11:46:38 [info]  https://www.sc.com/sg/credit-cards/rewards-plus-credit-card/ is a valid link
Jan 28,2022 11:46:38 [info]  https://www.sc.com/sg/credit-cards/rewards-plus-credit-card/ is a valid link
Jan 28,2022 11:46:38 [info]  https://www.sc.com/sg/credit-cards/visa-infinite-card/ is a valid link
Jan 28,2022 11:46:38 [info]  https://www.sc.com/sg/credit-cards/visa-infinite-card/ is a valid link
Jan 28,2022 11:46:39 [info]  https://www.sc.com/sg/credit-cards/priority-visa-infinite-card/ is a valid link
Jan 28,2022 11:46:39 [info]  https://www.sc.com/sg/credit-cards/priority-visa-infinite-card/ is a valid link
Jan 28,2022 11:46:40 [info]  https://www.sc.com/sg/credit-cards/x-card/ is a valid link
Jan 28,2022 11:46:40 [info]  https://www.sc.com/sg/credit-cards/x-card/ is a valid link
Jan 28,2022 11:46:40 [info]  https://www.sc.com/sg/bank-with-us/ is a valid link
Jan 28,2022 11:46:40 [info]  https://www.sc.com/sg/promotions/instant/ is a valid link
Jan 28,2022 11:46:40 [info]  https://www.sc.com/sg/bank-with-us/service-requests/card-activation-pin-set/ is a valid link
Jan 28,2022 11:46:40 [info]  https://www.sc.com/sg/bank-with-us/online-banking-services/online-estatements/ is a valid link
Jan 28,2022 11:46:40 [info]  https://www.sc.com/sg/bank-with-us/manage-your-finances/ is a valid link
Jan 28,2022 11:46:41 [info]  https://www.sc.com/sg/sapl is a valid link
Jan 28,2022 11:46:41 [info]  https://www.sc.com/sg/credit-cards/ is a valid link
Jan 28,2022 11:46:41 [info]  https://www.sc.com/sg/borrow/loans/ is a valid link
Jan 28,2022 11:46:41 [info]  https://www.sc.com/sg/borrow/loans/cashone/ is a valid link
Jan 28,2022 11:46:41 [info]  https://www.sc.com/sg/borrow/loans/ is a valid link
Jan 28,2022 11:46:41 [info]  https://www.sc.com/sg/borrow/loans/balance-transfer/ is a valid link
Jan 28,2022 11:46:41 [info]  https://www.sc.com/sg/borrow/loans/ is a valid link
Jan 28,2022 11:46:42 [info]  https://www.sc.com/sg/borrow/loans/debt-consolidation/ is a valid link
Jan 28,2022 11:46:42 [info]  https://www.sc.com/sg/borrow/loans/debt-consolidation-refinance/ is a valid link
Jan 28,2022 11:46:42 [info]  https://www.sc.com/sg/borrow/loans/ is a valid link
Jan 28,2022 11:46:42 [info]  https://www.sc.com/sg/borrow/loans/auto-financing/ is a valid link
Jan 28,2022 11:46:42 [info]  https://www.sc.com/sg/borrow/mortgages/ is a valid link
Jan 28,2022 11:46:43 [info]  https://www.sc.com/sg/borrow/mortgages/mortgageone/ is a valid link
Jan 28,2022 11:46:43 [info]  https://www.sc.com/sg/borrow/mortgages/home-suite/ is a valid link
Jan 28,2022 11:46:43 [info]  https://www.sc.com/sg/borrow/mortgages/green-mortgage/ is a valid link
Jan 28,2022 11:46:43 [info]  https://www.sc.com/sg/important-information/sor-transition-to-sora-faqs/ is a valid link
Jan 28,2022 11:46:43 [info]  https://www.sc.com/sg/borrow/loans/cashone/ is a valid link
Jan 28,2022 11:46:44 [info]  https://www.sc.com/sg/borrow/ is a valid link
Jan 28,2022 11:46:44 [info]  https://www.sc.com/sg/wealth/investment/ is a valid link
Jan 28,2022 11:46:44 [info]  https://www.sc.com/sg/wealth/investment/unit-trusts/ is a valid link
Jan 28,2022 11:46:44 [info]  https://www.sc.com/sg/wealth/investment/online-trading/ is a valid link
Jan 28,2022 11:46:44 [info]  https://www.sc.com/sg/wealth/investment/livefx/ is a valid link
Jan 28,2022 11:46:44 [info]  https://www.sc.com/sg/wealth/sc-goals-planner/ is a valid link
Jan 28,2022 11:46:45 [info]  https://sc-onlineut-morningstar.nw-cloud.com/ is a valid link
Jan 28,2022 11:46:45 [info]  https://www.sc.com/sg/wealth/wealth-connect/ is a valid link
Jan 28,2022 11:46:45 [info]  https://www.sc.com/sg/wealth/ is a valid link
Jan 28,2022 11:46:45 [info]  https://www.sc.com/retail/mce/index.html?#/landing?lang=en&ctry=SG&channel=PLRB&sapp=PUB&requestId=8b5585b9-ac43-4cf8-806a-628426c8caec is a valid link
Jan 28,2022 11:46:45 [info]  https://www.sc.com/sg/articles/2018-psb-market-market-outlook-and-insights-webinar/ is a valid link
Jan 28,2022 11:46:46 [info]  https://www.sc.com/sg/wealth/insights/ is a valid link
Jan 28,2022 11:46:46 [info]  https://feeds.buzzsprout.com/1662247.rss/ is a valid link
Jan 28,2022 11:46:46 [info]  https://www.sc.com/sg/wealth/ is a valid link
Jan 28,2022 11:46:46 [info]  https://www.sc.com/sg/insurance/health-accident/ is a valid link
Jan 28,2022 11:46:46 [info]  https://www.sc.com/sg/insurance/health-insurance/ is a valid link
Jan 28,2022 11:46:46 [info]  https://www.sc.com/sg/insurance/health-accident/ is a valid link
Jan 28,2022 11:46:47 [info]  https://www.sc.com/sg/insurance/critical-illness/ is a valid link
Jan 28,2022 11:46:47 [info]  https://www.sc.com/sg/insurance/travel-home-car/ is a valid link
Jan 28,2022 11:46:47 [info]  https://www.sc.com/sg/insurance/allianz-home-protect/ is a valid link
Jan 28,2022 11:46:48 [info]  https://www.sc.com/sg/insurance/az-motor-protect/ is a valid link
Jan 28,2022 11:46:48 [info]  https://www.sc.com/sg/insurance/az-motor-protect/ is a valid link
Jan 28,2022 11:46:48 [info]  https://www.sc.com/sg/insurance/ is a valid link
Jan 28,2022 11:46:48 [info]  https://www.sc.com/sg/bank-with-us/online-banking/ is a valid link
Jan 28,2022 11:46:48 [info]  https://www.sc.com/sg/business-channels-access/straight2bank/ is a valid link
Jan 28,2022 11:46:49 [info]  https://www.sc.com/sg/rewards-programmes/ is a valid link
Jan 28,2022 11:46:49 [info]  https://www.sc.com/sg/pricing-guide/ is a valid link
Jan 28,2022 11:46:49 [info]  https://www.sc.com/sg/help/forms/ is a valid link
Jan 28,2022 11:46:50 [info]  https://www.sc.com/sg/help/contact-us/ is a valid link
Jan 28,2022 11:46:50 [info]  https://www.sc.com/sg/help/lost-card/ is a valid link
Jan 28,2022 11:46:50 [info]  https://www.sc.com/sg/help/activate-card/ is a valid link
Jan 28,2022 11:46:51 [info]  https://www.sc.com/sg/bank-with-us/online-banking/alerts-and-notifications/ is a valid link
Jan 28,2022 11:46:51 [info]  https://www.sc.com/sg/bank-with-us/remittance/ is a valid link
Jan 28,2022 11:46:51 [info]  https://www.sc.com/sg/bank-with-us/manage-your-finances/ is a valid link
Jan 28,2022 11:46:51 [info]  https://www.sc.com/sg/bank-with-us/manage-your-payments/ is a valid link
Jan 28,2022 11:46:51 [info]  https://www.sc.com/sg/bank-with-us/mobile-banking-services/standard-chartered-mobile/ is a valid link
Jan 28,2022 11:46:51 [info]  https://www.sc.com/sg/bank-with-us/ is a valid link
Jan 28,2022 11:46:51 [info]  https://www.sc.com/sg/bank-with-us/mobile-banking-services/standard-chartered-mobile/ is a valid link
Jan 28,2022 11:46:51 [info]  https://www.sc.com/sg/help/ is a valid link
Jan 28,2022 11:46:51 [info]  https://www.sc.com/sg/search/ is a valid link
Jan 28,2022 11:46:51 [info]  https://www.sc.com/sg/credit-cards/unlimited-cashback-credit-card/?subChanCode=IBOA is a valid link
Jan 28,2022 11:46:53 [info]  https://ibank.standardchartered.com.sg/nfs/login.htm?&_ga=2.55342635.1250817750.1612628392-585638684.1569585475 is a valid link
Jan 28,2022 11:46:54 [info]  https://www.sc.com/nfs/orr/foa/view_reward_home.htm?ctry=SG&lang=en_SG is a broken link
Jan 28,2022 11:46:54 [info]  https://s2b.standardchartered.com/ssoapp/login.jsp is a valid link
Jan 28,2022 11:46:55 [info]  https://www.sc.com/ao/ is a valid link
Jan 28,2022 11:46:55 [info]  https://www.sc.com/ar-en/ is a valid link
Jan 28,2022 11:46:55 [info]  https://www.sc.com/au/ is a valid link
Jan 28,2022 11:46:55 [info]  https://www.sc.com/bh/ is a valid link
Jan 28,2022 11:46:55 [info]  https://www.sc.com/bd/ is a valid link
Jan 28,2022 11:46:55 [info]  https://www.sc.com/bw/ is a valid link
Jan 28,2022 11:46:56 [info]  https://www.sc.com/br-en/ is a valid link
Jan 28,2022 11:46:56 [info]  https://www.sc.com/bn/en/ is a valid link
Jan 28,2022 11:46:56 [info]  https://www.sc.com/kh/ is a valid link
Jan 28,2022 11:46:56 [info]  https://www.sc.com/cm/ is a valid link
Jan 28,2022 11:46:56 [info]  https://www.sc.com/ar-en/ is a valid link
Jan 28,2022 11:46:56 [info]  https://www.sc.com/cn/ is a valid link
Jan 28,2022 11:46:56 [info]  https://www.sc.com/co-en/ is a valid link
Jan 28,2022 11:46:56 [info]  https://www.sc.com/ci/ is a valid link
Jan 28,2022 11:46:56 [info]  https://www.sc.com/fk/ is a valid link
Jan 28,2022 11:46:56 [info]  https://www.sc.com/fr-en/ is a valid link
Jan 28,2022 11:46:56 [info]  https://www.sc.com/de-en/ is a valid link
Jan 28,2022 11:46:56 [info]  https://www.sc.com/gh/ is a valid link
Jan 28,2022 11:46:56 [info]  https://www.sc.com/hk/ is a valid link
Jan 28,2022 11:46:56 [info]  https://www.sc.com/in/ is a valid link
Jan 28,2022 11:46:57 [info]  https://www.sc.com/id/en/ is a valid link
Jan 28,2022 11:46:57 [info]  https://www.sc.com/ie/ is a valid link
Jan 28,2022 11:46:57 [info]  https://www.sc.com/it/en/ is a valid link
Jan 28,2022 11:46:57 [info]  https://www.sc.com/jp/ is a valid link
Jan 28,2022 11:46:57 [info]  https://www.sc.com/je/ is a valid link
Jan 28,2022 11:46:57 [info]  https://www.sc.com/jo/ is a valid link
Jan 28,2022 11:46:57 [info]  https://www.sc.com/ke/ is a valid link
Jan 28,2022 11:46:57 [info]  https://www.sc.com/la/ is a valid link
Jan 28,2022 11:46:57 [info]  https://www.sc.com/lb/ is a valid link
Jan 28,2022 11:46:57 [info]  https://www.sc.com/mo/ is a valid link
Jan 28,2022 11:46:57 [info]  https://www.sc.com/my/ is a valid link
Jan 28,2022 11:46:57 [info]  https://www.sc.com/mu/ is a valid link
Jan 28,2022 11:46:57 [info]  https://www.sc.com/us/ is a valid link
Jan 28,2022 11:46:57 [info]  https://www.sc.com/en/contact-us/ is a valid link
Jan 28,2022 11:46:57 [info]  https://www.sc.com/np/ is a valid link
Jan 28,2022 11:46:57 [info]  https://www.sc.com/ng/ is a valid link
Jan 28,2022 11:46:57 [info]  https://www.sc.com/om-en/ is a valid link
Jan 28,2022 11:46:57 [info]  https://www.sc.com/pk/ is a valid link
Jan 28,2022 11:46:57 [info]  https://www.sc.com/co-en/ is a valid link
Jan 28,2022 11:46:57 [info]  https://www.sc.com/ph/ is a valid link
Jan 28,2022 11:46:57 [info]  https://www.sc.com/qa/ is a valid link
Jan 28,2022 11:46:58 [info]  https://www.sc.com/sg/ is a valid link
Jan 28,2022 11:46:58 [info]  https://www.sc.com/sl/ is a valid link
Jan 28,2022 11:46:58 [info]  https://www.sc.com/za/ is a valid link
Jan 28,2022 11:47:00 [info]  https://www.standardchartered.co.kr/np/kr/Intro.jsp is a valid link
Jan 28,2022 11:47:00 [info]  https://www.sc.com/lk/ is a valid link
Jan 28,2022 11:47:00 [info]  https://www.sc.com/se/ is a valid link
Jan 28,2022 11:47:00 [info]  https://www.sc.com/tw/ is a valid link
Jan 28,2022 11:47:00 [info]  https://www.sc.com/tz/ is a valid link
Jan 28,2022 11:47:00 [info]  https://www.sc.com/th-en/ is a valid link
Jan 28,2022 11:47:00 [info]  https://www.sc.com/gm/ is a valid link
Jan 28,2022 11:47:00 [info]  https://www.sc.com/tr-en/ is a valid link
Jan 28,2022 11:47:00 [info]  https://www.sc.com/ug/ is a valid link
Jan 28,2022 11:47:00 [info]  https://www.sc.com/ae/ is a valid link
Jan 28,2022 11:47:00 [info]  https://www.sc.com/uk/ is a valid link
Jan 28,2022 11:47:00 [info]  https://www.sc.com/us/ is a valid link
Jan 28,2022 11:47:00 [info]  https://www.sc.com/vn/en/ is a valid link
Jan 28,2022 11:47:01 [info]  https://www.sc.com/zm/ is a valid link
Jan 28,2022 11:47:01 [info]  https://www.sc.com/zw/ is a valid link
Jan 28,2022 11:47:01 [info]  https://www.sc.com/sg is a valid link
Jan 28,2022 11:47:01 [info]  https://www.sc.com/sg is a valid link
Jan 28,2022 11:47:01 [info]  https://www.sc.com/sg/credit-cards/# is a valid link
Jan 28,2022 11:47:03 [info]  https://api.myinfo.gov.sg/com/v3/authorise?subChanCode=iboa&pid=cc_ourproducts_svt&client_id=PROD-201224747C-SCB-MYWAY&authmode=SINGPASS&purpose=opening%20SC%20Investment%20Account%28s%29%20%26%20e%24aver%20account&response_type=code&attributes=name,hanyupinyinname,aliasname,hanyupinyinaliasname,marriedname,sex,nationality,dob,birthcountry,regadd,noa-basic,email,mobileno,homeno,edulevel,employment&state=IB03%2D2&redirect_uri=https%3A%2F%2Fwww.sc.com%2Fglobal%2Fav%2Fforms%2Fd1%2Fmyinfo%2Fcasa_callback.html%3Fpt%3Des&subChanCode=IBAT06&state=IBAT06-2 is a broken link
Jan 28,2022 11:47:03 [info]  https://retail.sc.com/sg/nfs/login.htm?invest=scot&instance=&referID=&subChanCode=IBAT06&state=IBAT06-2 is a valid link
Jan 28,2022 11:47:03 [info]  https://api.myinfo.gov.sg/com/v3/authorise?client_id=PROD-201224747C-SCB-MYWAY&authmode=SINGPASS&purpose=opening%20SC%20Investment%20Account%28s%29%20%26%20e%24aver%20account&response_type=code&attributes=name,hanyupinyinname,aliasname,hanyupinyinaliasname,marriedname,sex,nationality,dob,birthcountry,regadd,noa-basic,email,mobileno,homeno,edulevel,employment&state=%20IBAT06%2D1&redirect_uri=https%3A%2F%2Fwww.sc.com%2Fglobal%2Fav%2Fforms%2Fd1%2Fmyinfo%2Fcasa_callback.html%3Fpt%3Des&subChanCode=IBAT06&state=IBAT06-1 is a broken link
Jan 28,2022 11:47:03 [info]  https://retail.sc.com/sg/nfs/login.htm?invest=out&_ga&subChanCode=IBAT06&state=IBAT06-1 is a valid link
Jan 28,2022 11:47:03 [info]  https://www.sc.com/sg/credit-cards/smart-credit-card/ is a valid link
Jan 28,2022 11:47:03 [info]  https://www.sc.com/sg/credit-cards/unlimited-cashback-credit-card/ is a valid link
Jan 28,2022 11:47:03 [info]  https://www.sc.com/sg/credit-cards/rewards-plus-credit-card/ is a valid link
Jan 28,2022 11:47:03 [info]  https://www.sc.com/sg/credit-cards/spree-credit-card/ is a valid link
Jan 28,2022 11:47:03 [info]  https://www.sc.com/sg/credit-cards/visa-infinite-card/ is a valid link
Jan 28,2022 11:47:04 [info]  https://www.sc.com/sg/credit-cards/prudential-platinum-card/ is a valid link
Jan 28,2022 11:47:04 [info]  https://www.sc.com/sg/credit-cards/platinum-visa-mastercard-credit-card/ is a valid link
Jan 28,2022 11:47:05 [info]  https://www.sc.com/sg/credit-cards/prudential-visa-signature-card/ is a valid link
Jan 28,2022 11:47:05 [info]  https://www.sc.com/sg/credit-cards/nus-alumni-platinum-card/ is a valid link
Jan 28,2022 11:47:06 [info]  https://www.sc.com/sg/credit-cards/business-platinum-card/ is a valid link
Jan 28,2022 11:47:06 [info]  https://www.sc.com/sg/credit-cards/priority-visa-infinite-card/ is a valid link
Jan 28,2022 11:47:06 [info]  https://www.sc.com/sg/credit-cards/manhattan-world-mastercard/ is a valid link
Jan 28,2022 11:47:06 [info]  https://www.sc.com/sg/credit-cards/manhattan-500-card/ is a valid link
Jan 28,2022 11:47:06 [info]  https://www.sc.com/sg/credit-cards/x-card/ is a valid link
Jan 28,2022 11:47:06 [info]  https://www.sc.com/sg/credit-cards/#sc-lb-module-product-features is a valid link
Jan 28,2022 11:47:07 [info]  https://www.sc.com/sg/bank-with-us/manage-your-finances/easybill/ is a valid link
Jan 28,2022 11:47:07 [info]  https://origination.sc.com/onboarding/sg/apply.html?product=340&campaign=CLI001&aggregator_code=IB03&aggregator_type=Others&aggregator_instance=Organic is a valid link
Jan 28,2022 11:47:08 [info]  https://www.sc.com/sg/bank-with-us/manage-your-finances/temporary-credit-limit-increase/ is a valid link
Jan 28,2022 11:47:08 [info]  https://www.sc.com/sg/bank-with-us/manage-your-finances/funds-transfer/ is a valid link
Jan 28,2022 11:47:09 [info]  https://www.sc.com/sg/bank-with-us/manage-your-finances/easypay/ is a valid link
Jan 28,2022 11:47:09 [info]  https://www.sc.com/sg/bank-with-us/credit-card-payments/ is a valid link
Jan 28,2022 11:47:09 [info]  https://www.sc.com/sg/bank-with-us/manage-your-finances/zero-instalment/ is a valid link
Jan 28,2022 11:47:09 [info]  https://www.sc.com/sg/promotions/the-good-life-privileges/ is a valid link
Jan 28,2022 11:47:09 [info]  https://www.sc.com/sg/bank-with-us/manage-your-payments/ is a valid link
Jan 28,2022 11:47:10 [info]  https://www.sc.com/sg/bank-with-us/manage-your-payments/ is a valid link
Jan 28,2022 11:47:10 [info]  https://www.sc.com/sg/bank-with-us/security/cardsafe-guarantee/ is a valid link
Jan 28,2022 11:47:10 [info]  https://www.sc.com/sg/sitemap/ is a valid link
Jan 28,2022 11:47:10 [info]  https://www.sc.com/sg/about-us/ is a valid link
Jan 28,2022 11:47:10 [info]  https://www.sc.com/sg/bank-with-us/ is a valid link
Jan 28,2022 11:47:10 [info]  https://www.sc.com/sg/atm-branch-locator/ is a valid link
Jan 28,2022 11:47:10 [info]  https://www.sc.com/sg/help/ is a valid link
Jan 28,2022 11:47:10 [info]  https://www.sc.com/sg/help/#faq is a valid link
Jan 28,2022 11:47:11 [info]  https://av.sc.com/sg/content/docs/sg-scb-pricing-guide.pdf is a valid link
Jan 28,2022 11:47:11 [info]  https://www.sc.com/sg/help/forms/ is a valid link
Jan 28,2022 11:47:11 [info]  https://www.sc.com/retail/mce/index.html#/landing?lang=en&ctry=SG&channel=PLRB&sapp=PUB is a valid link
Jan 28,2022 11:47:11 [info]  https://www.sc.com/en/investors/ is a valid link
Jan 28,2022 11:47:12 [info]  http://www.standardchartered.com/en/learning-resources/global-research.html is a valid link
Jan 28,2022 11:47:12 [info]  https://www.sc.com/sg/news-media/ is a valid link
Jan 28,2022 11:47:12 [info]  https://www.sc.com/sg/about-us/awards-achievements/ is a valid link
Jan 28,2022 11:47:13 [info]  https://www.sc.com/en/careers/ is a valid link
Jan 28,2022 11:47:13 [info]  https://www.sc.com/en/ is a valid link
Jan 28,2022 11:47:16 [info]  https://www.intouchfeedback.com/speakingup/ is a valid link
Jan 28,2022 11:47:16 [info]  https://www.sc.com/en/about/fighting-financial-crime/#fighting-fraud is a valid link
Jan 28,2022 11:47:16 [info]  https://www.sc.com/global/security-tips/ is a valid link
Jan 28,2022 11:47:16 [info]  https://www.sc.com/protecting-our-clients/ is a valid link
Jan 28,2022 11:47:17 [info]  https://www.sc.com/sg/cookie-policy/ is a valid link
Jan 28,2022 11:47:18 [info]  http://www.standardchartered.com/sustainability/en/index.html is a valid link
Jan 28,2022 11:47:18 [info]  https://www.sc.com/sg/privacy/ is a valid link
Jan 28,2022 11:47:18 [info]  https://www.sc.com/sg/terms-and-conditions/ is a valid link
Jan 28,2022 11:47:18 [info]  https://www.sc.com/sg/about-us/ is a valid link
Jan 28,2022 11:47:18 [info]  https://www.sc.com/sg/bank-with-us/ is a valid link
Jan 28,2022 11:47:19 [info]  https://www.sc.com/sg/atm-branch-locator/ is a valid link
Jan 28,2022 11:47:19 [info]  https://www.sc.com/sg/help/ is a valid link
Jan 28,2022 11:47:19 [info]  https://www.sc.com/sg/help/#faq is a valid link
Jan 28,2022 11:47:19 [info]  https://av.sc.com/sg/content/docs/sg-scb-pricing-guide.pdf is a valid link
Jan 28,2022 11:47:19 [info]  https://www.sc.com/sg/help/forms/ is a valid link
Jan 28,2022 11:47:19 [info]  https://www.sc.com/retail/mce/index.html#/landing?lang=en&ctry=SG&channel=PLRB&sapp=PUB is a valid link
Jan 28,2022 11:47:19 [info]  https://www.sc.com/en/investors/ is a valid link
Jan 28,2022 11:47:20 [info]  http://www.standardchartered.com/en/learning-resources/global-research.html is a valid link
Jan 28,2022 11:47:20 [info]  https://www.sc.com/sg/news-media/ is a valid link
Jan 28,2022 11:47:20 [info]  https://www.sc.com/sg/about-us/awards-achievements/ is a valid link
Jan 28,2022 11:47:20 [info]  https://www.sc.com/en/careers/ is a valid link
Jan 28,2022 11:47:22 [info]  https://www.intouchfeedback.com/speakingup/ is a valid link
Jan 28,2022 11:47:22 [info]  https://www.sc.com/en/about/fighting-financial-crime/#fighting-fraud is a valid link
Jan 28,2022 11:47:22 [info]  https://www.sc.com/global/security-tips/ is a valid link
Jan 28,2022 11:47:22 [info]  https://www.sc.com/protecting-our-clients/ is a valid link
Jan 28,2022 11:47:22 [info]  https://www.sc.com/sg/cookie-policy/ is a valid link
Jan 28,2022 11:47:24 [info]  http://www.standardchartered.com/sustainability/en/index.html is a valid link
Jan 28,2022 11:47:24 [info]  https://www.sc.com/sg/privacy/ is a valid link
Jan 28,2022 11:47:24 [info]  https://www.sc.com/sg/terms-and-conditions/ is a valid link
Jan 28,2022 11:47:25 [info]  https://www.facebook.com/Standardcharteredsg/ is a valid link
Jan 28,2022 11:47:25 [info]  https://twitter.com/StanChart is a valid link
Jan 28,2022 11:47:26 [info]  https://www.linkedin.com/company/standard-chartered-bank/ is a broken link]]>
  </system-out>
  <testcase classname="ParentClass" name="brokenImagesCheck" time="12.768"/>
  <system-out>
    <![CDATA[Jan 28,2022 11:47:32 [info]  There are 44 image url to be verified for broken images
Jan 28,2022 11:47:32 [info]  https://av.sc.com/sg/content/images/bonus-promo.jpg is a valid image
Jan 28,2022 11:47:32 [info]  https://av.sc.com/sg/content/images/sg-smart-credit-card-440x280-1.jpg is a valid image
Jan 28,2022 11:47:32 [info]  https://av.sc.com/sg/content/images/unlimited-cashback-card-1014x640.png is a valid image
Jan 28,2022 11:47:32 [info]  https://av.sc.com/sg/content/images/rewards-plus-440x-280.png is a valid image
Jan 28,2022 11:47:32 [info]  https://av.sc.com/sg/content/images/visa-infinite-credit-card-440x280.png is a valid image
Jan 28,2022 11:47:33 [info]  https://av.sc.com/sg/content/images/sg-priority-visa-infinite-440-280.png is a valid image
Jan 28,2022 11:47:33 [info]  https://av.sc.com/sg/content/images/X-card-440x280.png is a valid image
Jan 28,2022 11:47:33 [info]  https://av.sc.com/sg/content/images/sg-sapl-nav-290x-150y.jpg is a valid image
Jan 28,2022 11:47:33 [info]  https://av.sc.com/sg/content/images/sg-cashone-nav-350x-155y.jpg is a valid image
Jan 28,2022 11:47:33 [info]  https://av.sc.com/sg/content/images/SG_promotion_Podcast_300-x-200.jpg is a valid image
Jan 28,2022 11:47:33 [info]  https://av.sc.com/sg/content/images/sg-allianz-motor-protect-product-tile-300x150y.jpg is a valid image
Jan 28,2022 11:47:33 [info]  https://av.sc.com/sg/content/images/services-mobile.png is a valid image
Jan 28,2022 11:47:33 [info]  https://av.sc.com/sg/content/images/sg-smart-card-masthead-1600x-490y.jpg is a valid image
Jan 28,2022 11:47:33 [info]  https://av.sc.com/sg/content/images/sg-smart-card-masthead-mob-new-1200x-300y.png is a valid image
Jan 28,2022 11:47:33 [info]  https://av.sc.com/sg/content/images/sg-smart-card-pintile-400x400-1.jpeg is a valid image
Jan 28,2022 11:47:33 [info]  https://av.sc.com/sg/content/images/sg-fros-pintile-400x-400y.jpg is a valid image
Jan 28,2022 11:47:33 [info]  https://av.sc.com/sg/content/images/sg-new-insurance-masthead-1600x490-1.jpg is a valid image
Jan 28,2022 11:47:33 [info]  https://av.sc.com/sg/content/images/sg-sustainable-investing-masthead-550x200-1.jpeg is a valid image
Jan 28,2022 11:47:33 [info]  https://av.sc.com/sg/content/images/cashone-550x220px.jpg is a valid image
Jan 28,2022 11:47:33 [info]  https://av.sc.com/assets/global/images/modules/sc-remit/blank.gif is a valid image
Jan 28,2022 11:47:33 [info]  https://av.sc.com/assets/global/images/modules/sc-remit/blank.gif is a valid image
Jan 28,2022 11:47:33 [info]  https://av.sc.com/assets/global/images/modules/sc-remit/blank.gif is a valid image
Jan 28,2022 11:47:33 [info]  https://av.sc.com/assets/global/images/modules/sc-remit/blank.gif is a valid image
Jan 28,2022 11:47:33 [info]  https://av.sc.com/assets/global/images/modules/sc-remit/blank.gif is a valid image
Jan 28,2022 11:47:33 [info]  https://av.sc.com/assets/global/images/modules/sc-remit/blank.gif is a valid image
Jan 28,2022 11:47:33 [info]  https://av.sc.com/assets/global/images/modules/sc-remit/blank.gif is a valid image
Jan 28,2022 11:47:33 [info]  https://av.sc.com/assets/global/images/modules/sc-remit/blank.gif is a valid image
Jan 28,2022 11:47:33 [info]  https://av.sc.com/assets/global/images/modules/sc-remit/blank.gif is a valid image
Jan 28,2022 11:47:33 [info]  https://av.sc.com/assets/global/images/modules/sc-remit/blank.gif is a valid image
Jan 28,2022 11:47:34 [info]  https://av.sc.com/assets/global/images/modules/sc-remit/blank.gif is a valid image
Jan 28,2022 11:47:34 [info]  https://av.sc.com/assets/global/images/modules/sc-remit/blank.gif is a valid image
Jan 28,2022 11:47:34 [info]  https://av.sc.com/sg/content/images/charges-dark@2x.png is a valid image
Jan 28,2022 11:47:34 [info]  https://av.sc.com/sg/content/images/delivery-dark@2x.png is a valid image
Jan 28,2022 11:47:34 [info]  https://av.sc.com/sg/content/images/Digital_SCPRB37219_Website-Refresh_103726_V3-600x600.jpg is a valid image
Jan 28,2022 11:47:34 [info]  https://av.sc.com/sg/content/images/private-sg-segment.png is a valid image
Jan 28,2022 11:47:34 [info]  https://av.sc.com/sg/content/images/privatebanking-600x600.png is a valid image
Jan 28,2022 11:47:34 [info]  https://av.sc.com/sg/content/images/sg-home-page-wealth-pin-tile.png is a valid image
Jan 28,2022 11:47:34 [info]  https://av.sc.com/sg/content/images/retail_personal-1-600x600.jpg is a valid image
Jan 28,2022 11:47:34 [info]  https://av.sc.com/sg/content/images/IB-waterDrop-tile.jpg is a valid image
Jan 28,2022 11:47:34 [info]  https://av.sc.com/sg/content/images/business_product1600x1600-600x600.jpg is a valid image
Jan 28,2022 11:47:34 [info]  https://av.sc.com/sg/content/images/I-GRP4091s-2-600x600.jpg is a valid image
Jan 28,2022 11:47:34 [info]  https://av.sc.com/sg/content/images/segments_06.png is a valid image
Jan 28,2022 11:47:34 [info]  https://av.sc.com/sg/content/images/sg-market-view-on-the-go.png is a valid image
Jan 28,2022 11:47:34 [info]  https://av.sc.com/sg/content/images/sg-rtob-casa-900X490-kv.jpg is a valid image
Jan 28,2022 11:47:37 [info]  There are 27 image url to be verified for broken images
Jan 28,2022 11:47:38 [info]  https://av.sc.com/sg/content/images/bonus-promo.jpg is a valid image
Jan 28,2022 11:47:38 [info]  https://av.sc.com/sg/content/images/sg-smart-credit-card-440x280-1.jpg is a valid image
Jan 28,2022 11:47:38 [info]  https://av.sc.com/sg/content/images/unlimited-cashback-card-1014x640.png is a valid image
Jan 28,2022 11:47:38 [info]  https://av.sc.com/sg/content/images/rewards-plus-440x-280.png is a valid image
Jan 28,2022 11:47:38 [info]  https://av.sc.com/sg/content/images/visa-infinite-credit-card-440x280.png is a valid image
Jan 28,2022 11:47:38 [info]  https://av.sc.com/sg/content/images/sg-priority-visa-infinite-440-280.png is a valid image
Jan 28,2022 11:47:38 [info]  https://av.sc.com/sg/content/images/X-card-440x280.png is a valid image
Jan 28,2022 11:47:38 [info]  https://av.sc.com/sg/content/images/sg-sapl-nav-290x-150y.jpg is a valid image
Jan 28,2022 11:47:38 [info]  https://av.sc.com/sg/content/images/sg-cashone-nav-350x-155y.jpg is a valid image
Jan 28,2022 11:47:38 [info]  https://av.sc.com/sg/content/images/SG_promotion_Podcast_300-x-200.jpg is a valid image
Jan 28,2022 11:47:38 [info]  https://av.sc.com/sg/content/images/sg-allianz-motor-protect-product-tile-300x150y.jpg is a valid image
Jan 28,2022 11:47:38 [info]  https://av.sc.com/sg/content/images/services-mobile.png is a valid image
Jan 28,2022 11:47:38 [info]  https://av.sc.com/sg/content/images/sg-disney-dec-masthead-1600x-300y.jpeg is a valid image
Jan 28,2022 11:47:38 [info]  https://av.sc.com/sg/content/images/sg-credit-card-smart-tile.jpeg is a valid image
Jan 28,2022 11:47:38 [info]  https://av.sc.com/sg/content/images/Unlimited-Cashback-Credit-Card-636x636-600x600.jpg is a valid image
Jan 28,2022 11:47:38 [info]  https://av.sc.com/sg/content/images/sg-rewards-plus-credit-card-cardface-400X400.jpg is a valid image
Jan 28,2022 11:47:38 [info]  https://av.sc.com/sg/content/images/spree_credit-card.jpg is a valid image
Jan 28,2022 11:47:38 [info]  https://av.sc.com/sg/content/images/SC-Visa-Infinite-Card-636x636-600x600.jpg is a valid image
Jan 28,2022 11:47:38 [info]  https://av.sc.com/sg/content/images/Prudential-Platinum-Card-.jpg is a valid image
Jan 28,2022 11:47:38 [info]  https://av.sc.com/sg/content/images/Platinum-VisaMastercard-Credit-Card-636x636-600x600.jpg is a valid image
Jan 28,2022 11:47:38 [info]  https://av.sc.com/sg/content/images/Prudential-Visa-Signature-Card..jpg is a valid image
Jan 28,2022 11:47:38 [info]  https://av.sc.com/sg/content/images/NUS-Alumni-Platinum-Card-636x636-600x600.jpg is a valid image
Jan 28,2022 11:47:38 [info]  https://av.sc.com/sg/content/images/Business-Platinum-Card-636x636-600x600.jpg is a valid image
Jan 28,2022 11:47:39 [info]  https://av.sc.com/sg/content/images/Priority-Visa-Infinite-Credit-Card-636x636-600x600.jpg is a valid image
Jan 28,2022 11:47:39 [info]  https://av.sc.com/sg/content/images/MANHATTAN-World-Mastercard-636x636-600x600.jpg is a valid image
Jan 28,2022 11:47:39 [info]  https://av.sc.com/sg/content/images/MANHATTAN-World-Mastercard-636x636-600x600.jpg is a valid image
Jan 28,2022 11:47:39 [info]  https://av.sc.com/sg/content/images/X_credit_card.jpg is a valid image]]>
  </system-out>
  <testcase classname="ParentClass" name="responseDimensionCheckBrokenLinks" time="249.221"/>
  <system-out>
    <![CDATA[Jan 28,2022 11:47:42 [info]  Current window has been resized to the dimension of iPhone6 Or 7 Or 8: 375*375
Jan 28,2022 11:47:45 [info]  Clicked on the hamburger menu of mobile view
Jan 28,2022 11:47:46 [info]  Menu list is visible
Jan 28,2022 11:47:46 [info]  Menu list close button is clicked
Jan 28,2022 11:47:46 [info]  Menu list is closed successfully
Jan 28,2022 11:47:46 [info]  There are 266 url to be verified for broken links
Jan 28,2022 11:47:46 [info]  https://www.sc.com/sg/priority/ is a valid link
Jan 28,2022 11:47:46 [info]  https://www.sc.com/sg/priority/priority-private/ is a valid link
Jan 28,2022 11:47:46 [info]  https://www.sc.com/sg/wealth/ is a valid link
Jan 28,2022 11:47:46 [info]  https://www.sc.com/sg/international-banking/ is a valid link
Jan 28,2022 11:47:46 [info]  https://www.sc.com/privatebank/en/ is a valid link
Jan 28,2022 11:47:46 [info]  https://www.sc.com/sg/business/ is a valid link
Jan 28,2022 11:47:47 [info]  https://www.sc.com/sg/commercial is a valid link
Jan 28,2022 11:47:47 [info]  https://www.sc.com/en/banking-services/business-banking.html is a valid link
Jan 28,2022 11:47:47 [info]  https://www.sc.com/sg/bank-with-us/mobile-banking-services/standard-chartered-mobile/ is a valid link
Jan 28,2022 11:47:47 [info]  https://www.sc.com/sg/help/ is a valid link
Jan 28,2022 11:47:47 [info]  https://www.sc.com/sg/search/ is a valid link
Jan 28,2022 11:47:47 [info]  https://www.sc.com/sg/ is a valid link
Jan 28,2022 11:47:47 [info]  https://www.sc.com/sg/ is a valid link
Jan 28,2022 11:47:47 [info]  https://www.sc.com/sg/save/current-accounts/ is a valid link
Jan 28,2022 11:47:47 [info]  https://www.sc.com/sg/save/current-accounts/bonussaver/ is a valid link
Jan 28,2022 11:47:47 [info]  https://www.sc.com/sg/save/current-accounts/supersalary/ is a valid link
Jan 28,2022 11:47:47 [info]  https://www.sc.com/sg/save/mca/ is a valid link
Jan 28,2022 11:47:47 [info]  https://www.sc.com/sg/save/savings-accounts/ is a valid link
Jan 28,2022 11:47:47 [info]  https://www.sc.com/sg/save/savings-accounts/esaver/ is a valid link
Jan 28,2022 11:47:47 [info]  https://www.sc.com/sg/save/savings-accounts/jumpstart/ is a valid link
Jan 28,2022 11:47:48 [info]  https://www.sc.com/sg/save/savings-accounts/usdsaver/ is a valid link
Jan 28,2022 11:47:48 [info]  https://www.sc.com/sg/save/time-deposits/ is a valid link
Jan 28,2022 11:47:48 [info]  https://www.sc.com/sg/save/time-deposits/sustainable-time-deposit/ is a valid link
Jan 28,2022 11:47:48 [info]  https://www.sc.com/sg/save/time-deposits/singapore-dollar-time-deposit/ is a valid link
Jan 28,2022 11:47:48 [info]  https://www.sc.com/sg/save/time-deposits/foreign-currency-time-deposits/ is a valid link
Jan 28,2022 11:47:48 [info]  https://www.sc.com/sg/promotions/casa-member-get-member/ is a valid link
Jan 28,2022 11:47:48 [info]  https://www.sc.com/sg/save/ is a valid link
Jan 28,2022 11:47:48 [info]  https://www.sc.com/sg/credit-cards/ is a valid link
Jan 28,2022 11:47:48 [info]  https://www.sc.com/sg/credit-cards/smart-credit-card/ is a valid link
Jan 28,2022 11:47:48 [info]  https://www.sc.com/sg/credit-cards/smart-credit-card/ is a valid link
Jan 28,2022 11:47:48 [info]  https://www.sc.com/sg/credit-cards/unlimited-cashback-credit-card/ is a valid link
Jan 28,2022 11:47:48 [info]  https://www.sc.com/sg/credit-cards/unlimited-cashback-credit-card/ is a valid link
Jan 28,2022 11:47:48 [info]  https://www.sc.com/sg/credit-cards/rewards-plus-credit-card/ is a valid link
Jan 28,2022 11:47:48 [info]  https://www.sc.com/sg/credit-cards/rewards-plus-credit-card/ is a valid link
Jan 28,2022 11:47:48 [info]  https://www.sc.com/sg/credit-cards/visa-infinite-card/ is a valid link
Jan 28,2022 11:47:48 [info]  https://www.sc.com/sg/credit-cards/visa-infinite-card/ is a valid link
Jan 28,2022 11:47:49 [info]  https://www.sc.com/sg/credit-cards/priority-visa-infinite-card/ is a valid link
Jan 28,2022 11:47:49 [info]  https://www.sc.com/sg/credit-cards/priority-visa-infinite-card/ is a valid link
Jan 28,2022 11:47:49 [info]  https://www.sc.com/sg/credit-cards/x-card/ is a valid link
Jan 28,2022 11:47:49 [info]  https://www.sc.com/sg/credit-cards/x-card/ is a valid link
Jan 28,2022 11:47:49 [info]  https://www.sc.com/sg/bank-with-us/ is a valid link
Jan 28,2022 11:47:49 [info]  https://www.sc.com/sg/promotions/instant/ is a valid link
Jan 28,2022 11:47:49 [info]  https://www.sc.com/sg/bank-with-us/service-requests/card-activation-pin-set/ is a valid link
Jan 28,2022 11:47:49 [info]  https://www.sc.com/sg/bank-with-us/online-banking-services/online-estatements/ is a valid link
Jan 28,2022 11:47:49 [info]  https://www.sc.com/sg/bank-with-us/manage-your-finances/ is a valid link
Jan 28,2022 11:47:50 [info]  https://www.sc.com/sg/sapl is a valid link
Jan 28,2022 11:47:50 [info]  https://www.sc.com/sg/credit-cards/ is a valid link
Jan 28,2022 11:47:50 [info]  https://www.sc.com/sg/borrow/loans/ is a valid link
Jan 28,2022 11:47:50 [info]  https://www.sc.com/sg/borrow/loans/cashone/ is a valid link
Jan 28,2022 11:47:50 [info]  https://www.sc.com/sg/borrow/loans/ is a valid link
Jan 28,2022 11:47:50 [info]  https://www.sc.com/sg/borrow/loans/balance-transfer/ is a valid link
Jan 28,2022 11:47:50 [info]  https://www.sc.com/sg/borrow/loans/ is a valid link
Jan 28,2022 11:47:50 [info]  https://www.sc.com/sg/borrow/loans/debt-consolidation/ is a valid link
Jan 28,2022 11:47:50 [info]  https://www.sc.com/sg/borrow/loans/debt-consolidation-refinance/ is a valid link
Jan 28,2022 11:47:50 [info]  https://www.sc.com/sg/borrow/loans/ is a valid link
Jan 28,2022 11:47:50 [info]  https://www.sc.com/sg/borrow/loans/auto-financing/ is a valid link
Jan 28,2022 11:47:50 [info]  https://www.sc.com/sg/borrow/mortgages/ is a valid link
Jan 28,2022 11:47:50 [info]  https://www.sc.com/sg/borrow/mortgages/mortgageone/ is a valid link
Jan 28,2022 11:47:50 [info]  https://www.sc.com/sg/borrow/mortgages/home-suite/ is a valid link
Jan 28,2022 11:47:50 [info]  https://www.sc.com/sg/borrow/mortgages/green-mortgage/ is a valid link
Jan 28,2022 11:47:50 [info]  https://www.sc.com/sg/important-information/sor-transition-to-sora-faqs/ is a valid link
Jan 28,2022 11:47:50 [info]  https://www.sc.com/sg/borrow/loans/cashone/ is a valid link
Jan 28,2022 11:47:50 [info]  https://www.sc.com/sg/borrow/ is a valid link
Jan 28,2022 11:47:50 [info]  https://www.sc.com/sg/wealth/investment/ is a valid link
Jan 28,2022 11:47:50 [info]  https://www.sc.com/sg/wealth/investment/unit-trusts/ is a valid link
Jan 28,2022 11:47:50 [info]  https://www.sc.com/sg/wealth/investment/online-trading/ is a valid link
Jan 28,2022 11:47:51 [info]  https://www.sc.com/sg/wealth/investment/livefx/ is a valid link
Jan 28,2022 11:47:51 [info]  https://www.sc.com/sg/wealth/sc-goals-planner/ is a valid link
Jan 28,2022 11:47:51 [info]  https://sc-onlineut-morningstar.nw-cloud.com/ is a valid link
Jan 28,2022 11:47:51 [info]  https://www.sc.com/sg/wealth/wealth-connect/ is a valid link
Jan 28,2022 11:47:51 [info]  https://www.sc.com/sg/wealth/ is a valid link
Jan 28,2022 11:47:51 [info]  https://www.sc.com/retail/mce/index.html?#/landing?lang=en&ctry=SG&channel=PLRB&sapp=PUB&requestId=8b5585b9-ac43-4cf8-806a-628426c8caec is a valid link
Jan 28,2022 11:47:51 [info]  https://www.sc.com/sg/articles/2018-psb-market-market-outlook-and-insights-webinar/ is a valid link
Jan 28,2022 11:47:51 [info]  https://www.sc.com/sg/wealth/insights/ is a valid link
Jan 28,2022 11:47:53 [info]  https://feeds.buzzsprout.com/1662247.rss/ is a valid link
Jan 28,2022 11:47:53 [info]  https://www.sc.com/sg/wealth/ is a valid link
Jan 28,2022 11:47:53 [info]  https://www.sc.com/sg/insurance/health-accident/ is a valid link
Jan 28,2022 11:47:53 [info]  https://www.sc.com/sg/insurance/health-insurance/ is a valid link
Jan 28,2022 11:47:53 [info]  https://www.sc.com/sg/insurance/health-accident/ is a valid link
Jan 28,2022 11:47:53 [info]  https://www.sc.com/sg/insurance/critical-illness/ is a valid link
Jan 28,2022 11:47:53 [info]  https://www.sc.com/sg/insurance/travel-home-car/ is a valid link
Jan 28,2022 11:47:53 [info]  https://www.sc.com/sg/insurance/allianz-home-protect/ is a valid link
Jan 28,2022 11:47:53 [info]  https://www.sc.com/sg/insurance/az-motor-protect/ is a valid link
Jan 28,2022 11:47:53 [info]  https://www.sc.com/sg/insurance/az-motor-protect/ is a valid link
Jan 28,2022 11:47:53 [info]  https://www.sc.com/sg/insurance/ is a valid link
Jan 28,2022 11:47:53 [info]  https://www.sc.com/sg/bank-with-us/online-banking/ is a valid link
Jan 28,2022 11:47:53 [info]  https://www.sc.com/sg/business-channels-access/straight2bank/ is a valid link
Jan 28,2022 11:47:53 [info]  https://www.sc.com/sg/rewards-programmes/ is a valid link
Jan 28,2022 11:47:54 [info]  https://www.sc.com/sg/pricing-guide/ is a valid link
Jan 28,2022 11:47:54 [info]  https://www.sc.com/sg/help/forms/ is a valid link
Jan 28,2022 11:47:54 [info]  https://www.sc.com/sg/help/contact-us/ is a valid link
Jan 28,2022 11:47:54 [info]  https://www.sc.com/sg/help/lost-card/ is a valid link
Jan 28,2022 11:47:54 [info]  https://www.sc.com/sg/help/activate-card/ is a valid link
Jan 28,2022 11:47:54 [info]  https://www.sc.com/sg/bank-with-us/online-banking/alerts-and-notifications/ is a valid link
Jan 28,2022 11:47:54 [info]  https://www.sc.com/sg/bank-with-us/remittance/ is a valid link
Jan 28,2022 11:47:54 [info]  https://www.sc.com/sg/bank-with-us/manage-your-finances/ is a valid link
Jan 28,2022 11:47:54 [info]  https://www.sc.com/sg/bank-with-us/manage-your-payments/ is a valid link
Jan 28,2022 11:47:54 [info]  https://www.sc.com/sg/bank-with-us/mobile-banking-services/standard-chartered-mobile/ is a valid link
Jan 28,2022 11:47:54 [info]  https://www.sc.com/sg/bank-with-us/ is a valid link
Jan 28,2022 11:47:54 [info]  https://www.sc.com/sg/bank-with-us/mobile-banking-services/standard-chartered-mobile/ is a valid link
Jan 28,2022 11:47:54 [info]  https://www.sc.com/sg/help/ is a valid link
Jan 28,2022 11:47:54 [info]  https://www.sc.com/sg/search/ is a valid link
Jan 28,2022 11:47:54 [info]  https://www.sc.com/sg/borrow/loans/cashone/?reference_id=IBNOF_OTH_PL is a valid link
Jan 28,2022 11:47:54 [info]  https://www.sc.com/sg/borrow/loans/cashone/?reference_id=IBNOF_OTH_PL is a valid link
Jan 28,2022 11:47:54 [info]  https://www.sc.com/sg/borrow/loans/cashone/?reference_id=IBNOF_OTH_PL is a valid link
Jan 28,2022 11:47:54 [info]  https://www.sc.com/sg/shop-anywhere-pay-later/?reference_id=IBNOF-OTH-SAPL is a valid link
Jan 28,2022 11:47:54 [info]  https://www.sc.com/sg/shop-anywhere-pay-later/?reference_id=IBNOF-OTH-SAPL is a valid link
Jan 28,2022 11:47:54 [info]  https://www.sc.com/sg/shop-anywhere-pay-later/?reference_id=IBNOF-OTH-SAPL is a valid link
Jan 28,2022 11:47:54 [info]  https://www.sc.com/sg/wealth/investment/online-trading/?reference_id=IBNOF-OTH-OT is a valid link
Jan 28,2022 11:47:55 [info]  https://www.sc.com/sg/wealth/investment/online-trading/?reference_id=IBNOF-OTH-OT is a valid link
Jan 28,2022 11:47:55 [info]  https://www.sc.com/sg/wealth/investment/online-trading/?reference_id=IBNOF-OTH-OT is a valid link
Jan 28,2022 11:47:55 [info]  https://www.sc.com/sg/save/?subchancode=IBOA is a valid link
Jan 28,2022 11:47:56 [info]  https://ibank.standardchartered.com.sg/nfs/login.htm?&_ga=2.55342635.1250817750.1612628392-585638684.1569585475 is a valid link
Jan 28,2022 11:47:57 [info]  https://www.sc.com/nfs/orr/foa/view_reward_home.htm?ctry=SG&lang=en_SG is a broken link
Jan 28,2022 11:47:57 [info]  https://s2b.standardchartered.com/ssoapp/login.jsp is a valid link
Jan 28,2022 11:47:57 [info]  https://www.sc.com/ao/ is a valid link
Jan 28,2022 11:47:57 [info]  https://www.sc.com/ar-en/ is a valid link
Jan 28,2022 11:47:57 [info]  https://www.sc.com/au/ is a valid link
Jan 28,2022 11:47:57 [info]  https://www.sc.com/bh/ is a valid link
Jan 28,2022 11:47:57 [info]  https://www.sc.com/bd/ is a valid link
Jan 28,2022 11:47:57 [info]  https://www.sc.com/bw/ is a valid link
Jan 28,2022 11:47:57 [info]  https://www.sc.com/br-en/ is a valid link
Jan 28,2022 11:47:58 [info]  https://www.sc.com/bn/en/ is a valid link
Jan 28,2022 11:47:58 [info]  https://www.sc.com/kh/ is a valid link
Jan 28,2022 11:47:58 [info]  https://www.sc.com/cm/ is a valid link
Jan 28,2022 11:47:58 [info]  https://www.sc.com/ar-en/ is a valid link
Jan 28,2022 11:47:58 [info]  https://www.sc.com/cn/ is a valid link
Jan 28,2022 11:47:58 [info]  https://www.sc.com/co-en/ is a valid link
Jan 28,2022 11:47:58 [info]  https://www.sc.com/ci/ is a valid link
Jan 28,2022 11:47:58 [info]  https://www.sc.com/fk/ is a valid link
Jan 28,2022 11:47:58 [info]  https://www.sc.com/fr-en/ is a valid link
Jan 28,2022 11:47:58 [info]  https://www.sc.com/de-en/ is a valid link
Jan 28,2022 11:47:58 [info]  https://www.sc.com/gh/ is a valid link
Jan 28,2022 11:47:58 [info]  https://www.sc.com/hk/ is a valid link
Jan 28,2022 11:47:58 [info]  https://www.sc.com/in/ is a valid link
Jan 28,2022 11:47:58 [info]  https://www.sc.com/id/en/ is a valid link
Jan 28,2022 11:47:58 [info]  https://www.sc.com/ie/ is a valid link
Jan 28,2022 11:47:59 [info]  https://www.sc.com/it/en/ is a valid link
Jan 28,2022 11:47:59 [info]  https://www.sc.com/jp/ is a valid link
Jan 28,2022 11:47:59 [info]  https://www.sc.com/je/ is a valid link
Jan 28,2022 11:47:59 [info]  https://www.sc.com/jo/ is a valid link
Jan 28,2022 11:47:59 [info]  https://www.sc.com/ke/ is a valid link
Jan 28,2022 11:47:59 [info]  https://www.sc.com/la/ is a valid link
Jan 28,2022 11:47:59 [info]  https://www.sc.com/lb/ is a valid link
Jan 28,2022 11:47:59 [info]  https://www.sc.com/mo/ is a valid link
Jan 28,2022 11:47:59 [info]  https://www.sc.com/my/ is a valid link
Jan 28,2022 11:47:59 [info]  https://www.sc.com/mu/ is a valid link
Jan 28,2022 11:47:59 [info]  https://www.sc.com/us/ is a valid link
Jan 28,2022 11:47:59 [info]  https://www.sc.com/en/contact-us/ is a valid link
Jan 28,2022 11:47:59 [info]  https://www.sc.com/np/ is a valid link
Jan 28,2022 11:47:59 [info]  https://www.sc.com/ng/ is a valid link
Jan 28,2022 11:47:59 [info]  https://www.sc.com/om-en/ is a valid link
Jan 28,2022 11:47:59 [info]  https://www.sc.com/pk/ is a valid link
Jan 28,2022 11:47:59 [info]  https://www.sc.com/co-en/ is a valid link
Jan 28,2022 11:48:00 [info]  https://www.sc.com/ph/ is a valid link
Jan 28,2022 11:48:00 [info]  https://www.sc.com/qa/ is a valid link
Jan 28,2022 11:48:00 [info]  https://www.sc.com/sg/ is a valid link
Jan 28,2022 11:48:00 [info]  https://www.sc.com/sl/ is a valid link
Jan 28,2022 11:48:00 [info]  https://www.sc.com/za/ is a valid link
Jan 28,2022 11:48:01 [info]  https://www.standardchartered.co.kr/np/kr/Intro.jsp is a valid link
Jan 28,2022 11:48:02 [info]  https://www.sc.com/lk/ is a valid link
Jan 28,2022 11:48:02 [info]  https://www.sc.com/se/ is a valid link
Jan 28,2022 11:48:02 [info]  https://www.sc.com/tw/ is a valid link
Jan 28,2022 11:48:02 [info]  https://www.sc.com/tz/ is a valid link
Jan 28,2022 11:48:02 [info]  https://www.sc.com/th-en/ is a valid link
Jan 28,2022 11:48:02 [info]  https://www.sc.com/gm/ is a valid link
Jan 28,2022 11:48:02 [info]  https://www.sc.com/tr-en/ is a valid link
Jan 28,2022 11:48:02 [info]  https://www.sc.com/ug/ is a valid link
Jan 28,2022 11:48:02 [info]  https://www.sc.com/ae/ is a valid link
Jan 28,2022 11:48:02 [info]  https://www.sc.com/uk/ is a valid link
Jan 28,2022 11:48:02 [info]  https://www.sc.com/us/ is a valid link
Jan 28,2022 11:48:02 [info]  https://www.sc.com/vn/en/ is a valid link
Jan 28,2022 11:48:02 [info]  https://www.sc.com/zm/ is a valid link
Jan 28,2022 11:48:02 [info]  https://www.sc.com/zw/ is a valid link
Jan 28,2022 11:48:02 [info]  https://www.sc.com/sg is a valid link
Jan 28,2022 11:48:02 [info]  https://www.sc.com/sg is a valid link
Jan 28,2022 11:48:02 [info]  https://www.sc.com/sg/# is a valid link
Jan 28,2022 11:48:03 [info]  https://api.myinfo.gov.sg/com/v3/authorise?subChanCode=iboa&pid=cc_ourproducts_svt&client_id=PROD-201224747C-SCB-MYWAY&authmode=SINGPASS&purpose=opening%20SC%20Investment%20Account%28s%29%20%26%20e%24aver%20account&response_type=code&attributes=name,hanyupinyinname,aliasname,hanyupinyinaliasname,marriedname,sex,nationality,dob,birthcountry,regadd,noa-basic,email,mobileno,homeno,edulevel,employment&state=IB03%2D2&redirect_uri=https%3A%2F%2Fwww.sc.com%2Fglobal%2Fav%2Fforms%2Fd1%2Fmyinfo%2Fcasa_callback.html%3Fpt%3Des&subChanCode=IBAT06&state=IBAT06-2 is a broken link
Jan 28,2022 11:48:03 [info]  https://retail.sc.com/sg/nfs/login.htm?invest=scot&instance=&referID=&subChanCode=IBAT06&state=IBAT06-2 is a valid link
Jan 28,2022 11:48:03 [info]  https://api.myinfo.gov.sg/com/v3/authorise?client_id=PROD-201224747C-SCB-MYWAY&authmode=SINGPASS&purpose=opening%20SC%20Investment%20Account%28s%29%20%26%20e%24aver%20account&response_type=code&attributes=name,hanyupinyinname,aliasname,hanyupinyinaliasname,marriedname,sex,nationality,dob,birthcountry,regadd,noa-basic,email,mobileno,homeno,edulevel,employment&state=%20IBAT06%2D1&redirect_uri=https%3A%2F%2Fwww.sc.com%2Fglobal%2Fav%2Fforms%2Fd1%2Fmyinfo%2Fcasa_callback.html%3Fpt%3Des&subChanCode=IBAT06&state=IBAT06-1 is a broken link
Jan 28,2022 11:48:03 [info]  https://retail.sc.com/sg/nfs/login.htm?invest=out&_ga&subChanCode=IBAT06&state=IBAT06-1 is a valid link
Jan 28,2022 11:48:03 [info]  https://www.sc.com/sg/credit-cards/smart-credit-card/?referID=CHeroBanner&intcid=xt-hero-general-banner is a valid link
Jan 28,2022 11:48:03 [info]  https://www.sc.com/sg/credit-cards/smart-credit-card/?referID=CHeroBanner&intcid=xt-hero-general-banner is a valid link
Jan 28,2022 11:48:03 [info]  https://www.sc.com/sg/promotions/?intcid=quicklinks-1_may31-sg-promotions&subchancode=IBA4 is a valid link
Jan 28,2022 11:48:04 [info]  https://www.sc.com/sg/borrow/loans/cashone/?subChanCode=IBA4 is a valid link
Jan 28,2022 11:48:04 [info]  https://www.sc.com/sg/credit-cards/smart-credit-card/?subchancode=IBA4 is a valid link
Jan 28,2022 11:48:04 [info]  https://www.sc.com/sg/save/current-accounts/bonussaver/?subChanCode=IBA4 is a valid link
Jan 28,2022 11:48:04 [info]  https://www.sc.com/sg/wealth/investment/online-trading/?subChanCode=IBA4&state=IBAT07-2 is a valid link
Jan 28,2022 11:48:04 [info]  https://www.sc.com/sg/cybersecurity/ is a valid link
Jan 28,2022 11:48:04 [info]  https://www.sc.com/sg/credit-cards/smart-credit-card/?referID=CHeroBanner&intcid=xt-hero-general-tile-1 is a valid link
Jan 28,2022 11:48:04 [info]  https://www.sc.com/sg/promotions/frosjourney/?referID=CHeroBanner&intcid=xt-hero-general-tile-2 is a valid link
Jan 28,2022 11:48:04 [info]  https://www.sc.com/sg/insurance/?referID=CHeroBanner&intcid=xt-hero-general-tile-3 is a valid link
Jan 28,2022 11:48:04 [info]  https://www.sc.com/sg/wealth/sustainable-investing/?referID=CHeroBanner&intcid=xt-hero-general-tile-4 is a valid link
Jan 28,2022 11:48:04 [info]  https://www.sc.com/sg/borrow/loans/cashone/?referID=CHeroBanner&intcid=xt-hero-general-tile-5 is a valid link
Jan 28,2022 11:48:04 [info]  https://www.sc.com/sg/promotions/mgm-referral-programme-scremit/?instance=ibpc_scremit_hp is a valid link
Jan 28,2022 11:48:04 [info]  https://www.sc.com/sg/#banking-for-individuals is a valid link
Jan 28,2022 11:48:04 [info]  https://www.sc.com/sg/priority/ is a valid link
Jan 28,2022 11:48:04 [info]  https://www.sc.com/sg/priority/priority-private is a valid link
Jan 28,2022 11:48:04 [info]  https://www.sc.com/privatebank/en/ is a valid link
Jan 28,2022 11:48:05 [info]  https://www.sc.com/sg/wealth-management/ is a valid link
Jan 28,2022 11:48:05 [info]  https://www.sc.com/sg/personal/ is a valid link
Jan 28,2022 11:48:05 [info]  https://www.sc.com/sg/international-banking/ is a valid link
Jan 28,2022 11:48:05 [info]  https://www.sc.com/sg/#banking-for-companies is a valid link
Jan 28,2022 11:48:05 [info]  https://www.sc.com/sg/business/ is a valid link
Jan 28,2022 11:48:05 [info]  https://www.sc.com/sg/commercial/ is a valid link
Jan 28,2022 11:48:05 [info]  https://www.sc.com/en/banking-services/business-banking.html is a valid link
Jan 28,2022 11:48:06 [info]  https://www.sc.com/retail/mce/index.html?#/landing?lang=en&ctry=SG&channel=PLRB&sapp=PUB&requestId=98e66083-f61b-4206-ada3-790747b797df is a valid link
Jan 28,2022 11:48:06 [info]  https://www.sc.com/retail/mce/index.html?#/landing?lang=en&ctry=SG&channel=PLRB&sapp=PUB&requestId=98e66083-f61b-4206-ada3-790747b797df is a valid link
Jan 28,2022 11:48:06 [info]  https://www.sc.com/sg/articles/2018-psb-market-market-outlook-and-insights-webinar/ is a valid link
Jan 28,2022 11:48:06 [info]  https://www.sc.com/sg/promotions/instant-accounts/ is a valid link
Jan 28,2022 11:48:07 [info]  https://www.sc.com/sg/promotions/instant-accounts/ is a valid link
Jan 28,2022 11:48:07 [info]  https://www.sc.com/sg/promotions/instant-accounts/ is a valid link
Jan 28,2022 11:48:07 [info]  https://www.sc.com/sg/important-information/ is a valid link
Jan 28,2022 11:48:07 [info]  https://www.sc.com/sg/important-information/important-changes-to-credit-card-term/ is a valid link
Jan 28,2022 11:48:08 [info]  https://www.sc.com/sg/important-information/priority-mortgage-plus-pmp-terms/ is a valid link
Jan 28,2022 11:48:08 [info]  https://www.sc.com/sg/important-information/important-changes-to-credit-card-term-rewards/ is a valid link
Jan 28,2022 11:48:08 [info]  https://www.sc.com/sg/important-information/cessation-of-e-cashiers-order-issuance/ is a valid link
Jan 28,2022 11:48:08 [info]  javascript:; This url threw the error
Jan 28,2022 11:48:08 [info]  https://www.sc.com/sg/sitemap/ is a valid link
Jan 28,2022 11:48:08 [info]  https://www.sc.com/sg/about-us/ is a valid link
Jan 28,2022 11:48:08 [info]  https://www.sc.com/sg/bank-with-us/ is a valid link
Jan 28,2022 11:48:08 [info]  https://www.sc.com/sg/atm-branch-locator/ is a valid link
Jan 28,2022 11:48:08 [info]  https://www.sc.com/sg/help/ is a valid link
Jan 28,2022 11:48:09 [info]  https://www.sc.com/sg/help/#faq is a valid link
Jan 28,2022 11:48:09 [info]  https://www.sc.com/sg/help/forms/ is a valid link
Jan 28,2022 11:48:09 [info]  https://www.sc.com/retail/mce/index.html#/landing?lang=en&ctry=SG&channel=PLRB&sapp=PUB is a valid link
Jan 28,2022 11:48:09 [info]  https://www.sc.com/en/investors/ is a valid link
Jan 28,2022 11:48:09 [info]  https://www.standardchartered.com/en/learning-resources/global-research.html is a valid link
Jan 28,2022 11:48:09 [info]  https://www.sc.com/sg/news-media/ is a valid link
Jan 28,2022 11:48:09 [info]  https://www.sc.com/sg/about-us/awards-achievements/ is a valid link
Jan 28,2022 11:48:09 [info]  https://www.sc.com/sg/careers/ is a valid link
Jan 28,2022 11:48:09 [info]  https://www.sc.com/en/ is a valid link
Jan 28,2022 11:48:10 [info]  http://www.speakingupsc.ethicspoint.com/ is a valid link
Jan 28,2022 11:48:10 [info]  https://www.sc.com/en/about/fighting-financial-crime/#fighting-fraud is a valid link
Jan 28,2022 11:48:10 [info]  https://www.sc.com/global/security-tips/ is a valid link
Jan 28,2022 11:48:10 [info]  https://www.sc.com/protecting-our-clients/ is a valid link
Jan 28,2022 11:48:11 [info]  https://sc.com/sg/cookie-policy/ is a valid link
Jan 28,2022 11:48:11 [info]  https://www.standardchartered.com/sustainability/en/index.html is a valid link
Jan 28,2022 11:48:11 [info]  https://www.sc.com/sg/privacy/ is a valid link
Jan 28,2022 11:48:11 [info]  https://www.sc.com/sg/terms-and-conditions/ is a valid link
Jan 28,2022 11:48:16 [info]  https://apps.apple.com/sg/app/sc-mobile-singapore-breeze/id367337298 is a valid link
Jan 28,2022 11:48:16 [info]  https://play.google.com/store/apps/details?id=air.app.scb.breeze.android.main.sg.prod&hl=en is a valid link
Jan 28,2022 11:48:16 [info]  https://www.sc.com/sg/about-us/ is a valid link
Jan 28,2022 11:48:17 [info]  https://www.sc.com/sg/bank-with-us/ is a valid link
Jan 28,2022 11:48:17 [info]  https://www.sc.com/sg/atm-branch-locator/ is a valid link
Jan 28,2022 11:48:17 [info]  https://www.sc.com/sg/help/ is a valid link
Jan 28,2022 11:48:17 [info]  https://www.sc.com/sg/help/#faq is a valid link
Jan 28,2022 11:48:17 [info]  https://www.sc.com/sg/help/forms/ is a valid link
Jan 28,2022 11:48:17 [info]  https://www.sc.com/retail/mce/index.html#/landing?lang=en&ctry=SG&channel=PLRB&sapp=PUB is a valid link
Jan 28,2022 11:48:17 [info]  https://www.sc.com/en/investors/ is a valid link
Jan 28,2022 11:48:17 [info]  https://www.standardchartered.com/en/learning-resources/global-research.html is a valid link
Jan 28,2022 11:48:17 [info]  https://www.sc.com/sg/news-media/ is a valid link
Jan 28,2022 11:48:17 [info]  https://www.sc.com/sg/about-us/awards-achievements/ is a valid link
Jan 28,2022 11:48:17 [info]  https://www.sc.com/sg/careers/ is a valid link
Jan 28,2022 11:48:17 [info]  https://www.sc.com/en/ is a valid link
Jan 28,2022 11:48:18 [info]  http://www.speakingupsc.ethicspoint.com/ is a valid link
Jan 28,2022 11:48:18 [info]  https://www.sc.com/en/about/fighting-financial-crime/#fighting-fraud is a valid link
Jan 28,2022 11:48:18 [info]  https://www.sc.com/global/security-tips/ is a valid link
Jan 28,2022 11:48:18 [info]  https://www.sc.com/protecting-our-clients/ is a valid link
Jan 28,2022 11:48:18 [info]  https://sc.com/sg/cookie-policy/ is a valid link
Jan 28,2022 11:48:19 [info]  https://www.standardchartered.com/sustainability/en/index.html is a valid link
Jan 28,2022 11:48:19 [info]  https://www.sc.com/sg/privacy/ is a valid link
Jan 28,2022 11:48:19 [info]  https://www.sc.com/sg/terms-and-conditions/ is a valid link
Jan 28,2022 11:48:19 [info]  https://www.facebook.com/Standardcharteredsg/ is a valid link
Jan 28,2022 11:48:20 [info]  https://twitter.com/StanChart is a valid link
Jan 28,2022 11:48:20 [info]  https://www.linkedin.com/company/standardchartered/ is a broken link
Jan 28,2022 11:48:45 [info]  Current window has been resized to the dimension of iPhone6 Or 7 Or 8: 375*375
Jan 28,2022 11:48:48 [info]  Clicked on the hamburger menu of mobile view
Jan 28,2022 11:48:48 [info]  Menu list is visible
Jan 28,2022 11:48:48 [info]  Menu list close button is clicked
Jan 28,2022 11:48:49 [info]  Menu list is closed successfully
Jan 28,2022 11:48:49 [info]  There are 245 url to be verified for broken links
Jan 28,2022 11:48:49 [info]  https://www.sc.com/sg/priority/ is a valid link
Jan 28,2022 11:48:49 [info]  https://www.sc.com/sg/priority/priority-private/ is a valid link
Jan 28,2022 11:48:49 [info]  https://www.sc.com/sg/wealth/ is a valid link
Jan 28,2022 11:48:49 [info]  https://www.sc.com/sg/international-banking/ is a valid link
Jan 28,2022 11:48:49 [info]  https://www.sc.com/privatebank/en/ is a valid link
Jan 28,2022 11:48:49 [info]  https://www.sc.com/sg/business/ is a valid link
Jan 28,2022 11:48:49 [info]  https://www.sc.com/sg/commercial is a valid link
Jan 28,2022 11:48:49 [info]  https://www.sc.com/en/banking-services/business-banking.html is a valid link
Jan 28,2022 11:48:49 [info]  https://www.sc.com/sg/bank-with-us/mobile-banking-services/standard-chartered-mobile/ is a valid link
Jan 28,2022 11:48:49 [info]  https://www.sc.com/sg/help/ is a valid link
Jan 28,2022 11:48:49 [info]  https://www.sc.com/sg/search/ is a valid link
Jan 28,2022 11:48:50 [info]  https://www.sc.com/sg/ is a valid link
Jan 28,2022 11:48:50 [info]  https://www.sc.com/sg/ is a valid link
Jan 28,2022 11:48:50 [info]  https://www.sc.com/sg/save/current-accounts/ is a valid link
Jan 28,2022 11:48:50 [info]  https://www.sc.com/sg/save/current-accounts/bonussaver/ is a valid link
Jan 28,2022 11:48:50 [info]  https://www.sc.com/sg/save/current-accounts/supersalary/ is a valid link
Jan 28,2022 11:48:50 [info]  https://www.sc.com/sg/save/mca/ is a valid link
Jan 28,2022 11:48:50 [info]  https://www.sc.com/sg/save/savings-accounts/ is a valid link
Jan 28,2022 11:48:50 [info]  https://www.sc.com/sg/save/savings-accounts/esaver/ is a valid link
Jan 28,2022 11:48:50 [info]  https://www.sc.com/sg/save/savings-accounts/jumpstart/ is a valid link
Jan 28,2022 11:48:50 [info]  https://www.sc.com/sg/save/savings-accounts/usdsaver/ is a valid link
Jan 28,2022 11:48:51 [info]  https://www.sc.com/sg/save/time-deposits/ is a valid link
Jan 28,2022 11:48:51 [info]  https://www.sc.com/sg/save/time-deposits/sustainable-time-deposit/ is a valid link
Jan 28,2022 11:48:51 [info]  https://www.sc.com/sg/save/time-deposits/singapore-dollar-time-deposit/ is a valid link
Jan 28,2022 11:48:51 [info]  https://www.sc.com/sg/save/time-deposits/foreign-currency-time-deposits/ is a valid link
Jan 28,2022 11:48:51 [info]  https://www.sc.com/sg/promotions/casa-member-get-member/ is a valid link
Jan 28,2022 11:48:51 [info]  https://www.sc.com/sg/save/ is a valid link
Jan 28,2022 11:48:51 [info]  https://www.sc.com/sg/credit-cards/ is a valid link
Jan 28,2022 11:48:51 [info]  https://www.sc.com/sg/credit-cards/smart-credit-card/ is a valid link
Jan 28,2022 11:48:51 [info]  https://www.sc.com/sg/credit-cards/smart-credit-card/ is a valid link
Jan 28,2022 11:48:51 [info]  https://www.sc.com/sg/credit-cards/unlimited-cashback-credit-card/ is a valid link
Jan 28,2022 11:48:51 [info]  https://www.sc.com/sg/credit-cards/unlimited-cashback-credit-card/ is a valid link
Jan 28,2022 11:48:51 [info]  https://www.sc.com/sg/credit-cards/rewards-plus-credit-card/ is a valid link
Jan 28,2022 11:48:51 [info]  https://www.sc.com/sg/credit-cards/rewards-plus-credit-card/ is a valid link
Jan 28,2022 11:48:51 [info]  https://www.sc.com/sg/credit-cards/visa-infinite-card/ is a valid link
Jan 28,2022 11:48:51 [info]  https://www.sc.com/sg/credit-cards/visa-infinite-card/ is a valid link
Jan 28,2022 11:48:51 [info]  https://www.sc.com/sg/credit-cards/priority-visa-infinite-card/ is a valid link
Jan 28,2022 11:48:51 [info]  https://www.sc.com/sg/credit-cards/priority-visa-infinite-card/ is a valid link
Jan 28,2022 11:48:51 [info]  https://www.sc.com/sg/credit-cards/x-card/ is a valid link
Jan 28,2022 11:48:51 [info]  https://www.sc.com/sg/credit-cards/x-card/ is a valid link
Jan 28,2022 11:48:51 [info]  https://www.sc.com/sg/bank-with-us/ is a valid link
Jan 28,2022 11:48:51 [info]  https://www.sc.com/sg/promotions/instant/ is a valid link
Jan 28,2022 11:48:52 [info]  https://www.sc.com/sg/bank-with-us/service-requests/card-activation-pin-set/ is a valid link
Jan 28,2022 11:48:52 [info]  https://www.sc.com/sg/bank-with-us/online-banking-services/online-estatements/ is a valid link
Jan 28,2022 11:48:52 [info]  https://www.sc.com/sg/bank-with-us/manage-your-finances/ is a valid link
Jan 28,2022 11:48:52 [info]  https://www.sc.com/sg/sapl is a valid link
Jan 28,2022 11:48:52 [info]  https://www.sc.com/sg/credit-cards/ is a valid link
Jan 28,2022 11:48:52 [info]  https://www.sc.com/sg/borrow/loans/ is a valid link
Jan 28,2022 11:48:52 [info]  https://www.sc.com/sg/borrow/loans/cashone/ is a valid link
Jan 28,2022 11:48:52 [info]  https://www.sc.com/sg/borrow/loans/ is a valid link
Jan 28,2022 11:48:52 [info]  https://www.sc.com/sg/borrow/loans/balance-transfer/ is a valid link
Jan 28,2022 11:48:52 [info]  https://www.sc.com/sg/borrow/loans/ is a valid link
Jan 28,2022 11:48:52 [info]  https://www.sc.com/sg/borrow/loans/debt-consolidation/ is a valid link
Jan 28,2022 11:48:52 [info]  https://www.sc.com/sg/borrow/loans/debt-consolidation-refinance/ is a valid link
Jan 28,2022 11:48:52 [info]  https://www.sc.com/sg/borrow/loans/ is a valid link
Jan 28,2022 11:48:52 [info]  https://www.sc.com/sg/borrow/loans/auto-financing/ is a valid link
Jan 28,2022 11:48:52 [info]  https://www.sc.com/sg/borrow/mortgages/ is a valid link
Jan 28,2022 11:48:52 [info]  https://www.sc.com/sg/borrow/mortgages/mortgageone/ is a valid link
Jan 28,2022 11:48:53 [info]  https://www.sc.com/sg/borrow/mortgages/home-suite/ is a valid link
Jan 28,2022 11:48:53 [info]  https://www.sc.com/sg/borrow/mortgages/green-mortgage/ is a valid link
Jan 28,2022 11:48:53 [info]  https://www.sc.com/sg/important-information/sor-transition-to-sora-faqs/ is a valid link
Jan 28,2022 11:48:53 [info]  https://www.sc.com/sg/borrow/loans/cashone/ is a valid link
Jan 28,2022 11:48:53 [info]  https://www.sc.com/sg/borrow/ is a valid link
Jan 28,2022 11:48:53 [info]  https://www.sc.com/sg/wealth/investment/ is a valid link
Jan 28,2022 11:48:53 [info]  https://www.sc.com/sg/wealth/investment/unit-trusts/ is a valid link
Jan 28,2022 11:48:53 [info]  https://www.sc.com/sg/wealth/investment/online-trading/ is a valid link
Jan 28,2022 11:48:53 [info]  https://www.sc.com/sg/wealth/investment/livefx/ is a valid link
Jan 28,2022 11:48:53 [info]  https://www.sc.com/sg/wealth/sc-goals-planner/ is a valid link
Jan 28,2022 11:48:53 [info]  https://sc-onlineut-morningstar.nw-cloud.com/ is a valid link
Jan 28,2022 11:48:54 [info]  https://www.sc.com/sg/wealth/wealth-connect/ is a valid link
Jan 28,2022 11:48:54 [info]  https://www.sc.com/sg/wealth/ is a valid link
Jan 28,2022 11:48:54 [info]  https://www.sc.com/retail/mce/index.html?#/landing?lang=en&ctry=SG&channel=PLRB&sapp=PUB&requestId=8b5585b9-ac43-4cf8-806a-628426c8caec is a valid link
Jan 28,2022 11:48:54 [info]  https://www.sc.com/sg/articles/2018-psb-market-market-outlook-and-insights-webinar/ is a valid link
Jan 28,2022 11:48:54 [info]  https://www.sc.com/sg/wealth/insights/ is a valid link
Jan 28,2022 11:48:54 [info]  https://feeds.buzzsprout.com/1662247.rss/ is a valid link
Jan 28,2022 11:48:54 [info]  https://www.sc.com/sg/wealth/ is a valid link
Jan 28,2022 11:48:54 [info]  https://www.sc.com/sg/insurance/health-accident/ is a valid link
Jan 28,2022 11:48:54 [info]  https://www.sc.com/sg/insurance/health-insurance/ is a valid link
Jan 28,2022 11:48:54 [info]  https://www.sc.com/sg/insurance/health-accident/ is a valid link
Jan 28,2022 11:48:54 [info]  https://www.sc.com/sg/insurance/critical-illness/ is a valid link
Jan 28,2022 11:48:54 [info]  https://www.sc.com/sg/insurance/travel-home-car/ is a valid link
Jan 28,2022 11:48:54 [info]  https://www.sc.com/sg/insurance/allianz-home-protect/ is a valid link
Jan 28,2022 11:48:54 [info]  https://www.sc.com/sg/insurance/az-motor-protect/ is a valid link
Jan 28,2022 11:48:54 [info]  https://www.sc.com/sg/insurance/az-motor-protect/ is a valid link
Jan 28,2022 11:48:54 [info]  https://www.sc.com/sg/insurance/ is a valid link
Jan 28,2022 11:48:54 [info]  https://www.sc.com/sg/bank-with-us/online-banking/ is a valid link
Jan 28,2022 11:48:54 [info]  https://www.sc.com/sg/business-channels-access/straight2bank/ is a valid link
Jan 28,2022 11:48:55 [info]  https://www.sc.com/sg/rewards-programmes/ is a valid link
Jan 28,2022 11:48:55 [info]  https://www.sc.com/sg/pricing-guide/ is a valid link
Jan 28,2022 11:48:55 [info]  https://www.sc.com/sg/help/forms/ is a valid link
Jan 28,2022 11:48:55 [info]  https://www.sc.com/sg/help/contact-us/ is a valid link
Jan 28,2022 11:48:55 [info]  https://www.sc.com/sg/help/lost-card/ is a valid link
Jan 28,2022 11:48:55 [info]  https://www.sc.com/sg/help/activate-card/ is a valid link
Jan 28,2022 11:48:55 [info]  https://www.sc.com/sg/bank-with-us/online-banking/alerts-and-notifications/ is a valid link
Jan 28,2022 11:48:55 [info]  https://www.sc.com/sg/bank-with-us/remittance/ is a valid link
Jan 28,2022 11:48:55 [info]  https://www.sc.com/sg/bank-with-us/manage-your-finances/ is a valid link
Jan 28,2022 11:48:55 [info]  https://www.sc.com/sg/bank-with-us/manage-your-payments/ is a valid link
Jan 28,2022 11:48:55 [info]  https://www.sc.com/sg/bank-with-us/mobile-banking-services/standard-chartered-mobile/ is a valid link
Jan 28,2022 11:48:55 [info]  https://www.sc.com/sg/bank-with-us/ is a valid link
Jan 28,2022 11:48:55 [info]  https://www.sc.com/sg/bank-with-us/mobile-banking-services/standard-chartered-mobile/ is a valid link
Jan 28,2022 11:48:55 [info]  https://www.sc.com/sg/help/ is a valid link
Jan 28,2022 11:48:55 [info]  https://www.sc.com/sg/search/ is a valid link
Jan 28,2022 11:48:55 [info]  https://www.sc.com/sg/credit-cards/unlimited-cashback-credit-card/?subChanCode=IBOA is a valid link
Jan 28,2022 11:48:55 [info]  https://ibank.standardchartered.com.sg/nfs/login.htm?&_ga=2.55342635.1250817750.1612628392-585638684.1569585475 is a valid link
Jan 28,2022 11:48:56 [info]  https://www.sc.com/nfs/orr/foa/view_reward_home.htm?ctry=SG&lang=en_SG is a broken link
Jan 28,2022 11:48:56 [info]  https://s2b.standardchartered.com/ssoapp/login.jsp is a valid link
Jan 28,2022 11:48:56 [info]  https://www.sc.com/ao/ is a valid link
Jan 28,2022 11:48:56 [info]  https://www.sc.com/ar-en/ is a valid link
Jan 28,2022 11:48:56 [info]  https://www.sc.com/au/ is a valid link
Jan 28,2022 11:48:56 [info]  https://www.sc.com/bh/ is a valid link
Jan 28,2022 11:48:56 [info]  https://www.sc.com/bd/ is a valid link
Jan 28,2022 11:48:56 [info]  https://www.sc.com/bw/ is a valid link
Jan 28,2022 11:48:56 [info]  https://www.sc.com/br-en/ is a valid link
Jan 28,2022 11:48:56 [info]  https://www.sc.com/bn/en/ is a valid link
Jan 28,2022 11:48:57 [info]  https://www.sc.com/kh/ is a valid link
Jan 28,2022 11:48:57 [info]  https://www.sc.com/cm/ is a valid link
Jan 28,2022 11:48:57 [info]  https://www.sc.com/ar-en/ is a valid link
Jan 28,2022 11:48:57 [info]  https://www.sc.com/cn/ is a valid link
Jan 28,2022 11:48:57 [info]  https://www.sc.com/co-en/ is a valid link
Jan 28,2022 11:48:57 [info]  https://www.sc.com/ci/ is a valid link
Jan 28,2022 11:48:57 [info]  https://www.sc.com/fk/ is a valid link
Jan 28,2022 11:48:57 [info]  https://www.sc.com/fr-en/ is a valid link
Jan 28,2022 11:48:57 [info]  https://www.sc.com/de-en/ is a valid link
Jan 28,2022 11:48:57 [info]  https://www.sc.com/gh/ is a valid link
Jan 28,2022 11:48:57 [info]  https://www.sc.com/hk/ is a valid link
Jan 28,2022 11:48:57 [info]  https://www.sc.com/in/ is a valid link
Jan 28,2022 11:48:57 [info]  https://www.sc.com/id/en/ is a valid link
Jan 28,2022 11:48:57 [info]  https://www.sc.com/ie/ is a valid link
Jan 28,2022 11:48:57 [info]  https://www.sc.com/it/en/ is a valid link
Jan 28,2022 11:48:57 [info]  https://www.sc.com/jp/ is a valid link
Jan 28,2022 11:48:57 [info]  https://www.sc.com/je/ is a valid link
Jan 28,2022 11:48:57 [info]  https://www.sc.com/jo/ is a valid link
Jan 28,2022 11:48:58 [info]  https://www.sc.com/ke/ is a valid link
Jan 28,2022 11:48:58 [info]  https://www.sc.com/la/ is a valid link
Jan 28,2022 11:48:58 [info]  https://www.sc.com/lb/ is a valid link
Jan 28,2022 11:48:58 [info]  https://www.sc.com/mo/ is a valid link
Jan 28,2022 11:48:58 [info]  https://www.sc.com/my/ is a valid link
Jan 28,2022 11:48:58 [info]  https://www.sc.com/mu/ is a valid link
Jan 28,2022 11:48:58 [info]  https://www.sc.com/us/ is a valid link
Jan 28,2022 11:48:58 [info]  https://www.sc.com/en/contact-us/ is a valid link
Jan 28,2022 11:48:58 [info]  https://www.sc.com/np/ is a valid link
Jan 28,2022 11:48:58 [info]  https://www.sc.com/ng/ is a valid link
Jan 28,2022 11:48:58 [info]  https://www.sc.com/om-en/ is a valid link
Jan 28,2022 11:48:58 [info]  https://www.sc.com/pk/ is a valid link
Jan 28,2022 11:48:58 [info]  https://www.sc.com/co-en/ is a valid link
Jan 28,2022 11:48:58 [info]  https://www.sc.com/ph/ is a valid link
Jan 28,2022 11:48:58 [info]  https://www.sc.com/qa/ is a valid link
Jan 28,2022 11:48:58 [info]  https://www.sc.com/sg/ is a valid link
Jan 28,2022 11:48:58 [info]  https://www.sc.com/sl/ is a valid link
Jan 28,2022 11:48:58 [info]  https://www.sc.com/za/ is a valid link
Jan 28,2022 11:48:59 [info]  https://www.standardchartered.co.kr/np/kr/Intro.jsp is a valid link
Jan 28,2022 11:48:59 [info]  https://www.sc.com/lk/ is a valid link
Jan 28,2022 11:48:59 [info]  https://www.sc.com/se/ is a valid link
Jan 28,2022 11:48:59 [info]  https://www.sc.com/tw/ is a valid link
Jan 28,2022 11:49:00 [info]  https://www.sc.com/tz/ is a valid link
Jan 28,2022 11:49:00 [info]  https://www.sc.com/th-en/ is a valid link
Jan 28,2022 11:49:00 [info]  https://www.sc.com/gm/ is a valid link
Jan 28,2022 11:49:00 [info]  https://www.sc.com/tr-en/ is a valid link
Jan 28,2022 11:49:00 [info]  https://www.sc.com/ug/ is a valid link
Jan 28,2022 11:49:00 [info]  https://www.sc.com/ae/ is a valid link
Jan 28,2022 11:49:00 [info]  https://www.sc.com/uk/ is a valid link
Jan 28,2022 11:49:00 [info]  https://www.sc.com/us/ is a valid link
Jan 28,2022 11:49:00 [info]  https://www.sc.com/vn/en/ is a valid link
Jan 28,2022 11:49:00 [info]  https://www.sc.com/zm/ is a valid link
Jan 28,2022 11:49:00 [info]  https://www.sc.com/zw/ is a valid link
Jan 28,2022 11:49:00 [info]  https://www.sc.com/sg is a valid link
Jan 28,2022 11:49:00 [info]  https://www.sc.com/sg is a valid link
Jan 28,2022 11:49:00 [info]  https://www.sc.com/sg/credit-cards/# is a valid link
Jan 28,2022 11:49:01 [info]  https://api.myinfo.gov.sg/com/v3/authorise?subChanCode=iboa&pid=cc_ourproducts_svt&client_id=PROD-201224747C-SCB-MYWAY&authmode=SINGPASS&purpose=opening%20SC%20Investment%20Account%28s%29%20%26%20e%24aver%20account&response_type=code&attributes=name,hanyupinyinname,aliasname,hanyupinyinaliasname,marriedname,sex,nationality,dob,birthcountry,regadd,noa-basic,email,mobileno,homeno,edulevel,employment&state=IB03%2D2&redirect_uri=https%3A%2F%2Fwww.sc.com%2Fglobal%2Fav%2Fforms%2Fd1%2Fmyinfo%2Fcasa_callback.html%3Fpt%3Des&subChanCode=IBAT06&state=IBAT06-2 is a broken link
Jan 28,2022 11:49:01 [info]  https://retail.sc.com/sg/nfs/login.htm?invest=scot&instance=&referID=&subChanCode=IBAT06&state=IBAT06-2 is a valid link
Jan 28,2022 11:49:01 [info]  https://api.myinfo.gov.sg/com/v3/authorise?client_id=PROD-201224747C-SCB-MYWAY&authmode=SINGPASS&purpose=opening%20SC%20Investment%20Account%28s%29%20%26%20e%24aver%20account&response_type=code&attributes=name,hanyupinyinname,aliasname,hanyupinyinaliasname,marriedname,sex,nationality,dob,birthcountry,regadd,noa-basic,email,mobileno,homeno,edulevel,employment&state=%20IBAT06%2D1&redirect_uri=https%3A%2F%2Fwww.sc.com%2Fglobal%2Fav%2Fforms%2Fd1%2Fmyinfo%2Fcasa_callback.html%3Fpt%3Des&subChanCode=IBAT06&state=IBAT06-1 is a broken link
Jan 28,2022 11:49:01 [info]  https://retail.sc.com/sg/nfs/login.htm?invest=out&_ga&subChanCode=IBAT06&state=IBAT06-1 is a valid link
Jan 28,2022 11:49:01 [info]  https://www.sc.com/sg/credit-cards/smart-credit-card/ is a valid link
Jan 28,2022 11:49:01 [info]  https://www.sc.com/sg/credit-cards/unlimited-cashback-credit-card/ is a valid link
Jan 28,2022 11:49:01 [info]  https://www.sc.com/sg/credit-cards/rewards-plus-credit-card/ is a valid link
Jan 28,2022 11:49:01 [info]  https://www.sc.com/sg/credit-cards/spree-credit-card/ is a valid link
Jan 28,2022 11:49:02 [info]  https://www.sc.com/sg/credit-cards/visa-infinite-card/ is a valid link
Jan 28,2022 11:49:02 [info]  https://www.sc.com/sg/credit-cards/prudential-platinum-card/ is a valid link
Jan 28,2022 11:49:02 [info]  https://www.sc.com/sg/credit-cards/platinum-visa-mastercard-credit-card/ is a valid link
Jan 28,2022 11:49:02 [info]  https://www.sc.com/sg/credit-cards/prudential-visa-signature-card/ is a valid link
Jan 28,2022 11:49:02 [info]  https://www.sc.com/sg/credit-cards/nus-alumni-platinum-card/ is a valid link
Jan 28,2022 11:49:02 [info]  https://www.sc.com/sg/credit-cards/business-platinum-card/ is a valid link
Jan 28,2022 11:49:02 [info]  https://www.sc.com/sg/credit-cards/priority-visa-infinite-card/ is a valid link
Jan 28,2022 11:49:02 [info]  https://www.sc.com/sg/credit-cards/manhattan-world-mastercard/ is a valid link
Jan 28,2022 11:49:02 [info]  https://www.sc.com/sg/credit-cards/manhattan-500-card/ is a valid link
Jan 28,2022 11:49:02 [info]  https://www.sc.com/sg/credit-cards/x-card/ is a valid link
Jan 28,2022 11:49:02 [info]  https://www.sc.com/sg/credit-cards/#sc-lb-module-product-features is a valid link
Jan 28,2022 11:49:02 [info]  https://www.sc.com/sg/bank-with-us/manage-your-finances/easybill/ is a valid link
Jan 28,2022 11:49:02 [info]  https://origination.sc.com/onboarding/sg/apply.html?product=340&campaign=CLI001&aggregator_code=IB03&aggregator_type=Others&aggregator_instance=Organic is a valid link
Jan 28,2022 11:49:02 [info]  https://www.sc.com/sg/bank-with-us/manage-your-finances/temporary-credit-limit-increase/ is a valid link
Jan 28,2022 11:49:02 [info]  https://www.sc.com/sg/bank-with-us/manage-your-finances/funds-transfer/ is a valid link
Jan 28,2022 11:49:02 [info]  https://www.sc.com/sg/bank-with-us/manage-your-finances/easypay/ is a valid link
Jan 28,2022 11:49:02 [info]  https://www.sc.com/sg/bank-with-us/credit-card-payments/ is a valid link
Jan 28,2022 11:49:03 [info]  https://www.sc.com/sg/bank-with-us/manage-your-finances/zero-instalment/ is a valid link
Jan 28,2022 11:49:03 [info]  https://www.sc.com/sg/promotions/the-good-life-privileges/ is a valid link
Jan 28,2022 11:49:03 [info]  https://www.sc.com/sg/bank-with-us/manage-your-payments/ is a valid link
Jan 28,2022 11:49:03 [info]  https://www.sc.com/sg/bank-with-us/manage-your-payments/ is a valid link
Jan 28,2022 11:49:03 [info]  https://www.sc.com/sg/bank-with-us/security/cardsafe-guarantee/ is a valid link
Jan 28,2022 11:49:03 [info]  https://www.sc.com/sg/sitemap/ is a valid link
Jan 28,2022 11:49:03 [info]  https://www.sc.com/sg/about-us/ is a valid link
Jan 28,2022 11:49:03 [info]  https://www.sc.com/sg/bank-with-us/ is a valid link
Jan 28,2022 11:49:03 [info]  https://www.sc.com/sg/atm-branch-locator/ is a valid link
Jan 28,2022 11:49:03 [info]  https://www.sc.com/sg/help/ is a valid link
Jan 28,2022 11:49:03 [info]  https://www.sc.com/sg/help/#faq is a valid link
Jan 28,2022 11:49:03 [info]  https://av.sc.com/sg/content/docs/sg-scb-pricing-guide.pdf is a valid link
Jan 28,2022 11:49:03 [info]  https://www.sc.com/sg/help/forms/ is a valid link
Jan 28,2022 11:49:03 [info]  https://www.sc.com/retail/mce/index.html#/landing?lang=en&ctry=SG&channel=PLRB&sapp=PUB is a valid link
Jan 28,2022 11:49:03 [info]  https://www.sc.com/en/investors/ is a valid link
Jan 28,2022 11:49:05 [info]  http://www.standardchartered.com/en/learning-resources/global-research.html is a valid link
Jan 28,2022 11:49:05 [info]  https://www.sc.com/sg/news-media/ is a valid link
Jan 28,2022 11:49:05 [info]  https://www.sc.com/sg/about-us/awards-achievements/ is a valid link
Jan 28,2022 11:49:05 [info]  https://www.sc.com/en/careers/ is a valid link
Jan 28,2022 11:49:05 [info]  https://www.sc.com/en/ is a valid link
Jan 28,2022 11:49:07 [info]  https://www.intouchfeedback.com/speakingup/ is a valid link
Jan 28,2022 11:49:07 [info]  https://www.sc.com/en/about/fighting-financial-crime/#fighting-fraud is a valid link
Jan 28,2022 11:49:07 [info]  https://www.sc.com/global/security-tips/ is a valid link
Jan 28,2022 11:49:07 [info]  https://www.sc.com/protecting-our-clients/ is a valid link
Jan 28,2022 11:49:07 [info]  https://www.sc.com/sg/cookie-policy/ is a valid link
Jan 28,2022 11:49:09 [info]  http://www.standardchartered.com/sustainability/en/index.html is a valid link
Jan 28,2022 11:49:09 [info]  https://www.sc.com/sg/privacy/ is a valid link
Jan 28,2022 11:49:09 [info]  https://www.sc.com/sg/terms-and-conditions/ is a valid link
Jan 28,2022 11:49:09 [info]  https://www.sc.com/sg/about-us/ is a valid link
Jan 28,2022 11:49:09 [info]  https://www.sc.com/sg/bank-with-us/ is a valid link
Jan 28,2022 11:49:09 [info]  https://www.sc.com/sg/atm-branch-locator/ is a valid link
Jan 28,2022 11:49:09 [info]  https://www.sc.com/sg/help/ is a valid link
Jan 28,2022 11:49:09 [info]  https://www.sc.com/sg/help/#faq is a valid link
Jan 28,2022 11:49:09 [info]  https://av.sc.com/sg/content/docs/sg-scb-pricing-guide.pdf is a valid link
Jan 28,2022 11:49:09 [info]  https://www.sc.com/sg/help/forms/ is a valid link
Jan 28,2022 11:49:09 [info]  https://www.sc.com/retail/mce/index.html#/landing?lang=en&ctry=SG&channel=PLRB&sapp=PUB is a valid link
Jan 28,2022 11:49:10 [info]  https://www.sc.com/en/investors/ is a valid link
Jan 28,2022 11:49:11 [info]  http://www.standardchartered.com/en/learning-resources/global-research.html is a valid link
Jan 28,2022 11:49:11 [info]  https://www.sc.com/sg/news-media/ is a valid link
Jan 28,2022 11:49:11 [info]  https://www.sc.com/sg/about-us/awards-achievements/ is a valid link
Jan 28,2022 11:49:11 [info]  https://www.sc.com/en/careers/ is a valid link
Jan 28,2022 11:49:14 [info]  https://www.intouchfeedback.com/speakingup/ is a valid link
Jan 28,2022 11:49:14 [info]  https://www.sc.com/en/about/fighting-financial-crime/#fighting-fraud is a valid link
Jan 28,2022 11:49:14 [info]  https://www.sc.com/global/security-tips/ is a valid link
Jan 28,2022 11:49:14 [info]  https://www.sc.com/protecting-our-clients/ is a valid link
Jan 28,2022 11:49:14 [info]  https://www.sc.com/sg/cookie-policy/ is a valid link
Jan 28,2022 11:49:16 [info]  http://www.standardchartered.com/sustainability/en/index.html is a valid link
Jan 28,2022 11:49:16 [info]  https://www.sc.com/sg/privacy/ is a valid link
Jan 28,2022 11:49:16 [info]  https://www.sc.com/sg/terms-and-conditions/ is a valid link
Jan 28,2022 11:49:17 [info]  https://www.facebook.com/Standardcharteredsg/ is a valid link
Jan 28,2022 11:49:17 [info]  https://twitter.com/StanChart is a valid link
Jan 28,2022 11:49:18 [info]  https://www.linkedin.com/company/standard-chartered-bank/ is a broken link
Jan 28,2022 11:49:22 [info]  Current window has been resized to the dimension of iPhone6 Or 7 Or 8Plus: 414*414
Jan 28,2022 11:49:25 [info]  Clicked on the hamburger menu of mobile view
Jan 28,2022 11:49:25 [info]  Menu list is visible
Jan 28,2022 11:49:25 [info]  Menu list close button is clicked
Jan 28,2022 11:49:25 [info]  Menu list is closed successfully
Jan 28,2022 11:49:25 [info]  There are 266 url to be verified for broken links
Jan 28,2022 11:49:25 [info]  https://www.sc.com/sg/priority/ is a valid link
Jan 28,2022 11:49:25 [info]  https://www.sc.com/sg/priority/priority-private/ is a valid link
Jan 28,2022 11:49:25 [info]  https://www.sc.com/sg/wealth/ is a valid link
Jan 28,2022 11:49:25 [info]  https://www.sc.com/sg/international-banking/ is a valid link
Jan 28,2022 11:49:25 [info]  https://www.sc.com/privatebank/en/ is a valid link
Jan 28,2022 11:49:26 [info]  https://www.sc.com/sg/business/ is a valid link
Jan 28,2022 11:49:26 [info]  https://www.sc.com/sg/commercial is a valid link
Jan 28,2022 11:49:26 [info]  https://www.sc.com/en/banking-services/business-banking.html is a valid link
Jan 28,2022 11:49:26 [info]  https://www.sc.com/sg/bank-with-us/mobile-banking-services/standard-chartered-mobile/ is a valid link
Jan 28,2022 11:49:26 [info]  https://www.sc.com/sg/help/ is a valid link
Jan 28,2022 11:49:26 [info]  https://www.sc.com/sg/search/ is a valid link
Jan 28,2022 11:49:26 [info]  https://www.sc.com/sg/ is a valid link
Jan 28,2022 11:49:26 [info]  https://www.sc.com/sg/ is a valid link
Jan 28,2022 11:49:26 [info]  https://www.sc.com/sg/save/current-accounts/ is a valid link
Jan 28,2022 11:49:26 [info]  https://www.sc.com/sg/save/current-accounts/bonussaver/ is a valid link
Jan 28,2022 11:49:26 [info]  https://www.sc.com/sg/save/current-accounts/supersalary/ is a valid link
Jan 28,2022 11:49:26 [info]  https://www.sc.com/sg/save/mca/ is a valid link
Jan 28,2022 11:49:26 [info]  https://www.sc.com/sg/save/savings-accounts/ is a valid link
Jan 28,2022 11:49:26 [info]  https://www.sc.com/sg/save/savings-accounts/esaver/ is a valid link
Jan 28,2022 11:49:26 [info]  https://www.sc.com/sg/save/savings-accounts/jumpstart/ is a valid link
Jan 28,2022 11:49:26 [info]  https://www.sc.com/sg/save/savings-accounts/usdsaver/ is a valid link
Jan 28,2022 11:49:27 [info]  https://www.sc.com/sg/save/time-deposits/ is a valid link
Jan 28,2022 11:49:27 [info]  https://www.sc.com/sg/save/time-deposits/sustainable-time-deposit/ is a valid link
Jan 28,2022 11:49:27 [info]  https://www.sc.com/sg/save/time-deposits/singapore-dollar-time-deposit/ is a valid link
Jan 28,2022 11:49:27 [info]  https://www.sc.com/sg/save/time-deposits/foreign-currency-time-deposits/ is a valid link
Jan 28,2022 11:49:27 [info]  https://www.sc.com/sg/promotions/casa-member-get-member/ is a valid link
Jan 28,2022 11:49:27 [info]  https://www.sc.com/sg/save/ is a valid link
Jan 28,2022 11:49:27 [info]  https://www.sc.com/sg/credit-cards/ is a valid link
Jan 28,2022 11:49:27 [info]  https://www.sc.com/sg/credit-cards/smart-credit-card/ is a valid link
Jan 28,2022 11:49:27 [info]  https://www.sc.com/sg/credit-cards/smart-credit-card/ is a valid link
Jan 28,2022 11:49:27 [info]  https://www.sc.com/sg/credit-cards/unlimited-cashback-credit-card/ is a valid link
Jan 28,2022 11:49:27 [info]  https://www.sc.com/sg/credit-cards/unlimited-cashback-credit-card/ is a valid link
Jan 28,2022 11:49:27 [info]  https://www.sc.com/sg/credit-cards/rewards-plus-credit-card/ is a valid link
Jan 28,2022 11:49:27 [info]  https://www.sc.com/sg/credit-cards/rewards-plus-credit-card/ is a valid link
Jan 28,2022 11:49:28 [info]  https://www.sc.com/sg/credit-cards/visa-infinite-card/ is a valid link
Jan 28,2022 11:49:28 [info]  https://www.sc.com/sg/credit-cards/visa-infinite-card/ is a valid link
Jan 28,2022 11:49:28 [info]  https://www.sc.com/sg/credit-cards/priority-visa-infinite-card/ is a valid link
Jan 28,2022 11:49:28 [info]  https://www.sc.com/sg/credit-cards/priority-visa-infinite-card/ is a valid link
Jan 28,2022 11:49:28 [info]  https://www.sc.com/sg/credit-cards/x-card/ is a valid link
Jan 28,2022 11:49:28 [info]  https://www.sc.com/sg/credit-cards/x-card/ is a valid link
Jan 28,2022 11:49:28 [info]  https://www.sc.com/sg/bank-with-us/ is a valid link
Jan 28,2022 11:49:28 [info]  https://www.sc.com/sg/promotions/instant/ is a valid link
Jan 28,2022 11:49:28 [info]  https://www.sc.com/sg/bank-with-us/service-requests/card-activation-pin-set/ is a valid link
Jan 28,2022 11:49:28 [info]  https://www.sc.com/sg/bank-with-us/online-banking-services/online-estatements/ is a valid link
Jan 28,2022 11:49:28 [info]  https://www.sc.com/sg/bank-with-us/manage-your-finances/ is a valid link
Jan 28,2022 11:49:28 [info]  https://www.sc.com/sg/sapl is a valid link
Jan 28,2022 11:49:28 [info]  https://www.sc.com/sg/credit-cards/ is a valid link
Jan 28,2022 11:49:29 [info]  https://www.sc.com/sg/borrow/loans/ is a valid link
Jan 28,2022 11:49:29 [info]  https://www.sc.com/sg/borrow/loans/cashone/ is a valid link
Jan 28,2022 11:49:29 [info]  https://www.sc.com/sg/borrow/loans/ is a valid link
Jan 28,2022 11:49:29 [info]  https://www.sc.com/sg/borrow/loans/balance-transfer/ is a valid link
Jan 28,2022 11:49:29 [info]  https://www.sc.com/sg/borrow/loans/ is a valid link
Jan 28,2022 11:49:29 [info]  https://www.sc.com/sg/borrow/loans/debt-consolidation/ is a valid link
Jan 28,2022 11:49:29 [info]  https://www.sc.com/sg/borrow/loans/debt-consolidation-refinance/ is a valid link
Jan 28,2022 11:49:29 [info]  https://www.sc.com/sg/borrow/loans/ is a valid link
Jan 28,2022 11:49:29 [info]  https://www.sc.com/sg/borrow/loans/auto-financing/ is a valid link
Jan 28,2022 11:49:29 [info]  https://www.sc.com/sg/borrow/mortgages/ is a valid link
Jan 28,2022 11:49:29 [info]  https://www.sc.com/sg/borrow/mortgages/mortgageone/ is a valid link
Jan 28,2022 11:49:29 [info]  https://www.sc.com/sg/borrow/mortgages/home-suite/ is a valid link
Jan 28,2022 11:49:29 [info]  https://www.sc.com/sg/borrow/mortgages/green-mortgage/ is a valid link
Jan 28,2022 11:49:29 [info]  https://www.sc.com/sg/important-information/sor-transition-to-sora-faqs/ is a valid link
Jan 28,2022 11:49:29 [info]  https://www.sc.com/sg/borrow/loans/cashone/ is a valid link
Jan 28,2022 11:49:29 [info]  https://www.sc.com/sg/borrow/ is a valid link
Jan 28,2022 11:49:29 [info]  https://www.sc.com/sg/wealth/investment/ is a valid link
Jan 28,2022 11:49:29 [info]  https://www.sc.com/sg/wealth/investment/unit-trusts/ is a valid link
Jan 28,2022 11:49:29 [info]  https://www.sc.com/sg/wealth/investment/online-trading/ is a valid link
Jan 28,2022 11:49:29 [info]  https://www.sc.com/sg/wealth/investment/livefx/ is a valid link
Jan 28,2022 11:49:29 [info]  https://www.sc.com/sg/wealth/sc-goals-planner/ is a valid link
Jan 28,2022 11:49:30 [info]  https://sc-onlineut-morningstar.nw-cloud.com/ is a valid link
Jan 28,2022 11:49:30 [info]  https://www.sc.com/sg/wealth/wealth-connect/ is a valid link
Jan 28,2022 11:49:30 [info]  https://www.sc.com/sg/wealth/ is a valid link
Jan 28,2022 11:49:30 [info]  https://www.sc.com/retail/mce/index.html?#/landing?lang=en&ctry=SG&channel=PLRB&sapp=PUB&requestId=8b5585b9-ac43-4cf8-806a-628426c8caec is a valid link
Jan 28,2022 11:49:30 [info]  https://www.sc.com/sg/articles/2018-psb-market-market-outlook-and-insights-webinar/ is a valid link
Jan 28,2022 11:49:30 [info]  https://www.sc.com/sg/wealth/insights/ is a valid link
Jan 28,2022 11:49:30 [info]  https://feeds.buzzsprout.com/1662247.rss/ is a valid link
Jan 28,2022 11:49:30 [info]  https://www.sc.com/sg/wealth/ is a valid link
Jan 28,2022 11:49:30 [info]  https://www.sc.com/sg/insurance/health-accident/ is a valid link
Jan 28,2022 11:49:30 [info]  https://www.sc.com/sg/insurance/health-insurance/ is a valid link
Jan 28,2022 11:49:31 [info]  https://www.sc.com/sg/insurance/health-accident/ is a valid link
Jan 28,2022 11:49:31 [info]  https://www.sc.com/sg/insurance/critical-illness/ is a valid link
Jan 28,2022 11:49:31 [info]  https://www.sc.com/sg/insurance/travel-home-car/ is a valid link
Jan 28,2022 11:49:31 [info]  https://www.sc.com/sg/insurance/allianz-home-protect/ is a valid link
Jan 28,2022 11:49:31 [info]  https://www.sc.com/sg/insurance/az-motor-protect/ is a valid link
Jan 28,2022 11:49:31 [info]  https://www.sc.com/sg/insurance/az-motor-protect/ is a valid link
Jan 28,2022 11:49:31 [info]  https://www.sc.com/sg/insurance/ is a valid link
Jan 28,2022 11:49:31 [info]  https://www.sc.com/sg/bank-with-us/online-banking/ is a valid link
Jan 28,2022 11:49:31 [info]  https://www.sc.com/sg/business-channels-access/straight2bank/ is a valid link
Jan 28,2022 11:49:31 [info]  https://www.sc.com/sg/rewards-programmes/ is a valid link
Jan 28,2022 11:49:31 [info]  https://www.sc.com/sg/pricing-guide/ is a valid link
Jan 28,2022 11:49:31 [info]  https://www.sc.com/sg/help/forms/ is a valid link
Jan 28,2022 11:49:31 [info]  https://www.sc.com/sg/help/contact-us/ is a valid link
Jan 28,2022 11:49:31 [info]  https://www.sc.com/sg/help/lost-card/ is a valid link
Jan 28,2022 11:49:31 [info]  https://www.sc.com/sg/help/activate-card/ is a valid link
Jan 28,2022 11:49:31 [info]  https://www.sc.com/sg/bank-with-us/online-banking/alerts-and-notifications/ is a valid link
Jan 28,2022 11:49:31 [info]  https://www.sc.com/sg/bank-with-us/remittance/ is a valid link
Jan 28,2022 11:49:31 [info]  https://www.sc.com/sg/bank-with-us/manage-your-finances/ is a valid link
Jan 28,2022 11:49:31 [info]  https://www.sc.com/sg/bank-with-us/manage-your-payments/ is a valid link
Jan 28,2022 11:49:31 [info]  https://www.sc.com/sg/bank-with-us/mobile-banking-services/standard-chartered-mobile/ is a valid link
Jan 28,2022 11:49:31 [info]  https://www.sc.com/sg/bank-with-us/ is a valid link
Jan 28,2022 11:49:32 [info]  https://www.sc.com/sg/bank-with-us/mobile-banking-services/standard-chartered-mobile/ is a valid link
Jan 28,2022 11:49:32 [info]  https://www.sc.com/sg/help/ is a valid link
Jan 28,2022 11:49:32 [info]  https://www.sc.com/sg/search/ is a valid link
Jan 28,2022 11:49:32 [info]  https://www.sc.com/sg/borrow/loans/cashone/?reference_id=IBNOF_OTH_PL is a valid link
Jan 28,2022 11:49:32 [info]  https://www.sc.com/sg/borrow/loans/cashone/?reference_id=IBNOF_OTH_PL is a valid link
Jan 28,2022 11:49:32 [info]  https://www.sc.com/sg/borrow/loans/cashone/?reference_id=IBNOF_OTH_PL is a valid link
Jan 28,2022 11:49:32 [info]  https://www.sc.com/sg/shop-anywhere-pay-later/?reference_id=IBNOF-OTH-SAPL is a valid link
Jan 28,2022 11:49:32 [info]  https://www.sc.com/sg/shop-anywhere-pay-later/?reference_id=IBNOF-OTH-SAPL is a valid link
Jan 28,2022 11:49:32 [info]  https://www.sc.com/sg/shop-anywhere-pay-later/?reference_id=IBNOF-OTH-SAPL is a valid link
Jan 28,2022 11:49:32 [info]  https://www.sc.com/sg/wealth/investment/online-trading/?reference_id=IBNOF-OTH-OT is a valid link
Jan 28,2022 11:49:32 [info]  https://www.sc.com/sg/wealth/investment/online-trading/?reference_id=IBNOF-OTH-OT is a valid link
Jan 28,2022 11:49:32 [info]  https://www.sc.com/sg/wealth/investment/online-trading/?reference_id=IBNOF-OTH-OT is a valid link
Jan 28,2022 11:49:32 [info]  https://www.sc.com/sg/save/?subchancode=IBOA is a valid link
Jan 28,2022 11:49:33 [info]  https://ibank.standardchartered.com.sg/nfs/login.htm?&_ga=2.55342635.1250817750.1612628392-585638684.1569585475 is a valid link
Jan 28,2022 11:49:33 [info]  https://www.sc.com/nfs/orr/foa/view_reward_home.htm?ctry=SG&lang=en_SG is a broken link
Jan 28,2022 11:49:34 [info]  https://s2b.standardchartered.com/ssoapp/login.jsp is a valid link
Jan 28,2022 11:49:34 [info]  https://www.sc.com/ao/ is a valid link
Jan 28,2022 11:49:34 [info]  https://www.sc.com/ar-en/ is a valid link
Jan 28,2022 11:49:34 [info]  https://www.sc.com/au/ is a valid link
Jan 28,2022 11:49:34 [info]  https://www.sc.com/bh/ is a valid link
Jan 28,2022 11:49:34 [info]  https://www.sc.com/bd/ is a valid link
Jan 28,2022 11:49:34 [info]  https://www.sc.com/bw/ is a valid link
Jan 28,2022 11:49:34 [info]  https://www.sc.com/br-en/ is a valid link
Jan 28,2022 11:49:34 [info]  https://www.sc.com/bn/en/ is a valid link
Jan 28,2022 11:49:34 [info]  https://www.sc.com/kh/ is a valid link
Jan 28,2022 11:49:34 [info]  https://www.sc.com/cm/ is a valid link
Jan 28,2022 11:49:35 [info]  https://www.sc.com/ar-en/ is a valid link
Jan 28,2022 11:49:35 [info]  https://www.sc.com/cn/ is a valid link
Jan 28,2022 11:49:35 [info]  https://www.sc.com/co-en/ is a valid link
Jan 28,2022 11:49:35 [info]  https://www.sc.com/ci/ is a valid link
Jan 28,2022 11:49:35 [info]  https://www.sc.com/fk/ is a valid link
Jan 28,2022 11:49:35 [info]  https://www.sc.com/fr-en/ is a valid link
Jan 28,2022 11:49:35 [info]  https://www.sc.com/de-en/ is a valid link
Jan 28,2022 11:49:35 [info]  https://www.sc.com/gh/ is a valid link
Jan 28,2022 11:49:35 [info]  https://www.sc.com/hk/ is a valid link
Jan 28,2022 11:49:35 [info]  https://www.sc.com/in/ is a valid link
Jan 28,2022 11:49:35 [info]  https://www.sc.com/id/en/ is a valid link
Jan 28,2022 11:49:35 [info]  https://www.sc.com/ie/ is a valid link
Jan 28,2022 11:49:35 [info]  https://www.sc.com/it/en/ is a valid link
Jan 28,2022 11:49:35 [info]  https://www.sc.com/jp/ is a valid link
Jan 28,2022 11:49:35 [info]  https://www.sc.com/je/ is a valid link
Jan 28,2022 11:49:35 [info]  https://www.sc.com/jo/ is a valid link
Jan 28,2022 11:49:35 [info]  https://www.sc.com/ke/ is a valid link
Jan 28,2022 11:49:36 [info]  https://www.sc.com/la/ is a valid link
Jan 28,2022 11:49:36 [info]  https://www.sc.com/lb/ is a valid link
Jan 28,2022 11:49:36 [info]  https://www.sc.com/mo/ is a valid link
Jan 28,2022 11:49:36 [info]  https://www.sc.com/my/ is a valid link
Jan 28,2022 11:49:36 [info]  https://www.sc.com/mu/ is a valid link
Jan 28,2022 11:49:36 [info]  https://www.sc.com/us/ is a valid link
Jan 28,2022 11:49:36 [info]  https://www.sc.com/en/contact-us/ is a valid link
Jan 28,2022 11:49:36 [info]  https://www.sc.com/np/ is a valid link
Jan 28,2022 11:49:36 [info]  https://www.sc.com/ng/ is a valid link
Jan 28,2022 11:49:36 [info]  https://www.sc.com/om-en/ is a valid link
Jan 28,2022 11:49:36 [info]  https://www.sc.com/pk/ is a valid link
Jan 28,2022 11:49:36 [info]  https://www.sc.com/co-en/ is a valid link
Jan 28,2022 11:49:36 [info]  https://www.sc.com/ph/ is a valid link
Jan 28,2022 11:49:36 [info]  https://www.sc.com/qa/ is a valid link
Jan 28,2022 11:49:36 [info]  https://www.sc.com/sg/ is a valid link
Jan 28,2022 11:49:36 [info]  https://www.sc.com/sl/ is a valid link
Jan 28,2022 11:49:36 [info]  https://www.sc.com/za/ is a valid link
Jan 28,2022 11:49:37 [info]  https://www.standardchartered.co.kr/np/kr/Intro.jsp is a valid link
Jan 28,2022 11:49:37 [info]  https://www.sc.com/lk/ is a valid link
Jan 28,2022 11:49:37 [info]  https://www.sc.com/se/ is a valid link
Jan 28,2022 11:49:37 [info]  https://www.sc.com/tw/ is a valid link
Jan 28,2022 11:49:37 [info]  https://www.sc.com/tz/ is a valid link
Jan 28,2022 11:49:37 [info]  https://www.sc.com/th-en/ is a valid link
Jan 28,2022 11:49:37 [info]  https://www.sc.com/gm/ is a valid link
Jan 28,2022 11:49:37 [info]  https://www.sc.com/tr-en/ is a valid link
Jan 28,2022 11:49:37 [info]  https://www.sc.com/ug/ is a valid link
Jan 28,2022 11:49:38 [info]  https://www.sc.com/ae/ is a valid link
Jan 28,2022 11:49:38 [info]  https://www.sc.com/uk/ is a valid link
Jan 28,2022 11:49:38 [info]  https://www.sc.com/us/ is a valid link
Jan 28,2022 11:49:38 [info]  https://www.sc.com/vn/en/ is a valid link
Jan 28,2022 11:49:38 [info]  https://www.sc.com/zm/ is a valid link
Jan 28,2022 11:49:38 [info]  https://www.sc.com/zw/ is a valid link
Jan 28,2022 11:49:38 [info]  https://www.sc.com/sg is a valid link
Jan 28,2022 11:49:38 [info]  https://www.sc.com/sg is a valid link
Jan 28,2022 11:49:38 [info]  https://www.sc.com/sg/# is a valid link
Jan 28,2022 11:49:38 [info]  https://api.myinfo.gov.sg/com/v3/authorise?subChanCode=iboa&pid=cc_ourproducts_svt&client_id=PROD-201224747C-SCB-MYWAY&authmode=SINGPASS&purpose=opening%20SC%20Investment%20Account%28s%29%20%26%20e%24aver%20account&response_type=code&attributes=name,hanyupinyinname,aliasname,hanyupinyinaliasname,marriedname,sex,nationality,dob,birthcountry,regadd,noa-basic,email,mobileno,homeno,edulevel,employment&state=IB03%2D2&redirect_uri=https%3A%2F%2Fwww.sc.com%2Fglobal%2Fav%2Fforms%2Fd1%2Fmyinfo%2Fcasa_callback.html%3Fpt%3Des&subChanCode=IBAT06&state=IBAT06-2 is a broken link
Jan 28,2022 11:49:38 [info]  https://retail.sc.com/sg/nfs/login.htm?invest=scot&instance=&referID=&subChanCode=IBAT06&state=IBAT06-2 is a valid link
Jan 28,2022 11:49:39 [info]  https://api.myinfo.gov.sg/com/v3/authorise?client_id=PROD-201224747C-SCB-MYWAY&authmode=SINGPASS&purpose=opening%20SC%20Investment%20Account%28s%29%20%26%20e%24aver%20account&response_type=code&attributes=name,hanyupinyinname,aliasname,hanyupinyinaliasname,marriedname,sex,nationality,dob,birthcountry,regadd,noa-basic,email,mobileno,homeno,edulevel,employment&state=%20IBAT06%2D1&redirect_uri=https%3A%2F%2Fwww.sc.com%2Fglobal%2Fav%2Fforms%2Fd1%2Fmyinfo%2Fcasa_callback.html%3Fpt%3Des&subChanCode=IBAT06&state=IBAT06-1 is a broken link
Jan 28,2022 11:49:39 [info]  https://retail.sc.com/sg/nfs/login.htm?invest=out&_ga&subChanCode=IBAT06&state=IBAT06-1 is a valid link
Jan 28,2022 11:49:39 [info]  https://www.sc.com/sg/credit-cards/smart-credit-card/?referID=CHeroBanner&intcid=xt-hero-general-banner is a valid link
Jan 28,2022 11:49:39 [info]  https://www.sc.com/sg/credit-cards/smart-credit-card/?referID=CHeroBanner&intcid=xt-hero-general-banner is a valid link
Jan 28,2022 11:49:39 [info]  https://www.sc.com/sg/promotions/?intcid=quicklinks-1_may31-sg-promotions&subchancode=IBA4 is a valid link
Jan 28,2022 11:49:39 [info]  https://www.sc.com/sg/borrow/loans/cashone/?subChanCode=IBA4 is a valid link
Jan 28,2022 11:49:39 [info]  https://www.sc.com/sg/credit-cards/smart-credit-card/?subchancode=IBA4 is a valid link
Jan 28,2022 11:49:39 [info]  https://www.sc.com/sg/save/current-accounts/bonussaver/?subChanCode=IBA4 is a valid link
Jan 28,2022 11:49:39 [info]  https://www.sc.com/sg/wealth/investment/online-trading/?subChanCode=IBA4&state=IBAT07-2 is a valid link
Jan 28,2022 11:49:39 [info]  https://www.sc.com/sg/cybersecurity/ is a valid link
Jan 28,2022 11:49:39 [info]  https://www.sc.com/sg/credit-cards/smart-credit-card/?referID=CHeroBanner&intcid=xt-hero-general-tile-1 is a valid link
Jan 28,2022 11:49:39 [info]  https://www.sc.com/sg/promotions/frosjourney/?referID=CHeroBanner&intcid=xt-hero-general-tile-2 is a valid link
Jan 28,2022 11:49:39 [info]  https://www.sc.com/sg/insurance/?referID=CHeroBanner&intcid=xt-hero-general-tile-3 is a valid link
Jan 28,2022 11:49:39 [info]  https://www.sc.com/sg/wealth/sustainable-investing/?referID=CHeroBanner&intcid=xt-hero-general-tile-4 is a valid link
Jan 28,2022 11:49:40 [info]  https://www.sc.com/sg/borrow/loans/cashone/?referID=CHeroBanner&intcid=xt-hero-general-tile-5 is a valid link
Jan 28,2022 11:49:40 [info]  https://www.sc.com/sg/promotions/mgm-referral-programme-scremit/?instance=ibpc_scremit_hp is a valid link
Jan 28,2022 11:49:40 [info]  https://www.sc.com/sg/#banking-for-individuals is a valid link
Jan 28,2022 11:49:40 [info]  https://www.sc.com/sg/priority/ is a valid link
Jan 28,2022 11:49:40 [info]  https://www.sc.com/sg/priority/priority-private is a valid link
Jan 28,2022 11:49:40 [info]  https://www.sc.com/privatebank/en/ is a valid link
Jan 28,2022 11:49:40 [info]  https://www.sc.com/sg/wealth-management/ is a valid link
Jan 28,2022 11:49:40 [info]  https://www.sc.com/sg/personal/ is a valid link
Jan 28,2022 11:49:40 [info]  https://www.sc.com/sg/international-banking/ is a valid link
Jan 28,2022 11:49:40 [info]  https://www.sc.com/sg/#banking-for-companies is a valid link
Jan 28,2022 11:49:40 [info]  https://www.sc.com/sg/business/ is a valid link
Jan 28,2022 11:49:40 [info]  https://www.sc.com/sg/commercial/ is a valid link
Jan 28,2022 11:49:40 [info]  https://www.sc.com/en/banking-services/business-banking.html is a valid link
Jan 28,2022 11:49:41 [info]  https://www.sc.com/retail/mce/index.html?#/landing?lang=en&ctry=SG&channel=PLRB&sapp=PUB&requestId=98e66083-f61b-4206-ada3-790747b797df is a valid link
Jan 28,2022 11:49:41 [info]  https://www.sc.com/retail/mce/index.html?#/landing?lang=en&ctry=SG&channel=PLRB&sapp=PUB&requestId=98e66083-f61b-4206-ada3-790747b797df is a valid link
Jan 28,2022 11:49:41 [info]  https://www.sc.com/sg/articles/2018-psb-market-market-outlook-and-insights-webinar/ is a valid link
Jan 28,2022 11:49:41 [info]  https://www.sc.com/sg/promotions/instant-accounts/ is a valid link
Jan 28,2022 11:49:41 [info]  https://www.sc.com/sg/promotions/instant-accounts/ is a valid link
Jan 28,2022 11:49:41 [info]  https://www.sc.com/sg/promotions/instant-accounts/ is a valid link
Jan 28,2022 11:49:41 [info]  https://www.sc.com/sg/important-information/ is a valid link
Jan 28,2022 11:49:41 [info]  https://www.sc.com/sg/important-information/important-changes-to-credit-card-term/ is a valid link
Jan 28,2022 11:49:41 [info]  https://www.sc.com/sg/important-information/priority-mortgage-plus-pmp-terms/ is a valid link
Jan 28,2022 11:49:41 [info]  https://www.sc.com/sg/important-information/important-changes-to-credit-card-term-rewards/ is a valid link
Jan 28,2022 11:49:41 [info]  https://www.sc.com/sg/important-information/cessation-of-e-cashiers-order-issuance/ is a valid link
Jan 28,2022 11:49:41 [info]  javascript:; This url threw the error
Jan 28,2022 11:49:41 [info]  https://www.sc.com/sg/sitemap/ is a valid link
Jan 28,2022 11:49:41 [info]  https://www.sc.com/sg/about-us/ is a valid link
Jan 28,2022 11:49:41 [info]  https://www.sc.com/sg/bank-with-us/ is a valid link
Jan 28,2022 11:49:41 [info]  https://www.sc.com/sg/atm-branch-locator/ is a valid link
Jan 28,2022 11:49:41 [info]  https://www.sc.com/sg/help/ is a valid link
Jan 28,2022 11:49:42 [info]  https://www.sc.com/sg/help/#faq is a valid link
Jan 28,2022 11:49:42 [info]  https://www.sc.com/sg/help/forms/ is a valid link
Jan 28,2022 11:49:42 [info]  https://www.sc.com/retail/mce/index.html#/landing?lang=en&ctry=SG&channel=PLRB&sapp=PUB is a valid link
Jan 28,2022 11:49:42 [info]  https://www.sc.com/en/investors/ is a valid link
Jan 28,2022 11:49:42 [info]  https://www.standardchartered.com/en/learning-resources/global-research.html is a valid link
Jan 28,2022 11:49:42 [info]  https://www.sc.com/sg/news-media/ is a valid link
Jan 28,2022 11:49:42 [info]  https://www.sc.com/sg/about-us/awards-achievements/ is a valid link
Jan 28,2022 11:49:42 [info]  https://www.sc.com/sg/careers/ is a valid link
Jan 28,2022 11:49:42 [info]  https://www.sc.com/en/ is a valid link
Jan 28,2022 11:49:43 [info]  http://www.speakingupsc.ethicspoint.com/ is a valid link
Jan 28,2022 11:49:43 [info]  https://www.sc.com/en/about/fighting-financial-crime/#fighting-fraud is a valid link
Jan 28,2022 11:49:43 [info]  https://www.sc.com/global/security-tips/ is a valid link
Jan 28,2022 11:49:43 [info]  https://www.sc.com/protecting-our-clients/ is a valid link
Jan 28,2022 11:49:43 [info]  https://sc.com/sg/cookie-policy/ is a valid link
Jan 28,2022 11:49:44 [info]  https://www.standardchartered.com/sustainability/en/index.html is a valid link
Jan 28,2022 11:49:44 [info]  https://www.sc.com/sg/privacy/ is a valid link
Jan 28,2022 11:49:44 [info]  https://www.sc.com/sg/terms-and-conditions/ is a valid link
Jan 28,2022 11:49:45 [info]  https://apps.apple.com/sg/app/sc-mobile-singapore-breeze/id367337298 is a valid link
Jan 28,2022 11:49:46 [info]  https://play.google.com/store/apps/details?id=air.app.scb.breeze.android.main.sg.prod&hl=en is a valid link
Jan 28,2022 11:49:46 [info]  https://www.sc.com/sg/about-us/ is a valid link
Jan 28,2022 11:49:46 [info]  https://www.sc.com/sg/bank-with-us/ is a valid link
Jan 28,2022 11:49:46 [info]  https://www.sc.com/sg/atm-branch-locator/ is a valid link
Jan 28,2022 11:49:46 [info]  https://www.sc.com/sg/help/ is a valid link
Jan 28,2022 11:49:46 [info]  https://www.sc.com/sg/help/#faq is a valid link
Jan 28,2022 11:49:46 [info]  https://www.sc.com/sg/help/forms/ is a valid link
Jan 28,2022 11:49:46 [info]  https://www.sc.com/retail/mce/index.html#/landing?lang=en&ctry=SG&channel=PLRB&sapp=PUB is a valid link
Jan 28,2022 11:49:46 [info]  https://www.sc.com/en/investors/ is a valid link
Jan 28,2022 11:49:46 [info]  https://www.standardchartered.com/en/learning-resources/global-research.html is a valid link
Jan 28,2022 11:49:46 [info]  https://www.sc.com/sg/news-media/ is a valid link
Jan 28,2022 11:49:46 [info]  https://www.sc.com/sg/about-us/awards-achievements/ is a valid link
Jan 28,2022 11:49:46 [info]  https://www.sc.com/sg/careers/ is a valid link
Jan 28,2022 11:49:46 [info]  https://www.sc.com/en/ is a valid link
Jan 28,2022 11:49:47 [info]  http://www.speakingupsc.ethicspoint.com/ is a valid link
Jan 28,2022 11:49:47 [info]  https://www.sc.com/en/about/fighting-financial-crime/#fighting-fraud is a valid link
Jan 28,2022 11:49:47 [info]  https://www.sc.com/global/security-tips/ is a valid link
Jan 28,2022 11:49:48 [info]  https://www.sc.com/protecting-our-clients/ is a valid link
Jan 28,2022 11:49:48 [info]  https://sc.com/sg/cookie-policy/ is a valid link
Jan 28,2022 11:49:48 [info]  https://www.standardchartered.com/sustainability/en/index.html is a valid link
Jan 28,2022 11:49:48 [info]  https://www.sc.com/sg/privacy/ is a valid link
Jan 28,2022 11:49:48 [info]  https://www.sc.com/sg/terms-and-conditions/ is a valid link
Jan 28,2022 11:49:49 [info]  https://www.facebook.com/Standardcharteredsg/ is a valid link
Jan 28,2022 11:49:50 [info]  https://twitter.com/StanChart is a valid link
Jan 28,2022 11:49:51 [info]  https://www.linkedin.com/company/standardchartered/ is a broken link
Jan 28,2022 11:49:55 [info]  Current window has been resized to the dimension of iPhone6 Or 7 Or 8Plus: 414*414
Jan 28,2022 11:49:58 [info]  Clicked on the hamburger menu of mobile view
Jan 28,2022 11:49:58 [info]  Menu list is visible
Jan 28,2022 11:49:58 [info]  Menu list close button is clicked
Jan 28,2022 11:49:58 [info]  Menu list is closed successfully
Jan 28,2022 11:49:58 [info]  There are 245 url to be verified for broken links
Jan 28,2022 11:49:58 [info]  https://www.sc.com/sg/priority/ is a valid link
Jan 28,2022 11:49:58 [info]  https://www.sc.com/sg/priority/priority-private/ is a valid link
Jan 28,2022 11:49:58 [info]  https://www.sc.com/sg/wealth/ is a valid link
Jan 28,2022 11:49:58 [info]  https://www.sc.com/sg/international-banking/ is a valid link
Jan 28,2022 11:49:59 [info]  https://www.sc.com/privatebank/en/ is a valid link
Jan 28,2022 11:49:59 [info]  https://www.sc.com/sg/business/ is a valid link
Jan 28,2022 11:49:59 [info]  https://www.sc.com/sg/commercial is a valid link
Jan 28,2022 11:49:59 [info]  https://www.sc.com/en/banking-services/business-banking.html is a valid link
Jan 28,2022 11:49:59 [info]  https://www.sc.com/sg/bank-with-us/mobile-banking-services/standard-chartered-mobile/ is a valid link
Jan 28,2022 11:49:59 [info]  https://www.sc.com/sg/help/ is a valid link
Jan 28,2022 11:49:59 [info]  https://www.sc.com/sg/search/ is a valid link
Jan 28,2022 11:49:59 [info]  https://www.sc.com/sg/ is a valid link
Jan 28,2022 11:49:59 [info]  https://www.sc.com/sg/ is a valid link
Jan 28,2022 11:49:59 [info]  https://www.sc.com/sg/save/current-accounts/ is a valid link
Jan 28,2022 11:49:59 [info]  https://www.sc.com/sg/save/current-accounts/bonussaver/ is a valid link
Jan 28,2022 11:49:59 [info]  https://www.sc.com/sg/save/current-accounts/supersalary/ is a valid link
Jan 28,2022 11:49:59 [info]  https://www.sc.com/sg/save/mca/ is a valid link
Jan 28,2022 11:49:59 [info]  https://www.sc.com/sg/save/savings-accounts/ is a valid link
Jan 28,2022 11:49:59 [info]  https://www.sc.com/sg/save/savings-accounts/esaver/ is a valid link
Jan 28,2022 11:49:59 [info]  https://www.sc.com/sg/save/savings-accounts/jumpstart/ is a valid link
Jan 28,2022 11:49:59 [info]  https://www.sc.com/sg/save/savings-accounts/usdsaver/ is a valid link
Jan 28,2022 11:49:59 [info]  https://www.sc.com/sg/save/time-deposits/ is a valid link
Jan 28,2022 11:50:00 [info]  https://www.sc.com/sg/save/time-deposits/sustainable-time-deposit/ is a valid link
Jan 28,2022 11:50:00 [info]  https://www.sc.com/sg/save/time-deposits/singapore-dollar-time-deposit/ is a valid link
Jan 28,2022 11:50:00 [info]  https://www.sc.com/sg/save/time-deposits/foreign-currency-time-deposits/ is a valid link
Jan 28,2022 11:50:00 [info]  https://www.sc.com/sg/promotions/casa-member-get-member/ is a valid link
Jan 28,2022 11:50:00 [info]  https://www.sc.com/sg/save/ is a valid link
Jan 28,2022 11:50:00 [info]  https://www.sc.com/sg/credit-cards/ is a valid link
Jan 28,2022 11:50:00 [info]  https://www.sc.com/sg/credit-cards/smart-credit-card/ is a valid link
Jan 28,2022 11:50:00 [info]  https://www.sc.com/sg/credit-cards/smart-credit-card/ is a valid link
Jan 28,2022 11:50:00 [info]  https://www.sc.com/sg/credit-cards/unlimited-cashback-credit-card/ is a valid link
Jan 28,2022 11:50:00 [info]  https://www.sc.com/sg/credit-cards/unlimited-cashback-credit-card/ is a valid link
Jan 28,2022 11:50:00 [info]  https://www.sc.com/sg/credit-cards/rewards-plus-credit-card/ is a valid link
Jan 28,2022 11:50:00 [info]  https://www.sc.com/sg/credit-cards/rewards-plus-credit-card/ is a valid link
Jan 28,2022 11:50:00 [info]  https://www.sc.com/sg/credit-cards/visa-infinite-card/ is a valid link
Jan 28,2022 11:50:00 [info]  https://www.sc.com/sg/credit-cards/visa-infinite-card/ is a valid link
Jan 28,2022 11:50:00 [info]  https://www.sc.com/sg/credit-cards/priority-visa-infinite-card/ is a valid link
Jan 28,2022 11:50:00 [info]  https://www.sc.com/sg/credit-cards/priority-visa-infinite-card/ is a valid link
Jan 28,2022 11:50:00 [info]  https://www.sc.com/sg/credit-cards/x-card/ is a valid link
Jan 28,2022 11:50:00 [info]  https://www.sc.com/sg/credit-cards/x-card/ is a valid link
Jan 28,2022 11:50:00 [info]  https://www.sc.com/sg/bank-with-us/ is a valid link
Jan 28,2022 11:50:00 [info]  https://www.sc.com/sg/promotions/instant/ is a valid link
Jan 28,2022 11:50:00 [info]  https://www.sc.com/sg/bank-with-us/service-requests/card-activation-pin-set/ is a valid link
Jan 28,2022 11:50:01 [info]  https://www.sc.com/sg/bank-with-us/online-banking-services/online-estatements/ is a valid link
Jan 28,2022 11:50:01 [info]  https://www.sc.com/sg/bank-with-us/manage-your-finances/ is a valid link
Jan 28,2022 11:50:01 [info]  https://www.sc.com/sg/sapl is a valid link
Jan 28,2022 11:50:01 [info]  https://www.sc.com/sg/credit-cards/ is a valid link
Jan 28,2022 11:50:01 [info]  https://www.sc.com/sg/borrow/loans/ is a valid link
Jan 28,2022 11:50:01 [info]  https://www.sc.com/sg/borrow/loans/cashone/ is a valid link
Jan 28,2022 11:50:01 [info]  https://www.sc.com/sg/borrow/loans/ is a valid link
Jan 28,2022 11:50:01 [info]  https://www.sc.com/sg/borrow/loans/balance-transfer/ is a valid link
Jan 28,2022 11:50:01 [info]  https://www.sc.com/sg/borrow/loans/ is a valid link
Jan 28,2022 11:50:01 [info]  https://www.sc.com/sg/borrow/loans/debt-consolidation/ is a valid link
Jan 28,2022 11:50:01 [info]  https://www.sc.com/sg/borrow/loans/debt-consolidation-refinance/ is a valid link
Jan 28,2022 11:50:01 [info]  https://www.sc.com/sg/borrow/loans/ is a valid link
Jan 28,2022 11:50:01 [info]  https://www.sc.com/sg/borrow/loans/auto-financing/ is a valid link
Jan 28,2022 11:50:01 [info]  https://www.sc.com/sg/borrow/mortgages/ is a valid link
Jan 28,2022 11:50:01 [info]  https://www.sc.com/sg/borrow/mortgages/mortgageone/ is a valid link
Jan 28,2022 11:50:01 [info]  https://www.sc.com/sg/borrow/mortgages/home-suite/ is a valid link
Jan 28,2022 11:50:01 [info]  https://www.sc.com/sg/borrow/mortgages/green-mortgage/ is a valid link
Jan 28,2022 11:50:02 [info]  https://www.sc.com/sg/important-information/sor-transition-to-sora-faqs/ is a valid link
Jan 28,2022 11:50:02 [info]  https://www.sc.com/sg/borrow/loans/cashone/ is a valid link
Jan 28,2022 11:50:02 [info]  https://www.sc.com/sg/borrow/ is a valid link
Jan 28,2022 11:50:02 [info]  https://www.sc.com/sg/wealth/investment/ is a valid link
Jan 28,2022 11:50:02 [info]  https://www.sc.com/sg/wealth/investment/unit-trusts/ is a valid link
Jan 28,2022 11:50:02 [info]  https://www.sc.com/sg/wealth/investment/online-trading/ is a valid link
Jan 28,2022 11:50:02 [info]  https://www.sc.com/sg/wealth/investment/livefx/ is a valid link
Jan 28,2022 11:50:02 [info]  https://www.sc.com/sg/wealth/sc-goals-planner/ is a valid link
Jan 28,2022 11:50:02 [info]  https://sc-onlineut-morningstar.nw-cloud.com/ is a valid link
Jan 28,2022 11:50:02 [info]  https://www.sc.com/sg/wealth/wealth-connect/ is a valid link
Jan 28,2022 11:50:03 [info]  https://www.sc.com/sg/wealth/ is a valid link
Jan 28,2022 11:50:03 [info]  https://www.sc.com/retail/mce/index.html?#/landing?lang=en&ctry=SG&channel=PLRB&sapp=PUB&requestId=8b5585b9-ac43-4cf8-806a-628426c8caec is a valid link
Jan 28,2022 11:50:03 [info]  https://www.sc.com/sg/articles/2018-psb-market-market-outlook-and-insights-webinar/ is a valid link
Jan 28,2022 11:50:03 [info]  https://www.sc.com/sg/wealth/insights/ is a valid link
Jan 28,2022 11:50:03 [info]  https://feeds.buzzsprout.com/1662247.rss/ is a valid link
Jan 28,2022 11:50:03 [info]  https://www.sc.com/sg/wealth/ is a valid link
Jan 28,2022 11:50:03 [info]  https://www.sc.com/sg/insurance/health-accident/ is a valid link
Jan 28,2022 11:50:03 [info]  https://www.sc.com/sg/insurance/health-insurance/ is a valid link
Jan 28,2022 11:50:03 [info]  https://www.sc.com/sg/insurance/health-accident/ is a valid link
Jan 28,2022 11:50:03 [info]  https://www.sc.com/sg/insurance/critical-illness/ is a valid link
Jan 28,2022 11:50:03 [info]  https://www.sc.com/sg/insurance/travel-home-car/ is a valid link
Jan 28,2022 11:50:03 [info]  https://www.sc.com/sg/insurance/allianz-home-protect/ is a valid link
Jan 28,2022 11:50:03 [info]  https://www.sc.com/sg/insurance/az-motor-protect/ is a valid link
Jan 28,2022 11:50:03 [info]  https://www.sc.com/sg/insurance/az-motor-protect/ is a valid link
Jan 28,2022 11:50:03 [info]  https://www.sc.com/sg/insurance/ is a valid link
Jan 28,2022 11:50:03 [info]  https://www.sc.com/sg/bank-with-us/online-banking/ is a valid link
Jan 28,2022 11:50:03 [info]  https://www.sc.com/sg/business-channels-access/straight2bank/ is a valid link
Jan 28,2022 11:50:03 [info]  https://www.sc.com/sg/rewards-programmes/ is a valid link
Jan 28,2022 11:50:04 [info]  https://www.sc.com/sg/pricing-guide/ is a valid link
Jan 28,2022 11:50:04 [info]  https://www.sc.com/sg/help/forms/ is a valid link
Jan 28,2022 11:50:04 [info]  https://www.sc.com/sg/help/contact-us/ is a valid link
Jan 28,2022 11:50:04 [info]  https://www.sc.com/sg/help/lost-card/ is a valid link
Jan 28,2022 11:50:04 [info]  https://www.sc.com/sg/help/activate-card/ is a valid link
Jan 28,2022 11:50:04 [info]  https://www.sc.com/sg/bank-with-us/online-banking/alerts-and-notifications/ is a valid link
Jan 28,2022 11:50:04 [info]  https://www.sc.com/sg/bank-with-us/remittance/ is a valid link
Jan 28,2022 11:50:04 [info]  https://www.sc.com/sg/bank-with-us/manage-your-finances/ is a valid link
Jan 28,2022 11:50:04 [info]  https://www.sc.com/sg/bank-with-us/manage-your-payments/ is a valid link
Jan 28,2022 11:50:05 [info]  https://www.sc.com/sg/bank-with-us/mobile-banking-services/standard-chartered-mobile/ is a valid link
Jan 28,2022 11:50:05 [info]  https://www.sc.com/sg/bank-with-us/ is a valid link
Jan 28,2022 11:50:05 [info]  https://www.sc.com/sg/bank-with-us/mobile-banking-services/standard-chartered-mobile/ is a valid link
Jan 28,2022 11:50:05 [info]  https://www.sc.com/sg/help/ is a valid link
Jan 28,2022 11:50:05 [info]  https://www.sc.com/sg/search/ is a valid link
Jan 28,2022 11:50:05 [info]  https://www.sc.com/sg/credit-cards/unlimited-cashback-credit-card/?subChanCode=IBOA is a valid link
Jan 28,2022 11:50:05 [info]  https://ibank.standardchartered.com.sg/nfs/login.htm?&_ga=2.55342635.1250817750.1612628392-585638684.1569585475 is a valid link
Jan 28,2022 11:50:06 [info]  https://www.sc.com/nfs/orr/foa/view_reward_home.htm?ctry=SG&lang=en_SG is a broken link
Jan 28,2022 11:50:07 [info]  https://s2b.standardchartered.com/ssoapp/login.jsp is a valid link
Jan 28,2022 11:50:07 [info]  https://www.sc.com/ao/ is a valid link
Jan 28,2022 11:50:07 [info]  https://www.sc.com/ar-en/ is a valid link
Jan 28,2022 11:50:07 [info]  https://www.sc.com/au/ is a valid link
Jan 28,2022 11:50:07 [info]  https://www.sc.com/bh/ is a valid link
Jan 28,2022 11:50:07 [info]  https://www.sc.com/bd/ is a valid link
Jan 28,2022 11:50:07 [info]  https://www.sc.com/bw/ is a valid link
Jan 28,2022 11:50:07 [info]  https://www.sc.com/br-en/ is a valid link
Jan 28,2022 11:50:07 [info]  https://www.sc.com/bn/en/ is a valid link
Jan 28,2022 11:50:07 [info]  https://www.sc.com/kh/ is a valid link
Jan 28,2022 11:50:07 [info]  https://www.sc.com/cm/ is a valid link
Jan 28,2022 11:50:07 [info]  https://www.sc.com/ar-en/ is a valid link
Jan 28,2022 11:50:07 [info]  https://www.sc.com/cn/ is a valid link
Jan 28,2022 11:50:07 [info]  https://www.sc.com/co-en/ is a valid link
Jan 28,2022 11:50:08 [info]  https://www.sc.com/ci/ is a valid link
Jan 28,2022 11:50:08 [info]  https://www.sc.com/fk/ is a valid link
Jan 28,2022 11:50:08 [info]  https://www.sc.com/fr-en/ is a valid link
Jan 28,2022 11:50:08 [info]  https://www.sc.com/de-en/ is a valid link
Jan 28,2022 11:50:08 [info]  https://www.sc.com/gh/ is a valid link
Jan 28,2022 11:50:08 [info]  https://www.sc.com/hk/ is a valid link
Jan 28,2022 11:50:08 [info]  https://www.sc.com/in/ is a valid link
Jan 28,2022 11:50:08 [info]  https://www.sc.com/id/en/ is a valid link
Jan 28,2022 11:50:08 [info]  https://www.sc.com/ie/ is a valid link
Jan 28,2022 11:50:08 [info]  https://www.sc.com/it/en/ is a valid link
Jan 28,2022 11:50:08 [info]  https://www.sc.com/jp/ is a valid link
Jan 28,2022 11:50:08 [info]  https://www.sc.com/je/ is a valid link
Jan 28,2022 11:50:08 [info]  https://www.sc.com/jo/ is a valid link
Jan 28,2022 11:50:08 [info]  https://www.sc.com/ke/ is a valid link
Jan 28,2022 11:50:09 [info]  https://www.sc.com/la/ is a valid link
Jan 28,2022 11:50:09 [info]  https://www.sc.com/lb/ is a valid link
Jan 28,2022 11:50:09 [info]  https://www.sc.com/mo/ is a valid link
Jan 28,2022 11:50:09 [info]  https://www.sc.com/my/ is a valid link
Jan 28,2022 11:50:09 [info]  https://www.sc.com/mu/ is a valid link
Jan 28,2022 11:50:09 [info]  https://www.sc.com/us/ is a valid link
Jan 28,2022 11:50:09 [info]  https://www.sc.com/en/contact-us/ is a valid link
Jan 28,2022 11:50:09 [info]  https://www.sc.com/np/ is a valid link
Jan 28,2022 11:50:09 [info]  https://www.sc.com/ng/ is a valid link
Jan 28,2022 11:50:09 [info]  https://www.sc.com/om-en/ is a valid link
Jan 28,2022 11:50:09 [info]  https://www.sc.com/pk/ is a valid link
Jan 28,2022 11:50:09 [info]  https://www.sc.com/co-en/ is a valid link
Jan 28,2022 11:50:09 [info]  https://www.sc.com/ph/ is a valid link
Jan 28,2022 11:50:09 [info]  https://www.sc.com/qa/ is a valid link
Jan 28,2022 11:50:09 [info]  https://www.sc.com/sg/ is a valid link
Jan 28,2022 11:50:09 [info]  https://www.sc.com/sl/ is a valid link
Jan 28,2022 11:50:09 [info]  https://www.sc.com/za/ is a valid link
Jan 28,2022 11:50:10 [info]  https://www.standardchartered.co.kr/np/kr/Intro.jsp is a valid link
Jan 28,2022 11:50:10 [info]  https://www.sc.com/lk/ is a valid link
Jan 28,2022 11:50:10 [info]  https://www.sc.com/se/ is a valid link
Jan 28,2022 11:50:10 [info]  https://www.sc.com/tw/ is a valid link
Jan 28,2022 11:50:10 [info]  https://www.sc.com/tz/ is a valid link
Jan 28,2022 11:50:10 [info]  https://www.sc.com/th-en/ is a valid link
Jan 28,2022 11:50:10 [info]  https://www.sc.com/gm/ is a valid link
Jan 28,2022 11:50:10 [info]  https://www.sc.com/tr-en/ is a valid link
Jan 28,2022 11:50:10 [info]  https://www.sc.com/ug/ is a valid link
Jan 28,2022 11:50:10 [info]  https://www.sc.com/ae/ is a valid link
Jan 28,2022 11:50:10 [info]  https://www.sc.com/uk/ is a valid link
Jan 28,2022 11:50:10 [info]  https://www.sc.com/us/ is a valid link
Jan 28,2022 11:50:10 [info]  https://www.sc.com/vn/en/ is a valid link
Jan 28,2022 11:50:10 [info]  https://www.sc.com/zm/ is a valid link
Jan 28,2022 11:50:10 [info]  https://www.sc.com/zw/ is a valid link
Jan 28,2022 11:50:10 [info]  https://www.sc.com/sg is a valid link
Jan 28,2022 11:50:11 [info]  https://www.sc.com/sg is a valid link
Jan 28,2022 11:50:11 [info]  https://www.sc.com/sg/credit-cards/# is a valid link
Jan 28,2022 11:50:11 [info]  https://api.myinfo.gov.sg/com/v3/authorise?subChanCode=iboa&pid=cc_ourproducts_svt&client_id=PROD-201224747C-SCB-MYWAY&authmode=SINGPASS&purpose=opening%20SC%20Investment%20Account%28s%29%20%26%20e%24aver%20account&response_type=code&attributes=name,hanyupinyinname,aliasname,hanyupinyinaliasname,marriedname,sex,nationality,dob,birthcountry,regadd,noa-basic,email,mobileno,homeno,edulevel,employment&state=IB03%2D2&redirect_uri=https%3A%2F%2Fwww.sc.com%2Fglobal%2Fav%2Fforms%2Fd1%2Fmyinfo%2Fcasa_callback.html%3Fpt%3Des&subChanCode=IBAT06&state=IBAT06-2 is a broken link
Jan 28,2022 11:50:11 [info]  https://retail.sc.com/sg/nfs/login.htm?invest=scot&instance=&referID=&subChanCode=IBAT06&state=IBAT06-2 is a valid link
Jan 28,2022 11:50:11 [info]  https://api.myinfo.gov.sg/com/v3/authorise?client_id=PROD-201224747C-SCB-MYWAY&authmode=SINGPASS&purpose=opening%20SC%20Investment%20Account%28s%29%20%26%20e%24aver%20account&response_type=code&attributes=name,hanyupinyinname,aliasname,hanyupinyinaliasname,marriedname,sex,nationality,dob,birthcountry,regadd,noa-basic,email,mobileno,homeno,edulevel,employment&state=%20IBAT06%2D1&redirect_uri=https%3A%2F%2Fwww.sc.com%2Fglobal%2Fav%2Fforms%2Fd1%2Fmyinfo%2Fcasa_callback.html%3Fpt%3Des&subChanCode=IBAT06&state=IBAT06-1 is a broken link
Jan 28,2022 11:50:11 [info]  https://retail.sc.com/sg/nfs/login.htm?invest=out&_ga&subChanCode=IBAT06&state=IBAT06-1 is a valid link
Jan 28,2022 11:50:11 [info]  https://www.sc.com/sg/credit-cards/smart-credit-card/ is a valid link
Jan 28,2022 11:50:12 [info]  https://www.sc.com/sg/credit-cards/unlimited-cashback-credit-card/ is a valid link
Jan 28,2022 11:50:12 [info]  https://www.sc.com/sg/credit-cards/rewards-plus-credit-card/ is a valid link
Jan 28,2022 11:50:12 [info]  https://www.sc.com/sg/credit-cards/spree-credit-card/ is a valid link
Jan 28,2022 11:50:12 [info]  https://www.sc.com/sg/credit-cards/visa-infinite-card/ is a valid link
Jan 28,2022 11:50:12 [info]  https://www.sc.com/sg/credit-cards/prudential-platinum-card/ is a valid link
Jan 28,2022 11:50:12 [info]  https://www.sc.com/sg/credit-cards/platinum-visa-mastercard-credit-card/ is a valid link
Jan 28,2022 11:50:12 [info]  https://www.sc.com/sg/credit-cards/prudential-visa-signature-card/ is a valid link
Jan 28,2022 11:50:12 [info]  https://www.sc.com/sg/credit-cards/nus-alumni-platinum-card/ is a valid link
Jan 28,2022 11:50:12 [info]  https://www.sc.com/sg/credit-cards/business-platinum-card/ is a valid link
Jan 28,2022 11:50:12 [info]  https://www.sc.com/sg/credit-cards/priority-visa-infinite-card/ is a valid link
Jan 28,2022 11:50:12 [info]  https://www.sc.com/sg/credit-cards/manhattan-world-mastercard/ is a valid link
Jan 28,2022 11:50:12 [info]  https://www.sc.com/sg/credit-cards/manhattan-500-card/ is a valid link
Jan 28,2022 11:50:12 [info]  https://www.sc.com/sg/credit-cards/x-card/ is a valid link
Jan 28,2022 11:50:12 [info]  https://www.sc.com/sg/credit-cards/#sc-lb-module-product-features is a valid link
Jan 28,2022 11:50:12 [info]  https://www.sc.com/sg/bank-with-us/manage-your-finances/easybill/ is a valid link
Jan 28,2022 11:50:12 [info]  https://origination.sc.com/onboarding/sg/apply.html?product=340&campaign=CLI001&aggregator_code=IB03&aggregator_type=Others&aggregator_instance=Organic is a valid link
Jan 28,2022 11:50:12 [info]  https://www.sc.com/sg/bank-with-us/manage-your-finances/temporary-credit-limit-increase/ is a valid link
Jan 28,2022 11:50:12 [info]  https://www.sc.com/sg/bank-with-us/manage-your-finances/funds-transfer/ is a valid link
Jan 28,2022 11:50:12 [info]  https://www.sc.com/sg/bank-with-us/manage-your-finances/easypay/ is a valid link
Jan 28,2022 11:50:13 [info]  https://www.sc.com/sg/bank-with-us/credit-card-payments/ is a valid link
Jan 28,2022 11:50:13 [info]  https://www.sc.com/sg/bank-with-us/manage-your-finances/zero-instalment/ is a valid link
Jan 28,2022 11:50:13 [info]  https://www.sc.com/sg/promotions/the-good-life-privileges/ is a valid link
Jan 28,2022 11:50:13 [info]  https://www.sc.com/sg/bank-with-us/manage-your-payments/ is a valid link
Jan 28,2022 11:50:13 [info]  https://www.sc.com/sg/bank-with-us/manage-your-payments/ is a valid link
Jan 28,2022 11:50:13 [info]  https://www.sc.com/sg/bank-with-us/security/cardsafe-guarantee/ is a valid link
Jan 28,2022 11:50:13 [info]  https://www.sc.com/sg/sitemap/ is a valid link
Jan 28,2022 11:50:13 [info]  https://www.sc.com/sg/about-us/ is a valid link
Jan 28,2022 11:50:13 [info]  https://www.sc.com/sg/bank-with-us/ is a valid link
Jan 28,2022 11:50:13 [info]  https://www.sc.com/sg/atm-branch-locator/ is a valid link
Jan 28,2022 11:50:13 [info]  https://www.sc.com/sg/help/ is a valid link
Jan 28,2022 11:50:13 [info]  https://www.sc.com/sg/help/#faq is a valid link
Jan 28,2022 11:50:13 [info]  https://av.sc.com/sg/content/docs/sg-scb-pricing-guide.pdf is a valid link
Jan 28,2022 11:50:13 [info]  https://www.sc.com/sg/help/forms/ is a valid link
Jan 28,2022 11:50:14 [info]  https://www.sc.com/retail/mce/index.html#/landing?lang=en&ctry=SG&channel=PLRB&sapp=PUB is a valid link
Jan 28,2022 11:50:14 [info]  https://www.sc.com/en/investors/ is a valid link
Jan 28,2022 11:50:15 [info]  http://www.standardchartered.com/en/learning-resources/global-research.html is a valid link
Jan 28,2022 11:50:15 [info]  https://www.sc.com/sg/news-media/ is a valid link
Jan 28,2022 11:50:15 [info]  https://www.sc.com/sg/about-us/awards-achievements/ is a valid link
Jan 28,2022 11:50:15 [info]  https://www.sc.com/en/careers/ is a valid link
Jan 28,2022 11:50:15 [info]  https://www.sc.com/en/ is a valid link
Jan 28,2022 11:50:17 [info]  https://www.intouchfeedback.com/speakingup/ is a valid link
Jan 28,2022 11:50:17 [info]  https://www.sc.com/en/about/fighting-financial-crime/#fighting-fraud is a valid link
Jan 28,2022 11:50:17 [info]  https://www.sc.com/global/security-tips/ is a valid link
Jan 28,2022 11:50:17 [info]  https://www.sc.com/protecting-our-clients/ is a valid link
Jan 28,2022 11:50:17 [info]  https://www.sc.com/sg/cookie-policy/ is a valid link
Jan 28,2022 11:50:19 [info]  http://www.standardchartered.com/sustainability/en/index.html is a valid link
Jan 28,2022 11:50:19 [info]  https://www.sc.com/sg/privacy/ is a valid link
Jan 28,2022 11:50:19 [info]  https://www.sc.com/sg/terms-and-conditions/ is a valid link
Jan 28,2022 11:50:19 [info]  https://www.sc.com/sg/about-us/ is a valid link
Jan 28,2022 11:50:19 [info]  https://www.sc.com/sg/bank-with-us/ is a valid link
Jan 28,2022 11:50:19 [info]  https://www.sc.com/sg/atm-branch-locator/ is a valid link
Jan 28,2022 11:50:19 [info]  https://www.sc.com/sg/help/ is a valid link
Jan 28,2022 11:50:19 [info]  https://www.sc.com/sg/help/#faq is a valid link
Jan 28,2022 11:50:19 [info]  https://av.sc.com/sg/content/docs/sg-scb-pricing-guide.pdf is a valid link
Jan 28,2022 11:50:19 [info]  https://www.sc.com/sg/help/forms/ is a valid link
Jan 28,2022 11:50:19 [info]  https://www.sc.com/retail/mce/index.html#/landing?lang=en&ctry=SG&channel=PLRB&sapp=PUB is a valid link
Jan 28,2022 11:50:19 [info]  https://www.sc.com/en/investors/ is a valid link
Jan 28,2022 11:50:21 [info]  http://www.standardchartered.com/en/learning-resources/global-research.html is a valid link
Jan 28,2022 11:50:21 [info]  https://www.sc.com/sg/news-media/ is a valid link
Jan 28,2022 11:50:21 [info]  https://www.sc.com/sg/about-us/awards-achievements/ is a valid link
Jan 28,2022 11:50:21 [info]  https://www.sc.com/en/careers/ is a valid link
Jan 28,2022 11:50:23 [info]  https://www.intouchfeedback.com/speakingup/ is a valid link
Jan 28,2022 11:50:23 [info]  https://www.sc.com/en/about/fighting-financial-crime/#fighting-fraud is a valid link
Jan 28,2022 11:50:23 [info]  https://www.sc.com/global/security-tips/ is a valid link
Jan 28,2022 11:50:23 [info]  https://www.sc.com/protecting-our-clients/ is a valid link
Jan 28,2022 11:50:23 [info]  https://www.sc.com/sg/cookie-policy/ is a valid link
Jan 28,2022 11:50:25 [info]  http://www.standardchartered.com/sustainability/en/index.html is a valid link
Jan 28,2022 11:50:25 [info]  https://www.sc.com/sg/privacy/ is a valid link
Jan 28,2022 11:50:25 [info]  https://www.sc.com/sg/terms-and-conditions/ is a valid link
Jan 28,2022 11:50:25 [info]  https://www.facebook.com/Standardcharteredsg/ is a valid link
Jan 28,2022 11:50:26 [info]  https://twitter.com/StanChart is a valid link
Jan 28,2022 11:50:26 [info]  https://www.linkedin.com/company/standard-chartered-bank/ is a broken link
Jan 28,2022 11:50:29 [info]  Current window has been resized to the dimension of iPhone5 Or SE: 320*320
Jan 28,2022 11:50:32 [info]  Clicked on the hamburger menu of mobile view
Jan 28,2022 11:50:32 [info]  Menu list is visible
Jan 28,2022 11:50:32 [info]  Menu list close button is clicked
Jan 28,2022 11:50:32 [info]  Menu list is closed successfully
Jan 28,2022 11:50:32 [info]  There are 266 url to be verified for broken links
Jan 28,2022 11:50:32 [info]  https://www.sc.com/sg/priority/ is a valid link
Jan 28,2022 11:50:32 [info]  https://www.sc.com/sg/priority/priority-private/ is a valid link
Jan 28,2022 11:50:32 [info]  https://www.sc.com/sg/wealth/ is a valid link
Jan 28,2022 11:50:32 [info]  https://www.sc.com/sg/international-banking/ is a valid link
Jan 28,2022 11:50:32 [info]  https://www.sc.com/privatebank/en/ is a valid link
Jan 28,2022 11:50:32 [info]  https://www.sc.com/sg/business/ is a valid link
Jan 28,2022 11:50:33 [info]  https://www.sc.com/sg/commercial is a valid link
Jan 28,2022 11:50:33 [info]  https://www.sc.com/en/banking-services/business-banking.html is a valid link
Jan 28,2022 11:50:33 [info]  https://www.sc.com/sg/bank-with-us/mobile-banking-services/standard-chartered-mobile/ is a valid link
Jan 28,2022 11:50:33 [info]  https://www.sc.com/sg/help/ is a valid link
Jan 28,2022 11:50:33 [info]  https://www.sc.com/sg/search/ is a valid link
Jan 28,2022 11:50:33 [info]  https://www.sc.com/sg/ is a valid link
Jan 28,2022 11:50:33 [info]  https://www.sc.com/sg/ is a valid link
Jan 28,2022 11:50:33 [info]  https://www.sc.com/sg/save/current-accounts/ is a valid link
Jan 28,2022 11:50:33 [info]  https://www.sc.com/sg/save/current-accounts/bonussaver/ is a valid link
Jan 28,2022 11:50:33 [info]  https://www.sc.com/sg/save/current-accounts/supersalary/ is a valid link
Jan 28,2022 11:50:33 [info]  https://www.sc.com/sg/save/mca/ is a valid link
Jan 28,2022 11:50:33 [info]  https://www.sc.com/sg/save/savings-accounts/ is a valid link
Jan 28,2022 11:50:33 [info]  https://www.sc.com/sg/save/savings-accounts/esaver/ is a valid link
Jan 28,2022 11:50:33 [info]  https://www.sc.com/sg/save/savings-accounts/jumpstart/ is a valid link
Jan 28,2022 11:50:33 [info]  https://www.sc.com/sg/save/savings-accounts/usdsaver/ is a valid link
Jan 28,2022 11:50:33 [info]  https://www.sc.com/sg/save/time-deposits/ is a valid link
Jan 28,2022 11:50:33 [info]  https://www.sc.com/sg/save/time-deposits/sustainable-time-deposit/ is a valid link
Jan 28,2022 11:50:33 [info]  https://www.sc.com/sg/save/time-deposits/singapore-dollar-time-deposit/ is a valid link
Jan 28,2022 11:50:33 [info]  https://www.sc.com/sg/save/time-deposits/foreign-currency-time-deposits/ is a valid link
Jan 28,2022 11:50:33 [info]  https://www.sc.com/sg/promotions/casa-member-get-member/ is a valid link
Jan 28,2022 11:50:34 [info]  https://www.sc.com/sg/save/ is a valid link
Jan 28,2022 11:50:34 [info]  https://www.sc.com/sg/credit-cards/ is a valid link
Jan 28,2022 11:50:34 [info]  https://www.sc.com/sg/credit-cards/smart-credit-card/ is a valid link
Jan 28,2022 11:50:34 [info]  https://www.sc.com/sg/credit-cards/smart-credit-card/ is a valid link
Jan 28,2022 11:50:34 [info]  https://www.sc.com/sg/credit-cards/unlimited-cashback-credit-card/ is a valid link
Jan 28,2022 11:50:34 [info]  https://www.sc.com/sg/credit-cards/unlimited-cashback-credit-card/ is a valid link
Jan 28,2022 11:50:34 [info]  https://www.sc.com/sg/credit-cards/rewards-plus-credit-card/ is a valid link
Jan 28,2022 11:50:34 [info]  https://www.sc.com/sg/credit-cards/rewards-plus-credit-card/ is a valid link
Jan 28,2022 11:50:34 [info]  https://www.sc.com/sg/credit-cards/visa-infinite-card/ is a valid link
Jan 28,2022 11:50:34 [info]  https://www.sc.com/sg/credit-cards/visa-infinite-card/ is a valid link
Jan 28,2022 11:50:34 [info]  https://www.sc.com/sg/credit-cards/priority-visa-infinite-card/ is a valid link
Jan 28,2022 11:50:34 [info]  https://www.sc.com/sg/credit-cards/priority-visa-infinite-card/ is a valid link
Jan 28,2022 11:50:34 [info]  https://www.sc.com/sg/credit-cards/x-card/ is a valid link
Jan 28,2022 11:50:34 [info]  https://www.sc.com/sg/credit-cards/x-card/ is a valid link
Jan 28,2022 11:50:34 [info]  https://www.sc.com/sg/bank-with-us/ is a valid link
Jan 28,2022 11:50:34 [info]  https://www.sc.com/sg/promotions/instant/ is a valid link
Jan 28,2022 11:50:34 [info]  https://www.sc.com/sg/bank-with-us/service-requests/card-activation-pin-set/ is a valid link
Jan 28,2022 11:50:34 [info]  https://www.sc.com/sg/bank-with-us/online-banking-services/online-estatements/ is a valid link
Jan 28,2022 11:50:34 [info]  https://www.sc.com/sg/bank-with-us/manage-your-finances/ is a valid link
Jan 28,2022 11:50:35 [info]  https://www.sc.com/sg/sapl is a valid link
Jan 28,2022 11:50:35 [info]  https://www.sc.com/sg/credit-cards/ is a valid link
Jan 28,2022 11:50:35 [info]  https://www.sc.com/sg/borrow/loans/ is a valid link
Jan 28,2022 11:50:35 [info]  https://www.sc.com/sg/borrow/loans/cashone/ is a valid link
Jan 28,2022 11:50:35 [info]  https://www.sc.com/sg/borrow/loans/ is a valid link
Jan 28,2022 11:50:36 [info]  https://www.sc.com/sg/borrow/loans/balance-transfer/ is a valid link
Jan 28,2022 11:50:36 [info]  https://www.sc.com/sg/borrow/loans/ is a valid link
Jan 28,2022 11:50:36 [info]  https://www.sc.com/sg/borrow/loans/debt-consolidation/ is a valid link
Jan 28,2022 11:50:36 [info]  https://www.sc.com/sg/borrow/loans/debt-consolidation-refinance/ is a valid link
Jan 28,2022 11:50:36 [info]  https://www.sc.com/sg/borrow/loans/ is a valid link
Jan 28,2022 11:50:36 [info]  https://www.sc.com/sg/borrow/loans/auto-financing/ is a valid link
Jan 28,2022 11:50:37 [info]  https://www.sc.com/sg/borrow/mortgages/ is a valid link
Jan 28,2022 11:50:37 [info]  https://www.sc.com/sg/borrow/mortgages/mortgageone/ is a valid link
Jan 28,2022 11:50:38 [info]  https://www.sc.com/sg/borrow/mortgages/home-suite/ is a valid link
Jan 28,2022 11:50:38 [info]  https://www.sc.com/sg/borrow/mortgages/green-mortgage/ is a valid link
Jan 28,2022 11:50:38 [info]  https://www.sc.com/sg/important-information/sor-transition-to-sora-faqs/ is a valid link
Jan 28,2022 11:50:38 [info]  https://www.sc.com/sg/borrow/loans/cashone/ is a valid link
Jan 28,2022 11:50:39 [info]  https://www.sc.com/sg/borrow/ is a valid link
Jan 28,2022 11:50:39 [info]  https://www.sc.com/sg/wealth/investment/ is a valid link
Jan 28,2022 11:50:39 [info]  https://www.sc.com/sg/wealth/investment/unit-trusts/ is a valid link
Jan 28,2022 11:50:39 [info]  https://www.sc.com/sg/wealth/investment/online-trading/ is a valid link
Jan 28,2022 11:50:39 [info]  https://www.sc.com/sg/wealth/investment/livefx/ is a valid link
Jan 28,2022 11:50:40 [info]  https://www.sc.com/sg/wealth/sc-goals-planner/ is a valid link
Jan 28,2022 11:50:40 [info]  https://sc-onlineut-morningstar.nw-cloud.com/ is a valid link
Jan 28,2022 11:50:41 [info]  https://www.sc.com/sg/wealth/wealth-connect/ is a valid link
Jan 28,2022 11:50:41 [info]  https://www.sc.com/sg/wealth/ is a valid link
Jan 28,2022 11:50:41 [info]  https://www.sc.com/retail/mce/index.html?#/landing?lang=en&ctry=SG&channel=PLRB&sapp=PUB&requestId=8b5585b9-ac43-4cf8-806a-628426c8caec is a valid link
Jan 28,2022 11:50:41 [info]  https://www.sc.com/sg/articles/2018-psb-market-market-outlook-and-insights-webinar/ is a valid link
Jan 28,2022 11:50:41 [info]  https://www.sc.com/sg/wealth/insights/ is a valid link
Jan 28,2022 11:50:41 [info]  https://feeds.buzzsprout.com/1662247.rss/ is a valid link
Jan 28,2022 11:50:41 [info]  https://www.sc.com/sg/wealth/ is a valid link
Jan 28,2022 11:50:41 [info]  https://www.sc.com/sg/insurance/health-accident/ is a valid link
Jan 28,2022 11:50:41 [info]  https://www.sc.com/sg/insurance/health-insurance/ is a valid link
Jan 28,2022 11:50:41 [info]  https://www.sc.com/sg/insurance/health-accident/ is a valid link
Jan 28,2022 11:50:42 [info]  https://www.sc.com/sg/insurance/critical-illness/ is a valid link
Jan 28,2022 11:50:42 [info]  https://www.sc.com/sg/insurance/travel-home-car/ is a valid link
Jan 28,2022 11:50:43 [info]  https://www.sc.com/sg/insurance/allianz-home-protect/ is a valid link
Jan 28,2022 11:50:43 [info]  https://www.sc.com/sg/insurance/az-motor-protect/ is a valid link
Jan 28,2022 11:50:43 [info]  https://www.sc.com/sg/insurance/az-motor-protect/ is a valid link
Jan 28,2022 11:50:43 [info]  https://www.sc.com/sg/insurance/ is a valid link
Jan 28,2022 11:50:43 [info]  https://www.sc.com/sg/bank-with-us/online-banking/ is a valid link
Jan 28,2022 11:50:43 [info]  https://www.sc.com/sg/business-channels-access/straight2bank/ is a valid link
Jan 28,2022 11:50:43 [info]  https://www.sc.com/sg/rewards-programmes/ is a valid link
Jan 28,2022 11:50:43 [info]  https://www.sc.com/sg/pricing-guide/ is a valid link
Jan 28,2022 11:50:44 [info]  https://www.sc.com/sg/help/forms/ is a valid link
Jan 28,2022 11:50:44 [info]  https://www.sc.com/sg/help/contact-us/ is a valid link
Jan 28,2022 11:50:44 [info]  https://www.sc.com/sg/help/lost-card/ is a valid link
Jan 28,2022 11:50:44 [info]  https://www.sc.com/sg/help/activate-card/ is a valid link
Jan 28,2022 11:50:44 [info]  https://www.sc.com/sg/bank-with-us/online-banking/alerts-and-notifications/ is a valid link
Jan 28,2022 11:50:44 [info]  https://www.sc.com/sg/bank-with-us/remittance/ is a valid link
Jan 28,2022 11:50:44 [info]  https://www.sc.com/sg/bank-with-us/manage-your-finances/ is a valid link
Jan 28,2022 11:50:45 [info]  https://www.sc.com/sg/bank-with-us/manage-your-payments/ is a valid link
Jan 28,2022 11:50:45 [info]  https://www.sc.com/sg/bank-with-us/mobile-banking-services/standard-chartered-mobile/ is a valid link
Jan 28,2022 11:50:45 [info]  https://www.sc.com/sg/bank-with-us/ is a valid link
Jan 28,2022 11:50:45 [info]  https://www.sc.com/sg/bank-with-us/mobile-banking-services/standard-chartered-mobile/ is a valid link
Jan 28,2022 11:50:45 [info]  https://www.sc.com/sg/help/ is a valid link
Jan 28,2022 11:50:45 [info]  https://www.sc.com/sg/search/ is a valid link
Jan 28,2022 11:50:45 [info]  https://www.sc.com/sg/borrow/loans/cashone/?reference_id=IBNOF_OTH_PL is a valid link
Jan 28,2022 11:50:45 [info]  https://www.sc.com/sg/borrow/loans/cashone/?reference_id=IBNOF_OTH_PL is a valid link
Jan 28,2022 11:50:45 [info]  https://www.sc.com/sg/borrow/loans/cashone/?reference_id=IBNOF_OTH_PL is a valid link
Jan 28,2022 11:50:45 [info]  https://www.sc.com/sg/shop-anywhere-pay-later/?reference_id=IBNOF-OTH-SAPL is a valid link
Jan 28,2022 11:50:45 [info]  https://www.sc.com/sg/shop-anywhere-pay-later/?reference_id=IBNOF-OTH-SAPL is a valid link
Jan 28,2022 11:50:45 [info]  https://www.sc.com/sg/shop-anywhere-pay-later/?reference_id=IBNOF-OTH-SAPL is a valid link
Jan 28,2022 11:50:45 [info]  https://www.sc.com/sg/wealth/investment/online-trading/?reference_id=IBNOF-OTH-OT is a valid link
Jan 28,2022 11:50:45 [info]  https://www.sc.com/sg/wealth/investment/online-trading/?reference_id=IBNOF-OTH-OT is a valid link
Jan 28,2022 11:50:45 [info]  https://www.sc.com/sg/wealth/investment/online-trading/?reference_id=IBNOF-OTH-OT is a valid link
Jan 28,2022 11:50:46 [info]  https://www.sc.com/sg/save/?subchancode=IBOA is a valid link
Jan 28,2022 11:50:50 [info]  https://ibank.standardchartered.com.sg/nfs/login.htm?&_ga=2.55342635.1250817750.1612628392-585638684.1569585475 is a valid link
Jan 28,2022 11:50:51 [info]  https://www.sc.com/nfs/orr/foa/view_reward_home.htm?ctry=SG&lang=en_SG is a broken link
Jan 28,2022 11:50:51 [info]  https://s2b.standardchartered.com/ssoapp/login.jsp is a valid link
Jan 28,2022 11:50:51 [info]  https://www.sc.com/ao/ is a valid link
Jan 28,2022 11:50:52 [info]  https://www.sc.com/ar-en/ is a valid link
Jan 28,2022 11:50:52 [info]  https://www.sc.com/au/ is a valid link
Jan 28,2022 11:50:53 [info]  https://www.sc.com/bh/ is a valid link
Jan 28,2022 11:50:53 [info]  https://www.sc.com/bd/ is a valid link
Jan 28,2022 11:50:53 [info]  https://www.sc.com/bw/ is a valid link
Jan 28,2022 11:50:53 [info]  https://www.sc.com/br-en/ is a valid link
Jan 28,2022 11:50:53 [info]  https://www.sc.com/bn/en/ is a valid link
Jan 28,2022 11:50:53 [info]  https://www.sc.com/kh/ is a valid link
Jan 28,2022 11:50:53 [info]  https://www.sc.com/cm/ is a valid link
Jan 28,2022 11:50:54 [info]  https://www.sc.com/ar-en/ is a valid link
Jan 28,2022 11:50:54 [info]  https://www.sc.com/cn/ is a valid link
Jan 28,2022 11:50:54 [info]  https://www.sc.com/co-en/ is a valid link
Jan 28,2022 11:50:54 [info]  https://www.sc.com/ci/ is a valid link
Jan 28,2022 11:50:54 [info]  https://www.sc.com/fk/ is a valid link
Jan 28,2022 11:50:54 [info]  https://www.sc.com/fr-en/ is a valid link
Jan 28,2022 11:50:54 [info]  https://www.sc.com/de-en/ is a valid link
Jan 28,2022 11:50:54 [info]  https://www.sc.com/gh/ is a valid link
Jan 28,2022 11:50:54 [info]  https://www.sc.com/hk/ is a valid link
Jan 28,2022 11:50:54 [info]  https://www.sc.com/in/ is a valid link
Jan 28,2022 11:50:54 [info]  https://www.sc.com/id/en/ is a valid link
Jan 28,2022 11:50:54 [info]  https://www.sc.com/ie/ is a valid link
Jan 28,2022 11:50:54 [info]  https://www.sc.com/it/en/ is a valid link
Jan 28,2022 11:50:54 [info]  https://www.sc.com/jp/ is a valid link
Jan 28,2022 11:50:54 [info]  https://www.sc.com/je/ is a valid link
Jan 28,2022 11:50:55 [info]  https://www.sc.com/jo/ is a valid link
Jan 28,2022 11:50:55 [info]  https://www.sc.com/ke/ is a valid link
Jan 28,2022 11:50:55 [info]  https://www.sc.com/la/ is a valid link
Jan 28,2022 11:50:55 [info]  https://www.sc.com/lb/ is a valid link
Jan 28,2022 11:50:55 [info]  https://www.sc.com/mo/ is a valid link
Jan 28,2022 11:50:55 [info]  https://www.sc.com/my/ is a valid link
Jan 28,2022 11:50:55 [info]  https://www.sc.com/mu/ is a valid link
Jan 28,2022 11:50:55 [info]  https://www.sc.com/us/ is a valid link
Jan 28,2022 11:50:55 [info]  https://www.sc.com/en/contact-us/ is a valid link
Jan 28,2022 11:50:55 [info]  https://www.sc.com/np/ is a valid link
Jan 28,2022 11:50:55 [info]  https://www.sc.com/ng/ is a valid link
Jan 28,2022 11:50:55 [info]  https://www.sc.com/om-en/ is a valid link
Jan 28,2022 11:50:55 [info]  https://www.sc.com/pk/ is a valid link
Jan 28,2022 11:50:55 [info]  https://www.sc.com/co-en/ is a valid link
Jan 28,2022 11:50:55 [info]  https://www.sc.com/ph/ is a valid link
Jan 28,2022 11:50:55 [info]  https://www.sc.com/qa/ is a valid link
Jan 28,2022 11:50:55 [info]  https://www.sc.com/sg/ is a valid link
Jan 28,2022 11:50:55 [info]  https://www.sc.com/sl/ is a valid link
Jan 28,2022 11:50:55 [info]  https://www.sc.com/za/ is a valid link
Jan 28,2022 11:50:57 [info]  https://www.standardchartered.co.kr/np/kr/Intro.jsp is a valid link
Jan 28,2022 11:50:57 [info]  https://www.sc.com/lk/ is a valid link
Jan 28,2022 11:50:57 [info]  https://www.sc.com/se/ is a valid link
Jan 28,2022 11:50:57 [info]  https://www.sc.com/tw/ is a valid link
Jan 28,2022 11:50:57 [info]  https://www.sc.com/tz/ is a valid link
Jan 28,2022 11:50:57 [info]  https://www.sc.com/th-en/ is a valid link
Jan 28,2022 11:50:58 [info]  https://www.sc.com/gm/ is a valid link
Jan 28,2022 11:50:58 [info]  https://www.sc.com/tr-en/ is a valid link
Jan 28,2022 11:50:58 [info]  https://www.sc.com/ug/ is a valid link
Jan 28,2022 11:50:58 [info]  https://www.sc.com/ae/ is a valid link
Jan 28,2022 11:50:58 [info]  https://www.sc.com/uk/ is a valid link
Jan 28,2022 11:50:58 [info]  https://www.sc.com/us/ is a valid link
Jan 28,2022 11:50:58 [info]  https://www.sc.com/vn/en/ is a valid link
Jan 28,2022 11:50:58 [info]  https://www.sc.com/zm/ is a valid link
Jan 28,2022 11:50:58 [info]  https://www.sc.com/zw/ is a valid link
Jan 28,2022 11:50:58 [info]  https://www.sc.com/sg is a valid link
Jan 28,2022 11:50:58 [info]  https://www.sc.com/sg is a valid link
Jan 28,2022 11:50:58 [info]  https://www.sc.com/sg/# is a valid link
Jan 28,2022 11:50:59 [info]  https://api.myinfo.gov.sg/com/v3/authorise?subChanCode=iboa&pid=cc_ourproducts_svt&client_id=PROD-201224747C-SCB-MYWAY&authmode=SINGPASS&purpose=opening%20SC%20Investment%20Account%28s%29%20%26%20e%24aver%20account&response_type=code&attributes=name,hanyupinyinname,aliasname,hanyupinyinaliasname,marriedname,sex,nationality,dob,birthcountry,regadd,noa-basic,email,mobileno,homeno,edulevel,employment&state=IB03%2D2&redirect_uri=https%3A%2F%2Fwww.sc.com%2Fglobal%2Fav%2Fforms%2Fd1%2Fmyinfo%2Fcasa_callback.html%3Fpt%3Des&subChanCode=IBAT06&state=IBAT06-2 is a broken link
Jan 28,2022 11:50:59 [info]  https://retail.sc.com/sg/nfs/login.htm?invest=scot&instance=&referID=&subChanCode=IBAT06&state=IBAT06-2 is a valid link
Jan 28,2022 11:50:59 [info]  https://api.myinfo.gov.sg/com/v3/authorise?client_id=PROD-201224747C-SCB-MYWAY&authmode=SINGPASS&purpose=opening%20SC%20Investment%20Account%28s%29%20%26%20e%24aver%20account&response_type=code&attributes=name,hanyupinyinname,aliasname,hanyupinyinaliasname,marriedname,sex,nationality,dob,birthcountry,regadd,noa-basic,email,mobileno,homeno,edulevel,employment&state=%20IBAT06%2D1&redirect_uri=https%3A%2F%2Fwww.sc.com%2Fglobal%2Fav%2Fforms%2Fd1%2Fmyinfo%2Fcasa_callback.html%3Fpt%3Des&subChanCode=IBAT06&state=IBAT06-1 is a broken link
Jan 28,2022 11:50:59 [info]  https://retail.sc.com/sg/nfs/login.htm?invest=out&_ga&subChanCode=IBAT06&state=IBAT06-1 is a valid link
Jan 28,2022 11:50:59 [info]  https://www.sc.com/sg/credit-cards/smart-credit-card/?referID=CHeroBanner&intcid=xt-hero-general-banner is a valid link
Jan 28,2022 11:50:59 [info]  https://www.sc.com/sg/credit-cards/smart-credit-card/?referID=CHeroBanner&intcid=xt-hero-general-banner is a valid link
Jan 28,2022 11:50:59 [info]  https://www.sc.com/sg/promotions/?intcid=quicklinks-1_may31-sg-promotions&subchancode=IBA4 is a valid link
Jan 28,2022 11:50:59 [info]  https://www.sc.com/sg/borrow/loans/cashone/?subChanCode=IBA4 is a valid link
Jan 28,2022 11:50:59 [info]  https://www.sc.com/sg/credit-cards/smart-credit-card/?subchancode=IBA4 is a valid link
Jan 28,2022 11:50:59 [info]  https://www.sc.com/sg/save/current-accounts/bonussaver/?subChanCode=IBA4 is a valid link
Jan 28,2022 11:50:59 [info]  https://www.sc.com/sg/wealth/investment/online-trading/?subChanCode=IBA4&state=IBAT07-2 is a valid link
Jan 28,2022 11:51:00 [info]  https://www.sc.com/sg/cybersecurity/ is a valid link
Jan 28,2022 11:51:00 [info]  https://www.sc.com/sg/credit-cards/smart-credit-card/?referID=CHeroBanner&intcid=xt-hero-general-tile-1 is a valid link
Jan 28,2022 11:51:00 [info]  https://www.sc.com/sg/promotions/frosjourney/?referID=CHeroBanner&intcid=xt-hero-general-tile-2 is a valid link
Jan 28,2022 11:51:00 [info]  https://www.sc.com/sg/insurance/?referID=CHeroBanner&intcid=xt-hero-general-tile-3 is a valid link
Jan 28,2022 11:51:00 [info]  https://www.sc.com/sg/wealth/sustainable-investing/?referID=CHeroBanner&intcid=xt-hero-general-tile-4 is a valid link
Jan 28,2022 11:51:00 [info]  https://www.sc.com/sg/borrow/loans/cashone/?referID=CHeroBanner&intcid=xt-hero-general-tile-5 is a valid link
Jan 28,2022 11:51:00 [info]  https://www.sc.com/sg/promotions/mgm-referral-programme-scremit/?instance=ibpc_scremit_hp is a valid link
Jan 28,2022 11:51:00 [info]  https://www.sc.com/sg/#banking-for-individuals is a valid link
Jan 28,2022 11:51:00 [info]  https://www.sc.com/sg/priority/ is a valid link
Jan 28,2022 11:51:00 [info]  https://www.sc.com/sg/priority/priority-private is a valid link
Jan 28,2022 11:51:00 [info]  https://www.sc.com/privatebank/en/ is a valid link
Jan 28,2022 11:51:00 [info]  https://www.sc.com/sg/wealth-management/ is a valid link
Jan 28,2022 11:51:00 [info]  https://www.sc.com/sg/personal/ is a valid link
Jan 28,2022 11:51:00 [info]  https://www.sc.com/sg/international-banking/ is a valid link
Jan 28,2022 11:51:00 [info]  https://www.sc.com/sg/#banking-for-companies is a valid link
Jan 28,2022 11:51:00 [info]  https://www.sc.com/sg/business/ is a valid link
Jan 28,2022 11:51:01 [info]  https://www.sc.com/sg/commercial/ is a valid link
Jan 28,2022 11:51:01 [info]  https://www.sc.com/en/banking-services/business-banking.html is a valid link
Jan 28,2022 11:51:01 [info]  https://www.sc.com/retail/mce/index.html?#/landing?lang=en&ctry=SG&channel=PLRB&sapp=PUB&requestId=98e66083-f61b-4206-ada3-790747b797df is a valid link
Jan 28,2022 11:51:01 [info]  https://www.sc.com/retail/mce/index.html?#/landing?lang=en&ctry=SG&channel=PLRB&sapp=PUB&requestId=98e66083-f61b-4206-ada3-790747b797df is a valid link
Jan 28,2022 11:51:01 [info]  https://www.sc.com/sg/articles/2018-psb-market-market-outlook-and-insights-webinar/ is a valid link
Jan 28,2022 11:51:01 [info]  https://www.sc.com/sg/promotions/instant-accounts/ is a valid link
Jan 28,2022 11:51:01 [info]  https://www.sc.com/sg/promotions/instant-accounts/ is a valid link
Jan 28,2022 11:51:01 [info]  https://www.sc.com/sg/promotions/instant-accounts/ is a valid link
Jan 28,2022 11:51:01 [info]  https://www.sc.com/sg/important-information/ is a valid link
Jan 28,2022 11:51:01 [info]  https://www.sc.com/sg/important-information/important-changes-to-credit-card-term/ is a valid link
Jan 28,2022 11:51:01 [info]  https://www.sc.com/sg/important-information/priority-mortgage-plus-pmp-terms/ is a valid link
Jan 28,2022 11:51:01 [info]  https://www.sc.com/sg/important-information/important-changes-to-credit-card-term-rewards/ is a valid link
Jan 28,2022 11:51:01 [info]  https://www.sc.com/sg/important-information/cessation-of-e-cashiers-order-issuance/ is a valid link
Jan 28,2022 11:51:01 [info]  javascript:; This url threw the error
Jan 28,2022 11:51:01 [info]  https://www.sc.com/sg/sitemap/ is a valid link
Jan 28,2022 11:51:02 [info]  https://www.sc.com/sg/about-us/ is a valid link
Jan 28,2022 11:51:02 [info]  https://www.sc.com/sg/bank-with-us/ is a valid link
Jan 28,2022 11:51:02 [info]  https://www.sc.com/sg/atm-branch-locator/ is a valid link
Jan 28,2022 11:51:02 [info]  https://www.sc.com/sg/help/ is a valid link
Jan 28,2022 11:51:02 [info]  https://www.sc.com/sg/help/#faq is a valid link
Jan 28,2022 11:51:02 [info]  https://www.sc.com/sg/help/forms/ is a valid link
Jan 28,2022 11:51:02 [info]  https://www.sc.com/retail/mce/index.html#/landing?lang=en&ctry=SG&channel=PLRB&sapp=PUB is a valid link
Jan 28,2022 11:51:02 [info]  https://www.sc.com/en/investors/ is a valid link
Jan 28,2022 11:51:02 [info]  https://www.standardchartered.com/en/learning-resources/global-research.html is a valid link
Jan 28,2022 11:51:02 [info]  https://www.sc.com/sg/news-media/ is a valid link
Jan 28,2022 11:51:02 [info]  https://www.sc.com/sg/about-us/awards-achievements/ is a valid link
Jan 28,2022 11:51:02 [info]  https://www.sc.com/sg/careers/ is a valid link
Jan 28,2022 11:51:02 [info]  https://www.sc.com/en/ is a valid link
Jan 28,2022 11:51:03 [info]  http://www.speakingupsc.ethicspoint.com/ is a valid link
Jan 28,2022 11:51:03 [info]  https://www.sc.com/en/about/fighting-financial-crime/#fighting-fraud is a valid link
Jan 28,2022 11:51:03 [info]  https://www.sc.com/global/security-tips/ is a valid link
Jan 28,2022 11:51:04 [info]  https://www.sc.com/protecting-our-clients/ is a valid link
Jan 28,2022 11:51:04 [info]  https://sc.com/sg/cookie-policy/ is a valid link
Jan 28,2022 11:51:04 [info]  https://www.standardchartered.com/sustainability/en/index.html is a valid link
Jan 28,2022 11:51:04 [info]  https://www.sc.com/sg/privacy/ is a valid link
Jan 28,2022 11:51:04 [info]  https://www.sc.com/sg/terms-and-conditions/ is a valid link
Jan 28,2022 11:51:05 [info]  https://apps.apple.com/sg/app/sc-mobile-singapore-breeze/id367337298 is a valid link
Jan 28,2022 11:51:06 [info]  https://play.google.com/store/apps/details?id=air.app.scb.breeze.android.main.sg.prod&hl=en is a valid link
Jan 28,2022 11:51:06 [info]  https://www.sc.com/sg/about-us/ is a valid link
Jan 28,2022 11:51:06 [info]  https://www.sc.com/sg/bank-with-us/ is a valid link
Jan 28,2022 11:51:06 [info]  https://www.sc.com/sg/atm-branch-locator/ is a valid link
Jan 28,2022 11:51:06 [info]  https://www.sc.com/sg/help/ is a valid link
Jan 28,2022 11:51:06 [info]  https://www.sc.com/sg/help/#faq is a valid link
Jan 28,2022 11:51:06 [info]  https://www.sc.com/sg/help/forms/ is a valid link
Jan 28,2022 11:51:06 [info]  https://www.sc.com/retail/mce/index.html#/landing?lang=en&ctry=SG&channel=PLRB&sapp=PUB is a valid link
Jan 28,2022 11:51:06 [info]  https://www.sc.com/en/investors/ is a valid link
Jan 28,2022 11:51:06 [info]  https://www.standardchartered.com/en/learning-resources/global-research.html is a valid link
Jan 28,2022 11:51:07 [info]  https://www.sc.com/sg/news-media/ is a valid link
Jan 28,2022 11:51:07 [info]  https://www.sc.com/sg/about-us/awards-achievements/ is a valid link
Jan 28,2022 11:51:07 [info]  https://www.sc.com/sg/careers/ is a valid link
Jan 28,2022 11:51:07 [info]  https://www.sc.com/en/ is a valid link
Jan 28,2022 11:51:07 [info]  http://www.speakingupsc.ethicspoint.com/ is a valid link
Jan 28,2022 11:51:07 [info]  https://www.sc.com/en/about/fighting-financial-crime/#fighting-fraud is a valid link
Jan 28,2022 11:51:08 [info]  https://www.sc.com/global/security-tips/ is a valid link
Jan 28,2022 11:51:08 [info]  https://www.sc.com/protecting-our-clients/ is a valid link
Jan 28,2022 11:51:08 [info]  https://sc.com/sg/cookie-policy/ is a valid link
Jan 28,2022 11:51:08 [info]  https://www.standardchartered.com/sustainability/en/index.html is a valid link
Jan 28,2022 11:51:08 [info]  https://www.sc.com/sg/privacy/ is a valid link
Jan 28,2022 11:51:08 [info]  https://www.sc.com/sg/terms-and-conditions/ is a valid link
Jan 28,2022 11:51:08 [info]  https://www.facebook.com/Standardcharteredsg/ is a valid link
Jan 28,2022 11:51:09 [info]  https://twitter.com/StanChart is a valid link
Jan 28,2022 11:51:10 [info]  https://www.linkedin.com/company/standardchartered/ is a broken link
Jan 28,2022 11:51:14 [info]  Current window has been resized to the dimension of iPhone5 Or SE: 320*320
Jan 28,2022 11:51:17 [info]  Clicked on the hamburger menu of mobile view
Jan 28,2022 11:51:17 [info]  Menu list is visible
Jan 28,2022 11:51:17 [info]  Menu list close button is clicked
Jan 28,2022 11:51:17 [info]  Menu list is closed successfully
Jan 28,2022 11:51:17 [info]  There are 245 url to be verified for broken links
Jan 28,2022 11:51:17 [info]  https://www.sc.com/sg/priority/ is a valid link
Jan 28,2022 11:51:17 [info]  https://www.sc.com/sg/priority/priority-private/ is a valid link
Jan 28,2022 11:51:17 [info]  https://www.sc.com/sg/wealth/ is a valid link
Jan 28,2022 11:51:17 [info]  https://www.sc.com/sg/international-banking/ is a valid link
Jan 28,2022 11:51:17 [info]  https://www.sc.com/privatebank/en/ is a valid link
Jan 28,2022 11:51:18 [info]  https://www.sc.com/sg/business/ is a valid link
Jan 28,2022 11:51:18 [info]  https://www.sc.com/sg/commercial is a valid link
Jan 28,2022 11:51:18 [info]  https://www.sc.com/en/banking-services/business-banking.html is a valid link
Jan 28,2022 11:51:18 [info]  https://www.sc.com/sg/bank-with-us/mobile-banking-services/standard-chartered-mobile/ is a valid link
Jan 28,2022 11:51:18 [info]  https://www.sc.com/sg/help/ is a valid link
Jan 28,2022 11:51:18 [info]  https://www.sc.com/sg/search/ is a valid link
Jan 28,2022 11:51:18 [info]  https://www.sc.com/sg/ is a valid link
Jan 28,2022 11:51:18 [info]  https://www.sc.com/sg/ is a valid link
Jan 28,2022 11:51:18 [info]  https://www.sc.com/sg/save/current-accounts/ is a valid link
Jan 28,2022 11:51:18 [info]  https://www.sc.com/sg/save/current-accounts/bonussaver/ is a valid link
Jan 28,2022 11:51:18 [info]  https://www.sc.com/sg/save/current-accounts/supersalary/ is a valid link
Jan 28,2022 11:51:18 [info]  https://www.sc.com/sg/save/mca/ is a valid link
Jan 28,2022 11:51:18 [info]  https://www.sc.com/sg/save/savings-accounts/ is a valid link
Jan 28,2022 11:51:18 [info]  https://www.sc.com/sg/save/savings-accounts/esaver/ is a valid link
Jan 28,2022 11:51:18 [info]  https://www.sc.com/sg/save/savings-accounts/jumpstart/ is a valid link
Jan 28,2022 11:51:18 [info]  https://www.sc.com/sg/save/savings-accounts/usdsaver/ is a valid link
Jan 28,2022 11:51:18 [info]  https://www.sc.com/sg/save/time-deposits/ is a valid link
Jan 28,2022 11:51:18 [info]  https://www.sc.com/sg/save/time-deposits/sustainable-time-deposit/ is a valid link
Jan 28,2022 11:51:18 [info]  https://www.sc.com/sg/save/time-deposits/singapore-dollar-time-deposit/ is a valid link
Jan 28,2022 11:51:19 [info]  https://www.sc.com/sg/save/time-deposits/foreign-currency-time-deposits/ is a valid link
Jan 28,2022 11:51:19 [info]  https://www.sc.com/sg/promotions/casa-member-get-member/ is a valid link
Jan 28,2022 11:51:19 [info]  https://www.sc.com/sg/save/ is a valid link
Jan 28,2022 11:51:19 [info]  https://www.sc.com/sg/credit-cards/ is a valid link
Jan 28,2022 11:51:19 [info]  https://www.sc.com/sg/credit-cards/smart-credit-card/ is a valid link
Jan 28,2022 11:51:19 [info]  https://www.sc.com/sg/credit-cards/smart-credit-card/ is a valid link
Jan 28,2022 11:51:19 [info]  https://www.sc.com/sg/credit-cards/unlimited-cashback-credit-card/ is a valid link
Jan 28,2022 11:51:19 [info]  https://www.sc.com/sg/credit-cards/unlimited-cashback-credit-card/ is a valid link
Jan 28,2022 11:51:19 [info]  https://www.sc.com/sg/credit-cards/rewards-plus-credit-card/ is a valid link
Jan 28,2022 11:51:19 [info]  https://www.sc.com/sg/credit-cards/rewards-plus-credit-card/ is a valid link
Jan 28,2022 11:51:19 [info]  https://www.sc.com/sg/credit-cards/visa-infinite-card/ is a valid link
Jan 28,2022 11:51:19 [info]  https://www.sc.com/sg/credit-cards/visa-infinite-card/ is a valid link
Jan 28,2022 11:51:19 [info]  https://www.sc.com/sg/credit-cards/priority-visa-infinite-card/ is a valid link
Jan 28,2022 11:51:19 [info]  https://www.sc.com/sg/credit-cards/priority-visa-infinite-card/ is a valid link
Jan 28,2022 11:51:19 [info]  https://www.sc.com/sg/credit-cards/x-card/ is a valid link
Jan 28,2022 11:51:19 [info]  https://www.sc.com/sg/credit-cards/x-card/ is a valid link
Jan 28,2022 11:51:19 [info]  https://www.sc.com/sg/bank-with-us/ is a valid link
Jan 28,2022 11:51:19 [info]  https://www.sc.com/sg/promotions/instant/ is a valid link
Jan 28,2022 11:51:19 [info]  https://www.sc.com/sg/bank-with-us/service-requests/card-activation-pin-set/ is a valid link
Jan 28,2022 11:51:19 [info]  https://www.sc.com/sg/bank-with-us/online-banking-services/online-estatements/ is a valid link
Jan 28,2022 11:51:19 [info]  https://www.sc.com/sg/bank-with-us/manage-your-finances/ is a valid link
Jan 28,2022 11:51:20 [info]  https://www.sc.com/sg/sapl is a valid link
Jan 28,2022 11:51:20 [info]  https://www.sc.com/sg/credit-cards/ is a valid link
Jan 28,2022 11:51:20 [info]  https://www.sc.com/sg/borrow/loans/ is a valid link
Jan 28,2022 11:51:20 [info]  https://www.sc.com/sg/borrow/loans/cashone/ is a valid link
Jan 28,2022 11:51:20 [info]  https://www.sc.com/sg/borrow/loans/ is a valid link
Jan 28,2022 11:51:20 [info]  https://www.sc.com/sg/borrow/loans/balance-transfer/ is a valid link
Jan 28,2022 11:51:20 [info]  https://www.sc.com/sg/borrow/loans/ is a valid link
Jan 28,2022 11:51:20 [info]  https://www.sc.com/sg/borrow/loans/debt-consolidation/ is a valid link
Jan 28,2022 11:51:20 [info]  https://www.sc.com/sg/borrow/loans/debt-consolidation-refinance/ is a valid link
Jan 28,2022 11:51:20 [info]  https://www.sc.com/sg/borrow/loans/ is a valid link
Jan 28,2022 11:51:20 [info]  https://www.sc.com/sg/borrow/loans/auto-financing/ is a valid link
Jan 28,2022 11:51:20 [info]  https://www.sc.com/sg/borrow/mortgages/ is a valid link
Jan 28,2022 11:51:20 [info]  https://www.sc.com/sg/borrow/mortgages/mortgageone/ is a valid link
Jan 28,2022 11:51:20 [info]  https://www.sc.com/sg/borrow/mortgages/home-suite/ is a valid link
Jan 28,2022 11:51:20 [info]  https://www.sc.com/sg/borrow/mortgages/green-mortgage/ is a valid link
Jan 28,2022 11:51:20 [info]  https://www.sc.com/sg/important-information/sor-transition-to-sora-faqs/ is a valid link
Jan 28,2022 11:51:20 [info]  https://www.sc.com/sg/borrow/loans/cashone/ is a valid link
Jan 28,2022 11:51:20 [info]  https://www.sc.com/sg/borrow/ is a valid link
Jan 28,2022 11:51:20 [info]  https://www.sc.com/sg/wealth/investment/ is a valid link
Jan 28,2022 11:51:20 [info]  https://www.sc.com/sg/wealth/investment/unit-trusts/ is a valid link
Jan 28,2022 11:51:21 [info]  https://www.sc.com/sg/wealth/investment/online-trading/ is a valid link
Jan 28,2022 11:51:21 [info]  https://www.sc.com/sg/wealth/investment/livefx/ is a valid link
Jan 28,2022 11:51:21 [info]  https://www.sc.com/sg/wealth/sc-goals-planner/ is a valid link
Jan 28,2022 11:51:21 [info]  https://sc-onlineut-morningstar.nw-cloud.com/ is a valid link
Jan 28,2022 11:51:21 [info]  https://www.sc.com/sg/wealth/wealth-connect/ is a valid link
Jan 28,2022 11:51:21 [info]  https://www.sc.com/sg/wealth/ is a valid link
Jan 28,2022 11:51:21 [info]  https://www.sc.com/retail/mce/index.html?#/landing?lang=en&ctry=SG&channel=PLRB&sapp=PUB&requestId=8b5585b9-ac43-4cf8-806a-628426c8caec is a valid link
Jan 28,2022 11:51:21 [info]  https://www.sc.com/sg/articles/2018-psb-market-market-outlook-and-insights-webinar/ is a valid link
Jan 28,2022 11:51:21 [info]  https://www.sc.com/sg/wealth/insights/ is a valid link
Jan 28,2022 11:51:22 [info]  https://feeds.buzzsprout.com/1662247.rss/ is a valid link
Jan 28,2022 11:51:22 [info]  https://www.sc.com/sg/wealth/ is a valid link
Jan 28,2022 11:51:22 [info]  https://www.sc.com/sg/insurance/health-accident/ is a valid link
Jan 28,2022 11:51:22 [info]  https://www.sc.com/sg/insurance/health-insurance/ is a valid link
Jan 28,2022 11:51:22 [info]  https://www.sc.com/sg/insurance/health-accident/ is a valid link
Jan 28,2022 11:51:22 [info]  https://www.sc.com/sg/insurance/critical-illness/ is a valid link
Jan 28,2022 11:51:22 [info]  https://www.sc.com/sg/insurance/travel-home-car/ is a valid link
Jan 28,2022 11:51:22 [info]  https://www.sc.com/sg/insurance/allianz-home-protect/ is a valid link
Jan 28,2022 11:51:22 [info]  https://www.sc.com/sg/insurance/az-motor-protect/ is a valid link
Jan 28,2022 11:51:22 [info]  https://www.sc.com/sg/insurance/az-motor-protect/ is a valid link
Jan 28,2022 11:51:22 [info]  https://www.sc.com/sg/insurance/ is a valid link
Jan 28,2022 11:51:22 [info]  https://www.sc.com/sg/bank-with-us/online-banking/ is a valid link
Jan 28,2022 11:51:22 [info]  https://www.sc.com/sg/business-channels-access/straight2bank/ is a valid link
Jan 28,2022 11:51:22 [info]  https://www.sc.com/sg/rewards-programmes/ is a valid link
Jan 28,2022 11:51:22 [info]  https://www.sc.com/sg/pricing-guide/ is a valid link
Jan 28,2022 11:51:22 [info]  https://www.sc.com/sg/help/forms/ is a valid link
Jan 28,2022 11:51:22 [info]  https://www.sc.com/sg/help/contact-us/ is a valid link
Jan 28,2022 11:51:22 [info]  https://www.sc.com/sg/help/lost-card/ is a valid link
Jan 28,2022 11:51:22 [info]  https://www.sc.com/sg/help/activate-card/ is a valid link
Jan 28,2022 11:51:23 [info]  https://www.sc.com/sg/bank-with-us/online-banking/alerts-and-notifications/ is a valid link
Jan 28,2022 11:51:23 [info]  https://www.sc.com/sg/bank-with-us/remittance/ is a valid link
Jan 28,2022 11:51:23 [info]  https://www.sc.com/sg/bank-with-us/manage-your-finances/ is a valid link
Jan 28,2022 11:51:23 [info]  https://www.sc.com/sg/bank-with-us/manage-your-payments/ is a valid link
Jan 28,2022 11:51:23 [info]  https://www.sc.com/sg/bank-with-us/mobile-banking-services/standard-chartered-mobile/ is a valid link
Jan 28,2022 11:51:23 [info]  https://www.sc.com/sg/bank-with-us/ is a valid link
Jan 28,2022 11:51:23 [info]  https://www.sc.com/sg/bank-with-us/mobile-banking-services/standard-chartered-mobile/ is a valid link
Jan 28,2022 11:51:23 [info]  https://www.sc.com/sg/help/ is a valid link
Jan 28,2022 11:51:23 [info]  https://www.sc.com/sg/search/ is a valid link
Jan 28,2022 11:51:23 [info]  https://www.sc.com/sg/credit-cards/unlimited-cashback-credit-card/?subChanCode=IBOA is a valid link
Jan 28,2022 11:51:26 [info]  https://ibank.standardchartered.com.sg/nfs/login.htm?&_ga=2.55342635.1250817750.1612628392-585638684.1569585475 is a valid link
Jan 28,2022 11:51:27 [info]  https://www.sc.com/nfs/orr/foa/view_reward_home.htm?ctry=SG&lang=en_SG is a broken link
Jan 28,2022 11:51:27 [info]  https://s2b.standardchartered.com/ssoapp/login.jsp is a valid link
Jan 28,2022 11:51:27 [info]  https://www.sc.com/ao/ is a valid link
Jan 28,2022 11:51:27 [info]  https://www.sc.com/ar-en/ is a valid link
Jan 28,2022 11:51:27 [info]  https://www.sc.com/au/ is a valid link
Jan 28,2022 11:51:27 [info]  https://www.sc.com/bh/ is a valid link
Jan 28,2022 11:51:27 [info]  https://www.sc.com/bd/ is a valid link
Jan 28,2022 11:51:27 [info]  https://www.sc.com/bw/ is a valid link
Jan 28,2022 11:51:28 [info]  https://www.sc.com/br-en/ is a valid link
Jan 28,2022 11:51:28 [info]  https://www.sc.com/bn/en/ is a valid link
Jan 28,2022 11:51:28 [info]  https://www.sc.com/kh/ is a valid link
Jan 28,2022 11:51:28 [info]  https://www.sc.com/cm/ is a valid link
Jan 28,2022 11:51:28 [info]  https://www.sc.com/ar-en/ is a valid link
Jan 28,2022 11:51:28 [info]  https://www.sc.com/cn/ is a valid link
Jan 28,2022 11:51:28 [info]  https://www.sc.com/co-en/ is a valid link
Jan 28,2022 11:51:28 [info]  https://www.sc.com/ci/ is a valid link
Jan 28,2022 11:51:28 [info]  https://www.sc.com/fk/ is a valid link
Jan 28,2022 11:51:28 [info]  https://www.sc.com/fr-en/ is a valid link
Jan 28,2022 11:51:28 [info]  https://www.sc.com/de-en/ is a valid link
Jan 28,2022 11:51:28 [info]  https://www.sc.com/gh/ is a valid link
Jan 28,2022 11:51:29 [info]  https://www.sc.com/hk/ is a valid link
Jan 28,2022 11:51:29 [info]  https://www.sc.com/in/ is a valid link
Jan 28,2022 11:51:29 [info]  https://www.sc.com/id/en/ is a valid link
Jan 28,2022 11:51:29 [info]  https://www.sc.com/ie/ is a valid link
Jan 28,2022 11:51:29 [info]  https://www.sc.com/it/en/ is a valid link
Jan 28,2022 11:51:29 [info]  https://www.sc.com/jp/ is a valid link
Jan 28,2022 11:51:29 [info]  https://www.sc.com/je/ is a valid link
Jan 28,2022 11:51:29 [info]  https://www.sc.com/jo/ is a valid link
Jan 28,2022 11:51:29 [info]  https://www.sc.com/ke/ is a valid link
Jan 28,2022 11:51:29 [info]  https://www.sc.com/la/ is a valid link
Jan 28,2022 11:51:29 [info]  https://www.sc.com/lb/ is a valid link
Jan 28,2022 11:51:29 [info]  https://www.sc.com/mo/ is a valid link
Jan 28,2022 11:51:29 [info]  https://www.sc.com/my/ is a valid link
Jan 28,2022 11:51:29 [info]  https://www.sc.com/mu/ is a valid link
Jan 28,2022 11:51:29 [info]  https://www.sc.com/us/ is a valid link
Jan 28,2022 11:51:29 [info]  https://www.sc.com/en/contact-us/ is a valid link
Jan 28,2022 11:51:29 [info]  https://www.sc.com/np/ is a valid link
Jan 28,2022 11:51:29 [info]  https://www.sc.com/ng/ is a valid link
Jan 28,2022 11:51:29 [info]  https://www.sc.com/om-en/ is a valid link
Jan 28,2022 11:51:30 [info]  https://www.sc.com/pk/ is a valid link
Jan 28,2022 11:51:30 [info]  https://www.sc.com/co-en/ is a valid link
Jan 28,2022 11:51:30 [info]  https://www.sc.com/ph/ is a valid link
Jan 28,2022 11:51:30 [info]  https://www.sc.com/qa/ is a valid link
Jan 28,2022 11:51:30 [info]  https://www.sc.com/sg/ is a valid link
Jan 28,2022 11:51:30 [info]  https://www.sc.com/sl/ is a valid link
Jan 28,2022 11:51:30 [info]  https://www.sc.com/za/ is a valid link
Jan 28,2022 11:51:30 [info]  https://www.standardchartered.co.kr/np/kr/Intro.jsp is a valid link
Jan 28,2022 11:51:30 [info]  https://www.sc.com/lk/ is a valid link
Jan 28,2022 11:51:30 [info]  https://www.sc.com/se/ is a valid link
Jan 28,2022 11:51:31 [info]  https://www.sc.com/tw/ is a valid link
Jan 28,2022 11:51:31 [info]  https://www.sc.com/tz/ is a valid link
Jan 28,2022 11:51:31 [info]  https://www.sc.com/th-en/ is a valid link
Jan 28,2022 11:51:31 [info]  https://www.sc.com/gm/ is a valid link
Jan 28,2022 11:51:31 [info]  https://www.sc.com/tr-en/ is a valid link
Jan 28,2022 11:51:31 [info]  https://www.sc.com/ug/ is a valid link
Jan 28,2022 11:51:31 [info]  https://www.sc.com/ae/ is a valid link
Jan 28,2022 11:51:31 [info]  https://www.sc.com/uk/ is a valid link
Jan 28,2022 11:51:31 [info]  https://www.sc.com/us/ is a valid link
Jan 28,2022 11:51:31 [info]  https://www.sc.com/vn/en/ is a valid link
Jan 28,2022 11:51:31 [info]  https://www.sc.com/zm/ is a valid link
Jan 28,2022 11:51:31 [info]  https://www.sc.com/zw/ is a valid link
Jan 28,2022 11:51:31 [info]  https://www.sc.com/sg is a valid link
Jan 28,2022 11:51:31 [info]  https://www.sc.com/sg is a valid link
Jan 28,2022 11:51:31 [info]  https://www.sc.com/sg/credit-cards/# is a valid link
Jan 28,2022 11:51:32 [info]  https://api.myinfo.gov.sg/com/v3/authorise?subChanCode=iboa&pid=cc_ourproducts_svt&client_id=PROD-201224747C-SCB-MYWAY&authmode=SINGPASS&purpose=opening%20SC%20Investment%20Account%28s%29%20%26%20e%24aver%20account&response_type=code&attributes=name,hanyupinyinname,aliasname,hanyupinyinaliasname,marriedname,sex,nationality,dob,birthcountry,regadd,noa-basic,email,mobileno,homeno,edulevel,employment&state=IB03%2D2&redirect_uri=https%3A%2F%2Fwww.sc.com%2Fglobal%2Fav%2Fforms%2Fd1%2Fmyinfo%2Fcasa_callback.html%3Fpt%3Des&subChanCode=IBAT06&state=IBAT06-2 is a broken link
Jan 28,2022 11:51:32 [info]  https://retail.sc.com/sg/nfs/login.htm?invest=scot&instance=&referID=&subChanCode=IBAT06&state=IBAT06-2 is a valid link
Jan 28,2022 11:51:32 [info]  https://api.myinfo.gov.sg/com/v3/authorise?client_id=PROD-201224747C-SCB-MYWAY&authmode=SINGPASS&purpose=opening%20SC%20Investment%20Account%28s%29%20%26%20e%24aver%20account&response_type=code&attributes=name,hanyupinyinname,aliasname,hanyupinyinaliasname,marriedname,sex,nationality,dob,birthcountry,regadd,noa-basic,email,mobileno,homeno,edulevel,employment&state=%20IBAT06%2D1&redirect_uri=https%3A%2F%2Fwww.sc.com%2Fglobal%2Fav%2Fforms%2Fd1%2Fmyinfo%2Fcasa_callback.html%3Fpt%3Des&subChanCode=IBAT06&state=IBAT06-1 is a broken link
Jan 28,2022 11:51:32 [info]  https://retail.sc.com/sg/nfs/login.htm?invest=out&_ga&subChanCode=IBAT06&state=IBAT06-1 is a valid link
Jan 28,2022 11:51:32 [info]  https://www.sc.com/sg/credit-cards/smart-credit-card/ is a valid link
Jan 28,2022 11:51:32 [info]  https://www.sc.com/sg/credit-cards/unlimited-cashback-credit-card/ is a valid link
Jan 28,2022 11:51:32 [info]  https://www.sc.com/sg/credit-cards/rewards-plus-credit-card/ is a valid link
Jan 28,2022 11:51:32 [info]  https://www.sc.com/sg/credit-cards/spree-credit-card/ is a valid link
Jan 28,2022 11:51:32 [info]  https://www.sc.com/sg/credit-cards/visa-infinite-card/ is a valid link
Jan 28,2022 11:51:32 [info]  https://www.sc.com/sg/credit-cards/prudential-platinum-card/ is a valid link
Jan 28,2022 11:51:32 [info]  https://www.sc.com/sg/credit-cards/platinum-visa-mastercard-credit-card/ is a valid link
Jan 28,2022 11:51:32 [info]  https://www.sc.com/sg/credit-cards/prudential-visa-signature-card/ is a valid link
Jan 28,2022 11:51:33 [info]  https://www.sc.com/sg/credit-cards/nus-alumni-platinum-card/ is a valid link
Jan 28,2022 11:51:33 [info]  https://www.sc.com/sg/credit-cards/business-platinum-card/ is a valid link
Jan 28,2022 11:51:33 [info]  https://www.sc.com/sg/credit-cards/priority-visa-infinite-card/ is a valid link
Jan 28,2022 11:51:33 [info]  https://www.sc.com/sg/credit-cards/manhattan-world-mastercard/ is a valid link
Jan 28,2022 11:51:33 [info]  https://www.sc.com/sg/credit-cards/manhattan-500-card/ is a valid link
Jan 28,2022 11:51:33 [info]  https://www.sc.com/sg/credit-cards/x-card/ is a valid link
Jan 28,2022 11:51:33 [info]  https://www.sc.com/sg/credit-cards/#sc-lb-module-product-features is a valid link
Jan 28,2022 11:51:33 [info]  https://www.sc.com/sg/bank-with-us/manage-your-finances/easybill/ is a valid link
Jan 28,2022 11:51:33 [info]  https://origination.sc.com/onboarding/sg/apply.html?product=340&campaign=CLI001&aggregator_code=IB03&aggregator_type=Others&aggregator_instance=Organic is a valid link
Jan 28,2022 11:51:33 [info]  https://www.sc.com/sg/bank-with-us/manage-your-finances/temporary-credit-limit-increase/ is a valid link
Jan 28,2022 11:51:33 [info]  https://www.sc.com/sg/bank-with-us/manage-your-finances/funds-transfer/ is a valid link
Jan 28,2022 11:51:33 [info]  https://www.sc.com/sg/bank-with-us/manage-your-finances/easypay/ is a valid link
Jan 28,2022 11:51:33 [info]  https://www.sc.com/sg/bank-with-us/credit-card-payments/ is a valid link
Jan 28,2022 11:51:33 [info]  https://www.sc.com/sg/bank-with-us/manage-your-finances/zero-instalment/ is a valid link
Jan 28,2022 11:51:33 [info]  https://www.sc.com/sg/promotions/the-good-life-privileges/ is a valid link
Jan 28,2022 11:51:33 [info]  https://www.sc.com/sg/bank-with-us/manage-your-payments/ is a valid link
Jan 28,2022 11:51:33 [info]  https://www.sc.com/sg/bank-with-us/manage-your-payments/ is a valid link
Jan 28,2022 11:51:33 [info]  https://www.sc.com/sg/bank-with-us/security/cardsafe-guarantee/ is a valid link
Jan 28,2022 11:51:34 [info]  https://www.sc.com/sg/sitemap/ is a valid link
Jan 28,2022 11:51:34 [info]  https://www.sc.com/sg/about-us/ is a valid link
Jan 28,2022 11:51:34 [info]  https://www.sc.com/sg/bank-with-us/ is a valid link
Jan 28,2022 11:51:34 [info]  https://www.sc.com/sg/atm-branch-locator/ is a valid link
Jan 28,2022 11:51:34 [info]  https://www.sc.com/sg/help/ is a valid link
Jan 28,2022 11:51:34 [info]  https://www.sc.com/sg/help/#faq is a valid link
Jan 28,2022 11:51:34 [info]  https://av.sc.com/sg/content/docs/sg-scb-pricing-guide.pdf is a valid link
Jan 28,2022 11:51:34 [info]  https://www.sc.com/sg/help/forms/ is a valid link
Jan 28,2022 11:51:34 [info]  https://www.sc.com/retail/mce/index.html#/landing?lang=en&ctry=SG&channel=PLRB&sapp=PUB is a valid link
Jan 28,2022 11:51:34 [info]  https://www.sc.com/en/investors/ is a valid link
Jan 28,2022 11:51:36 [info]  http://www.standardchartered.com/en/learning-resources/global-research.html is a valid link
Jan 28,2022 11:51:36 [info]  https://www.sc.com/sg/news-media/ is a valid link
Jan 28,2022 11:51:36 [info]  https://www.sc.com/sg/about-us/awards-achievements/ is a valid link
Jan 28,2022 11:51:36 [info]  https://www.sc.com/en/careers/ is a valid link
Jan 28,2022 11:51:36 [info]  https://www.sc.com/en/ is a valid link
Jan 28,2022 11:51:38 [info]  https://www.intouchfeedback.com/speakingup/ is a valid link
Jan 28,2022 11:51:38 [info]  https://www.sc.com/en/about/fighting-financial-crime/#fighting-fraud is a valid link
Jan 28,2022 11:51:38 [info]  https://www.sc.com/global/security-tips/ is a valid link
Jan 28,2022 11:51:38 [info]  https://www.sc.com/protecting-our-clients/ is a valid link
Jan 28,2022 11:51:38 [info]  https://www.sc.com/sg/cookie-policy/ is a valid link
Jan 28,2022 11:51:40 [info]  http://www.standardchartered.com/sustainability/en/index.html is a valid link
Jan 28,2022 11:51:40 [info]  https://www.sc.com/sg/privacy/ is a valid link
Jan 28,2022 11:51:40 [info]  https://www.sc.com/sg/terms-and-conditions/ is a valid link
Jan 28,2022 11:51:40 [info]  https://www.sc.com/sg/about-us/ is a valid link
Jan 28,2022 11:51:40 [info]  https://www.sc.com/sg/bank-with-us/ is a valid link
Jan 28,2022 11:51:40 [info]  https://www.sc.com/sg/atm-branch-locator/ is a valid link
Jan 28,2022 11:51:40 [info]  https://www.sc.com/sg/help/ is a valid link
Jan 28,2022 11:51:40 [info]  https://www.sc.com/sg/help/#faq is a valid link
Jan 28,2022 11:51:40 [info]  https://av.sc.com/sg/content/docs/sg-scb-pricing-guide.pdf is a valid link
Jan 28,2022 11:51:40 [info]  https://www.sc.com/sg/help/forms/ is a valid link
Jan 28,2022 11:51:40 [info]  https://www.sc.com/retail/mce/index.html#/landing?lang=en&ctry=SG&channel=PLRB&sapp=PUB is a valid link
Jan 28,2022 11:51:40 [info]  https://www.sc.com/en/investors/ is a valid link
Jan 28,2022 11:51:41 [info]  http://www.standardchartered.com/en/learning-resources/global-research.html is a valid link
Jan 28,2022 11:51:41 [info]  https://www.sc.com/sg/news-media/ is a valid link
Jan 28,2022 11:51:41 [info]  https://www.sc.com/sg/about-us/awards-achievements/ is a valid link
Jan 28,2022 11:51:42 [info]  https://www.sc.com/en/careers/ is a valid link
Jan 28,2022 11:51:44 [info]  https://www.intouchfeedback.com/speakingup/ is a valid link
Jan 28,2022 11:51:44 [info]  https://www.sc.com/en/about/fighting-financial-crime/#fighting-fraud is a valid link
Jan 28,2022 11:51:44 [info]  https://www.sc.com/global/security-tips/ is a valid link
Jan 28,2022 11:51:44 [info]  https://www.sc.com/protecting-our-clients/ is a valid link
Jan 28,2022 11:51:44 [info]  https://www.sc.com/sg/cookie-policy/ is a valid link
Jan 28,2022 11:51:46 [info]  http://www.standardchartered.com/sustainability/en/index.html is a valid link
Jan 28,2022 11:51:46 [info]  https://www.sc.com/sg/privacy/ is a valid link
Jan 28,2022 11:51:46 [info]  https://www.sc.com/sg/terms-and-conditions/ is a valid link
Jan 28,2022 11:51:47 [info]  https://www.facebook.com/Standardcharteredsg/ is a valid link
Jan 28,2022 11:51:47 [info]  https://twitter.com/StanChart is a valid link
Jan 28,2022 11:51:48 [info]  https://www.linkedin.com/company/standard-chartered-bank/ is a broken link]]>
  </system-out>
  <testcase classname="ParentClass" name="responseDimensionCheckBrokenImages" time="43.886"/>
  <system-out>
    <![CDATA[Jan 28,2022 11:51:52 [info]  Current window has been resized to the dimension of iPhone6 Or 7 Or 8: 375*375
Jan 28,2022 11:51:55 [info]  Clicked on the hamburger menu of mobile view
Jan 28,2022 11:51:55 [info]  Menu list is visible
Jan 28,2022 11:51:55 [info]  Menu list close button is clicked
Jan 28,2022 11:51:55 [info]  Menu list is closed successfully
Jan 28,2022 11:51:55 [info]  There are 44 url to be verified for broken links
Jan 28,2022 11:51:55 [info]  https://av.sc.com/sg/content/images/bonus-promo.jpg is a valid image
Jan 28,2022 11:51:55 [info]  https://av.sc.com/sg/content/images/sg-smart-credit-card-440x280-1.jpg is a valid image
Jan 28,2022 11:51:56 [info]  https://av.sc.com/sg/content/images/unlimited-cashback-card-1014x640.png is a valid image
Jan 28,2022 11:51:56 [info]  https://av.sc.com/sg/content/images/rewards-plus-440x-280.png is a valid image
Jan 28,2022 11:51:56 [info]  https://av.sc.com/sg/content/images/visa-infinite-credit-card-440x280.png is a valid image
Jan 28,2022 11:51:56 [info]  https://av.sc.com/sg/content/images/sg-priority-visa-infinite-440-280.png is a valid image
Jan 28,2022 11:51:56 [info]  https://av.sc.com/sg/content/images/X-card-440x280.png is a valid image
Jan 28,2022 11:51:56 [info]  https://av.sc.com/sg/content/images/sg-sapl-nav-290x-150y.jpg is a valid image
Jan 28,2022 11:51:56 [info]  https://av.sc.com/sg/content/images/sg-cashone-nav-350x-155y.jpg is a valid image
Jan 28,2022 11:51:56 [info]  https://av.sc.com/sg/content/images/SG_promotion_Podcast_300-x-200.jpg is a valid image
Jan 28,2022 11:51:56 [info]  https://av.sc.com/sg/content/images/sg-allianz-motor-protect-product-tile-300x150y.jpg is a valid image
Jan 28,2022 11:51:56 [info]  https://av.sc.com/sg/content/images/services-mobile.png is a valid image
Jan 28,2022 11:51:56 [info]  https://av.sc.com/sg/content/images/sg-smart-card-masthead-1600x-490y.jpg is a valid image
Jan 28,2022 11:51:56 [info]  https://av.sc.com/sg/content/images/sg-smart-card-masthead-mob-new-1200x-300y.png is a valid image
Jan 28,2022 11:51:56 [info]  https://av.sc.com/sg/content/images/sg-smart-card-pintile-400x400-1.jpeg is a valid image
Jan 28,2022 11:51:56 [info]  https://av.sc.com/sg/content/images/sg-fros-pintile-400x-400y.jpg is a valid image
Jan 28,2022 11:51:56 [info]  https://av.sc.com/sg/content/images/sg-new-insurance-masthead-1600x490-1.jpg is a valid image
Jan 28,2022 11:51:56 [info]  https://av.sc.com/sg/content/images/sg-sustainable-investing-masthead-550x200-1.jpeg is a valid image
Jan 28,2022 11:51:56 [info]  https://av.sc.com/sg/content/images/cashone-550x220px.jpg is a valid image
Jan 28,2022 11:51:56 [info]  https://av.sc.com/assets/global/images/modules/sc-remit/blank.gif is a valid image
Jan 28,2022 11:51:56 [info]  https://av.sc.com/assets/global/images/modules/sc-remit/blank.gif is a valid image
Jan 28,2022 11:51:56 [info]  https://av.sc.com/assets/global/images/modules/sc-remit/blank.gif is a valid image
Jan 28,2022 11:51:56 [info]  https://av.sc.com/assets/global/images/modules/sc-remit/blank.gif is a valid image
Jan 28,2022 11:51:56 [info]  https://av.sc.com/assets/global/images/modules/sc-remit/blank.gif is a valid image
Jan 28,2022 11:51:56 [info]  https://av.sc.com/assets/global/images/modules/sc-remit/blank.gif is a valid image
Jan 28,2022 11:51:56 [info]  https://av.sc.com/assets/global/images/modules/sc-remit/blank.gif is a valid image
Jan 28,2022 11:51:57 [info]  https://av.sc.com/assets/global/images/modules/sc-remit/blank.gif is a valid image
Jan 28,2022 11:51:57 [info]  https://av.sc.com/assets/global/images/modules/sc-remit/blank.gif is a valid image
Jan 28,2022 11:51:57 [info]  https://av.sc.com/assets/global/images/modules/sc-remit/blank.gif is a valid image
Jan 28,2022 11:51:57 [info]  https://av.sc.com/assets/global/images/modules/sc-remit/blank.gif is a valid image
Jan 28,2022 11:51:57 [info]  https://av.sc.com/assets/global/images/modules/sc-remit/blank.gif is a valid image
Jan 28,2022 11:51:57 [info]  https://av.sc.com/sg/content/images/charges-dark@2x.png is a valid image
Jan 28,2022 11:51:57 [info]  https://av.sc.com/sg/content/images/delivery-dark@2x.png is a valid image
Jan 28,2022 11:51:57 [info]  https://av.sc.com/sg/content/images/Digital_SCPRB37219_Website-Refresh_103726_V3-600x600.jpg is a valid image
Jan 28,2022 11:51:57 [info]  https://av.sc.com/sg/content/images/private-sg-segment.png is a valid image
Jan 28,2022 11:51:57 [info]  https://av.sc.com/sg/content/images/privatebanking-600x600.png is a valid image
Jan 28,2022 11:51:57 [info]  https://av.sc.com/sg/content/images/sg-home-page-wealth-pin-tile.png is a valid image
Jan 28,2022 11:51:57 [info]  https://av.sc.com/sg/content/images/retail_personal-1-600x600.jpg is a valid image
Jan 28,2022 11:51:57 [info]  https://av.sc.com/sg/content/images/IB-waterDrop-tile.jpg is a valid image
Jan 28,2022 11:51:57 [info]  https://av.sc.com/sg/content/images/business_product1600x1600-600x600.jpg is a valid image
Jan 28,2022 11:51:57 [info]  https://av.sc.com/sg/content/images/I-GRP4091s-2-600x600.jpg is a valid image
Jan 28,2022 11:51:57 [info]  https://av.sc.com/sg/content/images/segments_06.png is a valid image
Jan 28,2022 11:51:57 [info]  https://av.sc.com/sg/content/images/sg-market-view-on-the-go.png is a valid image
Jan 28,2022 11:51:57 [info]  https://av.sc.com/sg/content/images/sg-rtob-casa-900X490-kv.jpg is a valid image
Jan 28,2022 11:51:59 [info]  Current window has been resized to the dimension of iPhone6 Or 7 Or 8: 375*375
Jan 28,2022 11:52:02 [info]  Clicked on the hamburger menu of mobile view
Jan 28,2022 11:52:02 [info]  Menu list is visible
Jan 28,2022 11:52:03 [info]  Menu list close button is clicked
Jan 28,2022 11:52:03 [info]  Menu list is closed successfully
Jan 28,2022 11:52:03 [info]  There are 27 url to be verified for broken links
Jan 28,2022 11:52:03 [info]  https://av.sc.com/sg/content/images/bonus-promo.jpg is a valid image
Jan 28,2022 11:52:03 [info]  https://av.sc.com/sg/content/images/sg-smart-credit-card-440x280-1.jpg is a valid image
Jan 28,2022 11:52:03 [info]  https://av.sc.com/sg/content/images/unlimited-cashback-card-1014x640.png is a valid image
Jan 28,2022 11:52:03 [info]  https://av.sc.com/sg/content/images/rewards-plus-440x-280.png is a valid image
Jan 28,2022 11:52:03 [info]  https://av.sc.com/sg/content/images/visa-infinite-credit-card-440x280.png is a valid image
Jan 28,2022 11:52:03 [info]  https://av.sc.com/sg/content/images/sg-priority-visa-infinite-440-280.png is a valid image
Jan 28,2022 11:52:03 [info]  https://av.sc.com/sg/content/images/X-card-440x280.png is a valid image
Jan 28,2022 11:52:03 [info]  https://av.sc.com/sg/content/images/sg-sapl-nav-290x-150y.jpg is a valid image
Jan 28,2022 11:52:03 [info]  https://av.sc.com/sg/content/images/sg-cashone-nav-350x-155y.jpg is a valid image
Jan 28,2022 11:52:03 [info]  https://av.sc.com/sg/content/images/SG_promotion_Podcast_300-x-200.jpg is a valid image
Jan 28,2022 11:52:03 [info]  https://av.sc.com/sg/content/images/sg-allianz-motor-protect-product-tile-300x150y.jpg is a valid image
Jan 28,2022 11:52:03 [info]  https://av.sc.com/sg/content/images/services-mobile.png is a valid image
Jan 28,2022 11:52:03 [info]  https://av.sc.com/sg/content/images/sg-disney-dec-masthead-1600x-300y.jpeg is a valid image
Jan 28,2022 11:52:03 [info]  https://av.sc.com/sg/content/images/sg-credit-card-smart-tile.jpeg is a valid image
Jan 28,2022 11:52:03 [info]  https://av.sc.com/sg/content/images/Unlimited-Cashback-Credit-Card-636x636-600x600.jpg is a valid image
Jan 28,2022 11:52:03 [info]  https://av.sc.com/sg/content/images/sg-rewards-plus-credit-card-cardface-400X400.jpg is a valid image
Jan 28,2022 11:52:03 [info]  https://av.sc.com/sg/content/images/spree_credit-card.jpg is a valid image
Jan 28,2022 11:52:03 [info]  https://av.sc.com/sg/content/images/SC-Visa-Infinite-Card-636x636-600x600.jpg is a valid image
Jan 28,2022 11:52:03 [info]  https://av.sc.com/sg/content/images/Prudential-Platinum-Card-.jpg is a valid image
Jan 28,2022 11:52:03 [info]  https://av.sc.com/sg/content/images/Platinum-VisaMastercard-Credit-Card-636x636-600x600.jpg is a valid image
Jan 28,2022 11:52:03 [info]  https://av.sc.com/sg/content/images/Prudential-Visa-Signature-Card..jpg is a valid image
Jan 28,2022 11:52:04 [info]  https://av.sc.com/sg/content/images/NUS-Alumni-Platinum-Card-636x636-600x600.jpg is a valid image
Jan 28,2022 11:52:04 [info]  https://av.sc.com/sg/content/images/Business-Platinum-Card-636x636-600x600.jpg is a valid image
Jan 28,2022 11:52:04 [info]  https://av.sc.com/sg/content/images/Priority-Visa-Infinite-Credit-Card-636x636-600x600.jpg is a valid image
Jan 28,2022 11:52:04 [info]  https://av.sc.com/sg/content/images/MANHATTAN-World-Mastercard-636x636-600x600.jpg is a valid image
Jan 28,2022 11:52:04 [info]  https://av.sc.com/sg/content/images/MANHATTAN-World-Mastercard-636x636-600x600.jpg is a valid image
Jan 28,2022 11:52:04 [info]  https://av.sc.com/sg/content/images/X_credit_card.jpg is a valid image
Jan 28,2022 11:52:06 [info]  Current window has been resized to the dimension of iPhone6 Or 7 Or 8Plus: 414*414
Jan 28,2022 11:52:09 [info]  Clicked on the hamburger menu of mobile view
Jan 28,2022 11:52:09 [info]  Menu list is visible
Jan 28,2022 11:52:09 [info]  Menu list close button is clicked
Jan 28,2022 11:52:09 [info]  Menu list is closed successfully
Jan 28,2022 11:52:09 [info]  There are 44 url to be verified for broken links
Jan 28,2022 11:52:09 [info]  https://av.sc.com/sg/content/images/bonus-promo.jpg is a valid image
Jan 28,2022 11:52:09 [info]  https://av.sc.com/sg/content/images/sg-smart-credit-card-440x280-1.jpg is a valid image
Jan 28,2022 11:52:09 [info]  https://av.sc.com/sg/content/images/unlimited-cashback-card-1014x640.png is a valid image
Jan 28,2022 11:52:09 [info]  https://av.sc.com/sg/content/images/rewards-plus-440x-280.png is a valid image
Jan 28,2022 11:52:09 [info]  https://av.sc.com/sg/content/images/visa-infinite-credit-card-440x280.png is a valid image
Jan 28,2022 11:52:09 [info]  https://av.sc.com/sg/content/images/sg-priority-visa-infinite-440-280.png is a valid image
Jan 28,2022 11:52:09 [info]  https://av.sc.com/sg/content/images/X-card-440x280.png is a valid image
Jan 28,2022 11:52:09 [info]  https://av.sc.com/sg/content/images/sg-sapl-nav-290x-150y.jpg is a valid image
Jan 28,2022 11:52:09 [info]  https://av.sc.com/sg/content/images/sg-cashone-nav-350x-155y.jpg is a valid image
Jan 28,2022 11:52:09 [info]  https://av.sc.com/sg/content/images/SG_promotion_Podcast_300-x-200.jpg is a valid image
Jan 28,2022 11:52:09 [info]  https://av.sc.com/sg/content/images/sg-allianz-motor-protect-product-tile-300x150y.jpg is a valid image
Jan 28,2022 11:52:10 [info]  https://av.sc.com/sg/content/images/services-mobile.png is a valid image
Jan 28,2022 11:52:10 [info]  https://av.sc.com/sg/content/images/sg-smart-card-masthead-1600x-490y.jpg is a valid image
Jan 28,2022 11:52:10 [info]  https://av.sc.com/sg/content/images/sg-smart-card-masthead-mob-new-1200x-300y.png is a valid image
Jan 28,2022 11:52:10 [info]  https://av.sc.com/sg/content/images/sg-smart-card-pintile-400x400-1.jpeg is a valid image
Jan 28,2022 11:52:10 [info]  https://av.sc.com/sg/content/images/sg-fros-pintile-400x-400y.jpg is a valid image
Jan 28,2022 11:52:10 [info]  https://av.sc.com/sg/content/images/sg-new-insurance-masthead-1600x490-1.jpg is a valid image
Jan 28,2022 11:52:10 [info]  https://av.sc.com/sg/content/images/sg-sustainable-investing-masthead-550x200-1.jpeg is a valid image
Jan 28,2022 11:52:10 [info]  https://av.sc.com/sg/content/images/cashone-550x220px.jpg is a valid image
Jan 28,2022 11:52:10 [info]  https://av.sc.com/assets/global/images/modules/sc-remit/blank.gif is a valid image
Jan 28,2022 11:52:10 [info]  https://av.sc.com/assets/global/images/modules/sc-remit/blank.gif is a valid image
Jan 28,2022 11:52:10 [info]  https://av.sc.com/assets/global/images/modules/sc-remit/blank.gif is a valid image
Jan 28,2022 11:52:10 [info]  https://av.sc.com/assets/global/images/modules/sc-remit/blank.gif is a valid image
Jan 28,2022 11:52:10 [info]  https://av.sc.com/assets/global/images/modules/sc-remit/blank.gif is a valid image
Jan 28,2022 11:52:10 [info]  https://av.sc.com/assets/global/images/modules/sc-remit/blank.gif is a valid image
Jan 28,2022 11:52:10 [info]  https://av.sc.com/assets/global/images/modules/sc-remit/blank.gif is a valid image
Jan 28,2022 11:52:10 [info]  https://av.sc.com/assets/global/images/modules/sc-remit/blank.gif is a valid image
Jan 28,2022 11:52:10 [info]  https://av.sc.com/assets/global/images/modules/sc-remit/blank.gif is a valid image
Jan 28,2022 11:52:10 [info]  https://av.sc.com/assets/global/images/modules/sc-remit/blank.gif is a valid image
Jan 28,2022 11:52:10 [info]  https://av.sc.com/assets/global/images/modules/sc-remit/blank.gif is a valid image
Jan 28,2022 11:52:10 [info]  https://av.sc.com/assets/global/images/modules/sc-remit/blank.gif is a valid image
Jan 28,2022 11:52:10 [info]  https://av.sc.com/sg/content/images/charges-dark@2x.png is a valid image
Jan 28,2022 11:52:10 [info]  https://av.sc.com/sg/content/images/delivery-dark@2x.png is a valid image
Jan 28,2022 11:52:10 [info]  https://av.sc.com/sg/content/images/Digital_SCPRB37219_Website-Refresh_103726_V3-600x600.jpg is a valid image
Jan 28,2022 11:52:11 [info]  https://av.sc.com/sg/content/images/private-sg-segment.png is a valid image
Jan 28,2022 11:52:11 [info]  https://av.sc.com/sg/content/images/privatebanking-600x600.png is a valid image
Jan 28,2022 11:52:11 [info]  https://av.sc.com/sg/content/images/sg-home-page-wealth-pin-tile.png is a valid image
Jan 28,2022 11:52:11 [info]  https://av.sc.com/sg/content/images/retail_personal-1-600x600.jpg is a valid image
Jan 28,2022 11:52:11 [info]  https://av.sc.com/sg/content/images/IB-waterDrop-tile.jpg is a valid image
Jan 28,2022 11:52:11 [info]  https://av.sc.com/sg/content/images/business_product1600x1600-600x600.jpg is a valid image
Jan 28,2022 11:52:11 [info]  https://av.sc.com/sg/content/images/I-GRP4091s-2-600x600.jpg is a valid image
Jan 28,2022 11:52:11 [info]  https://av.sc.com/sg/content/images/segments_06.png is a valid image
Jan 28,2022 11:52:11 [info]  https://av.sc.com/sg/content/images/sg-market-view-on-the-go.png is a valid image
Jan 28,2022 11:52:11 [info]  https://av.sc.com/sg/content/images/sg-rtob-casa-900X490-kv.jpg is a valid image
Jan 28,2022 11:52:13 [info]  Current window has been resized to the dimension of iPhone6 Or 7 Or 8Plus: 414*414
Jan 28,2022 11:52:16 [info]  Clicked on the hamburger menu of mobile view
Jan 28,2022 11:52:16 [info]  Menu list is visible
Jan 28,2022 11:52:16 [info]  Menu list close button is clicked
Jan 28,2022 11:52:16 [info]  Menu list is closed successfully
Jan 28,2022 11:52:16 [info]  There are 27 url to be verified for broken links
Jan 28,2022 11:52:16 [info]  https://av.sc.com/sg/content/images/bonus-promo.jpg is a valid image
Jan 28,2022 11:52:16 [info]  https://av.sc.com/sg/content/images/sg-smart-credit-card-440x280-1.jpg is a valid image
Jan 28,2022 11:52:16 [info]  https://av.sc.com/sg/content/images/unlimited-cashback-card-1014x640.png is a valid image
Jan 28,2022 11:52:16 [info]  https://av.sc.com/sg/content/images/rewards-plus-440x-280.png is a valid image
Jan 28,2022 11:52:16 [info]  https://av.sc.com/sg/content/images/visa-infinite-credit-card-440x280.png is a valid image
Jan 28,2022 11:52:17 [info]  https://av.sc.com/sg/content/images/sg-priority-visa-infinite-440-280.png is a valid image
Jan 28,2022 11:52:17 [info]  https://av.sc.com/sg/content/images/X-card-440x280.png is a valid image
Jan 28,2022 11:52:17 [info]  https://av.sc.com/sg/content/images/sg-sapl-nav-290x-150y.jpg is a valid image
Jan 28,2022 11:52:17 [info]  https://av.sc.com/sg/content/images/sg-cashone-nav-350x-155y.jpg is a valid image
Jan 28,2022 11:52:17 [info]  https://av.sc.com/sg/content/images/SG_promotion_Podcast_300-x-200.jpg is a valid image
Jan 28,2022 11:52:17 [info]  https://av.sc.com/sg/content/images/sg-allianz-motor-protect-product-tile-300x150y.jpg is a valid image
Jan 28,2022 11:52:17 [info]  https://av.sc.com/sg/content/images/services-mobile.png is a valid image
Jan 28,2022 11:52:17 [info]  https://av.sc.com/sg/content/images/sg-disney-dec-masthead-1600x-300y.jpeg is a valid image
Jan 28,2022 11:52:17 [info]  https://av.sc.com/sg/content/images/sg-credit-card-smart-tile.jpeg is a valid image
Jan 28,2022 11:52:17 [info]  https://av.sc.com/sg/content/images/Unlimited-Cashback-Credit-Card-636x636-600x600.jpg is a valid image
Jan 28,2022 11:52:17 [info]  https://av.sc.com/sg/content/images/sg-rewards-plus-credit-card-cardface-400X400.jpg is a valid image
Jan 28,2022 11:52:17 [info]  https://av.sc.com/sg/content/images/spree_credit-card.jpg is a valid image
Jan 28,2022 11:52:17 [info]  https://av.sc.com/sg/content/images/SC-Visa-Infinite-Card-636x636-600x600.jpg is a valid image
Jan 28,2022 11:52:17 [info]  https://av.sc.com/sg/content/images/Prudential-Platinum-Card-.jpg is a valid image
Jan 28,2022 11:52:17 [info]  https://av.sc.com/sg/content/images/Platinum-VisaMastercard-Credit-Card-636x636-600x600.jpg is a valid image
Jan 28,2022 11:52:17 [info]  https://av.sc.com/sg/content/images/Prudential-Visa-Signature-Card..jpg is a valid image
Jan 28,2022 11:52:17 [info]  https://av.sc.com/sg/content/images/NUS-Alumni-Platinum-Card-636x636-600x600.jpg is a valid image
Jan 28,2022 11:52:17 [info]  https://av.sc.com/sg/content/images/Business-Platinum-Card-636x636-600x600.jpg is a valid image
Jan 28,2022 11:52:17 [info]  https://av.sc.com/sg/content/images/Priority-Visa-Infinite-Credit-Card-636x636-600x600.jpg is a valid image
Jan 28,2022 11:52:17 [info]  https://av.sc.com/sg/content/images/MANHATTAN-World-Mastercard-636x636-600x600.jpg is a valid image
Jan 28,2022 11:52:17 [info]  https://av.sc.com/sg/content/images/MANHATTAN-World-Mastercard-636x636-600x600.jpg is a valid image
Jan 28,2022 11:52:17 [info]  https://av.sc.com/sg/content/images/X_credit_card.jpg is a valid image
Jan 28,2022 11:52:20 [info]  Current window has been resized to the dimension of iPhone5 Or SE: 320*320
Jan 28,2022 11:52:23 [info]  Clicked on the hamburger menu of mobile view
Jan 28,2022 11:52:23 [info]  Menu list is visible
Jan 28,2022 11:52:24 [info]  Menu list close button is clicked
Jan 28,2022 11:52:24 [info]  Menu list is closed successfully
Jan 28,2022 11:52:24 [info]  There are 44 url to be verified for broken links
Jan 28,2022 11:52:24 [info]  https://av.sc.com/sg/content/images/bonus-promo.jpg is a valid image
Jan 28,2022 11:52:24 [info]  https://av.sc.com/sg/content/images/sg-smart-credit-card-440x280-1.jpg is a valid image
Jan 28,2022 11:52:24 [info]  https://av.sc.com/sg/content/images/unlimited-cashback-card-1014x640.png is a valid image
Jan 28,2022 11:52:24 [info]  https://av.sc.com/sg/content/images/rewards-plus-440x-280.png is a valid image
Jan 28,2022 11:52:24 [info]  https://av.sc.com/sg/content/images/visa-infinite-credit-card-440x280.png is a valid image
Jan 28,2022 11:52:24 [info]  https://av.sc.com/sg/content/images/sg-priority-visa-infinite-440-280.png is a valid image
Jan 28,2022 11:52:24 [info]  https://av.sc.com/sg/content/images/X-card-440x280.png is a valid image
Jan 28,2022 11:52:24 [info]  https://av.sc.com/sg/content/images/sg-sapl-nav-290x-150y.jpg is a valid image
Jan 28,2022 11:52:24 [info]  https://av.sc.com/sg/content/images/sg-cashone-nav-350x-155y.jpg is a valid image
Jan 28,2022 11:52:24 [info]  https://av.sc.com/sg/content/images/SG_promotion_Podcast_300-x-200.jpg is a valid image
Jan 28,2022 11:52:24 [info]  https://av.sc.com/sg/content/images/sg-allianz-motor-protect-product-tile-300x150y.jpg is a valid image
Jan 28,2022 11:52:24 [info]  https://av.sc.com/sg/content/images/services-mobile.png is a valid image
Jan 28,2022 11:52:24 [info]  https://av.sc.com/sg/content/images/sg-smart-card-masthead-1600x-490y.jpg is a valid image
Jan 28,2022 11:52:24 [info]  https://av.sc.com/sg/content/images/sg-smart-card-masthead-mob-new-1200x-300y.png is a valid image
Jan 28,2022 11:52:24 [info]  https://av.sc.com/sg/content/images/sg-smart-card-pintile-400x400-1.jpeg is a valid image
Jan 28,2022 11:52:24 [info]  https://av.sc.com/sg/content/images/sg-fros-pintile-400x-400y.jpg is a valid image
Jan 28,2022 11:52:24 [info]  https://av.sc.com/sg/content/images/sg-new-insurance-masthead-1600x490-1.jpg is a valid image
Jan 28,2022 11:52:24 [info]  https://av.sc.com/sg/content/images/sg-sustainable-investing-masthead-550x200-1.jpeg is a valid image
Jan 28,2022 11:52:24 [info]  https://av.sc.com/sg/content/images/cashone-550x220px.jpg is a valid image
Jan 28,2022 11:52:25 [info]  https://av.sc.com/assets/global/images/modules/sc-remit/blank.gif is a valid image
Jan 28,2022 11:52:25 [info]  https://av.sc.com/assets/global/images/modules/sc-remit/blank.gif is a valid image
Jan 28,2022 11:52:25 [info]  https://av.sc.com/assets/global/images/modules/sc-remit/blank.gif is a valid image
Jan 28,2022 11:52:25 [info]  https://av.sc.com/assets/global/images/modules/sc-remit/blank.gif is a valid image
Jan 28,2022 11:52:25 [info]  https://av.sc.com/assets/global/images/modules/sc-remit/blank.gif is a valid image
Jan 28,2022 11:52:25 [info]  https://av.sc.com/assets/global/images/modules/sc-remit/blank.gif is a valid image
Jan 28,2022 11:52:25 [info]  https://av.sc.com/assets/global/images/modules/sc-remit/blank.gif is a valid image
Jan 28,2022 11:52:25 [info]  https://av.sc.com/assets/global/images/modules/sc-remit/blank.gif is a valid image
Jan 28,2022 11:52:25 [info]  https://av.sc.com/assets/global/images/modules/sc-remit/blank.gif is a valid image
Jan 28,2022 11:52:25 [info]  https://av.sc.com/assets/global/images/modules/sc-remit/blank.gif is a valid image
Jan 28,2022 11:52:25 [info]  https://av.sc.com/assets/global/images/modules/sc-remit/blank.gif is a valid image
Jan 28,2022 11:52:25 [info]  https://av.sc.com/assets/global/images/modules/sc-remit/blank.gif is a valid image
Jan 28,2022 11:52:25 [info]  https://av.sc.com/sg/content/images/charges-dark@2x.png is a valid image
Jan 28,2022 11:52:25 [info]  https://av.sc.com/sg/content/images/delivery-dark@2x.png is a valid image
Jan 28,2022 11:52:25 [info]  https://av.sc.com/sg/content/images/Digital_SCPRB37219_Website-Refresh_103726_V3-600x600.jpg is a valid image
Jan 28,2022 11:52:25 [info]  https://av.sc.com/sg/content/images/private-sg-segment.png is a valid image
Jan 28,2022 11:52:25 [info]  https://av.sc.com/sg/content/images/privatebanking-600x600.png is a valid image
Jan 28,2022 11:52:25 [info]  https://av.sc.com/sg/content/images/sg-home-page-wealth-pin-tile.png is a valid image
Jan 28,2022 11:52:25 [info]  https://av.sc.com/sg/content/images/retail_personal-1-600x600.jpg is a valid image
Jan 28,2022 11:52:25 [info]  https://av.sc.com/sg/content/images/IB-waterDrop-tile.jpg is a valid image
Jan 28,2022 11:52:25 [info]  https://av.sc.com/sg/content/images/business_product1600x1600-600x600.jpg is a valid image
Jan 28,2022 11:52:25 [info]  https://av.sc.com/sg/content/images/I-GRP4091s-2-600x600.jpg is a valid image
Jan 28,2022 11:52:25 [info]  https://av.sc.com/sg/content/images/segments_06.png is a valid image
Jan 28,2022 11:52:26 [info]  https://av.sc.com/sg/content/images/sg-market-view-on-the-go.png is a valid image
Jan 28,2022 11:52:26 [info]  https://av.sc.com/sg/content/images/sg-rtob-casa-900X490-kv.jpg is a valid image
Jan 28,2022 11:52:27 [info]  Current window has been resized to the dimension of iPhone5 Or SE: 320*320
Jan 28,2022 11:52:30 [info]  Clicked on the hamburger menu of mobile view
Jan 28,2022 11:52:30 [info]  Menu list is visible
Jan 28,2022 11:52:30 [info]  Menu list close button is clicked
Jan 28,2022 11:52:30 [info]  Menu list is closed successfully
Jan 28,2022 11:52:30 [info]  There are 27 url to be verified for broken links
Jan 28,2022 11:52:31 [info]  https://av.sc.com/sg/content/images/bonus-promo.jpg is a valid image
Jan 28,2022 11:52:31 [info]  https://av.sc.com/sg/content/images/sg-smart-credit-card-440x280-1.jpg is a valid image
Jan 28,2022 11:52:31 [info]  https://av.sc.com/sg/content/images/unlimited-cashback-card-1014x640.png is a valid image
Jan 28,2022 11:52:31 [info]  https://av.sc.com/sg/content/images/rewards-plus-440x-280.png is a valid image
Jan 28,2022 11:52:31 [info]  https://av.sc.com/sg/content/images/visa-infinite-credit-card-440x280.png is a valid image
Jan 28,2022 11:52:31 [info]  https://av.sc.com/sg/content/images/sg-priority-visa-infinite-440-280.png is a valid image
Jan 28,2022 11:52:31 [info]  https://av.sc.com/sg/content/images/X-card-440x280.png is a valid image
Jan 28,2022 11:52:31 [info]  https://av.sc.com/sg/content/images/sg-sapl-nav-290x-150y.jpg is a valid image
Jan 28,2022 11:52:31 [info]  https://av.sc.com/sg/content/images/sg-cashone-nav-350x-155y.jpg is a valid image
Jan 28,2022 11:52:31 [info]  https://av.sc.com/sg/content/images/SG_promotion_Podcast_300-x-200.jpg is a valid image
Jan 28,2022 11:52:31 [info]  https://av.sc.com/sg/content/images/sg-allianz-motor-protect-product-tile-300x150y.jpg is a valid image
Jan 28,2022 11:52:31 [info]  https://av.sc.com/sg/content/images/services-mobile.png is a valid image
Jan 28,2022 11:52:31 [info]  https://av.sc.com/sg/content/images/sg-disney-dec-masthead-1600x-300y.jpeg is a valid image
Jan 28,2022 11:52:31 [info]  https://av.sc.com/sg/content/images/sg-credit-card-smart-tile.jpeg is a valid image
Jan 28,2022 11:52:31 [info]  https://av.sc.com/sg/content/images/Unlimited-Cashback-Credit-Card-636x636-600x600.jpg is a valid image
Jan 28,2022 11:52:31 [info]  https://av.sc.com/sg/content/images/sg-rewards-plus-credit-card-cardface-400X400.jpg is a valid image
Jan 28,2022 11:52:31 [info]  https://av.sc.com/sg/content/images/spree_credit-card.jpg is a valid image
Jan 28,2022 11:52:31 [info]  https://av.sc.com/sg/content/images/SC-Visa-Infinite-Card-636x636-600x600.jpg is a valid image
Jan 28,2022 11:52:31 [info]  https://av.sc.com/sg/content/images/Prudential-Platinum-Card-.jpg is a valid image
Jan 28,2022 11:52:31 [info]  https://av.sc.com/sg/content/images/Platinum-VisaMastercard-Credit-Card-636x636-600x600.jpg is a valid image
Jan 28,2022 11:52:32 [info]  https://av.sc.com/sg/content/images/Prudential-Visa-Signature-Card..jpg is a valid image
Jan 28,2022 11:52:32 [info]  https://av.sc.com/sg/content/images/NUS-Alumni-Platinum-Card-636x636-600x600.jpg is a valid image
Jan 28,2022 11:52:32 [info]  https://av.sc.com/sg/content/images/Business-Platinum-Card-636x636-600x600.jpg is a valid image
Jan 28,2022 11:52:32 [info]  https://av.sc.com/sg/content/images/Priority-Visa-Infinite-Credit-Card-636x636-600x600.jpg is a valid image
Jan 28,2022 11:52:32 [info]  https://av.sc.com/sg/content/images/MANHATTAN-World-Mastercard-636x636-600x600.jpg is a valid image
Jan 28,2022 11:52:32 [info]  https://av.sc.com/sg/content/images/MANHATTAN-World-Mastercard-636x636-600x600.jpg is a valid image
Jan 28,2022 11:52:32 [info]  https://av.sc.com/sg/content/images/X_credit_card.jpg is a valid image]]>
  </system-out>
  <testcase classname="ParentClass" name="consoleLogsCheck" time="40.694"/>
  <system-out>
    <![CDATA[Jan 28,2022 11:52:34 [info]  There are 266 hyperlinks
Jan 28,2022 11:52:36 [info]  Navigated to the new URL: https://www.sc.com/sg/
Jan 28,2022 11:52:36 [info]  Found error in logs for this url: https://www.googletagmanager.com/gtm.js?id=GTM-P3BPFN7&l=dataLayer 73 Unrecognized feature: 'attribution-reporting'.
Jan 28,2022 11:52:36 [info]  Found error in logs for this url: https://www.googletagmanager.com/gtm.js?id=GTM-P3BPFN7&l=dataLayer 73 Unrecognized feature: 'conversion-measurement'.
Jan 28,2022 11:52:36 [info]  Found error in logs for this url: https://www.googletagmanager.com/gtm.js?id=GTM-P3BPFN7&l=dataLayer 73 Unrecognized feature: 'attribution-reporting'.
Jan 28,2022 11:52:36 [info]  Found error in logs for this url: https://www.googletagmanager.com/gtm.js?id=GTM-P3BPFN7&l=dataLayer 73 Unrecognized feature: 'conversion-measurement'.
Jan 28,2022 11:52:36 [info]  Found error in logs for this url: https://4933917.fls.doubleclick.net/activityi;dc_pre=CNP8ydDl0_UCFWdBnQkdB1AH1g;src=4933917;type=scbsg;cat=sglands;ord=5297650381006;gtm=2wg1q0;auiddc=319933692.1643350487;u1=%2Fsg%2F;u2=undefined;u3=undefined;u9=sg;u5=undefined;~oref=https%3A%2F%2Fwww.sc.com%2Fsg%2F? 16 Refused to execute inline script because it violates the following Content Security Policy directive: "script-src 'none'". Either the 'unsafe-inline' keyword, a hash ('sha256-U7xJz1aUAxHVwomnMkQXiPNrFLpP8htRy9tvosxKv4w='), or a nonce ('nonce-...') is required to enable inline execution.

Jan 28,2022 11:52:36 [info]  Found error in logs for this url: https://4933917.fls.doubleclick.net/activityi;dc_pre=CIX6ydDl0_UCFQQfjwod9qQKDg;src=4933917;type=remar0;cat=stanc0;ord=6415460242510;gtm=2wg1q0;auiddc=319933692.1643350487;u1=%2Fsg%2F;~oref=https%3A%2F%2Fwww.sc.com%2Fsg%2F? 0 Refused to execute inline script because it violates the following Content Security Policy directive: "script-src 'none'". Either the 'unsafe-inline' keyword, a hash ('sha256-AfcggJl5oiFKi9hzc/K8iFxNPkTWv7zpkRVU5Jb3Hcc='), or a nonce ('nonce-...') is required to enable inline execution.

Jan 28,2022 11:52:36 [info]  Found error in logs for this url: https://av.sc.com/assets/global/adobe/production/5e4ae16ab23e/2be1a655bb44/launch-5d0b74b28d2b.min.js 12:2713 "?" "container.buildInfo.environment is deprecated.Please use `container.environment.stage` instead"
Jan 28,2022 11:52:36 [info]  Found error in logs for this url: https://av.sc.com/assets/global/adobe/production/5e4ae16ab23e/2be1a655bb44/launch-5d0b74b28d2b.min.js 1:27118 "AT:" "metric element not found" Object
Jan 28,2022 11:52:36 [info]  Found error in logs for this url: https://av.sc.com/assets/global/adobe/production/5e4ae16ab23e/2be1a655bb44/launch-5d0b74b28d2b.min.js 1:27118 "AT:" "metric element not found" Object
Jan 28,2022 11:52:36 [info]  Found error in logs for this url: https://av.sc.com/assets/global/adobe/production/5e4ae16ab23e/2be1a655bb44/launch-5d0b74b28d2b.min.js 1:27118 "AT:" "metric element not found" Object
Jan 28,2022 11:52:36 [info]  Found error in logs for this url: https://av.sc.com/assets/global/adobe/production/5e4ae16ab23e/2be1a655bb44/launch-5d0b74b28d2b.min.js 1:27118 "AT:" "metric element not found" Object
Jan 28,2022 11:52:36 [info]  Found error in logs for this url: https://av.sc.com/assets/global/adobe/production/5e4ae16ab23e/2be1a655bb44/launch-5d0b74b28d2b.min.js 1:27118 "AT:" "metric element not found" Object
Jan 28,2022 11:52:36 [info]  Found error in logs for this url: https://av.sc.com/assets/global/adobe/production/5e4ae16ab23e/2be1a655bb44/launch-5d0b74b28d2b.min.js 1:27118 "AT:" "metric element not found" Object
Jan 28,2022 11:52:36 [info]  Found error in logs for this url: https://www.googletagmanager.com/gtm.js?id=GTM-P3BPFN7&l=dataLayer 73 Unrecognized feature: 'attribution-reporting'.
Jan 28,2022 11:52:36 [info]  Found error in logs for this url: https://www.googletagmanager.com/gtm.js?id=GTM-P3BPFN7&l=dataLayer 73 Unrecognized feature: 'conversion-measurement'.
Jan 28,2022 11:52:36 [info]  Found error in logs for this url: https://www.googletagmanager.com/gtm.js?id=GTM-P3BPFN7&l=dataLayer 73 Unrecognized feature: 'attribution-reporting'.
Jan 28,2022 11:52:36 [info]  Found error in logs for this url: https://www.googletagmanager.com/gtm.js?id=GTM-P3BPFN7&l=dataLayer 73 Unrecognized feature: 'conversion-measurement'.
Jan 28,2022 11:52:36 [info]  Found error in logs for this url: https://www.googleadservices.com/pagead/conversion_async.js 71 Unrecognized feature: 'attribution-reporting'.
Jan 28,2022 11:52:36 [info]  Found error in logs for this url: https://4933917.fls.doubleclick.net/activityi;dc_pre=CNC25YDm0_UCFWhCnQkdZkQBdA;src=4933917;type=remar0;cat=stanc0;ord=8345077206421;gtm=2wg1q0;auiddc=319933692.1643350487;u1=%2Fsg%2Fcredit-cards%2F;~oref=https%3A%2F%2Fwww.sc.com%2Fsg%2Fcredit-cards%2F? 0 Refused to execute inline script because it violates the following Content Security Policy directive: "script-src 'none'". Either the 'unsafe-inline' keyword, a hash ('sha256-AfcggJl5oiFKi9hzc/K8iFxNPkTWv7zpkRVU5Jb3Hcc='), or a nonce ('nonce-...') is required to enable inline execution.

Jan 28,2022 11:52:36 [info]  Found error in logs for this url: https://4933917.fls.doubleclick.net/activityi;dc_pre=CKij74Dm0_UCFQpifQod06wGCQ;src=4933917;type=scbsg;cat=sglands;ord=1982187946587;gtm=2wg1q0;auiddc=319933692.1643350487;u1=%2Fsg%2Fcredit-cards%2F;u2=credit-cards;u3=;u9=sg;u5=;~oref=https%3A%2F%2Fwww.sc.com%2Fsg%2Fcredit-cards%2F? 16 Refused to execute inline script because it violates the following Content Security Policy directive: "script-src 'none'". Either the 'unsafe-inline' keyword, a hash ('sha256-duhUvaZGFoVwHLN1qPepQkfAK2EQRLcjznszUn5mzbw='), or a nonce ('nonce-...') is required to enable inline execution.

Jan 28,2022 11:52:36 [info]  Found error in logs for this url: https://av.sc.com/assets/global/adobe/production/5e4ae16ab23e/2be1a655bb44/launch-5d0b74b28d2b.min.js 12:2713 "?" "container.buildInfo.environment is deprecated.Please use `container.environment.stage` instead"
Jan 28,2022 11:52:36 [info]  Found error in logs for this url: https://av.sc.com/assets/global/adobe/production/5e4ae16ab23e/2be1a655bb44/launch-5d0b74b28d2b.min.js 1:27118 "AT:" "metric element not found" Object
Jan 28,2022 11:52:36 [info]  Found error in logs for this url: https://av.sc.com/assets/global/adobe/production/5e4ae16ab23e/2be1a655bb44/launch-5d0b74b28d2b.min.js 1:27118 "AT:" "metric element not found" Object
Jan 28,2022 11:52:36 [info]  Found error in logs for this url: https://av.sc.com/assets/global/adobe/production/5e4ae16ab23e/2be1a655bb44/launch-5d0b74b28d2b.min.js 1:27118 "AT:" "metric element not found" Object
Jan 28,2022 11:52:36 [info]  Found error in logs for this url: https://av.sc.com/assets/global/adobe/production/5e4ae16ab23e/2be1a655bb44/launch-5d0b74b28d2b.min.js 1:27118 "AT:" "metric element not found" Object
Jan 28,2022 11:52:36 [info]  Found error in logs for this url: https://av.sc.com/assets/global/adobe/production/5e4ae16ab23e/2be1a655bb44/launch-5d0b74b28d2b.min.js 1:27118 "AT:" "metric element not found" Object
Jan 28,2022 11:52:36 [info]  Found error in logs for this url: https://av.sc.com/assets/global/adobe/production/5e4ae16ab23e/2be1a655bb44/launch-5d0b74b28d2b.min.js 1:27118 "AT:" "metric element not found" Object
Jan 28,2022 11:52:36 [info]  Found error in logs for this url: https://av.sc.com/assets/global/adobe/production/5e4ae16ab23e/2be1a655bb44/launch-5d0b74b28d2b.min.js 1:27118 "AT:" "metric element not found" Object
Jan 28,2022 11:52:36 [info]  Found error in logs for this url: https://av.sc.com/assets/global/adobe/production/5e4ae16ab23e/2be1a655bb44/launch-5d0b74b28d2b.min.js 1:27118 "AT:" "metric element not found" Object
Jan 28,2022 11:52:36 [info]  Found error in logs for this url: https://av.sc.com/assets/global/adobe/production/5e4ae16ab23e/2be1a655bb44/launch-5d0b74b28d2b.min.js 1:27118 "AT:" "metric element not found" Object
Jan 28,2022 11:52:36 [info]  Found error in logs for this url: https://av.sc.com/assets/global/adobe/production/5e4ae16ab23e/2be1a655bb44/launch-5d0b74b28d2b.min.js 1:27118 "AT:" "metric element not found" Object
Jan 28,2022 11:52:36 [info]  Found error in logs for this url: https://av.sc.com/assets/global/adobe/production/5e4ae16ab23e/2be1a655bb44/launch-5d0b74b28d2b.min.js 1:27118 "AT:" "metric element not found" Object
Jan 28,2022 11:52:36 [info]  Found error in logs for this url: https://av.sc.com/assets/global/adobe/production/5e4ae16ab23e/2be1a655bb44/launch-5d0b74b28d2b.min.js 1:27118 "AT:" "metric element not found" Object
Jan 28,2022 11:52:36 [info]  Found error in logs for this url: https://av.sc.com/assets/global/adobe/production/5e4ae16ab23e/2be1a655bb44/launch-5d0b74b28d2b.min.js 1:27118 "AT:" "metric element not found" Object
Jan 28,2022 11:52:36 [info]  Found error in logs for this url: https://av.sc.com/assets/global/adobe/production/5e4ae16ab23e/2be1a655bb44/launch-5d0b74b28d2b.min.js 1:27118 "AT:" "metric element not found" Object
Jan 28,2022 11:52:36 [info]  Found error in logs for this url: https://av.sc.com/assets/global/adobe/production/5e4ae16ab23e/2be1a655bb44/launch-5d0b74b28d2b.min.js 1:27118 "AT:" "metric element not found" Object
Jan 28,2022 11:52:36 [info]  Found error in logs for this url: https://av.sc.com/assets/global/adobe/production/5e4ae16ab23e/2be1a655bb44/launch-5d0b74b28d2b.min.js 1:27118 "AT:" "metric element not found" Object
Jan 28,2022 11:52:36 [info]  Found error in logs for this url: https://www.googletagmanager.com/gtm.js?id=GTM-P3BPFN7&l=dataLayer 73 Unrecognized feature: 'attribution-reporting'.
Jan 28,2022 11:52:36 [info]  Found error in logs for this url: https://www.googletagmanager.com/gtm.js?id=GTM-P3BPFN7&l=dataLayer 73 Unrecognized feature: 'conversion-measurement'.
Jan 28,2022 11:52:36 [info]  Found error in logs for this url: https://www.googletagmanager.com/gtm.js?id=GTM-P3BPFN7&l=dataLayer 73 Unrecognized feature: 'attribution-reporting'.
Jan 28,2022 11:52:36 [info]  Found error in logs for this url: https://www.googletagmanager.com/gtm.js?id=GTM-P3BPFN7&l=dataLayer 73 Unrecognized feature: 'conversion-measurement'.
Jan 28,2022 11:52:36 [info]  Found error in logs for this url: https://4933917.fls.doubleclick.net/activityi;dc_pre=CMDYjZ3m0_UCFRz3jwodDz4NSQ;src=4933917;type=remar0;cat=stanc0;ord=666328064449;gtm=2wg1q0;auiddc=319933692.1643350487;u1=%2Fsg%2F;~oref=https%3A%2F%2Fwww.sc.com%2Fsg%2F? 0 Refused to execute inline script because it violates the following Content Security Policy directive: "script-src 'none'". Either the 'unsafe-inline' keyword, a hash ('sha256-AfcggJl5oiFKi9hzc/K8iFxNPkTWv7zpkRVU5Jb3Hcc='), or a nonce ('nonce-...') is required to enable inline execution.

Jan 28,2022 11:52:36 [info]  Found error in logs for this url: https://4933917.fls.doubleclick.net/activityi;dc_pre=CJndjZ3m0_UCFUqBcAod78QF4w;src=4933917;type=scbsg;cat=sglands;ord=4172259657738;gtm=2wg1q0;auiddc=319933692.1643350487;u1=%2Fsg%2F;u2=undefined;u3=undefined;u9=sg;u5=undefined;~oref=https%3A%2F%2Fwww.sc.com%2Fsg%2F? 16 Refused to execute inline script because it violates the following Content Security Policy directive: "script-src 'none'". Either the 'unsafe-inline' keyword, a hash ('sha256-U7xJz1aUAxHVwomnMkQXiPNrFLpP8htRy9tvosxKv4w='), or a nonce ('nonce-...') is required to enable inline execution.

Jan 28,2022 11:52:36 [info]  Found error in logs for this url: https://av.sc.com/assets/global/adobe/production/5e4ae16ab23e/2be1a655bb44/launch-5d0b74b28d2b.min.js 12:2713 "?" "container.buildInfo.environment is deprecated.Please use `container.environment.stage` instead"
Jan 28,2022 11:52:36 [info]  Found error in logs for this url: https://av.sc.com/assets/global/adobe/production/5e4ae16ab23e/2be1a655bb44/launch-5d0b74b28d2b.min.js 1:27118 "AT:" "metric element not found" Object
Jan 28,2022 11:52:36 [info]  Found error in logs for this url: https://www.googletagmanager.com/gtm.js?id=GTM-P3BPFN7&l=dataLayer 73 Unrecognized feature: 'attribution-reporting'.
Jan 28,2022 11:52:36 [info]  Found error in logs for this url: https://www.googletagmanager.com/gtm.js?id=GTM-P3BPFN7&l=dataLayer 73 Unrecognized feature: 'conversion-measurement'.
Jan 28,2022 11:52:36 [info]  Found error in logs for this url: https://www.googletagmanager.com/gtm.js?id=GTM-P3BPFN7&l=dataLayer 73 Unrecognized feature: 'attribution-reporting'.
Jan 28,2022 11:52:36 [info]  Found error in logs for this url: https://www.googletagmanager.com/gtm.js?id=GTM-P3BPFN7&l=dataLayer 73 Unrecognized feature: 'conversion-measurement'.
Jan 28,2022 11:52:36 [info]  Found error in logs for this url: https://www.googleadservices.com/pagead/conversion_async.js 71 Unrecognized feature: 'attribution-reporting'.
Jan 28,2022 11:52:36 [info]  Found error in logs for this url: https://4933917.fls.doubleclick.net/activityi;dc_pre=CLLU8aDm0_UCFR5pjwodL6MLBQ;src=4933917;type=scbsg;cat=sglands;ord=216255915646;gtm=2wg1q0;auiddc=319933692.1643350487;u1=%2Fsg%2Fcredit-cards%2F;u2=credit-cards;u3=;u9=sg;u5=;~oref=https%3A%2F%2Fwww.sc.com%2Fsg%2Fcredit-cards%2F? 16 Refused to execute inline script because it violates the following Content Security Policy directive: "script-src 'none'". Either the 'unsafe-inline' keyword, a hash ('sha256-duhUvaZGFoVwHLN1qPepQkfAK2EQRLcjznszUn5mzbw='), or a nonce ('nonce-...') is required to enable inline execution.

Jan 28,2022 11:52:36 [info]  Found error in logs for this url: https://4933917.fls.doubleclick.net/activityi;dc_pre=CN-f8aDm0_UCFUtHjwoddsECHA;src=4933917;type=remar0;cat=stanc0;ord=3845101394855;gtm=2wg1q0;auiddc=319933692.1643350487;u1=%2Fsg%2Fcredit-cards%2F;~oref=https%3A%2F%2Fwww.sc.com%2Fsg%2Fcredit-cards%2F? 0 Refused to execute inline script because it violates the following Content Security Policy directive: "script-src 'none'". Either the 'unsafe-inline' keyword, a hash ('sha256-AfcggJl5oiFKi9hzc/K8iFxNPkTWv7zpkRVU5Jb3Hcc='), or a nonce ('nonce-...') is required to enable inline execution.

Jan 28,2022 11:52:36 [info]  Found error in logs for this url: https://av.sc.com/assets/global/adobe/production/5e4ae16ab23e/2be1a655bb44/launch-5d0b74b28d2b.min.js 12:2713 "?" "container.buildInfo.environment is deprecated.Please use `container.environment.stage` instead"
Jan 28,2022 11:52:36 [info]  Found error in logs for this url: https://www.googletagmanager.com/gtm.js?id=GTM-P3BPFN7&l=dataLayer 73 Unrecognized feature: 'attribution-reporting'.
Jan 28,2022 11:52:36 [info]  Found error in logs for this url: https://www.googletagmanager.com/gtm.js?id=GTM-P3BPFN7&l=dataLayer 73 Unrecognized feature: 'conversion-measurement'.
Jan 28,2022 11:52:36 [info]  Found error in logs for this url: https://www.googletagmanager.com/gtm.js?id=GTM-P3BPFN7&l=dataLayer 73 Unrecognized feature: 'attribution-reporting'.
Jan 28,2022 11:52:36 [info]  Found error in logs for this url: https://www.googletagmanager.com/gtm.js?id=GTM-P3BPFN7&l=dataLayer 73 Unrecognized feature: 'conversion-measurement'.
Jan 28,2022 11:52:36 [info]  Found error in logs for this url: https://4933917.fls.doubleclick.net/activityi;dc_pre=CN_h46Lm0_UCFYm7jwod5kQMSA;src=4933917;type=remar0;cat=stanc0;ord=7091422306552;gtm=2wg1q0;auiddc=319933692.1643350487;u1=%2Fsg%2F;~oref=https%3A%2F%2Fwww.sc.com%2Fsg%2F? 0 Refused to execute inline script because it violates the following Content Security Policy directive: "script-src 'none'". Either the 'unsafe-inline' keyword, a hash ('sha256-AfcggJl5oiFKi9hzc/K8iFxNPkTWv7zpkRVU5Jb3Hcc='), or a nonce ('nonce-...') is required to enable inline execution.

Jan 28,2022 11:52:36 [info]  Found error in logs for this url: https://4933917.fls.doubleclick.net/activityi;dc_pre=COSy5aLm0_UCFVAkjwodm_0Fkg;src=4933917;type=scbsg;cat=sglands;ord=1042864413134;gtm=2wg1q0;auiddc=319933692.1643350487;u1=%2Fsg%2F;u2=undefined;u3=undefined;u9=sg;u5=undefined;~oref=https%3A%2F%2Fwww.sc.com%2Fsg%2F? 16 Refused to execute inline script because it violates the following Content Security Policy directive: "script-src 'none'". Either the 'unsafe-inline' keyword, a hash ('sha256-U7xJz1aUAxHVwomnMkQXiPNrFLpP8htRy9tvosxKv4w='), or a nonce ('nonce-...') is required to enable inline execution.

Jan 28,2022 11:52:36 [info]  Found error in logs for this url: https://av.sc.com/assets/global/adobe/production/5e4ae16ab23e/2be1a655bb44/launch-5d0b74b28d2b.min.js 12:2713 "?" "container.buildInfo.environment is deprecated.Please use `container.environment.stage` instead"
Jan 28,2022 11:52:36 [info]  Found error in logs for this url: https://av.sc.com/assets/global/adobe/production/5e4ae16ab23e/2be1a655bb44/launch-5d0b74b28d2b.min.js 1:27118 "AT:" "metric element not found" Object
Jan 28,2022 11:52:36 [info]  Found error in logs for this url: https://www.googletagmanager.com/gtm.js?id=GTM-P3BPFN7&l=dataLayer 73 Unrecognized feature: 'attribution-reporting'.
Jan 28,2022 11:52:36 [info]  Found error in logs for this url: https://www.googletagmanager.com/gtm.js?id=GTM-P3BPFN7&l=dataLayer 73 Unrecognized feature: 'conversion-measurement'.
Jan 28,2022 11:52:36 [info]  Found error in logs for this url: https://www.googletagmanager.com/gtm.js?id=GTM-P3BPFN7&l=dataLayer 73 Unrecognized feature: 'attribution-reporting'.
Jan 28,2022 11:52:36 [info]  Found error in logs for this url: https://www.googletagmanager.com/gtm.js?id=GTM-P3BPFN7&l=dataLayer 73 Unrecognized feature: 'conversion-measurement'.
Jan 28,2022 11:52:36 [info]  Found error in logs for this url: https://www.googleadservices.com/pagead/conversion_async.js 71 Unrecognized feature: 'attribution-reporting'.
Jan 28,2022 11:52:36 [info]  Found error in logs for this url: https://4933917.fls.doubleclick.net/activityi;dc_pre=CNfC9bbm0_UCFfyT2AUd73AFSQ;src=4933917;type=remar0;cat=stanc0;ord=2324819835043;gtm=2wg1q0;auiddc=319933692.1643350487;u1=%2Fsg%2Fcredit-cards%2F;~oref=https%3A%2F%2Fwww.sc.com%2Fsg%2Fcredit-cards%2F? 0 Refused to execute inline script because it violates the following Content Security Policy directive: "script-src 'none'". Either the 'unsafe-inline' keyword, a hash ('sha256-AfcggJl5oiFKi9hzc/K8iFxNPkTWv7zpkRVU5Jb3Hcc='), or a nonce ('nonce-...') is required to enable inline execution.

Jan 28,2022 11:52:36 [info]  Found error in logs for this url: https://4933917.fls.doubleclick.net/activityi;dc_pre=CNfv-bbm0_UCFXOO2AUdq3YGtA;src=4933917;type=scbsg;cat=sglands;ord=544199466286;gtm=2wg1q0;auiddc=319933692.1643350487;u1=%2Fsg%2Fcredit-cards%2F;u2=credit-cards;u3=;u9=sg;u5=;~oref=https%3A%2F%2Fwww.sc.com%2Fsg%2Fcredit-cards%2F? 16 Refused to execute inline script because it violates the following Content Security Policy directive: "script-src 'none'". Either the 'unsafe-inline' keyword, a hash ('sha256-duhUvaZGFoVwHLN1qPepQkfAK2EQRLcjznszUn5mzbw='), or a nonce ('nonce-...') is required to enable inline execution.

Jan 28,2022 11:52:36 [info]  Found error in logs for this url: https://av.sc.com/assets/global/adobe/production/5e4ae16ab23e/2be1a655bb44/launch-5d0b74b28d2b.min.js 1:27118 "AT:" "metric element not found" Object
Jan 28,2022 11:52:36 [info]  Found error in logs for this url: https://av.sc.com/assets/global/adobe/production/5e4ae16ab23e/2be1a655bb44/launch-5d0b74b28d2b.min.js 1:27118 "AT:" "metric element not found" Object
Jan 28,2022 11:52:36 [info]  Found error in logs for this url: https://av.sc.com/assets/global/adobe/production/5e4ae16ab23e/2be1a655bb44/launch-5d0b74b28d2b.min.js 1:27118 "AT:" "metric element not found" Object
Jan 28,2022 11:52:36 [info]  Found error in logs for this url: https://av.sc.com/assets/global/adobe/production/5e4ae16ab23e/2be1a655bb44/launch-5d0b74b28d2b.min.js 1:27118 "AT:" "metric element not found" Object
Jan 28,2022 11:52:36 [info]  Found error in logs for this url: https://av.sc.com/assets/global/adobe/production/5e4ae16ab23e/2be1a655bb44/launch-5d0b74b28d2b.min.js 1:27118 "AT:" "metric element not found" Object
Jan 28,2022 11:52:36 [info]  Found error in logs for this url: https://av.sc.com/assets/global/adobe/production/5e4ae16ab23e/2be1a655bb44/launch-5d0b74b28d2b.min.js 1:27118 "AT:" "metric element not found" Object
Jan 28,2022 11:52:36 [info]  Found error in logs for this url: https://av.sc.com/assets/global/adobe/production/5e4ae16ab23e/2be1a655bb44/launch-5d0b74b28d2b.min.js 1:27118 "AT:" "metric element not found" Object
Jan 28,2022 11:52:36 [info]  Found error in logs for this url: https://av.sc.com/assets/global/adobe/production/5e4ae16ab23e/2be1a655bb44/launch-5d0b74b28d2b.min.js 1:27118 "AT:" "metric element not found" Object
Jan 28,2022 11:52:36 [info]  Found error in logs for this url: https://av.sc.com/assets/global/adobe/production/5e4ae16ab23e/2be1a655bb44/launch-5d0b74b28d2b.min.js 1:27118 "AT:" "metric element not found" Object
Jan 28,2022 11:52:36 [info]  Found error in logs for this url: https://av.sc.com/assets/global/adobe/production/5e4ae16ab23e/2be1a655bb44/launch-5d0b74b28d2b.min.js 1:27118 "AT:" "metric element not found" Object
Jan 28,2022 11:52:36 [info]  Found error in logs for this url: https://av.sc.com/assets/global/adobe/production/5e4ae16ab23e/2be1a655bb44/launch-5d0b74b28d2b.min.js 1:27118 "AT:" "metric element not found" Object
Jan 28,2022 11:52:36 [info]  Found error in logs for this url: https://av.sc.com/assets/global/adobe/production/5e4ae16ab23e/2be1a655bb44/launch-5d0b74b28d2b.min.js 1:27118 "AT:" "metric element not found" Object
Jan 28,2022 11:52:36 [info]  Found error in logs for this url: https://av.sc.com/assets/global/adobe/production/5e4ae16ab23e/2be1a655bb44/launch-5d0b74b28d2b.min.js 1:27118 "AT:" "metric element not found" Object
Jan 28,2022 11:52:36 [info]  Found error in logs for this url: https://av.sc.com/assets/global/adobe/production/5e4ae16ab23e/2be1a655bb44/launch-5d0b74b28d2b.min.js 1:27118 "AT:" "metric element not found" Object
Jan 28,2022 11:52:36 [info]  Found error in logs for this url: https://av.sc.com/assets/global/adobe/production/5e4ae16ab23e/2be1a655bb44/launch-5d0b74b28d2b.min.js 1:27118 "AT:" "metric element not found" Object
Jan 28,2022 11:52:36 [info]  Found error in logs for this url: https://av.sc.com/assets/global/adobe/production/5e4ae16ab23e/2be1a655bb44/launch-5d0b74b28d2b.min.js 1:27118 "AT:" "metric element not found" Object
Jan 28,2022 11:52:36 [info]  Found error in logs for this url: https://av.sc.com/assets/global/adobe/production/5e4ae16ab23e/2be1a655bb44/launch-5d0b74b28d2b.min.js 12:2713 "?" "container.buildInfo.environment is deprecated.Please use `container.environment.stage` instead"
Jan 28,2022 11:52:36 [info]  Found error in logs for this url: https://www.googletagmanager.com/gtm.js?id=GTM-P3BPFN7&l=dataLayer 73 Unrecognized feature: 'attribution-reporting'.
Jan 28,2022 11:52:36 [info]  Found error in logs for this url: https://www.googletagmanager.com/gtm.js?id=GTM-P3BPFN7&l=dataLayer 73 Unrecognized feature: 'conversion-measurement'.
Jan 28,2022 11:52:36 [info]  Found error in logs for this url: https://www.googletagmanager.com/gtm.js?id=GTM-P3BPFN7&l=dataLayer 73 Unrecognized feature: 'attribution-reporting'.
Jan 28,2022 11:52:36 [info]  Found error in logs for this url: https://www.googletagmanager.com/gtm.js?id=GTM-P3BPFN7&l=dataLayer 73 Unrecognized feature: 'conversion-measurement'.
Jan 28,2022 11:52:36 [info]  Found error in logs for this url: https://4933917.fls.doubleclick.net/activityi;dc_pre=CIf4uNLm0_UCFTKM2AUdlnYJ2w;src=4933917;type=remar0;cat=stanc0;ord=8872122075877;gtm=2wg1q0;auiddc=319933692.1643350487;u1=%2Fsg%2F;~oref=https%3A%2F%2Fwww.sc.com%2Fsg%2F? 0 Refused to execute inline script because it violates the following Content Security Policy directive: "script-src 'none'". Either the 'unsafe-inline' keyword, a hash ('sha256-AfcggJl5oiFKi9hzc/K8iFxNPkTWv7zpkRVU5Jb3Hcc='), or a nonce ('nonce-...') is required to enable inline execution.

Jan 28,2022 11:52:36 [info]  Found error in logs for this url: https://4933917.fls.doubleclick.net/activityi;dc_pre=CJ6gvdLm0_UCFVWM2AUdTBEJjw;src=4933917;type=scbsg;cat=sglands;ord=4328146743175;gtm=2wg1q0;auiddc=319933692.1643350487;u1=%2Fsg%2F;u2=undefined;u3=undefined;u9=sg;u5=undefined;~oref=https%3A%2F%2Fwww.sc.com%2Fsg%2F? 16 Refused to execute inline script because it violates the following Content Security Policy directive: "script-src 'none'". Either the 'unsafe-inline' keyword, a hash ('sha256-U7xJz1aUAxHVwomnMkQXiPNrFLpP8htRy9tvosxKv4w='), or a nonce ('nonce-...') is required to enable inline execution.

Jan 28,2022 11:52:36 [info]  Found error in logs for this url: https://av.sc.com/assets/global/adobe/production/5e4ae16ab23e/2be1a655bb44/launch-5d0b74b28d2b.min.js 12:2713 "?" "container.buildInfo.environment is deprecated.Please use `container.environment.stage` instead"
Jan 28,2022 11:52:36 [info]  Found error in logs for this url: https://av.sc.com/assets/global/adobe/production/5e4ae16ab23e/2be1a655bb44/launch-5d0b74b28d2b.min.js 1:27118 "AT:" "metric element not found" Object
Jan 28,2022 11:52:36 [info]  Found error in logs for this url: https://www.googletagmanager.com/gtm.js?id=GTM-P3BPFN7&l=dataLayer 73 Unrecognized feature: 'attribution-reporting'.
Jan 28,2022 11:52:36 [info]  Found error in logs for this url: https://www.googletagmanager.com/gtm.js?id=GTM-P3BPFN7&l=dataLayer 73 Unrecognized feature: 'conversion-measurement'.
Jan 28,2022 11:52:36 [info]  Found error in logs for this url: https://www.googletagmanager.com/gtm.js?id=GTM-P3BPFN7&l=dataLayer 73 Unrecognized feature: 'attribution-reporting'.
Jan 28,2022 11:52:36 [info]  Found error in logs for this url: https://www.googletagmanager.com/gtm.js?id=GTM-P3BPFN7&l=dataLayer 73 Unrecognized feature: 'conversion-measurement'.
Jan 28,2022 11:52:36 [info]  Found error in logs for this url: https://www.googleadservices.com/pagead/conversion_async.js 71 Unrecognized feature: 'attribution-reporting'.
Jan 28,2022 11:52:36 [info]  Found error in logs for this url: https://4933917.fls.doubleclick.net/activityi;dc_pre=CMmv_eHm0_UCFfzlcwEd4BMHBQ;src=4933917;type=remar0;cat=stanc0;ord=3048977063332;gtm=2wg1q0;auiddc=319933692.1643350487;u1=%2Fsg%2Fcredit-cards%2F;~oref=https%3A%2F%2Fwww.sc.com%2Fsg%2Fcredit-cards%2F? 0 Refused to execute inline script because it violates the following Content Security Policy directive: "script-src 'none'". Either the 'unsafe-inline' keyword, a hash ('sha256-AfcggJl5oiFKi9hzc/K8iFxNPkTWv7zpkRVU5Jb3Hcc='), or a nonce ('nonce-...') is required to enable inline execution.

Jan 28,2022 11:52:36 [info]  Found error in logs for this url: https://4933917.fls.doubleclick.net/activityi;dc_pre=CPOngOLm0_UCFYsKtwAdagQGuA;src=4933917;type=scbsg;cat=sglands;ord=8538264281129;gtm=2wg1q0;auiddc=319933692.1643350487;u1=%2Fsg%2Fcredit-cards%2F;u2=credit-cards;u3=;u9=sg;u5=;~oref=https%3A%2F%2Fwww.sc.com%2Fsg%2Fcredit-cards%2F? 16 Refused to execute inline script because it violates the following Content Security Policy directive: "script-src 'none'". Either the 'unsafe-inline' keyword, a hash ('sha256-duhUvaZGFoVwHLN1qPepQkfAK2EQRLcjznszUn5mzbw='), or a nonce ('nonce-...') is required to enable inline execution.

Jan 28,2022 11:52:36 [info]  Found error in logs for this url: https://av.sc.com/assets/global/adobe/production/5e4ae16ab23e/2be1a655bb44/launch-5d0b74b28d2b.min.js 12:2713 "?" "container.buildInfo.environment is deprecated.Please use `container.environment.stage` instead"
Jan 28,2022 11:52:36 [info]  Found error in logs for this url: https://av.sc.com/assets/global/adobe/production/5e4ae16ab23e/2be1a655bb44/launch-5d0b74b28d2b.min.js 1:27118 "AT:" "metric element not found" Object
Jan 28,2022 11:52:36 [info]  Found error in logs for this url: https://av.sc.com/assets/global/adobe/production/5e4ae16ab23e/2be1a655bb44/launch-5d0b74b28d2b.min.js 1:27118 "AT:" "metric element not found" Object
Jan 28,2022 11:52:36 [info]  Found error in logs for this url: https://av.sc.com/assets/global/adobe/production/5e4ae16ab23e/2be1a655bb44/launch-5d0b74b28d2b.min.js 1:27118 "AT:" "metric element not found" Object
Jan 28,2022 11:52:36 [info]  Found error in logs for this url: https://av.sc.com/assets/global/adobe/production/5e4ae16ab23e/2be1a655bb44/launch-5d0b74b28d2b.min.js 1:27118 "AT:" "metric element not found" Object
Jan 28,2022 11:52:36 [info]  Found error in logs for this url: https://av.sc.com/assets/global/adobe/production/5e4ae16ab23e/2be1a655bb44/launch-5d0b74b28d2b.min.js 1:27118 "AT:" "metric element not found" Object
Jan 28,2022 11:52:36 [info]  Found error in logs for this url: https://av.sc.com/assets/global/adobe/production/5e4ae16ab23e/2be1a655bb44/launch-5d0b74b28d2b.min.js 1:27118 "AT:" "metric element not found" Object
Jan 28,2022 11:52:36 [info]  Found error in logs for this url: https://av.sc.com/assets/global/adobe/production/5e4ae16ab23e/2be1a655bb44/launch-5d0b74b28d2b.min.js 1:27118 "AT:" "metric element not found" Object
Jan 28,2022 11:52:36 [info]  Found error in logs for this url: https://av.sc.com/assets/global/adobe/production/5e4ae16ab23e/2be1a655bb44/launch-5d0b74b28d2b.min.js 1:27118 "AT:" "metric element not found" Object
Jan 28,2022 11:52:36 [info]  Found error in logs for this url: https://av.sc.com/assets/global/adobe/production/5e4ae16ab23e/2be1a655bb44/launch-5d0b74b28d2b.min.js 1:27118 "AT:" "metric element not found" Object
Jan 28,2022 11:52:36 [info]  Found error in logs for this url: https://av.sc.com/assets/global/adobe/production/5e4ae16ab23e/2be1a655bb44/launch-5d0b74b28d2b.min.js 1:27118 "AT:" "metric element not found" Object
Jan 28,2022 11:52:36 [info]  Found error in logs for this url: https://av.sc.com/assets/global/adobe/production/5e4ae16ab23e/2be1a655bb44/launch-5d0b74b28d2b.min.js 1:27118 "AT:" "metric element not found" Object
Jan 28,2022 11:52:36 [info]  Found error in logs for this url: https://av.sc.com/assets/global/adobe/production/5e4ae16ab23e/2be1a655bb44/launch-5d0b74b28d2b.min.js 1:27118 "AT:" "metric element not found" Object
Jan 28,2022 11:52:36 [info]  Found error in logs for this url: https://av.sc.com/assets/global/adobe/production/5e4ae16ab23e/2be1a655bb44/launch-5d0b74b28d2b.min.js 1:27118 "AT:" "metric element not found" Object
Jan 28,2022 11:52:36 [info]  Found error in logs for this url: https://av.sc.com/assets/global/adobe/production/5e4ae16ab23e/2be1a655bb44/launch-5d0b74b28d2b.min.js 1:27118 "AT:" "metric element not found" Object
Jan 28,2022 11:52:36 [info]  Found error in logs for this url: https://av.sc.com/assets/global/adobe/production/5e4ae16ab23e/2be1a655bb44/launch-5d0b74b28d2b.min.js 1:27118 "AT:" "metric element not found" Object
Jan 28,2022 11:52:36 [info]  Found error in logs for this url: https://av.sc.com/assets/global/adobe/production/5e4ae16ab23e/2be1a655bb44/launch-5d0b74b28d2b.min.js 1:27118 "AT:" "metric element not found" Object
Jan 28,2022 11:52:36 [info]  Found error in logs for this url: https://www.googletagmanager.com/gtm.js?id=GTM-P3BPFN7&l=dataLayer 73 Unrecognized feature: 'attribution-reporting'.
Jan 28,2022 11:52:36 [info]  Found error in logs for this url: https://www.googletagmanager.com/gtm.js?id=GTM-P3BPFN7&l=dataLayer 73 Unrecognized feature: 'conversion-measurement'.
Jan 28,2022 11:52:36 [info]  Found error in logs for this url: https://www.googletagmanager.com/gtm.js?id=GTM-P3BPFN7&l=dataLayer 73 Unrecognized feature: 'attribution-reporting'.
Jan 28,2022 11:52:36 [info]  Found error in logs for this url: https://www.googletagmanager.com/gtm.js?id=GTM-P3BPFN7&l=dataLayer 73 Unrecognized feature: 'conversion-measurement'.
Jan 28,2022 11:52:36 [info]  Found error in logs for this url: https://4933917.fls.doubleclick.net/activityi;dc_pre=CIfggvPm0_UCFQqL2AUdi6MCsA;src=4933917;type=remar0;cat=stanc0;ord=2446221568395;gtm=2wg1q0;auiddc=319933692.1643350487;u1=%2Fsg%2F;~oref=https%3A%2F%2Fwww.sc.com%2Fsg%2F? 0 Refused to execute inline script because it violates the following Content Security Policy directive: "script-src 'none'". Either the 'unsafe-inline' keyword, a hash ('sha256-AfcggJl5oiFKi9hzc/K8iFxNPkTWv7zpkRVU5Jb3Hcc='), or a nonce ('nonce-...') is required to enable inline execution.

Jan 28,2022 11:52:36 [info]  Found error in logs for this url: https://4933917.fls.doubleclick.net/activityi;dc_pre=CO2Uh_Pm0_UCFViR2AUdF6kGWg;src=4933917;type=scbsg;cat=sglands;ord=2502925658704;gtm=2wg1q0;auiddc=319933692.1643350487;u1=%2Fsg%2F;u2=undefined;u3=undefined;u9=sg;u5=undefined;~oref=https%3A%2F%2Fwww.sc.com%2Fsg%2F? 16 Refused to execute inline script because it violates the following Content Security Policy directive: "script-src 'none'". Either the 'unsafe-inline' keyword, a hash ('sha256-U7xJz1aUAxHVwomnMkQXiPNrFLpP8htRy9tvosxKv4w='), or a nonce ('nonce-...') is required to enable inline execution.

Jan 28,2022 11:52:36 [info]  Found error in logs for this url: https://av.sc.com/assets/global/adobe/production/5e4ae16ab23e/2be1a655bb44/launch-5d0b74b28d2b.min.js 12:2713 "?" "container.buildInfo.environment is deprecated.Please use `container.environment.stage` instead"
Jan 28,2022 11:52:36 [info]  Found error in logs for this url: https://av.sc.com/assets/global/adobe/production/5e4ae16ab23e/2be1a655bb44/launch-5d0b74b28d2b.min.js 1:27118 "AT:" "metric element not found" Object
Jan 28,2022 11:52:36 [info]  Found error in logs for this url: https://av.sc.com/assets/global/adobe/production/5e4ae16ab23e/2be1a655bb44/launch-5d0b74b28d2b.min.js 1:27118 "AT:" "metric element not found" Object
Jan 28,2022 11:52:36 [info]  Found error in logs for this url: https://av.sc.com/assets/global/adobe/production/5e4ae16ab23e/2be1a655bb44/launch-5d0b74b28d2b.min.js 1:27118 "AT:" "metric element not found" Object
Jan 28,2022 11:52:36 [info]  Found error in logs for this url: https://av.sc.com/assets/global/adobe/production/5e4ae16ab23e/2be1a655bb44/launch-5d0b74b28d2b.min.js 1:27118 "AT:" "metric element not found" Object
Jan 28,2022 11:52:36 [info]  Found error in logs for this url: https://av.sc.com/assets/global/adobe/production/5e4ae16ab23e/2be1a655bb44/launch-5d0b74b28d2b.min.js 1:27118 "AT:" "metric element not found" Object
Jan 28,2022 11:52:36 [info]  Found error in logs for this url: https://av.sc.com/assets/global/adobe/production/5e4ae16ab23e/2be1a655bb44/launch-5d0b74b28d2b.min.js 1:27118 "AT:" "metric element not found" Object
Jan 28,2022 11:52:36 [info]  Found error in logs for this url: https://www.googletagmanager.com/gtm.js?id=GTM-P3BPFN7&l=dataLayer 73 Unrecognized feature: 'attribution-reporting'.
Jan 28,2022 11:52:36 [info]  Found error in logs for this url: https://www.googletagmanager.com/gtm.js?id=GTM-P3BPFN7&l=dataLayer 73 Unrecognized feature: 'conversion-measurement'.
Jan 28,2022 11:52:36 [info]  Found error in logs for this url: https://www.googletagmanager.com/gtm.js?id=GTM-P3BPFN7&l=dataLayer 73 Unrecognized feature: 'attribution-reporting'.
Jan 28,2022 11:52:36 [info]  Found error in logs for this url: https://www.googletagmanager.com/gtm.js?id=GTM-P3BPFN7&l=dataLayer 73 Unrecognized feature: 'conversion-measurement'.
Jan 28,2022 11:52:36 [info]  Found error in logs for this url: https://www.googleadservices.com/pagead/conversion_async.js 71 Unrecognized feature: 'attribution-reporting'.
Jan 28,2022 11:52:36 [info]  Found error in logs for this url: https://4933917.fls.doubleclick.net/activityi;dc_pre=CNyq2Yfn0_UCFeJcfAodonICyw;src=4933917;type=remar0;cat=stanc0;ord=679092981522;gtm=2wg1q0;auiddc=319933692.1643350487;u1=%2Fsg%2Fcredit-cards%2F;~oref=https%3A%2F%2Fwww.sc.com%2Fsg%2Fcredit-cards%2F? 0 Refused to execute inline script because it violates the following Content Security Policy directive: "script-src 'none'". Either the 'unsafe-inline' keyword, a hash ('sha256-AfcggJl5oiFKi9hzc/K8iFxNPkTWv7zpkRVU5Jb3Hcc='), or a nonce ('nonce-...') is required to enable inline execution.

Jan 28,2022 11:52:36 [info]  Found error in logs for this url: https://4933917.fls.doubleclick.net/activityi;dc_pre=CLK73Yfn0_UCFQKS2AUdKaYGOQ;src=4933917;type=scbsg;cat=sglands;ord=8528990276685;gtm=2wg1q0;auiddc=319933692.1643350487;u1=%2Fsg%2Fcredit-cards%2F;u2=credit-cards;u3=;u9=sg;u5=;~oref=https%3A%2F%2Fwww.sc.com%2Fsg%2Fcredit-cards%2F? 16 Refused to execute inline script because it violates the following Content Security Policy directive: "script-src 'none'". Either the 'unsafe-inline' keyword, a hash ('sha256-duhUvaZGFoVwHLN1qPepQkfAK2EQRLcjznszUn5mzbw='), or a nonce ('nonce-...') is required to enable inline execution.

Jan 28,2022 11:52:36 [info]  Found error in logs for this url: https://av.sc.com/assets/global/adobe/production/5e4ae16ab23e/2be1a655bb44/launch-5d0b74b28d2b.min.js 12:2713 "?" "container.buildInfo.environment is deprecated.Please use `container.environment.stage` instead"
Jan 28,2022 11:52:36 [info]  Found error in logs for this url: https://av.sc.com/assets/global/adobe/production/5e4ae16ab23e/2be1a655bb44/launch-5d0b74b28d2b.min.js 1:27118 "AT:" "metric element not found" Object
Jan 28,2022 11:52:36 [info]  Found error in logs for this url: https://av.sc.com/assets/global/adobe/production/5e4ae16ab23e/2be1a655bb44/launch-5d0b74b28d2b.min.js 1:27118 "AT:" "metric element not found" Object
Jan 28,2022 11:52:36 [info]  Found error in logs for this url: https://av.sc.com/assets/global/adobe/production/5e4ae16ab23e/2be1a655bb44/launch-5d0b74b28d2b.min.js 1:27118 "AT:" "metric element not found" Object
Jan 28,2022 11:52:36 [info]  Found error in logs for this url: https://av.sc.com/assets/global/adobe/production/5e4ae16ab23e/2be1a655bb44/launch-5d0b74b28d2b.min.js 1:27118 "AT:" "metric element not found" Object
Jan 28,2022 11:52:36 [info]  Found error in logs for this url: https://av.sc.com/assets/global/adobe/production/5e4ae16ab23e/2be1a655bb44/launch-5d0b74b28d2b.min.js 1:27118 "AT:" "metric element not found" Object
Jan 28,2022 11:52:36 [info]  Found error in logs for this url: https://av.sc.com/assets/global/adobe/production/5e4ae16ab23e/2be1a655bb44/launch-5d0b74b28d2b.min.js 1:27118 "AT:" "metric element not found" Object
Jan 28,2022 11:52:36 [info]  Found error in logs for this url: https://av.sc.com/assets/global/adobe/production/5e4ae16ab23e/2be1a655bb44/launch-5d0b74b28d2b.min.js 1:27118 "AT:" "metric element not found" Object
Jan 28,2022 11:52:36 [info]  Found error in logs for this url: https://av.sc.com/assets/global/adobe/production/5e4ae16ab23e/2be1a655bb44/launch-5d0b74b28d2b.min.js 1:27118 "AT:" "metric element not found" Object
Jan 28,2022 11:52:36 [info]  Found error in logs for this url: https://av.sc.com/assets/global/adobe/production/5e4ae16ab23e/2be1a655bb44/launch-5d0b74b28d2b.min.js 1:27118 "AT:" "metric element not found" Object
Jan 28,2022 11:52:36 [info]  Found error in logs for this url: https://av.sc.com/assets/global/adobe/production/5e4ae16ab23e/2be1a655bb44/launch-5d0b74b28d2b.min.js 1:27118 "AT:" "metric element not found" Object
Jan 28,2022 11:52:36 [info]  Found error in logs for this url: https://av.sc.com/assets/global/adobe/production/5e4ae16ab23e/2be1a655bb44/launch-5d0b74b28d2b.min.js 1:27118 "AT:" "metric element not found" Object
Jan 28,2022 11:52:36 [info]  Found error in logs for this url: https://av.sc.com/assets/global/adobe/production/5e4ae16ab23e/2be1a655bb44/launch-5d0b74b28d2b.min.js 1:27118 "AT:" "metric element not found" Object
Jan 28,2022 11:52:36 [info]  Found error in logs for this url: https://av.sc.com/assets/global/adobe/production/5e4ae16ab23e/2be1a655bb44/launch-5d0b74b28d2b.min.js 1:27118 "AT:" "metric element not found" Object
Jan 28,2022 11:52:36 [info]  Found error in logs for this url: https://av.sc.com/assets/global/adobe/production/5e4ae16ab23e/2be1a655bb44/launch-5d0b74b28d2b.min.js 1:27118 "AT:" "metric element not found" Object
Jan 28,2022 11:52:36 [info]  Found error in logs for this url: https://av.sc.com/assets/global/adobe/production/5e4ae16ab23e/2be1a655bb44/launch-5d0b74b28d2b.min.js 1:27118 "AT:" "metric element not found" Object
Jan 28,2022 11:52:36 [info]  Found error in logs for this url: https://av.sc.com/assets/global/adobe/production/5e4ae16ab23e/2be1a655bb44/launch-5d0b74b28d2b.min.js 1:27118 "AT:" "metric element not found" Object
Jan 28,2022 11:52:36 [info]  Found error in logs for this url: https://www.googletagmanager.com/gtm.js?id=GTM-P3BPFN7&l=dataLayer 73 Unrecognized feature: 'attribution-reporting'.
Jan 28,2022 11:52:36 [info]  Found error in logs for this url: https://www.googletagmanager.com/gtm.js?id=GTM-P3BPFN7&l=dataLayer 73 Unrecognized feature: 'conversion-measurement'.
Jan 28,2022 11:52:36 [info]  Found error in logs for this url: https://www.googletagmanager.com/gtm.js?id=GTM-P3BPFN7&l=dataLayer 73 Unrecognized feature: 'attribution-reporting'.
Jan 28,2022 11:52:36 [info]  Found error in logs for this url: https://www.googletagmanager.com/gtm.js?id=GTM-P3BPFN7&l=dataLayer 73 Unrecognized feature: 'conversion-measurement'.
Jan 28,2022 11:52:36 [info]  Found error in logs for this url: https://4933917.fls.doubleclick.net/activityi;dc_pre=CPHLgprn0_UCFUGL2AUdnO0BpA;src=4933917;type=scbsg;cat=sglands;ord=1373944362823;gtm=2wg1q0;auiddc=319933692.1643350487;u1=%2Fsg%2F;u2=undefined;u3=undefined;u9=sg;u5=undefined;~oref=https%3A%2F%2Fwww.sc.com%2Fsg%2F? 16 Refused to execute inline script because it violates the following Content Security Policy directive: "script-src 'none'". Either the 'unsafe-inline' keyword, a hash ('sha256-U7xJz1aUAxHVwomnMkQXiPNrFLpP8htRy9tvosxKv4w='), or a nonce ('nonce-...') is required to enable inline execution.

Jan 28,2022 11:52:36 [info]  Found error in logs for this url: https://4933917.fls.doubleclick.net/activityi;dc_pre=CPLPgprn0_UCFS3VcwEd2igLmQ;src=4933917;type=remar0;cat=stanc0;ord=6498230904132;gtm=2wg1q0;auiddc=319933692.1643350487;u1=%2Fsg%2F;~oref=https%3A%2F%2Fwww.sc.com%2Fsg%2F? 0 Refused to execute inline script because it violates the following Content Security Policy directive: "script-src 'none'". Either the 'unsafe-inline' keyword, a hash ('sha256-AfcggJl5oiFKi9hzc/K8iFxNPkTWv7zpkRVU5Jb3Hcc='), or a nonce ('nonce-...') is required to enable inline execution.

Jan 28,2022 11:52:36 [info]  Found error in logs for this url: https://av.sc.com/assets/global/adobe/production/5e4ae16ab23e/2be1a655bb44/launch-5d0b74b28d2b.min.js 12:2713 "?" "container.buildInfo.environment is deprecated.Please use `container.environment.stage` instead"
Jan 28,2022 11:52:36 [info]  Found error in logs for this url: https://av.sc.com/assets/global/adobe/production/5e4ae16ab23e/2be1a655bb44/launch-5d0b74b28d2b.min.js 1:27118 "AT:" "metric element not found" Object
Jan 28,2022 11:52:36 [info]  Found error in logs for this url: https://www.googletagmanager.com/gtm.js?id=GTM-P3BPFN7&l=dataLayer 73 Unrecognized feature: 'attribution-reporting'.
Jan 28,2022 11:52:36 [info]  Found error in logs for this url: https://www.googletagmanager.com/gtm.js?id=GTM-P3BPFN7&l=dataLayer 73 Unrecognized feature: 'conversion-measurement'.
Jan 28,2022 11:52:36 [info]  Found error in logs for this url: https://www.googletagmanager.com/gtm.js?id=GTM-P3BPFN7&l=dataLayer 73 Unrecognized feature: 'attribution-reporting'.
Jan 28,2022 11:52:36 [info]  Found error in logs for this url: https://www.googletagmanager.com/gtm.js?id=GTM-P3BPFN7&l=dataLayer 73 Unrecognized feature: 'conversion-measurement'.
Jan 28,2022 11:52:36 [info]  Found error in logs for this url: https://www.googleadservices.com/pagead/conversion_async.js 71 Unrecognized feature: 'attribution-reporting'.
Jan 28,2022 11:52:36 [info]  Found error in logs for this url: https://4933917.fls.doubleclick.net/activityi;dc_pre=CIbGsZ7n0_UCFR6O2AUdXiQP9A;src=4933917;type=remar0;cat=stanc0;ord=9824885311267;gtm=2wg1q0;auiddc=319933692.1643350487;u1=%2Fsg%2Fcredit-cards%2F;~oref=https%3A%2F%2Fwww.sc.com%2Fsg%2Fcredit-cards%2F? 0 Refused to execute inline script because it violates the following Content Security Policy directive: "script-src 'none'". Either the 'unsafe-inline' keyword, a hash ('sha256-AfcggJl5oiFKi9hzc/K8iFxNPkTWv7zpkRVU5Jb3Hcc='), or a nonce ('nonce-...') is required to enable inline execution.

Jan 28,2022 11:52:36 [info]  Found error in logs for this url: https://4933917.fls.doubleclick.net/activityi;dc_pre=CMmOs57n0_UCFYOP2AUdqPIIhg;src=4933917;type=scbsg;cat=sglands;ord=3802872066261;gtm=2wg1q0;auiddc=319933692.1643350487;u1=%2Fsg%2Fcredit-cards%2F;u2=credit-cards;u3=;u9=sg;u5=;~oref=https%3A%2F%2Fwww.sc.com%2Fsg%2Fcredit-cards%2F? 16 Refused to execute inline script because it violates the following Content Security Policy directive: "script-src 'none'". Either the 'unsafe-inline' keyword, a hash ('sha256-duhUvaZGFoVwHLN1qPepQkfAK2EQRLcjznszUn5mzbw='), or a nonce ('nonce-...') is required to enable inline execution.

Jan 28,2022 11:52:36 [info]  Found error in logs for this url: https://av.sc.com/assets/global/adobe/production/5e4ae16ab23e/2be1a655bb44/launch-5d0b74b28d2b.min.js 12:2713 "?" "container.buildInfo.environment is deprecated.Please use `container.environment.stage` instead"
Jan 28,2022 11:52:36 [info]  Found error in logs for this url: https://av.sc.com/assets/global/adobe/production/5e4ae16ab23e/2be1a655bb44/launch-5d0b74b28d2b.min.js 1:27118 "AT:" "metric element not found" Object
Jan 28,2022 11:52:36 [info]  Found error in logs for this url: https://av.sc.com/assets/global/adobe/production/5e4ae16ab23e/2be1a655bb44/launch-5d0b74b28d2b.min.js 1:27118 "AT:" "metric element not found" Object
Jan 28,2022 11:52:36 [info]  Found error in logs for this url: https://av.sc.com/assets/global/adobe/production/5e4ae16ab23e/2be1a655bb44/launch-5d0b74b28d2b.min.js 1:27118 "AT:" "metric element not found" Object
Jan 28,2022 11:52:36 [info]  Found error in logs for this url: https://av.sc.com/assets/global/adobe/production/5e4ae16ab23e/2be1a655bb44/launch-5d0b74b28d2b.min.js 1:27118 "AT:" "metric element not found" Object
Jan 28,2022 11:52:36 [info]  Found error in logs for this url: https://av.sc.com/assets/global/adobe/production/5e4ae16ab23e/2be1a655bb44/launch-5d0b74b28d2b.min.js 1:27118 "AT:" "metric element not found" Object
Jan 28,2022 11:52:36 [info]  Found error in logs for this url: https://av.sc.com/assets/global/adobe/production/5e4ae16ab23e/2be1a655bb44/launch-5d0b74b28d2b.min.js 1:27118 "AT:" "metric element not found" Object
Jan 28,2022 11:52:36 [info]  Found error in logs for this url: https://av.sc.com/assets/global/adobe/production/5e4ae16ab23e/2be1a655bb44/launch-5d0b74b28d2b.min.js 1:27118 "AT:" "metric element not found" Object
Jan 28,2022 11:52:36 [info]  Found error in logs for this url: https://av.sc.com/assets/global/adobe/production/5e4ae16ab23e/2be1a655bb44/launch-5d0b74b28d2b.min.js 1:27118 "AT:" "metric element not found" Object
Jan 28,2022 11:52:36 [info]  Found error in logs for this url: https://av.sc.com/assets/global/adobe/production/5e4ae16ab23e/2be1a655bb44/launch-5d0b74b28d2b.min.js 1:27118 "AT:" "metric element not found" Object
Jan 28,2022 11:52:36 [info]  Found error in logs for this url: https://av.sc.com/assets/global/adobe/production/5e4ae16ab23e/2be1a655bb44/launch-5d0b74b28d2b.min.js 1:27118 "AT:" "metric element not found" Object
Jan 28,2022 11:52:36 [info]  Found error in logs for this url: https://av.sc.com/assets/global/adobe/production/5e4ae16ab23e/2be1a655bb44/launch-5d0b74b28d2b.min.js 1:27118 "AT:" "metric element not found" Object
Jan 28,2022 11:52:36 [info]  Found error in logs for this url: https://av.sc.com/assets/global/adobe/production/5e4ae16ab23e/2be1a655bb44/launch-5d0b74b28d2b.min.js 1:27118 "AT:" "metric element not found" Object
Jan 28,2022 11:52:36 [info]  Found error in logs for this url: https://av.sc.com/assets/global/adobe/production/5e4ae16ab23e/2be1a655bb44/launch-5d0b74b28d2b.min.js 1:27118 "AT:" "metric element not found" Object
Jan 28,2022 11:52:36 [info]  Found error in logs for this url: https://av.sc.com/assets/global/adobe/production/5e4ae16ab23e/2be1a655bb44/launch-5d0b74b28d2b.min.js 1:27118 "AT:" "metric element not found" Object
Jan 28,2022 11:52:36 [info]  Found error in logs for this url: https://av.sc.com/assets/global/adobe/production/5e4ae16ab23e/2be1a655bb44/launch-5d0b74b28d2b.min.js 1:27118 "AT:" "metric element not found" Object
Jan 28,2022 11:52:36 [info]  Found error in logs for this url: https://av.sc.com/assets/global/adobe/production/5e4ae16ab23e/2be1a655bb44/launch-5d0b74b28d2b.min.js 1:27118 "AT:" "metric element not found" Object
Jan 28,2022 11:52:36 [info]  Found error in logs for this url: https://www.googletagmanager.com/gtm.js?id=GTM-P3BPFN7&l=dataLayer 73 Unrecognized feature: 'attribution-reporting'.
Jan 28,2022 11:52:36 [info]  Found error in logs for this url: https://www.googletagmanager.com/gtm.js?id=GTM-P3BPFN7&l=dataLayer 73 Unrecognized feature: 'conversion-measurement'.
Jan 28,2022 11:52:36 [info]  Found error in logs for this url: https://www.googletagmanager.com/gtm.js?id=GTM-P3BPFN7&l=dataLayer 73 Unrecognized feature: 'attribution-reporting'.
Jan 28,2022 11:52:36 [info]  Found error in logs for this url: https://www.googletagmanager.com/gtm.js?id=GTM-P3BPFN7&l=dataLayer 73 Unrecognized feature: 'conversion-measurement'.
Jan 28,2022 11:52:36 [info]  Found error in logs for this url: https://4933917.fls.doubleclick.net/activityi;dc_pre=CPabv6Hn0_UCFfottwAd7V4EtA;src=4933917;type=remar0;cat=stanc0;ord=6466020856935;gtm=2wg1q0;auiddc=319933692.1643350487;u1=%2Fsg%2F;~oref=https%3A%2F%2Fwww.sc.com%2Fsg%2F? 0 Refused to execute inline script because it violates the following Content Security Policy directive: "script-src 'none'". Either the 'unsafe-inline' keyword, a hash ('sha256-AfcggJl5oiFKi9hzc/K8iFxNPkTWv7zpkRVU5Jb3Hcc='), or a nonce ('nonce-...') is required to enable inline execution.

Jan 28,2022 11:52:36 [info]  Found error in logs for this url: https://4933917.fls.doubleclick.net/activityi;dc_pre=COWqwaHn0_UCFXqK2AUd9CwErw;src=4933917;type=scbsg;cat=sglands;ord=3166864918605;gtm=2wg1q0;auiddc=319933692.1643350487;u1=%2Fsg%2F;u2=undefined;u3=undefined;u9=sg;u5=undefined;~oref=https%3A%2F%2Fwww.sc.com%2Fsg%2F? 16 Refused to execute inline script because it violates the following Content Security Policy directive: "script-src 'none'". Either the 'unsafe-inline' keyword, a hash ('sha256-U7xJz1aUAxHVwomnMkQXiPNrFLpP8htRy9tvosxKv4w='), or a nonce ('nonce-...') is required to enable inline execution.

Jan 28,2022 11:52:36 [info]  Found error in logs for this url: https://av.sc.com/assets/global/adobe/production/5e4ae16ab23e/2be1a655bb44/launch-5d0b74b28d2b.min.js 12:2713 "?" "container.buildInfo.environment is deprecated.Please use `container.environment.stage` instead"
Jan 28,2022 11:52:36 [info]  Found error in logs for this url: https://av.sc.com/assets/global/adobe/production/5e4ae16ab23e/2be1a655bb44/launch-5d0b74b28d2b.min.js 1:27118 "AT:" "metric element not found" Object
Jan 28,2022 11:52:36 [info]  Found error in logs for this url: https://av.sc.com/assets/global/adobe/production/5e4ae16ab23e/2be1a655bb44/launch-5d0b74b28d2b.min.js 1:27118 "AT:" "metric element not found" Object
Jan 28,2022 11:52:36 [info]  Found error in logs for this url: https://av.sc.com/assets/global/adobe/production/5e4ae16ab23e/2be1a655bb44/launch-5d0b74b28d2b.min.js 1:27118 "AT:" "metric element not found" Object
Jan 28,2022 11:52:36 [info]  Found error in logs for this url: https://av.sc.com/assets/global/adobe/production/5e4ae16ab23e/2be1a655bb44/launch-5d0b74b28d2b.min.js 1:27118 "AT:" "metric element not found" Object
Jan 28,2022 11:52:36 [info]  Found error in logs for this url: https://av.sc.com/assets/global/adobe/production/5e4ae16ab23e/2be1a655bb44/launch-5d0b74b28d2b.min.js 1:27118 "AT:" "metric element not found" Object
Jan 28,2022 11:52:36 [info]  Found error in logs for this url: https://av.sc.com/assets/global/adobe/production/5e4ae16ab23e/2be1a655bb44/launch-5d0b74b28d2b.min.js 1:27118 "AT:" "metric element not found" Object
Jan 28,2022 11:52:36 [info]  Found error in logs for this url: https://www.googletagmanager.com/gtm.js?id=GTM-P3BPFN7&l=dataLayer 73 Unrecognized feature: 'attribution-reporting'.
Jan 28,2022 11:52:36 [info]  Found error in logs for this url: https://www.googletagmanager.com/gtm.js?id=GTM-P3BPFN7&l=dataLayer 73 Unrecognized feature: 'conversion-measurement'.
Jan 28,2022 11:52:36 [info]  Found error in logs for this url: https://www.googletagmanager.com/gtm.js?id=GTM-P3BPFN7&l=dataLayer 73 Unrecognized feature: 'attribution-reporting'.
Jan 28,2022 11:52:36 [info]  Found error in logs for this url: https://www.googletagmanager.com/gtm.js?id=GTM-P3BPFN7&l=dataLayer 73 Unrecognized feature: 'conversion-measurement'.
Jan 28,2022 11:52:36 [info]  Found error in logs for this url: https://www.googleadservices.com/pagead/conversion_async.js 71 Unrecognized feature: 'attribution-reporting'.
Jan 28,2022 11:52:36 [info]  Found error in logs for this url: https://4933917.fls.doubleclick.net/activityi;dc_pre=CLXQ7aTn0_UCFV_WcwEd5bkKZg;src=4933917;type=remar0;cat=stanc0;ord=9007770119084;gtm=2wg1q0;auiddc=319933692.1643350487;u1=%2Fsg%2Fcredit-cards%2F;~oref=https%3A%2F%2Fwww.sc.com%2Fsg%2Fcredit-cards%2F? 0 Refused to execute inline script because it violates the following Content Security Policy directive: "script-src 'none'". Either the 'unsafe-inline' keyword, a hash ('sha256-AfcggJl5oiFKi9hzc/K8iFxNPkTWv7zpkRVU5Jb3Hcc='), or a nonce ('nonce-...') is required to enable inline execution.

Jan 28,2022 11:52:36 [info]  Found error in logs for this url: https://4933917.fls.doubleclick.net/activityi;dc_pre=CJeT76Tn0_UCFWQptwAdJS8EoA;src=4933917;type=scbsg;cat=sglands;ord=4864985817245;gtm=2wg1q0;auiddc=319933692.1643350487;u1=%2Fsg%2Fcredit-cards%2F;u2=credit-cards;u3=;u9=sg;u5=;~oref=https%3A%2F%2Fwww.sc.com%2Fsg%2Fcredit-cards%2F? 16 Refused to execute inline script because it violates the following Content Security Policy directive: "script-src 'none'". Either the 'unsafe-inline' keyword, a hash ('sha256-duhUvaZGFoVwHLN1qPepQkfAK2EQRLcjznszUn5mzbw='), or a nonce ('nonce-...') is required to enable inline execution.

Jan 28,2022 11:52:36 [info]  Found error in logs for this url: https://av.sc.com/assets/global/adobe/production/5e4ae16ab23e/2be1a655bb44/launch-5d0b74b28d2b.min.js 12:2713 "?" "container.buildInfo.environment is deprecated.Please use `container.environment.stage` instead"
Jan 28,2022 11:52:36 [info]  Found error in logs for this url: https://av.sc.com/assets/global/adobe/production/5e4ae16ab23e/2be1a655bb44/launch-5d0b74b28d2b.min.js 1:27118 "AT:" "metric element not found" Object
Jan 28,2022 11:52:36 [info]  Found error in logs for this url: https://av.sc.com/assets/global/adobe/production/5e4ae16ab23e/2be1a655bb44/launch-5d0b74b28d2b.min.js 1:27118 "AT:" "metric element not found" Object
Jan 28,2022 11:52:36 [info]  Found error in logs for this url: https://av.sc.com/assets/global/adobe/production/5e4ae16ab23e/2be1a655bb44/launch-5d0b74b28d2b.min.js 1:27118 "AT:" "metric element not found" Object
Jan 28,2022 11:52:36 [info]  Found error in logs for this url: https://av.sc.com/assets/global/adobe/production/5e4ae16ab23e/2be1a655bb44/launch-5d0b74b28d2b.min.js 1:27118 "AT:" "metric element not found" Object
Jan 28,2022 11:52:36 [info]  Found error in logs for this url: https://av.sc.com/assets/global/adobe/production/5e4ae16ab23e/2be1a655bb44/launch-5d0b74b28d2b.min.js 1:27118 "AT:" "metric element not found" Object
Jan 28,2022 11:52:36 [info]  Found error in logs for this url: https://av.sc.com/assets/global/adobe/production/5e4ae16ab23e/2be1a655bb44/launch-5d0b74b28d2b.min.js 1:27118 "AT:" "metric element not found" Object
Jan 28,2022 11:52:36 [info]  Found error in logs for this url: https://av.sc.com/assets/global/adobe/production/5e4ae16ab23e/2be1a655bb44/launch-5d0b74b28d2b.min.js 1:27118 "AT:" "metric element not found" Object
Jan 28,2022 11:52:36 [info]  Found error in logs for this url: https://av.sc.com/assets/global/adobe/production/5e4ae16ab23e/2be1a655bb44/launch-5d0b74b28d2b.min.js 1:27118 "AT:" "metric element not found" Object
Jan 28,2022 11:52:36 [info]  Found error in logs for this url: https://av.sc.com/assets/global/adobe/production/5e4ae16ab23e/2be1a655bb44/launch-5d0b74b28d2b.min.js 1:27118 "AT:" "metric element not found" Object
Jan 28,2022 11:52:36 [info]  Found error in logs for this url: https://av.sc.com/assets/global/adobe/production/5e4ae16ab23e/2be1a655bb44/launch-5d0b74b28d2b.min.js 1:27118 "AT:" "metric element not found" Object
Jan 28,2022 11:52:36 [info]  Found error in logs for this url: https://av.sc.com/assets/global/adobe/production/5e4ae16ab23e/2be1a655bb44/launch-5d0b74b28d2b.min.js 1:27118 "AT:" "metric element not found" Object
Jan 28,2022 11:52:36 [info]  Found error in logs for this url: https://av.sc.com/assets/global/adobe/production/5e4ae16ab23e/2be1a655bb44/launch-5d0b74b28d2b.min.js 1:27118 "AT:" "metric element not found" Object
Jan 28,2022 11:52:36 [info]  Found error in logs for this url: https://av.sc.com/assets/global/adobe/production/5e4ae16ab23e/2be1a655bb44/launch-5d0b74b28d2b.min.js 1:27118 "AT:" "metric element not found" Object
Jan 28,2022 11:52:36 [info]  Found error in logs for this url: https://av.sc.com/assets/global/adobe/production/5e4ae16ab23e/2be1a655bb44/launch-5d0b74b28d2b.min.js 1:27118 "AT:" "metric element not found" Object
Jan 28,2022 11:52:36 [info]  Found error in logs for this url: https://av.sc.com/assets/global/adobe/production/5e4ae16ab23e/2be1a655bb44/launch-5d0b74b28d2b.min.js 1:27118 "AT:" "metric element not found" Object
Jan 28,2022 11:52:36 [info]  Found error in logs for this url: https://av.sc.com/assets/global/adobe/production/5e4ae16ab23e/2be1a655bb44/launch-5d0b74b28d2b.min.js 1:27118 "AT:" "metric element not found" Object
Jan 28,2022 11:52:36 [info]  Found error in logs for this url: https://www.googletagmanager.com/gtm.js?id=GTM-P3BPFN7&l=dataLayer 73 Unrecognized feature: 'attribution-reporting'.
Jan 28,2022 11:52:36 [info]  Found error in logs for this url: https://www.googletagmanager.com/gtm.js?id=GTM-P3BPFN7&l=dataLayer 73 Unrecognized feature: 'conversion-measurement'.
Jan 28,2022 11:52:36 [info]  Found error in logs for this url: https://www.googletagmanager.com/gtm.js?id=GTM-P3BPFN7&l=dataLayer 73 Unrecognized feature: 'attribution-reporting'.
Jan 28,2022 11:52:36 [info]  Found error in logs for this url: https://www.googletagmanager.com/gtm.js?id=GTM-P3BPFN7&l=dataLayer 73 Unrecognized feature: 'conversion-measurement'.
Jan 28,2022 11:52:36 [info]  Found error in logs for this url: https://4933917.fls.doubleclick.net/activityi;dc_pre=COWXhqjn0_UCFeCT2AUdARkKcQ;src=4933917;type=scbsg;cat=sglands;ord=650808728597;gtm=2wg1q0;auiddc=319933692.1643350487;u1=%2Fsg%2F;u2=undefined;u3=undefined;u9=sg;u5=undefined;~oref=https%3A%2F%2Fwww.sc.com%2Fsg%2F? 16 Refused to execute inline script because it violates the following Content Security Policy directive: "script-src 'none'". Either the 'unsafe-inline' keyword, a hash ('sha256-U7xJz1aUAxHVwomnMkQXiPNrFLpP8htRy9tvosxKv4w='), or a nonce ('nonce-...') is required to enable inline execution.

Jan 28,2022 11:52:36 [info]  Found error in logs for this url: https://4933917.fls.doubleclick.net/activityi;dc_pre=COTbhKjn0_UCFaoptwAd2aUFoQ;src=4933917;type=remar0;cat=stanc0;ord=361692296382;gtm=2wg1q0;auiddc=319933692.1643350487;u1=%2Fsg%2F;~oref=https%3A%2F%2Fwww.sc.com%2Fsg%2F? 0 Refused to execute inline script because it violates the following Content Security Policy directive: "script-src 'none'". Either the 'unsafe-inline' keyword, a hash ('sha256-AfcggJl5oiFKi9hzc/K8iFxNPkTWv7zpkRVU5Jb3Hcc='), or a nonce ('nonce-...') is required to enable inline execution.

Jan 28,2022 11:52:36 [info]  Found error in logs for this url: https://av.sc.com/assets/global/adobe/production/5e4ae16ab23e/2be1a655bb44/launch-5d0b74b28d2b.min.js 12:2713 "?" "container.buildInfo.environment is deprecated.Please use `container.environment.stage` instead"
Jan 28,2022 11:52:36 [info]  Found error in logs for this url: https://av.sc.com/assets/global/adobe/production/5e4ae16ab23e/2be1a655bb44/launch-5d0b74b28d2b.min.js 1:27118 "AT:" "metric element not found" Object
Jan 28,2022 11:52:36 [info]  Found error in logs for this url: https://www.googletagmanager.com/gtm.js?id=GTM-P3BPFN7&l=dataLayer 73 Unrecognized feature: 'attribution-reporting'.
Jan 28,2022 11:52:36 [info]  Found error in logs for this url: https://www.googletagmanager.com/gtm.js?id=GTM-P3BPFN7&l=dataLayer 73 Unrecognized feature: 'conversion-measurement'.
Jan 28,2022 11:52:36 [info]  Found error in logs for this url: https://www.googletagmanager.com/gtm.js?id=GTM-P3BPFN7&l=dataLayer 73 Unrecognized feature: 'attribution-reporting'.
Jan 28,2022 11:52:36 [info]  Found error in logs for this url: https://www.googletagmanager.com/gtm.js?id=GTM-P3BPFN7&l=dataLayer 73 Unrecognized feature: 'conversion-measurement'.
Jan 28,2022 11:52:36 [info]  Found error in logs for this url: https://www.googleadservices.com/pagead/conversion_async.js 71 Unrecognized feature: 'attribution-reporting'.
Jan 28,2022 11:52:36 [info]  Found error in logs for this url: https://4933917.fls.doubleclick.net/activityi;dc_pre=CKP75qvn0_UCFQ4ItwAdCmMDNw;src=4933917;type=remar0;cat=stanc0;ord=5788475300927;gtm=2wg1q0;auiddc=319933692.1643350487;u1=%2Fsg%2Fcredit-cards%2F;~oref=https%3A%2F%2Fwww.sc.com%2Fsg%2Fcredit-cards%2F? 0 Refused to execute inline script because it violates the following Content Security Policy directive: "script-src 'none'". Either the 'unsafe-inline' keyword, a hash ('sha256-AfcggJl5oiFKi9hzc/K8iFxNPkTWv7zpkRVU5Jb3Hcc='), or a nonce ('nonce-...') is required to enable inline execution.

Jan 28,2022 11:52:36 [info]  Found error in logs for this url: https://4933917.fls.doubleclick.net/activityi;dc_pre=CL6e6avn0_UCFT2Q2AUdUD4Ivg;src=4933917;type=scbsg;cat=sglands;ord=1628008290843;gtm=2wg1q0;auiddc=319933692.1643350487;u1=%2Fsg%2Fcredit-cards%2F;u2=credit-cards;u3=;u9=sg;u5=;~oref=https%3A%2F%2Fwww.sc.com%2Fsg%2Fcredit-cards%2F? 16 Refused to execute inline script because it violates the following Content Security Policy directive: "script-src 'none'". Either the 'unsafe-inline' keyword, a hash ('sha256-duhUvaZGFoVwHLN1qPepQkfAK2EQRLcjznszUn5mzbw='), or a nonce ('nonce-...') is required to enable inline execution.

Jan 28,2022 11:52:36 [info]  Found error in logs for this url: https://av.sc.com/assets/global/adobe/production/5e4ae16ab23e/2be1a655bb44/launch-5d0b74b28d2b.min.js 12:2713 "?" "container.buildInfo.environment is deprecated.Please use `container.environment.stage` instead"
Jan 28,2022 11:52:36 [info]  Found error in logs for this url: https://av.sc.com/assets/global/adobe/production/5e4ae16ab23e/2be1a655bb44/launch-5d0b74b28d2b.min.js 1:27118 "AT:" "metric element not found" Object
Jan 28,2022 11:52:36 [info]  Found error in logs for this url: https://av.sc.com/assets/global/adobe/production/5e4ae16ab23e/2be1a655bb44/launch-5d0b74b28d2b.min.js 1:27118 "AT:" "metric element not found" Object
Jan 28,2022 11:52:36 [info]  Found error in logs for this url: https://av.sc.com/assets/global/adobe/production/5e4ae16ab23e/2be1a655bb44/launch-5d0b74b28d2b.min.js 1:27118 "AT:" "metric element not found" Object
Jan 28,2022 11:52:36 [info]  Found error in logs for this url: https://av.sc.com/assets/global/adobe/production/5e4ae16ab23e/2be1a655bb44/launch-5d0b74b28d2b.min.js 1:27118 "AT:" "metric element not found" Object
Jan 28,2022 11:52:36 [info]  Found error in logs for this url: https://av.sc.com/assets/global/adobe/production/5e4ae16ab23e/2be1a655bb44/launch-5d0b74b28d2b.min.js 1:27118 "AT:" "metric element not found" Object
Jan 28,2022 11:52:36 [info]  Found error in logs for this url: https://av.sc.com/assets/global/adobe/production/5e4ae16ab23e/2be1a655bb44/launch-5d0b74b28d2b.min.js 1:27118 "AT:" "metric element not found" Object
Jan 28,2022 11:52:36 [info]  Found error in logs for this url: https://av.sc.com/assets/global/adobe/production/5e4ae16ab23e/2be1a655bb44/launch-5d0b74b28d2b.min.js 1:27118 "AT:" "metric element not found" Object
Jan 28,2022 11:52:36 [info]  Found error in logs for this url: https://av.sc.com/assets/global/adobe/production/5e4ae16ab23e/2be1a655bb44/launch-5d0b74b28d2b.min.js 1:27118 "AT:" "metric element not found" Object
Jan 28,2022 11:52:36 [info]  Found error in logs for this url: https://av.sc.com/assets/global/adobe/production/5e4ae16ab23e/2be1a655bb44/launch-5d0b74b28d2b.min.js 1:27118 "AT:" "metric element not found" Object
Jan 28,2022 11:52:36 [info]  Found error in logs for this url: https://av.sc.com/assets/global/adobe/production/5e4ae16ab23e/2be1a655bb44/launch-5d0b74b28d2b.min.js 1:27118 "AT:" "metric element not found" Object
Jan 28,2022 11:52:36 [info]  Found error in logs for this url: https://av.sc.com/assets/global/adobe/production/5e4ae16ab23e/2be1a655bb44/launch-5d0b74b28d2b.min.js 1:27118 "AT:" "metric element not found" Object
Jan 28,2022 11:52:36 [info]  Found error in logs for this url: https://av.sc.com/assets/global/adobe/production/5e4ae16ab23e/2be1a655bb44/launch-5d0b74b28d2b.min.js 1:27118 "AT:" "metric element not found" Object
Jan 28,2022 11:52:36 [info]  Found error in logs for this url: https://av.sc.com/assets/global/adobe/production/5e4ae16ab23e/2be1a655bb44/launch-5d0b74b28d2b.min.js 1:27118 "AT:" "metric element not found" Object
Jan 28,2022 11:52:36 [info]  Found error in logs for this url: https://av.sc.com/assets/global/adobe/production/5e4ae16ab23e/2be1a655bb44/launch-5d0b74b28d2b.min.js 1:27118 "AT:" "metric element not found" Object
Jan 28,2022 11:52:36 [info]  Found error in logs for this url: https://av.sc.com/assets/global/adobe/production/5e4ae16ab23e/2be1a655bb44/launch-5d0b74b28d2b.min.js 1:27118 "AT:" "metric element not found" Object
Jan 28,2022 11:52:36 [info]  Found error in logs for this url: https://av.sc.com/assets/global/adobe/production/5e4ae16ab23e/2be1a655bb44/launch-5d0b74b28d2b.min.js 1:27118 "AT:" "metric element not found" Object
Jan 28,2022 11:52:36 [info]  Found error in logs for this url: https://www.googletagmanager.com/gtm.js?id=GTM-P3BPFN7&l=dataLayer 73 Unrecognized feature: 'attribution-reporting'.
Jan 28,2022 11:52:36 [info]  Found error in logs for this url: https://www.googletagmanager.com/gtm.js?id=GTM-P3BPFN7&l=dataLayer 73 Unrecognized feature: 'conversion-measurement'.
Jan 28,2022 11:52:36 [info]  Found error in logs for this url: https://www.googletagmanager.com/gtm.js?id=GTM-P3BPFN7&l=dataLayer 73 Unrecognized feature: 'attribution-reporting'.
Jan 28,2022 11:52:36 [info]  Found error in logs for this url: https://www.googletagmanager.com/gtm.js?id=GTM-P3BPFN7&l=dataLayer 73 Unrecognized feature: 'conversion-measurement'.
Jan 28,2022 11:52:36 [info]  Found error in logs for this url: https://4933917.fls.doubleclick.net/activityi;dc_pre=CMSn7K7n0_UCFS3VcwEd2igLmQ;src=4933917;type=remar0;cat=stanc0;ord=7124101899900;gtm=2wg1q0;auiddc=319933692.1643350487;u1=%2Fsg%2F;~oref=https%3A%2F%2Fwww.sc.com%2Fsg%2F? 0 Refused to execute inline script because it violates the following Content Security Policy directive: "script-src 'none'". Either the 'unsafe-inline' keyword, a hash ('sha256-AfcggJl5oiFKi9hzc/K8iFxNPkTWv7zpkRVU5Jb3Hcc='), or a nonce ('nonce-...') is required to enable inline execution.

Jan 28,2022 11:52:36 [info]  Found error in logs for this url: https://4933917.fls.doubleclick.net/activityi;dc_pre=CPnh7a7n0_UCFQGL2AUdrXIIrA;src=4933917;type=scbsg;cat=sglands;ord=8438324347963;gtm=2wg1q0;auiddc=319933692.1643350487;u1=%2Fsg%2F;u2=undefined;u3=undefined;u9=sg;u5=undefined;~oref=https%3A%2F%2Fwww.sc.com%2Fsg%2F? 16 Refused to execute inline script because it violates the following Content Security Policy directive: "script-src 'none'". Either the 'unsafe-inline' keyword, a hash ('sha256-U7xJz1aUAxHVwomnMkQXiPNrFLpP8htRy9tvosxKv4w='), or a nonce ('nonce-...') is required to enable inline execution.

Jan 28,2022 11:52:36 [info]  Found error in logs for this url: https://av.sc.com/assets/global/adobe/production/5e4ae16ab23e/2be1a655bb44/launch-5d0b74b28d2b.min.js 12:2713 "?" "container.buildInfo.environment is deprecated.Please use `container.environment.stage` instead"
Jan 28,2022 11:52:36 [info]  Found error in logs for this url: https://www.googletagmanager.com/gtm.js?id=GTM-P3BPFN7&l=dataLayer 73 Unrecognized feature: 'attribution-reporting'.
Jan 28,2022 11:52:36 [info]  Found error in logs for this url: https://www.googletagmanager.com/gtm.js?id=GTM-P3BPFN7&l=dataLayer 73 Unrecognized feature: 'conversion-measurement'.
Jan 28,2022 11:52:36 [info]  Found error in logs for this url: https://www.googletagmanager.com/gtm.js?id=GTM-P3BPFN7&l=dataLayer 73 Unrecognized feature: 'attribution-reporting'.
Jan 28,2022 11:52:36 [info]  Found error in logs for this url: https://www.googletagmanager.com/gtm.js?id=GTM-P3BPFN7&l=dataLayer 73 Unrecognized feature: 'conversion-measurement'.
Jan 28,2022 11:52:36 [info]  Found error in logs for this url: https://av.sc.com/assets/global/js/vendor.min.js?ver=e8ba9f3 0:322219 Uncaught Error: [splide] A track/list element is missing.
Jan 28,2022 11:52:36 [info]  Found error in logs for this url: https://4933917.fls.doubleclick.net/activityi;dc_pre=CJuz36_n0_UCFXqK2AUd9CwErw;src=4933917;type=remar0;cat=stanc0;ord=2434117575062;gtm=2wg1q0;auiddc=319933692.1643350487;u1=%2Fsg%2F;~oref=https%3A%2F%2Fwww.sc.com%2Fsg%2F? 0 Refused to execute inline script because it violates the following Content Security Policy directive: "script-src 'none'". Either the 'unsafe-inline' keyword, a hash ('sha256-AfcggJl5oiFKi9hzc/K8iFxNPkTWv7zpkRVU5Jb3Hcc='), or a nonce ('nonce-...') is required to enable inline execution.

Jan 28,2022 11:52:36 [info]  Found error in logs for this url: https://4933917.fls.doubleclick.net/activityi;dc_pre=CNfE4a_n0_UCFYOP2AUdqPIIhg;src=4933917;type=scbsg;cat=sglands;ord=9986479246791;gtm=2wg1q0;auiddc=319933692.1643350487;u1=%2Fsg%2F;u2=undefined;u3=undefined;u9=sg;u5=undefined;~oref=https%3A%2F%2Fwww.sc.com%2Fsg%2F? 16 Refused to execute inline script because it violates the following Content Security Policy directive: "script-src 'none'". Either the 'unsafe-inline' keyword, a hash ('sha256-U7xJz1aUAxHVwomnMkQXiPNrFLpP8htRy9tvosxKv4w='), or a nonce ('nonce-...') is required to enable inline execution.

Jan 28,2022 11:52:36 [info]  Found error in logs for this url: https://av.sc.com/assets/global/adobe/production/5e4ae16ab23e/2be1a655bb44/launch-5d0b74b28d2b.min.js 12:2713 "?" "container.buildInfo.environment is deprecated.Please use `container.environment.stage` instead"
Jan 28,2022 11:52:36 [info]  37 Console error found
Jan 28,2022 11:52:40 [info]  Navigated to the new URL: https://www.sc.com/sg/priority/
Jan 28,2022 11:52:40 [info]  Found error in logs for this url: https://www.googletagmanager.com/gtm.js?id=GTM-P3BPFN7&l=dataLayer 73 Unrecognized feature: 'attribution-reporting'.
Jan 28,2022 11:52:40 [info]  Found error in logs for this url: https://www.googletagmanager.com/gtm.js?id=GTM-P3BPFN7&l=dataLayer 73 Unrecognized feature: 'conversion-measurement'.
Jan 28,2022 11:52:40 [info]  Found error in logs for this url: https://www.googletagmanager.com/gtm.js?id=GTM-P3BPFN7&l=dataLayer 73 Unrecognized feature: 'attribution-reporting'.
Jan 28,2022 11:52:40 [info]  Found error in logs for this url: https://www.googletagmanager.com/gtm.js?id=GTM-P3BPFN7&l=dataLayer 73 Unrecognized feature: 'conversion-measurement'.
Jan 28,2022 11:52:40 [info]  Found error in logs for this url: https://4933917.fls.doubleclick.net/activityi;dc_pre=COzv-rDn0_UCFQiT2AUdJDcChA;src=4933917;type=remar0;cat=stanc0;ord=5502485198577;gtm=2wg1q0;auiddc=319933692.1643350487;u1=%2Fsg%2Fpriority%2F;~oref=https%3A%2F%2Fwww.sc.com%2Fsg%2Fpriority%2F? 0 Refused to execute inline script because it violates the following Content Security Policy directive: "script-src 'none'". Either the 'unsafe-inline' keyword, a hash ('sha256-AfcggJl5oiFKi9hzc/K8iFxNPkTWv7zpkRVU5Jb3Hcc='), or a nonce ('nonce-...') is required to enable inline execution.

Jan 28,2022 11:52:40 [info]  Found error in logs for this url: https://4933917.fls.doubleclick.net/activityi;dc_pre=CP-G-7Dn0_UCFSSO2AUda3wP2A;src=4933917;type=scbsg;cat=sglands;ord=6286591034841;gtm=2wg1q0;auiddc=319933692.1643350487;u1=%2Fsg%2Fpriority%2F;u2=priority;u3=;u9=sg;u5=;~oref=https%3A%2F%2Fwww.sc.com%2Fsg%2Fpriority%2F? 16 Refused to execute inline script because it violates the following Content Security Policy directive: "script-src 'none'". Either the 'unsafe-inline' keyword, a hash ('sha256-47N20R3dMRJUG6HsKEWzGV1pq7WM6rrJOQpwLiDuTFE='), or a nonce ('nonce-...') is required to enable inline execution.

Jan 28,2022 11:52:40 [info]  Found error in logs for this url: https://av.sc.com/assets/global/adobe/production/5e4ae16ab23e/2be1a655bb44/launch-5d0b74b28d2b.min.js 12:2713 "?" "container.buildInfo.environment is deprecated.Please use `container.environment.stage` instead"
Jan 28,2022 11:52:40 [info]  2 Console error found
Jan 28,2022 11:52:44 [info]  Navigated to the new URL: https://www.sc.com/sg/priority/priority-private/
Jan 28,2022 11:52:44 [info]  Found error in logs for this url: https://av.sc.com/assets/global/adobe/production/5e4ae16ab23e/2be1a655bb44/launch-5d0b74b28d2b.min.js 1:27118 "AT:" "metric element not found" Object
Jan 28,2022 11:52:44 [info]  Found error in logs for this url: https://www.googletagmanager.com/gtm.js?id=GTM-P3BPFN7&l=dataLayer 73 Unrecognized feature: 'attribution-reporting'.
Jan 28,2022 11:52:44 [info]  Found error in logs for this url: https://www.googletagmanager.com/gtm.js?id=GTM-P3BPFN7&l=dataLayer 73 Unrecognized feature: 'conversion-measurement'.
Jan 28,2022 11:52:44 [info]  Found error in logs for this url: https://www.googletagmanager.com/gtm.js?id=GTM-P3BPFN7&l=dataLayer 73 Unrecognized feature: 'attribution-reporting'.
Jan 28,2022 11:52:44 [info]  Found error in logs for this url: https://www.googletagmanager.com/gtm.js?id=GTM-P3BPFN7&l=dataLayer 73 Unrecognized feature: 'conversion-measurement'.
Jan 28,2022 11:52:44 [info]  Found error in logs for this url: https://4933917.fls.doubleclick.net/activityi;dc_pre=CJ2QgrPn0_UCFeCT2AUdARkKcQ;src=4933917;type=remar0;cat=stanc0;ord=3114302318483;gtm=2wg1q0;auiddc=319933692.1643350487;u1=%2Fsg%2Fpriority%2Fpriority-private%2F;~oref=https%3A%2F%2Fwww.sc.com%2Fsg%2Fpriority%2Fpriority-private%2F? 0 Refused to execute inline script because it violates the following Content Security Policy directive: "script-src 'none'". Either the 'unsafe-inline' keyword, a hash ('sha256-AfcggJl5oiFKi9hzc/K8iFxNPkTWv7zpkRVU5Jb3Hcc='), or a nonce ('nonce-...') is required to enable inline execution.

Jan 28,2022 11:52:44 [info]  Found error in logs for this url: https://4933917.fls.doubleclick.net/activityi;dc_pre=CKfog7Pn0_UCFQkptwAdMx4Msg;src=4933917;type=scbsg;cat=sglands;ord=4327054427077;gtm=2wg1q0;auiddc=319933692.1643350487;u1=%2Fsg%2Fpriority%2Fpriority-private%2F;u2=priority;u3=priority-private;u9=sg;u5=priority-private;~oref=https%3A%2F%2Fwww.sc.com%2Fsg%2Fpriority%2Fpriority-private%2F? 16 Refused to execute inline script because it violates the following Content Security Policy directive: "script-src 'none'". Either the 'unsafe-inline' keyword, a hash ('sha256-tDsXkBBffi58fbPbGQewzMcSFuXW9aWfTKA0I1BE/zM='), or a nonce ('nonce-...') is required to enable inline execution.

Jan 28,2022 11:52:44 [info]  Found error in logs for this url: https://av.sc.com/assets/global/js/utils.min.js?ver=13bd13b 0:8411 Uncaught DOMException: Blocked a frame with origin "https://www.sc.com" from accessing a cross-origin frame.
Jan 28,2022 11:52:44 [info]  Found error in logs for this url: https://av.sc.com/assets/global/adobe/production/5e4ae16ab23e/2be1a655bb44/launch-5d0b74b28d2b.min.js 12:2713 "?" "container.buildInfo.environment is deprecated.Please use `container.environment.stage` instead"
Jan 28,2022 11:52:44 [info]  3 Console error found
Jan 28,2022 11:52:48 [info]  Navigated to the new URL: https://www.sc.com/sg/wealth/
Jan 28,2022 11:52:48 [info]  Found error in logs for this url: https://www.googletagmanager.com/gtm.js?id=GTM-P3BPFN7&l=dataLayer 73 Unrecognized feature: 'attribution-reporting'.
Jan 28,2022 11:52:48 [info]  Found error in logs for this url: https://www.googletagmanager.com/gtm.js?id=GTM-P3BPFN7&l=dataLayer 73 Unrecognized feature: 'conversion-measurement'.
Jan 28,2022 11:52:48 [info]  Found error in logs for this url: https://www.googletagmanager.com/gtm.js?id=GTM-P3BPFN7&l=dataLayer 73 Unrecognized feature: 'attribution-reporting'.
Jan 28,2022 11:52:48 [info]  Found error in logs for this url: https://www.googletagmanager.com/gtm.js?id=GTM-P3BPFN7&l=dataLayer 73 Unrecognized feature: 'conversion-measurement'.
Jan 28,2022 11:52:48 [info]  Found error in logs for this url: https://4933917.fls.doubleclick.net/activityi;dc_pre=CPme-LTn0_UCFUGL2AUdnO0BpA;src=4933917;type=remar0;cat=stanc0;ord=7164734944251;gtm=2wg1q0;auiddc=319933692.1643350487;u1=%2Fsg%2Fwealth%2F;~oref=https%3A%2F%2Fwww.sc.com%2Fsg%2Fwealth%2F? 0 Refused to execute inline script because it violates the following Content Security Policy directive: "script-src 'none'". Either the 'unsafe-inline' keyword, a hash ('sha256-AfcggJl5oiFKi9hzc/K8iFxNPkTWv7zpkRVU5Jb3Hcc='), or a nonce ('nonce-...') is required to enable inline execution.

Jan 28,2022 11:52:48 [info]  Found error in logs for this url: https://4933917.fls.doubleclick.net/activityi;dc_pre=CLrx-bTn0_UCFR6O2AUdXiQP9A;src=4933917;type=scbsg;cat=sglands;ord=2981580908217;gtm=2wg1q0;auiddc=319933692.1643350487;u1=%2Fsg%2Fwealth%2F;u2=wealth;u3=;u9=sg;u5=;~oref=https%3A%2F%2Fwww.sc.com%2Fsg%2Fwealth%2F? 16 Refused to execute inline script because it violates the following Content Security Policy directive: "script-src 'none'". Either the 'unsafe-inline' keyword, a hash ('sha256-fgTcfDu0mUiwuvWrTiWv/F9siqjHgbFnDgpLwq2Ocww='), or a nonce ('nonce-...') is required to enable inline execution.

Jan 28,2022 11:52:48 [info]  Found error in logs for this url: https://av.sc.com/assets/global/adobe/production/5e4ae16ab23e/2be1a655bb44/launch-5d0b74b28d2b.min.js 1:27118 "AT:" "[page-init]" "Adobe Target content delivery is disabled. Ensure that you can save cookies to your current domain, there is no \"mboxDisable\" cookie and there is no \"mboxDisable\" parameter in query string."
Jan 28,2022 11:52:48 [info]  Found error in logs for this url: https://av.sc.com/assets/global/js/utils.min.js?ver=e8ba9f3 0:8411 Uncaught DOMException: Blocked a frame with origin "https://www.sc.com" from accessing a cross-origin frame.
Jan 28,2022 11:52:48 [info]  Found error in logs for this url: https://av.sc.com/assets/global/adobe/production/5e4ae16ab23e/2be1a655bb44/launch-5d0b74b28d2b.min.js 12:2713 "?" "container.buildInfo.environment is deprecated.Please use `container.environment.stage` instead"
Jan 28,2022 11:52:48 [info]  3 Console error found
Jan 28,2022 11:52:52 [info]  Navigated to the new URL: https://www.sc.com/sg/international-banking/
Jan 28,2022 11:52:52 [info]  Found error in logs for this url: https://www.googletagmanager.com/gtm.js?id=GTM-P3BPFN7&l=dataLayer 73 Unrecognized feature: 'attribution-reporting'.
Jan 28,2022 11:52:52 [info]  Found error in logs for this url: https://www.googletagmanager.com/gtm.js?id=GTM-P3BPFN7&l=dataLayer 73 Unrecognized feature: 'conversion-measurement'.
Jan 28,2022 11:52:52 [info]  Found error in logs for this url: https://www.googletagmanager.com/gtm.js?id=GTM-P3BPFN7&l=dataLayer 73 Unrecognized feature: 'attribution-reporting'.
Jan 28,2022 11:52:52 [info]  Found error in logs for this url: https://www.googletagmanager.com/gtm.js?id=GTM-P3BPFN7&l=dataLayer 73 Unrecognized feature: 'conversion-measurement'.
Jan 28,2022 11:52:52 [info]  Found error in logs for this url: https://www.googletagmanager.com/gtm.js?id=GTM-P3BPFN7&l=dataLayer 73 Unrecognized feature: 'attribution-reporting'.
Jan 28,2022 11:52:52 [info]  Found error in logs for this url: https://www.googletagmanager.com/gtm.js?id=GTM-P3BPFN7&l=dataLayer 73 Unrecognized feature: 'conversion-measurement'.
Jan 28,2022 11:52:52 [info]  Found error in logs for this url: https://www.googletagmanager.com/gtm.js?id=GTM-P3BPFN7&l=dataLayer 73 Unrecognized feature: 'attribution-reporting'.
Jan 28,2022 11:52:52 [info]  Found error in logs for this url: https://www.googletagmanager.com/gtm.js?id=GTM-P3BPFN7&l=dataLayer 73 Unrecognized feature: 'conversion-measurement'.
Jan 28,2022 11:52:52 [info]  Found error in logs for this url: https://av.sc.com/assets/global/js/vendor/flickity_v2.js?_=1643350968992 10:6413 "Error parsing data-flickity on m-banner carousel-full has-hero-slides flickity-enabled is-draggable: SyntaxError: Unexpected token ' in JSON at position 3"
Jan 28,2022 11:52:52 [info]  Found error in logs for this url: https://4933917.fls.doubleclick.net/activityi;dc_pre=CPTq3rbn0_UCFQ4ItwAdCmMDNw;src=4933917;type=remar0;cat=stanc0;ord=741386812344;gtm=2wg1q0;auiddc=319933692.1643350487;u1=%2Fsg%2Finternational-banking%2F;~oref=https%3A%2F%2Fwww.sc.com%2Fsg%2Finternational-banking%2F? 0 Refused to execute inline script because it violates the following Content Security Policy directive: "script-src 'none'". Either the 'unsafe-inline' keyword, a hash ('sha256-AfcggJl5oiFKi9hzc/K8iFxNPkTWv7zpkRVU5Jb3Hcc='), or a nonce ('nonce-...') is required to enable inline execution.

Jan 28,2022 11:52:52 [info]  Found error in logs for this url: https://4933917.fls.doubleclick.net/activityi;dc_pre=CJXj4Lbn0_UCFfottwAd7V4EtA;src=4933917;type=scbsg;cat=sglands;ord=6327650533437;gtm=2wg1q0;auiddc=319933692.1643350487;u1=%2Fsg%2Finternational-banking%2F;u2=international-banking;u3=;u9=sg;u5=;~oref=https%3A%2F%2Fwww.sc.com%2Fsg%2Finternational-banking%2F? 16 Refused to execute inline script because it violates the following Content Security Policy directive: "script-src 'none'". Either the 'unsafe-inline' keyword, a hash ('sha256-IvcEwgGnT26HYfR1WIkhtcKfPkiH2u/EDdhBDitdGCs='), or a nonce ('nonce-...') is required to enable inline execution.

Jan 28,2022 11:52:52 [info]  Found error in logs for this url: https://av.sc.com/assets/global/adobe/production/5e4ae16ab23e/2be1a655bb44/launch-5d0b74b28d2b.min.js 1:27118 "AT:" "[page-init]" "Adobe Target content delivery is disabled. Ensure that you can save cookies to your current domain, there is no \"mboxDisable\" cookie and there is no \"mboxDisable\" parameter in query string."
Jan 28,2022 11:52:52 [info]  Found error in logs for this url: https://av.sc.com/assets/global/js/utils.min.js?ver=4a944f7 0:8411 Uncaught DOMException: Blocked a frame with origin "https://www.sc.com" from accessing a cross-origin frame.
Jan 28,2022 11:52:52 [info]  Found error in logs for this url: https://av.sc.com/assets/global/adobe/production/5e4ae16ab23e/2be1a655bb44/launch-5d0b74b28d2b.min.js 12:2713 "?" "container.buildInfo.environment is deprecated.Please use `container.environment.stage` instead"
Jan 28,2022 11:52:52 [info]  4 Console error found
Jan 28,2022 11:52:54 [info]  Navigated to the new URL: https://www.sc.com/privatebank/en/
Jan 28,2022 11:52:57 [info]  There are 245 hyperlinks
Jan 28,2022 11:52:58 [info]  Navigated to the new URL: https://www.sc.com/sg/credit-cards/
Jan 28,2022 11:52:58 [info]  Found error in logs for this url: https://www.googletagmanager.com/gtm.js?id=GTM-P3BPFN7&l=dataLayer 73 Unrecognized feature: 'attribution-reporting'.
Jan 28,2022 11:52:58 [info]  Found error in logs for this url: https://www.googletagmanager.com/gtm.js?id=GTM-P3BPFN7&l=dataLayer 73 Unrecognized feature: 'conversion-measurement'.
Jan 28,2022 11:52:58 [info]  Found error in logs for this url: https://www.googletagmanager.com/gtm.js?id=GTM-P3BPFN7&l=dataLayer 73 Unrecognized feature: 'attribution-reporting'.
Jan 28,2022 11:52:58 [info]  Found error in logs for this url: https://www.googletagmanager.com/gtm.js?id=GTM-P3BPFN7&l=dataLayer 73 Unrecognized feature: 'conversion-measurement'.
Jan 28,2022 11:52:58 [info]  Found error in logs for this url: https://www.googleadservices.com/pagead/conversion_async.js 71 Unrecognized feature: 'attribution-reporting'.
Jan 28,2022 11:52:58 [info]  Found error in logs for this url: https://4933917.fls.doubleclick.net/activityi;dc_pre=CPTwwrnn0_UCFWQptwAdJS8EoA;src=4933917;type=remar0;cat=stanc0;ord=938222015231;gtm=2wg1q0;auiddc=319933692.1643350487;u1=%2Fsg%2Fcredit-cards%2F;~oref=https%3A%2F%2Fwww.sc.com%2Fsg%2Fcredit-cards%2F? 0 Refused to execute inline script because it violates the following Content Security Policy directive: "script-src 'none'". Either the 'unsafe-inline' keyword, a hash ('sha256-AfcggJl5oiFKi9hzc/K8iFxNPkTWv7zpkRVU5Jb3Hcc='), or a nonce ('nonce-...') is required to enable inline execution.

Jan 28,2022 11:52:58 [info]  Found error in logs for this url: https://4933917.fls.doubleclick.net/activityi;dc_pre=CIaKxbnn0_UCFcGT2AUdWLcMTw;src=4933917;type=scbsg;cat=sglands;ord=7722346732047;gtm=2wg1q0;auiddc=319933692.1643350487;u1=%2Fsg%2Fcredit-cards%2F;u2=credit-cards;u3=;u9=sg;u5=;~oref=https%3A%2F%2Fwww.sc.com%2Fsg%2Fcredit-cards%2F? 16 Refused to execute inline script because it violates the following Content Security Policy directive: "script-src 'none'". Either the 'unsafe-inline' keyword, a hash ('sha256-duhUvaZGFoVwHLN1qPepQkfAK2EQRLcjznszUn5mzbw='), or a nonce ('nonce-...') is required to enable inline execution.

Jan 28,2022 11:52:58 [info]  Found error in logs for this url: https://av.sc.com/assets/global/adobe/production/5e4ae16ab23e/2be1a655bb44/launch-5d0b74b28d2b.min.js 12:2713 "?" "container.buildInfo.environment is deprecated.Please use `container.environment.stage` instead"
Jan 28,2022 11:52:58 [info]  Found error in logs for this url: https://www.googletagmanager.com/gtm.js?id=GTM-P3BPFN7&l=dataLayer 73 Unrecognized feature: 'attribution-reporting'.
Jan 28,2022 11:52:58 [info]  Found error in logs for this url: https://www.googletagmanager.com/gtm.js?id=GTM-P3BPFN7&l=dataLayer 73 Unrecognized feature: 'conversion-measurement'.
Jan 28,2022 11:52:58 [info]  Found error in logs for this url: https://www.googletagmanager.com/gtm.js?id=GTM-P3BPFN7&l=dataLayer 73 Unrecognized feature: 'attribution-reporting'.
Jan 28,2022 11:52:58 [info]  Found error in logs for this url: https://www.googletagmanager.com/gtm.js?id=GTM-P3BPFN7&l=dataLayer 73 Unrecognized feature: 'conversion-measurement'.
Jan 28,2022 11:52:58 [info]  Found error in logs for this url: https://www.googleadservices.com/pagead/conversion_async.js 71 Unrecognized feature: 'attribution-reporting'.
Jan 28,2022 11:52:58 [info]  Found error in logs for this url: https://4933917.fls.doubleclick.net/activityi;dc_pre=CI73tLrn0_UCFT2Q2AUdUD4Ivg;src=4933917;type=remar0;cat=stanc0;ord=7452768129180;gtm=2wg1q0;auiddc=319933692.1643350487;u1=%2Fsg%2Fcredit-cards%2F;~oref=https%3A%2F%2Fwww.sc.com%2Fsg%2Fcredit-cards%2F? 0 Refused to execute inline script because it violates the following Content Security Policy directive: "script-src 'none'". Either the 'unsafe-inline' keyword, a hash ('sha256-AfcggJl5oiFKi9hzc/K8iFxNPkTWv7zpkRVU5Jb3Hcc='), or a nonce ('nonce-...') is required to enable inline execution.

Jan 28,2022 11:52:58 [info]  Found error in logs for this url: https://4933917.fls.doubleclick.net/activityi;dc_pre=CNCftrrn0_UCFeCT2AUdARkKcQ;src=4933917;type=scbsg;cat=sglands;ord=8821453515854;gtm=2wg1q0;auiddc=319933692.1643350487;u1=%2Fsg%2Fcredit-cards%2F;u2=credit-cards;u3=;u9=sg;u5=;~oref=https%3A%2F%2Fwww.sc.com%2Fsg%2Fcredit-cards%2F? 16 Refused to execute inline script because it violates the following Content Security Policy directive: "script-src 'none'". Either the 'unsafe-inline' keyword, a hash ('sha256-duhUvaZGFoVwHLN1qPepQkfAK2EQRLcjznszUn5mzbw='), or a nonce ('nonce-...') is required to enable inline execution.

Jan 28,2022 11:52:58 [info]  Found error in logs for this url: https://av.sc.com/assets/global/adobe/production/5e4ae16ab23e/2be1a655bb44/launch-5d0b74b28d2b.min.js 12:2713 "?" "container.buildInfo.environment is deprecated.Please use `container.environment.stage` instead"
Jan 28,2022 11:52:58 [info]  4 Console error found
Jan 28,2022 11:53:01 [info]  Navigated to the new URL: https://www.sc.com/sg/priority/
Jan 28,2022 11:53:01 [info]  Found error in logs for this url: https://www.googletagmanager.com/gtm.js?id=GTM-P3BPFN7&l=dataLayer 73 Unrecognized feature: 'attribution-reporting'.
Jan 28,2022 11:53:01 [info]  Found error in logs for this url: https://www.googletagmanager.com/gtm.js?id=GTM-P3BPFN7&l=dataLayer 73 Unrecognized feature: 'conversion-measurement'.
Jan 28,2022 11:53:01 [info]  Found error in logs for this url: https://www.googletagmanager.com/gtm.js?id=GTM-P3BPFN7&l=dataLayer 73 Unrecognized feature: 'attribution-reporting'.
Jan 28,2022 11:53:01 [info]  Found error in logs for this url: https://www.googletagmanager.com/gtm.js?id=GTM-P3BPFN7&l=dataLayer 73 Unrecognized feature: 'conversion-measurement'.
Jan 28,2022 11:53:01 [info]  Found error in logs for this url: https://4933917.fls.doubleclick.net/activityi;dc_pre=CJyjrrvn0_UCFYOP2AUdqPIIhg;src=4933917;type=remar0;cat=stanc0;ord=7507483883719;gtm=2wg1q0;auiddc=319933692.1643350487;u1=%2Fsg%2Fpriority%2F;~oref=https%3A%2F%2Fwww.sc.com%2Fsg%2Fpriority%2F? 0 Refused to execute inline script because it violates the following Content Security Policy directive: "script-src 'none'". Either the 'unsafe-inline' keyword, a hash ('sha256-AfcggJl5oiFKi9hzc/K8iFxNPkTWv7zpkRVU5Jb3Hcc='), or a nonce ('nonce-...') is required to enable inline execution.

Jan 28,2022 11:53:01 [info]  Found error in logs for this url: https://4933917.fls.doubleclick.net/activityi;dc_pre=CMLXr7vn0_UCFR6O2AUdXiQP9A;src=4933917;type=scbsg;cat=sglands;ord=4384112946668;gtm=2wg1q0;auiddc=319933692.1643350487;u1=%2Fsg%2Fpriority%2F;u2=priority;u3=;u9=sg;u5=;~oref=https%3A%2F%2Fwww.sc.com%2Fsg%2Fpriority%2F? 16 Refused to execute inline script because it violates the following Content Security Policy directive: "script-src 'none'". Either the 'unsafe-inline' keyword, a hash ('sha256-47N20R3dMRJUG6HsKEWzGV1pq7WM6rrJOQpwLiDuTFE='), or a nonce ('nonce-...') is required to enable inline execution.

Jan 28,2022 11:53:01 [info]  Found error in logs for this url: https://av.sc.com/assets/global/adobe/production/5e4ae16ab23e/2be1a655bb44/launch-5d0b74b28d2b.min.js 12:2713 "?" "container.buildInfo.environment is deprecated.Please use `container.environment.stage` instead"
Jan 28,2022 11:53:01 [info]  2 Console error found
Jan 28,2022 11:53:05 [info]  Navigated to the new URL: https://www.sc.com/sg/priority/priority-private/
Jan 28,2022 11:53:05 [info]  Found error in logs for this url: https://av.sc.com/assets/global/adobe/production/5e4ae16ab23e/2be1a655bb44/launch-5d0b74b28d2b.min.js 1:27118 "AT:" "metric element not found" Object
Jan 28,2022 11:53:05 [info]  Found error in logs for this url: https://av.sc.com/assets/global/adobe/production/5e4ae16ab23e/2be1a655bb44/launch-5d0b74b28d2b.min.js 1:27118 "AT:" "metric element not found" Object
Jan 28,2022 11:53:05 [info]  Found error in logs for this url: https://av.sc.com/assets/global/adobe/production/5e4ae16ab23e/2be1a655bb44/launch-5d0b74b28d2b.min.js 1:27118 "AT:" "metric element not found" Object
Jan 28,2022 11:53:05 [info]  Found error in logs for this url: https://av.sc.com/assets/global/adobe/production/5e4ae16ab23e/2be1a655bb44/launch-5d0b74b28d2b.min.js 1:27118 "AT:" "metric element not found" Object
Jan 28,2022 11:53:05 [info]  Found error in logs for this url: https://av.sc.com/assets/global/adobe/production/5e4ae16ab23e/2be1a655bb44/launch-5d0b74b28d2b.min.js 1:27118 "AT:" "metric element not found" Object
Jan 28,2022 11:53:05 [info]  Found error in logs for this url: https://av.sc.com/assets/global/adobe/production/5e4ae16ab23e/2be1a655bb44/launch-5d0b74b28d2b.min.js 1:27118 "AT:" "metric element not found" Object
Jan 28,2022 11:53:05 [info]  Found error in logs for this url: https://av.sc.com/assets/global/adobe/production/5e4ae16ab23e/2be1a655bb44/launch-5d0b74b28d2b.min.js 1:27118 "AT:" "metric element not found" Object
Jan 28,2022 11:53:05 [info]  Found error in logs for this url: https://av.sc.com/assets/global/adobe/production/5e4ae16ab23e/2be1a655bb44/launch-5d0b74b28d2b.min.js 1:27118 "AT:" "metric element not found" Object
Jan 28,2022 11:53:05 [info]  Found error in logs for this url: https://av.sc.com/assets/global/adobe/production/5e4ae16ab23e/2be1a655bb44/launch-5d0b74b28d2b.min.js 1:27118 "AT:" "metric element not found" Object
Jan 28,2022 11:53:05 [info]  Found error in logs for this url: https://av.sc.com/assets/global/adobe/production/5e4ae16ab23e/2be1a655bb44/launch-5d0b74b28d2b.min.js 1:27118 "AT:" "metric element not found" Object
Jan 28,2022 11:53:05 [info]  Found error in logs for this url: https://av.sc.com/assets/global/adobe/production/5e4ae16ab23e/2be1a655bb44/launch-5d0b74b28d2b.min.js 1:27118 "AT:" "metric element not found" Object
Jan 28,2022 11:53:05 [info]  Found error in logs for this url: https://av.sc.com/assets/global/adobe/production/5e4ae16ab23e/2be1a655bb44/launch-5d0b74b28d2b.min.js 1:27118 "AT:" "metric element not found" Object
Jan 28,2022 11:53:05 [info]  Found error in logs for this url: https://av.sc.com/assets/global/adobe/production/5e4ae16ab23e/2be1a655bb44/launch-5d0b74b28d2b.min.js 1:27118 "AT:" "metric element not found" Object
Jan 28,2022 11:53:05 [info]  Found error in logs for this url: https://av.sc.com/assets/global/adobe/production/5e4ae16ab23e/2be1a655bb44/launch-5d0b74b28d2b.min.js 1:27118 "AT:" "metric element not found" Object
Jan 28,2022 11:53:05 [info]  Found error in logs for this url: https://av.sc.com/assets/global/adobe/production/5e4ae16ab23e/2be1a655bb44/launch-5d0b74b28d2b.min.js 1:27118 "AT:" "metric element not found" Object
Jan 28,2022 11:53:05 [info]  Found error in logs for this url: https://av.sc.com/assets/global/adobe/production/5e4ae16ab23e/2be1a655bb44/launch-5d0b74b28d2b.min.js 1:27118 "AT:" "metric element not found" Object
Jan 28,2022 11:53:05 [info]  Found error in logs for this url: https://av.sc.com/assets/global/adobe/production/5e4ae16ab23e/2be1a655bb44/launch-5d0b74b28d2b.min.js 1:27118 "AT:" "metric element not found" Object
Jan 28,2022 11:53:05 [info]  Found error in logs for this url: https://av.sc.com/assets/global/adobe/production/5e4ae16ab23e/2be1a655bb44/launch-5d0b74b28d2b.min.js 1:27118 "AT:" "metric element not found" Object
Jan 28,2022 11:53:05 [info]  Found error in logs for this url: https://www.googletagmanager.com/gtm.js?id=GTM-P3BPFN7&l=dataLayer 73 Unrecognized feature: 'attribution-reporting'.
Jan 28,2022 11:53:05 [info]  Found error in logs for this url: https://www.googletagmanager.com/gtm.js?id=GTM-P3BPFN7&l=dataLayer 73 Unrecognized feature: 'conversion-measurement'.
Jan 28,2022 11:53:05 [info]  Found error in logs for this url: https://www.googletagmanager.com/gtm.js?id=GTM-P3BPFN7&l=dataLayer 73 Unrecognized feature: 'attribution-reporting'.
Jan 28,2022 11:53:05 [info]  Found error in logs for this url: https://www.googletagmanager.com/gtm.js?id=GTM-P3BPFN7&l=dataLayer 73 Unrecognized feature: 'conversion-measurement'.
Jan 28,2022 11:53:05 [info]  Found error in logs for this url: https://4933917.fls.doubleclick.net/activityi;dc_pre=CMCCgL3n0_UCFQGL2AUdrXIIrA;src=4933917;type=remar0;cat=stanc0;ord=9712588855592;gtm=2wg1q0;auiddc=319933692.1643350487;u1=%2Fsg%2Fpriority%2Fpriority-private%2F;~oref=https%3A%2F%2Fwww.sc.com%2Fsg%2Fpriority%2Fpriority-private%2F? 0 Refused to execute inline script because it violates the following Content Security Policy directive: "script-src 'none'". Either the 'unsafe-inline' keyword, a hash ('sha256-AfcggJl5oiFKi9hzc/K8iFxNPkTWv7zpkRVU5Jb3Hcc='), or a nonce ('nonce-...') is required to enable inline execution.

Jan 28,2022 11:53:05 [info]  Found error in logs for this url: https://4933917.fls.doubleclick.net/activityi;dc_pre=CM2tgr3n0_UCFV_WcwEd5bkKZg;src=4933917;type=scbsg;cat=sglands;ord=3397249764261;gtm=2wg1q0;auiddc=319933692.1643350487;u1=%2Fsg%2Fpriority%2Fpriority-private%2F;u2=priority;u3=priority-private;u9=sg;u5=priority-private;~oref=https%3A%2F%2Fwww.sc.com%2Fsg%2Fpriority%2Fpriority-private%2F? 16 Refused to execute inline script because it violates the following Content Security Policy directive: "script-src 'none'". Either the 'unsafe-inline' keyword, a hash ('sha256-tDsXkBBffi58fbPbGQewzMcSFuXW9aWfTKA0I1BE/zM='), or a nonce ('nonce-...') is required to enable inline execution.

Jan 28,2022 11:53:05 [info]  Found error in logs for this url: https://av.sc.com/assets/global/js/utils.min.js?ver=13bd13b 0:8411 Uncaught DOMException: Blocked a frame with origin "https://www.sc.com" from accessing a cross-origin frame.
Jan 28,2022 11:53:05 [info]  Found error in logs for this url: https://av.sc.com/assets/global/adobe/production/5e4ae16ab23e/2be1a655bb44/launch-5d0b74b28d2b.min.js 12:2713 "?" "container.buildInfo.environment is deprecated.Please use `container.environment.stage` instead"
Jan 28,2022 11:53:05 [info]  3 Console error found
Jan 28,2022 11:53:08 [info]  Navigated to the new URL: https://www.sc.com/sg/wealth/
Jan 28,2022 11:53:08 [info]  Found error in logs for this url: https://www.googletagmanager.com/gtm.js?id=GTM-P3BPFN7&l=dataLayer 73 Unrecognized feature: 'attribution-reporting'.
Jan 28,2022 11:53:08 [info]  Found error in logs for this url: https://www.googletagmanager.com/gtm.js?id=GTM-P3BPFN7&l=dataLayer 73 Unrecognized feature: 'conversion-measurement'.
Jan 28,2022 11:53:08 [info]  Found error in logs for this url: https://www.googletagmanager.com/gtm.js?id=GTM-P3BPFN7&l=dataLayer 73 Unrecognized feature: 'attribution-reporting'.
Jan 28,2022 11:53:08 [info]  Found error in logs for this url: https://www.googletagmanager.com/gtm.js?id=GTM-P3BPFN7&l=dataLayer 73 Unrecognized feature: 'conversion-measurement'.
Jan 28,2022 11:53:08 [info]  Found error in logs for this url: https://4933917.fls.doubleclick.net/activityi;dc_pre=CJuu0r7n0_UCFWQptwAdJS8EoA;src=4933917;type=remar0;cat=stanc0;ord=5138181030675;gtm=2wg1q0;auiddc=319933692.1643350487;u1=%2Fsg%2Fwealth%2F;~oref=https%3A%2F%2Fwww.sc.com%2Fsg%2Fwealth%2F? 0 Refused to execute inline script because it violates the following Content Security Policy directive: "script-src 'none'". Either the 'unsafe-inline' keyword, a hash ('sha256-AfcggJl5oiFKi9hzc/K8iFxNPkTWv7zpkRVU5Jb3Hcc='), or a nonce ('nonce-...') is required to enable inline execution.

Jan 28,2022 11:53:08 [info]  Found error in logs for this url: https://4933917.fls.doubleclick.net/activityi;dc_pre=CLKT1L7n0_UCFcGT2AUdWLcMTw;src=4933917;type=scbsg;cat=sglands;ord=8958455613672;gtm=2wg1q0;auiddc=319933692.1643350487;u1=%2Fsg%2Fwealth%2F;u2=wealth;u3=;u9=sg;u5=;~oref=https%3A%2F%2Fwww.sc.com%2Fsg%2Fwealth%2F? 16 Refused to execute inline script because it violates the following Content Security Policy directive: "script-src 'none'". Either the 'unsafe-inline' keyword, a hash ('sha256-fgTcfDu0mUiwuvWrTiWv/F9siqjHgbFnDgpLwq2Ocww='), or a nonce ('nonce-...') is required to enable inline execution.

Jan 28,2022 11:53:08 [info]  Found error in logs for this url: https://av.sc.com/assets/global/adobe/production/5e4ae16ab23e/2be1a655bb44/launch-5d0b74b28d2b.min.js 1:27118 "AT:" "[page-init]" "Adobe Target content delivery is disabled. Ensure that you can save cookies to your current domain, there is no \"mboxDisable\" cookie and there is no \"mboxDisable\" parameter in query string."
Jan 28,2022 11:53:08 [info]  Found error in logs for this url: https://av.sc.com/assets/global/js/utils.min.js?ver=e8ba9f3 0:8411 Uncaught DOMException: Blocked a frame with origin "https://www.sc.com" from accessing a cross-origin frame.
Jan 28,2022 11:53:08 [info]  Found error in logs for this url: https://av.sc.com/assets/global/adobe/production/5e4ae16ab23e/2be1a655bb44/launch-5d0b74b28d2b.min.js 12:2713 "?" "container.buildInfo.environment is deprecated.Please use `container.environment.stage` instead"
Jan 28,2022 11:53:08 [info]  3 Console error found
Jan 28,2022 11:53:11 [info]  Navigated to the new URL: https://www.sc.com/sg/international-banking/
Jan 28,2022 11:53:11 [info]  Found error in logs for this url: https://www.googletagmanager.com/gtm.js?id=GTM-P3BPFN7&l=dataLayer 73 Unrecognized feature: 'attribution-reporting'.
Jan 28,2022 11:53:11 [info]  Found error in logs for this url: https://www.googletagmanager.com/gtm.js?id=GTM-P3BPFN7&l=dataLayer 73 Unrecognized feature: 'conversion-measurement'.
Jan 28,2022 11:53:11 [info]  Found error in logs for this url: https://www.googletagmanager.com/gtm.js?id=GTM-P3BPFN7&l=dataLayer 73 Unrecognized feature: 'attribution-reporting'.
Jan 28,2022 11:53:11 [info]  Found error in logs for this url: https://www.googletagmanager.com/gtm.js?id=GTM-P3BPFN7&l=dataLayer 73 Unrecognized feature: 'conversion-measurement'.
Jan 28,2022 11:53:11 [info]  Found error in logs for this url: https://www.googletagmanager.com/gtm.js?id=GTM-P3BPFN7&l=dataLayer 73 Unrecognized feature: 'attribution-reporting'.
Jan 28,2022 11:53:11 [info]  Found error in logs for this url: https://www.googletagmanager.com/gtm.js?id=GTM-P3BPFN7&l=dataLayer 73 Unrecognized feature: 'conversion-measurement'.
Jan 28,2022 11:53:11 [info]  Found error in logs for this url: https://www.googletagmanager.com/gtm.js?id=GTM-P3BPFN7&l=dataLayer 73 Unrecognized feature: 'attribution-reporting'.
Jan 28,2022 11:53:11 [info]  Found error in logs for this url: https://www.googletagmanager.com/gtm.js?id=GTM-P3BPFN7&l=dataLayer 73 Unrecognized feature: 'conversion-measurement'.
Jan 28,2022 11:53:11 [info]  Found error in logs for this url: https://av.sc.com/assets/global/js/vendor/flickity_v2.js?_=1643350989074 10:6413 "Error parsing data-flickity on m-banner carousel-full has-hero-slides flickity-enabled is-draggable: SyntaxError: Unexpected token ' in JSON at position 3"
Jan 28,2022 11:53:11 [info]  Found error in logs for this url: https://4933917.fls.doubleclick.net/activityi;dc_pre=CJu7ocDn0_UCFT2Q2AUdUD4Ivg;src=4933917;type=remar0;cat=stanc0;ord=5386089772419;gtm=2wg1q0;auiddc=319933692.1643350487;u1=%2Fsg%2Finternational-banking%2F;~oref=https%3A%2F%2Fwww.sc.com%2Fsg%2Finternational-banking%2F? 0 Refused to execute inline script because it violates the following Content Security Policy directive: "script-src 'none'". Either the 'unsafe-inline' keyword, a hash ('sha256-AfcggJl5oiFKi9hzc/K8iFxNPkTWv7zpkRVU5Jb3Hcc='), or a nonce ('nonce-...') is required to enable inline execution.

Jan 28,2022 11:53:11 [info]  Found error in logs for this url: https://av.sc.com/assets/global/adobe/production/5e4ae16ab23e/2be1a655bb44/launch-5d0b74b28d2b.min.js 1:27118 "AT:" "[page-init]" "Adobe Target content delivery is disabled. Ensure that you can save cookies to your current domain, there is no \"mboxDisable\" cookie and there is no \"mboxDisable\" parameter in query string."
Jan 28,2022 11:53:11 [info]  Found error in logs for this url: https://4933917.fls.doubleclick.net/activityi;dc_pre=CI7uosDn0_UCFQiT2AUdJDcChA;src=4933917;type=scbsg;cat=sglands;ord=4701902178624;gtm=2wg1q0;auiddc=319933692.1643350487;u1=%2Fsg%2Finternational-banking%2F;u2=international-banking;u3=;u9=sg;u5=;~oref=https%3A%2F%2Fwww.sc.com%2Fsg%2Finternational-banking%2F? 16 Refused to execute inline script because it violates the following Content Security Policy directive: "script-src 'none'". Either the 'unsafe-inline' keyword, a hash ('sha256-IvcEwgGnT26HYfR1WIkhtcKfPkiH2u/EDdhBDitdGCs='), or a nonce ('nonce-...') is required to enable inline execution.

Jan 28,2022 11:53:11 [info]  Found error in logs for this url: https://av.sc.com/assets/global/js/utils.min.js?ver=4a944f7 0:8411 Uncaught DOMException: Blocked a frame with origin "https://www.sc.com" from accessing a cross-origin frame.
Jan 28,2022 11:53:11 [info]  Found error in logs for this url: https://av.sc.com/assets/global/adobe/production/5e4ae16ab23e/2be1a655bb44/launch-5d0b74b28d2b.min.js 12:2713 "?" "container.buildInfo.environment is deprecated.Please use `container.environment.stage` instead"
Jan 28,2022 11:53:11 [info]  4 Console error found
Jan 28,2022 11:53:12 [info]  Navigated to the new URL: https://www.sc.com/privatebank/en/]]>
  </system-out>
  <testcase classname="ParentClass" name="responsiveDimensionConsoleLogs" time="288.832"/>
  <system-out>
    <![CDATA[Jan 28,2022 11:53:15 [info]  There are 266 hyperlinks
Jan 28,2022 11:53:18 [info]  Navigated to the new URL: https://www.sc.com/sg/
Jan 28,2022 11:53:22 [info]  Found error in logs for url "https://www.sc.com/sg/" and message : https://www.googletagmanager.com/gtm.js?id=GTM-P3BPFN7&l=dataLayer 73 Unrecognized feature: 'attribution-reporting'.
Jan 28,2022 11:53:22 [info]  Found error in logs for url "https://www.sc.com/sg/" and message : https://www.googletagmanager.com/gtm.js?id=GTM-P3BPFN7&l=dataLayer 73 Unrecognized feature: 'conversion-measurement'.
Jan 28,2022 11:53:22 [info]  Found error in logs for url "https://www.sc.com/sg/" and message : https://www.googletagmanager.com/gtm.js?id=GTM-P3BPFN7&l=dataLayer 73 Unrecognized feature: 'attribution-reporting'.
Jan 28,2022 11:53:22 [info]  Found error in logs for url "https://www.sc.com/sg/" and message : https://www.googletagmanager.com/gtm.js?id=GTM-P3BPFN7&l=dataLayer 73 Unrecognized feature: 'conversion-measurement'.
Jan 28,2022 11:53:22 [info]  Found error in logs for url "https://www.sc.com/sg/" and message : https://4933917.fls.doubleclick.net/activityi;dc_pre=CKbxt8Ln0_UCFQkptwAdMx4Msg;src=4933917;type=remar0;cat=stanc0;ord=3250281138251;gtm=2wg1q0;auiddc=319933692.1643350487;u1=%2Fsg%2F;~oref=https%3A%2F%2Fwww.sc.com%2Fsg%2F? 0 Refused to execute inline script because it violates the following Content Security Policy directive: "script-src 'none'". Either the 'unsafe-inline' keyword, a hash ('sha256-AfcggJl5oiFKi9hzc/K8iFxNPkTWv7zpkRVU5Jb3Hcc='), or a nonce ('nonce-...') is required to enable inline execution.

Jan 28,2022 11:53:22 [info]  Found error in logs for url "https://www.sc.com/sg/" and message : https://4933917.fls.doubleclick.net/activityi;dc_pre=COGPucLn0_UCFR6O2AUdXiQP9A;src=4933917;type=scbsg;cat=sglands;ord=2686550569506;gtm=2wg1q0;auiddc=319933692.1643350487;u1=%2Fsg%2F;u2=undefined;u3=undefined;u9=sg;u5=undefined;~oref=https%3A%2F%2Fwww.sc.com%2Fsg%2F? 16 Refused to execute inline script because it violates the following Content Security Policy directive: "script-src 'none'". Either the 'unsafe-inline' keyword, a hash ('sha256-U7xJz1aUAxHVwomnMkQXiPNrFLpP8htRy9tvosxKv4w='), or a nonce ('nonce-...') is required to enable inline execution.

Jan 28,2022 11:53:22 [info]  Found error in logs for url "https://www.sc.com/sg/" and message : https://av.sc.com/assets/global/adobe/production/5e4ae16ab23e/2be1a655bb44/launch-5d0b74b28d2b.min.js 12:2713 "?" "container.buildInfo.environment is deprecated.Please use `container.environment.stage` instead"
Jan 28,2022 11:53:22 [info]  Found error in logs for url "https://www.sc.com/sg/" and message : https://www.googletagmanager.com/gtm.js?id=GTM-P3BPFN7&l=dataLayer 73 Unrecognized feature: 'attribution-reporting'.
Jan 28,2022 11:53:22 [info]  Found error in logs for url "https://www.sc.com/sg/" and message : https://www.googletagmanager.com/gtm.js?id=GTM-P3BPFN7&l=dataLayer 73 Unrecognized feature: 'conversion-measurement'.
Jan 28,2022 11:53:22 [info]  Found error in logs for url "https://www.sc.com/sg/" and message : https://www.googletagmanager.com/gtm.js?id=GTM-P3BPFN7&l=dataLayer 73 Unrecognized feature: 'attribution-reporting'.
Jan 28,2022 11:53:22 [info]  Found error in logs for url "https://www.sc.com/sg/" and message : https://www.googletagmanager.com/gtm.js?id=GTM-P3BPFN7&l=dataLayer 73 Unrecognized feature: 'conversion-measurement'.
Jan 28,2022 11:53:22 [info]  Found error in logs for url "https://www.sc.com/sg/" and message : https://4933917.fls.doubleclick.net/activityi;dc_pre=CIb_ysPn0_UCFQGL2AUdrXIIrA;src=4933917;type=remar0;cat=stanc0;ord=4812955579889;gtm=2wg1q0;auiddc=319933692.1643350487;u1=%2Fsg%2F;~oref=https%3A%2F%2Fwww.sc.com%2Fsg%2F? 0 Refused to execute inline script because it violates the following Content Security Policy directive: "script-src 'none'". Either the 'unsafe-inline' keyword, a hash ('sha256-AfcggJl5oiFKi9hzc/K8iFxNPkTWv7zpkRVU5Jb3Hcc='), or a nonce ('nonce-...') is required to enable inline execution.

Jan 28,2022 11:53:22 [info]  Found error in logs for url "https://www.sc.com/sg/" and message : https://4933917.fls.doubleclick.net/activityi;dc_pre=CIjSzMPn0_UCFSSO2AUda3wP2A;src=4933917;type=scbsg;cat=sglands;ord=6776807044493;gtm=2wg1q0;auiddc=319933692.1643350487;u1=%2Fsg%2F;u2=undefined;u3=undefined;u9=sg;u5=undefined;~oref=https%3A%2F%2Fwww.sc.com%2Fsg%2F? 16 Refused to execute inline script because it violates the following Content Security Policy directive: "script-src 'none'". Either the 'unsafe-inline' keyword, a hash ('sha256-U7xJz1aUAxHVwomnMkQXiPNrFLpP8htRy9tvosxKv4w='), or a nonce ('nonce-...') is required to enable inline execution.

Jan 28,2022 11:53:22 [info]  Found error in logs for url "https://www.sc.com/sg/" and message : https://av.sc.com/assets/global/adobe/production/5e4ae16ab23e/2be1a655bb44/launch-5d0b74b28d2b.min.js 12:2713 "?" "container.buildInfo.environment is deprecated.Please use `container.environment.stage` instead"
Jan 28,2022 11:53:22 [info]  Found error in logs for url "https://www.sc.com/sg/" and message : https://av.sc.com/assets/global/adobe/production/5e4ae16ab23e/2be1a655bb44/launch-5d0b74b28d2b.min.js 1:27118 "AT:" "metric element not found" Object
Jan 28,2022 11:53:22 [info]  Found error in logs for url "https://www.sc.com/sg/" and message : https://av.sc.com/assets/global/adobe/production/5e4ae16ab23e/2be1a655bb44/launch-5d0b74b28d2b.min.js 1:27118 "AT:" "metric element not found" Object
Jan 28,2022 11:53:22 [info]  4 Console error found
Jan 28,2022 11:53:24 [info]  Navigated to the new URL: https://www.sc.com/sg/priority/
Jan 28,2022 11:53:30 [info]  Found error in logs for url "https://www.sc.com/sg/priority/" and message : https://av.sc.com/assets/global/adobe/production/5e4ae16ab23e/2be1a655bb44/launch-5d0b74b28d2b.min.js 1:27118 "AT:" "metric element not found" Object
Jan 28,2022 11:53:30 [info]  Found error in logs for url "https://www.sc.com/sg/priority/" and message : https://av.sc.com/assets/global/adobe/production/5e4ae16ab23e/2be1a655bb44/launch-5d0b74b28d2b.min.js 1:27118 "AT:" "metric element not found" Object
Jan 28,2022 11:53:30 [info]  Found error in logs for url "https://www.sc.com/sg/priority/" and message : https://av.sc.com/assets/global/adobe/production/5e4ae16ab23e/2be1a655bb44/launch-5d0b74b28d2b.min.js 1:27118 "AT:" "metric element not found" Object
Jan 28,2022 11:53:30 [info]  Found error in logs for url "https://www.sc.com/sg/priority/" and message : https://www.googletagmanager.com/gtm.js?id=GTM-P3BPFN7&l=dataLayer 73 Unrecognized feature: 'attribution-reporting'.
Jan 28,2022 11:53:30 [info]  Found error in logs for url "https://www.sc.com/sg/priority/" and message : https://www.googletagmanager.com/gtm.js?id=GTM-P3BPFN7&l=dataLayer 73 Unrecognized feature: 'conversion-measurement'.
Jan 28,2022 11:53:30 [info]  Found error in logs for url "https://www.sc.com/sg/priority/" and message : https://www.googletagmanager.com/gtm.js?id=GTM-P3BPFN7&l=dataLayer 73 Unrecognized feature: 'attribution-reporting'.
Jan 28,2022 11:53:30 [info]  Found error in logs for url "https://www.sc.com/sg/priority/" and message : https://www.googletagmanager.com/gtm.js?id=GTM-P3BPFN7&l=dataLayer 73 Unrecognized feature: 'conversion-measurement'.
Jan 28,2022 11:53:30 [info]  Found error in logs for url "https://www.sc.com/sg/priority/" and message : https://4933917.fls.doubleclick.net/activityi;dc_pre=CMnescbn0_UCFfottwAd7V4EtA;src=4933917;type=remar0;cat=stanc0;ord=8034208542176;gtm=2wg1q0;auiddc=319933692.1643350487;u1=%2Fsg%2Fpriority%2F;~oref=https%3A%2F%2Fwww.sc.com%2Fsg%2Fpriority%2F? 0 Refused to execute inline script because it violates the following Content Security Policy directive: "script-src 'none'". Either the 'unsafe-inline' keyword, a hash ('sha256-AfcggJl5oiFKi9hzc/K8iFxNPkTWv7zpkRVU5Jb3Hcc='), or a nonce ('nonce-...') is required to enable inline execution.

Jan 28,2022 11:53:30 [info]  Found error in logs for url "https://www.sc.com/sg/priority/" and message : https://4933917.fls.doubleclick.net/activityi;dc_pre=CI_7ssbn0_UCFWQptwAdJS8EoA;src=4933917;type=scbsg;cat=sglands;ord=6009778303094;gtm=2wg1q0;auiddc=319933692.1643350487;u1=%2Fsg%2Fpriority%2F;u2=priority;u3=;u9=sg;u5=;~oref=https%3A%2F%2Fwww.sc.com%2Fsg%2Fpriority%2F? 16 Refused to execute inline script because it violates the following Content Security Policy directive: "script-src 'none'". Either the 'unsafe-inline' keyword, a hash ('sha256-47N20R3dMRJUG6HsKEWzGV1pq7WM6rrJOQpwLiDuTFE='), or a nonce ('nonce-...') is required to enable inline execution.

Jan 28,2022 11:53:30 [info]  Found error in logs for url "https://www.sc.com/sg/priority/" and message : https://av.sc.com/assets/global/adobe/production/5e4ae16ab23e/2be1a655bb44/launch-5d0b74b28d2b.min.js 12:2713 "?" "container.buildInfo.environment is deprecated.Please use `container.environment.stage` instead"
Jan 28,2022 11:53:30 [info]  Found error in logs for url "https://www.sc.com/sg/priority/" and message : https://av.sc.com/assets/global/adobe/production/5e4ae16ab23e/2be1a655bb44/launch-5d0b74b28d2b.min.js 1:27118 "AT:" "metric element not found" Object
Jan 28,2022 11:53:30 [info]  Found error in logs for url "https://www.sc.com/sg/priority/" and message : https://av.sc.com/assets/global/adobe/production/5e4ae16ab23e/2be1a655bb44/launch-5d0b74b28d2b.min.js 1:27118 "AT:" "metric element not found" Object
Jan 28,2022 11:53:30 [info]  Found error in logs for url "https://www.sc.com/sg/priority/" and message : https://av.sc.com/assets/global/adobe/production/5e4ae16ab23e/2be1a655bb44/launch-5d0b74b28d2b.min.js 1:27118 "AT:" "metric element not found" Object
Jan 28,2022 11:53:30 [info]  Found error in logs for url "https://www.sc.com/sg/priority/" and message : https://av.sc.com/assets/global/adobe/production/5e4ae16ab23e/2be1a655bb44/launch-5d0b74b28d2b.min.js 1:27118 "AT:" "metric element not found" Object
Jan 28,2022 11:53:30 [info]  Found error in logs for url "https://www.sc.com/sg/priority/" and message : https://av.sc.com/assets/global/adobe/production/5e4ae16ab23e/2be1a655bb44/launch-5d0b74b28d2b.min.js 1:27118 "AT:" "metric element not found" Object
Jan 28,2022 11:53:30 [info]  Found error in logs for url "https://www.sc.com/sg/priority/" and message : https://av.sc.com/assets/global/adobe/production/5e4ae16ab23e/2be1a655bb44/launch-5d0b74b28d2b.min.js 1:27118 "AT:" "metric element not found" Object
Jan 28,2022 11:53:30 [info]  Found error in logs for url "https://www.sc.com/sg/priority/" and message : https://av.sc.com/assets/global/adobe/production/5e4ae16ab23e/2be1a655bb44/launch-5d0b74b28d2b.min.js 1:27118 "AT:" "metric element not found" Object
Jan 28,2022 11:53:30 [info]  Found error in logs for url "https://www.sc.com/sg/priority/" and message : https://av.sc.com/assets/global/adobe/production/5e4ae16ab23e/2be1a655bb44/launch-5d0b74b28d2b.min.js 1:27118 "AT:" "metric element not found" Object
Jan 28,2022 11:53:30 [info]  Found error in logs for url "https://www.sc.com/sg/priority/" and message : https://av.sc.com/assets/global/adobe/production/5e4ae16ab23e/2be1a655bb44/launch-5d0b74b28d2b.min.js 1:27118 "AT:" "metric element not found" Object
Jan 28,2022 11:53:30 [info]  Found error in logs for url "https://www.sc.com/sg/priority/" and message : https://av.sc.com/assets/global/adobe/production/5e4ae16ab23e/2be1a655bb44/launch-5d0b74b28d2b.min.js 1:27118 "AT:" "metric element not found" Object
Jan 28,2022 11:53:30 [info]  Found error in logs for url "https://www.sc.com/sg/priority/" and message : https://av.sc.com/assets/global/adobe/production/5e4ae16ab23e/2be1a655bb44/launch-5d0b74b28d2b.min.js 1:27118 "AT:" "metric element not found" Object
Jan 28,2022 11:53:30 [info]  Found error in logs for url "https://www.sc.com/sg/priority/" and message : https://av.sc.com/assets/global/adobe/production/5e4ae16ab23e/2be1a655bb44/launch-5d0b74b28d2b.min.js 1:27118 "AT:" "metric element not found" Object
Jan 28,2022 11:53:30 [info]  Found error in logs for url "https://www.sc.com/sg/priority/" and message : https://av.sc.com/assets/global/adobe/production/5e4ae16ab23e/2be1a655bb44/launch-5d0b74b28d2b.min.js 1:27118 "AT:" "metric element not found" Object
Jan 28,2022 11:53:30 [info]  Found error in logs for url "https://www.sc.com/sg/priority/" and message : https://av.sc.com/assets/global/adobe/production/5e4ae16ab23e/2be1a655bb44/launch-5d0b74b28d2b.min.js 1:27118 "AT:" "metric element not found" Object
Jan 28,2022 11:53:30 [info]  Found error in logs for url "https://www.sc.com/sg/priority/" and message : https://av.sc.com/assets/global/adobe/production/5e4ae16ab23e/2be1a655bb44/launch-5d0b74b28d2b.min.js 1:27118 "AT:" "metric element not found" Object
Jan 28,2022 11:53:30 [info]  Found error in logs for url "https://www.sc.com/sg/priority/" and message : https://av.sc.com/assets/global/adobe/production/5e4ae16ab23e/2be1a655bb44/launch-5d0b74b28d2b.min.js 1:27118 "AT:" "metric element not found" Object
Jan 28,2022 11:53:30 [info]  2 Console error found
Jan 28,2022 11:53:34 [info]  Navigated to the new URL: https://www.sc.com/sg/priority/priority-private/
Jan 28,2022 11:53:40 [info]  Found error in logs for url "https://www.sc.com/sg/priority/priority-private/" and message : https://www.googletagmanager.com/gtm.js?id=GTM-P3BPFN7&l=dataLayer 73 Unrecognized feature: 'attribution-reporting'.
Jan 28,2022 11:53:40 [info]  Found error in logs for url "https://www.sc.com/sg/priority/priority-private/" and message : https://www.googletagmanager.com/gtm.js?id=GTM-P3BPFN7&l=dataLayer 73 Unrecognized feature: 'conversion-measurement'.
Jan 28,2022 11:53:40 [info]  Found error in logs for url "https://www.sc.com/sg/priority/priority-private/" and message : https://www.googletagmanager.com/gtm.js?id=GTM-P3BPFN7&l=dataLayer 73 Unrecognized feature: 'attribution-reporting'.
Jan 28,2022 11:53:40 [info]  Found error in logs for url "https://www.sc.com/sg/priority/priority-private/" and message : https://www.googletagmanager.com/gtm.js?id=GTM-P3BPFN7&l=dataLayer 73 Unrecognized feature: 'conversion-measurement'.
Jan 28,2022 11:53:40 [info]  Found error in logs for url "https://www.sc.com/sg/priority/priority-private/" and message : https://4933917.fls.doubleclick.net/activityi;dc_pre=CMWg-crn0_UCFXqK2AUd9CwErw;src=4933917;type=remar0;cat=stanc0;ord=1546527811132;gtm=2wg1q0;auiddc=319933692.1643350487;u1=%2Fsg%2Fpriority%2Fpriority-private%2F;~oref=https%3A%2F%2Fwww.sc.com%2Fsg%2Fpriority%2Fpriority-private%2F? 0 Refused to execute inline script because it violates the following Content Security Policy directive: "script-src 'none'". Either the 'unsafe-inline' keyword, a hash ('sha256-AfcggJl5oiFKi9hzc/K8iFxNPkTWv7zpkRVU5Jb3Hcc='), or a nonce ('nonce-...') is required to enable inline execution.

Jan 28,2022 11:53:40 [info]  Found error in logs for url "https://www.sc.com/sg/priority/priority-private/" and message : https://4933917.fls.doubleclick.net/activityi;dc_pre=CLnW-srn0_UCFT2Q2AUdUD4Ivg;src=4933917;type=scbsg;cat=sglands;ord=8519238041643;gtm=2wg1q0;auiddc=319933692.1643350487;u1=%2Fsg%2Fpriority%2Fpriority-private%2F;u2=priority;u3=priority-private;u9=sg;u5=priority-private;~oref=https%3A%2F%2Fwww.sc.com%2Fsg%2Fpriority%2Fpriority-private%2F? 16 Refused to execute inline script because it violates the following Content Security Policy directive: "script-src 'none'". Either the 'unsafe-inline' keyword, a hash ('sha256-tDsXkBBffi58fbPbGQewzMcSFuXW9aWfTKA0I1BE/zM='), or a nonce ('nonce-...') is required to enable inline execution.

Jan 28,2022 11:53:40 [info]  Found error in logs for url "https://www.sc.com/sg/priority/priority-private/" and message : https://av.sc.com/assets/global/js/utils.min.js?ver=13bd13b 0:8411 Uncaught DOMException: Blocked a frame with origin "https://www.sc.com" from accessing a cross-origin frame.
Jan 28,2022 11:53:40 [info]  Found error in logs for url "https://www.sc.com/sg/priority/priority-private/" and message : https://av.sc.com/assets/global/adobe/production/5e4ae16ab23e/2be1a655bb44/launch-5d0b74b28d2b.min.js 12:2713 "?" "container.buildInfo.environment is deprecated.Please use `container.environment.stage` instead"
Jan 28,2022 11:53:40 [info]  Found error in logs for url "https://www.sc.com/sg/priority/priority-private/" and message : https://embedwistia-a.akamaihd.net/deliveries/9784337f98c53f6f20744385c2af2b010b85b410.m3u8/v2/seg-1-v1-a1.ts - Failed to load resource: net::ERR_CONNECTION_CLOSED
Jan 28,2022 11:53:40 [info]  Found error in logs for url "https://www.sc.com/sg/priority/priority-private/" and message : https://av.sc.com/assets/global/adobe/production/5e4ae16ab23e/2be1a655bb44/launch-5d0b74b28d2b.min.js 1:27118 "AT:" "metric element not found" Object
Jan 28,2022 11:53:40 [info]  Found error in logs for url "https://www.sc.com/sg/priority/priority-private/" and message : https://av.sc.com/assets/global/adobe/production/5e4ae16ab23e/2be1a655bb44/launch-5d0b74b28d2b.min.js 1:27118 "AT:" "metric element not found" Object
Jan 28,2022 11:53:40 [info]  Found error in logs for url "https://www.sc.com/sg/priority/priority-private/" and message : https://av.sc.com/assets/global/adobe/production/5e4ae16ab23e/2be1a655bb44/launch-5d0b74b28d2b.min.js 1:27118 "AT:" "metric element not found" Object
Jan 28,2022 11:53:40 [info]  Found error in logs for url "https://www.sc.com/sg/priority/priority-private/" and message : https://av.sc.com/assets/global/adobe/production/5e4ae16ab23e/2be1a655bb44/launch-5d0b74b28d2b.min.js 1:27118 "AT:" "metric element not found" Object
Jan 28,2022 11:53:40 [info]  Found error in logs for url "https://www.sc.com/sg/priority/priority-private/" and message : https://av.sc.com/assets/global/adobe/production/5e4ae16ab23e/2be1a655bb44/launch-5d0b74b28d2b.min.js 1:27118 "AT:" "metric element not found" Object
Jan 28,2022 11:53:40 [info]  Found error in logs for url "https://www.sc.com/sg/priority/priority-private/" and message : https://av.sc.com/assets/global/adobe/production/5e4ae16ab23e/2be1a655bb44/launch-5d0b74b28d2b.min.js 1:27118 "AT:" "metric element not found" Object
Jan 28,2022 11:53:40 [info]  Found error in logs for url "https://www.sc.com/sg/priority/priority-private/" and message : https://av.sc.com/assets/global/adobe/production/5e4ae16ab23e/2be1a655bb44/launch-5d0b74b28d2b.min.js 1:27118 "AT:" "metric element not found" Object
Jan 28,2022 11:53:40 [info]  Found error in logs for url "https://www.sc.com/sg/priority/priority-private/" and message : https://av.sc.com/assets/global/adobe/production/5e4ae16ab23e/2be1a655bb44/launch-5d0b74b28d2b.min.js 1:27118 "AT:" "metric element not found" Object
Jan 28,2022 11:53:40 [info]  Found error in logs for url "https://www.sc.com/sg/priority/priority-private/" and message : https://av.sc.com/assets/global/adobe/production/5e4ae16ab23e/2be1a655bb44/launch-5d0b74b28d2b.min.js 1:27118 "AT:" "metric element not found" Object
Jan 28,2022 11:53:40 [info]  Found error in logs for url "https://www.sc.com/sg/priority/priority-private/" and message : https://av.sc.com/assets/global/adobe/production/5e4ae16ab23e/2be1a655bb44/launch-5d0b74b28d2b.min.js 1:27118 "AT:" "metric element not found" Object
Jan 28,2022 11:53:40 [info]  Found error in logs for url "https://www.sc.com/sg/priority/priority-private/" and message : https://av.sc.com/assets/global/adobe/production/5e4ae16ab23e/2be1a655bb44/launch-5d0b74b28d2b.min.js 1:27118 "AT:" "metric element not found" Object
Jan 28,2022 11:53:40 [info]  Found error in logs for url "https://www.sc.com/sg/priority/priority-private/" and message : https://av.sc.com/assets/global/adobe/production/5e4ae16ab23e/2be1a655bb44/launch-5d0b74b28d2b.min.js 1:27118 "AT:" "metric element not found" Object
Jan 28,2022 11:53:40 [info]  Found error in logs for url "https://www.sc.com/sg/priority/priority-private/" and message : https://av.sc.com/assets/global/adobe/production/5e4ae16ab23e/2be1a655bb44/launch-5d0b74b28d2b.min.js 1:27118 "AT:" "metric element not found" Object
Jan 28,2022 11:53:40 [info]  Found error in logs for url "https://www.sc.com/sg/priority/priority-private/" and message : https://av.sc.com/assets/global/adobe/production/5e4ae16ab23e/2be1a655bb44/launch-5d0b74b28d2b.min.js 1:27118 "AT:" "metric element not found" Object
Jan 28,2022 11:53:40 [info]  Found error in logs for url "https://www.sc.com/sg/priority/priority-private/" and message : https://av.sc.com/assets/global/adobe/production/5e4ae16ab23e/2be1a655bb44/launch-5d0b74b28d2b.min.js 1:27118 "AT:" "metric element not found" Object
Jan 28,2022 11:53:40 [info]  Found error in logs for url "https://www.sc.com/sg/priority/priority-private/" and message : https://av.sc.com/assets/global/adobe/production/5e4ae16ab23e/2be1a655bb44/launch-5d0b74b28d2b.min.js 1:27118 "AT:" "metric element not found" Object
Jan 28,2022 11:53:40 [info]  Found error in logs for url "https://www.sc.com/sg/priority/priority-private/" and message : https://av.sc.com/assets/global/adobe/production/5e4ae16ab23e/2be1a655bb44/launch-5d0b74b28d2b.min.js 1:27118 "AT:" "metric element not found" Object
Jan 28,2022 11:53:40 [info]  Found error in logs for url "https://www.sc.com/sg/priority/priority-private/" and message : https://av.sc.com/assets/global/adobe/production/5e4ae16ab23e/2be1a655bb44/launch-5d0b74b28d2b.min.js 1:27118 "AT:" "metric element not found" Object
Jan 28,2022 11:53:40 [info]  Found error in logs for url "https://www.sc.com/sg/priority/priority-private/" and message : https://av.sc.com/assets/global/js/utils.min.js?ver=13bd13b 0:8411 Uncaught DOMException: Blocked a frame with origin "https://www.sc.com" from accessing a cross-origin frame.
Jan 28,2022 11:53:40 [info]  Found error in logs for url "https://www.sc.com/sg/priority/priority-private/" and message : https://online.forms.standardchartered.com/public_website/singapore/priority-forms-cmsdct/priority_form_dynamic.html?ccode=sg&form_id=SGR556&p_id=2 - Access to XMLHttpRequest at 'chrome-extension://ghbmnnjooekpmoecnnnilnnbdlolhkhi/page_embed_script.js' from origin 'https://online.forms.standardchartered.com' has been blocked by CORS policy: Cross origin requests are only supported for protocol schemes: http, data, chrome, chrome-untrusted, https.
Jan 28,2022 11:53:40 [info]  Found error in logs for url "https://www.sc.com/sg/priority/priority-private/" and message : chrome-extension://ghbmnnjooekpmoecnnnilnnbdlolhkhi/page_embed_script.js - Failed to load resource: net::ERR_FAILED
Jan 28,2022 11:53:40 [info]  7 Console error found
Jan 28,2022 11:53:44 [info]  Navigated to the new URL: https://www.sc.com/sg/wealth/
Jan 28,2022 11:53:50 [info]  Found error in logs for url "https://www.sc.com/sg/wealth/" and message : https://www.googletagmanager.com/gtm.js?id=GTM-P3BPFN7&l=dataLayer 73 Unrecognized feature: 'attribution-reporting'.
Jan 28,2022 11:53:50 [info]  Found error in logs for url "https://www.sc.com/sg/wealth/" and message : https://www.googletagmanager.com/gtm.js?id=GTM-P3BPFN7&l=dataLayer 73 Unrecognized feature: 'conversion-measurement'.
Jan 28,2022 11:53:50 [info]  Found error in logs for url "https://www.sc.com/sg/wealth/" and message : https://www.googletagmanager.com/gtm.js?id=GTM-P3BPFN7&l=dataLayer 73 Unrecognized feature: 'attribution-reporting'.
Jan 28,2022 11:53:50 [info]  Found error in logs for url "https://www.sc.com/sg/wealth/" and message : https://www.googletagmanager.com/gtm.js?id=GTM-P3BPFN7&l=dataLayer 73 Unrecognized feature: 'conversion-measurement'.
Jan 28,2022 11:53:50 [info]  Found error in logs for url "https://www.sc.com/sg/wealth/" and message : https://4933917.fls.doubleclick.net/activityi;dc_pre=CMGr58_n0_UCFa2O2AUdV0EDsw;src=4933917;type=remar0;cat=stanc0;ord=164246646372;gtm=2wg1q0;auiddc=319933692.1643350487;u1=%2Fsg%2Fwealth%2F;~oref=https%3A%2F%2Fwww.sc.com%2Fsg%2Fwealth%2F? 0 Refused to execute inline script because it violates the following Content Security Policy directive: "script-src 'none'". Either the 'unsafe-inline' keyword, a hash ('sha256-AfcggJl5oiFKi9hzc/K8iFxNPkTWv7zpkRVU5Jb3Hcc='), or a nonce ('nonce-...') is required to enable inline execution.

Jan 28,2022 11:53:50 [info]  Found error in logs for url "https://www.sc.com/sg/wealth/" and message : https://4933917.fls.doubleclick.net/activityi;dc_pre=CPLX6M_n0_UCFeCT2AUdARkKcQ;src=4933917;type=scbsg;cat=sglands;ord=6170696930513;gtm=2wg1q0;auiddc=319933692.1643350487;u1=%2Fsg%2Fwealth%2F;u2=wealth;u3=;u9=sg;u5=;~oref=https%3A%2F%2Fwww.sc.com%2Fsg%2Fwealth%2F? 16 Refused to execute inline script because it violates the following Content Security Policy directive: "script-src 'none'". Either the 'unsafe-inline' keyword, a hash ('sha256-fgTcfDu0mUiwuvWrTiWv/F9siqjHgbFnDgpLwq2Ocww='), or a nonce ('nonce-...') is required to enable inline execution.

Jan 28,2022 11:53:50 [info]  Found error in logs for url "https://www.sc.com/sg/wealth/" and message : https://av.sc.com/assets/global/adobe/production/5e4ae16ab23e/2be1a655bb44/launch-5d0b74b28d2b.min.js 1:27118 "AT:" "[page-init]" "Adobe Target content delivery is disabled. Ensure that you can save cookies to your current domain, there is no \"mboxDisable\" cookie and there is no \"mboxDisable\" parameter in query string."
Jan 28,2022 11:53:50 [info]  Found error in logs for url "https://www.sc.com/sg/wealth/" and message : https://av.sc.com/assets/global/js/utils.min.js?ver=e8ba9f3 0:8411 Uncaught DOMException: Blocked a frame with origin "https://www.sc.com" from accessing a cross-origin frame.
Jan 28,2022 11:53:50 [info]  Found error in logs for url "https://www.sc.com/sg/wealth/" and message : https://av.sc.com/assets/global/adobe/production/5e4ae16ab23e/2be1a655bb44/launch-5d0b74b28d2b.min.js 12:2713 "?" "container.buildInfo.environment is deprecated.Please use `container.environment.stage` instead"
Jan 28,2022 11:53:50 [info]  Found error in logs for url "https://www.sc.com/sg/wealth/" and message : https://av.sc.com/assets/global/js/iframe.js?ver=e8ba9f3 7:866 "[iFrameSizer][Host page: sc-lb-module-embedded-form-frame]" "IFrame has not responded within 5 seconds. Check iFrameResizer.contentWindow.js has been loaded in iFrame. This message can be ignored if everything is working, or you can set the warningTimeout option to a higher value or zero to suppress this warning."
Jan 28,2022 11:53:50 [info]  Found error in logs for url "https://www.sc.com/sg/wealth/" and message : https://av.sc.com/assets/global/adobe/production/5e4ae16ab23e/2be1a655bb44/launch-5d0b74b28d2b.min.js 1:27118 "AT:" "metric element not found" Object
Jan 28,2022 11:53:50 [info]  Found error in logs for url "https://www.sc.com/sg/wealth/" and message : https://av.sc.com/assets/global/adobe/production/5e4ae16ab23e/2be1a655bb44/launch-5d0b74b28d2b.min.js 1:27118 "AT:" "metric element not found" Object
Jan 28,2022 11:53:50 [info]  Found error in logs for url "https://www.sc.com/sg/wealth/" and message : https://av.sc.com/assets/global/adobe/production/5e4ae16ab23e/2be1a655bb44/launch-5d0b74b28d2b.min.js 1:27118 "AT:" "metric element not found" Object
Jan 28,2022 11:53:50 [info]  Found error in logs for url "https://www.sc.com/sg/wealth/" and message : https://av.sc.com/assets/global/adobe/production/5e4ae16ab23e/2be1a655bb44/launch-5d0b74b28d2b.min.js 1:27118 "AT:" "metric element not found" Object
Jan 28,2022 11:53:50 [info]  Found error in logs for url "https://www.sc.com/sg/wealth/" and message : https://av.sc.com/assets/global/adobe/production/5e4ae16ab23e/2be1a655bb44/launch-5d0b74b28d2b.min.js 1:27118 "AT:" "metric element not found" Object
Jan 28,2022 11:53:50 [info]  Found error in logs for url "https://www.sc.com/sg/wealth/" and message : https://av.sc.com/assets/global/adobe/production/5e4ae16ab23e/2be1a655bb44/launch-5d0b74b28d2b.min.js 1:27118 "AT:" "metric element not found" Object
Jan 28,2022 11:53:50 [info]  Found error in logs for url "https://www.sc.com/sg/wealth/" and message : https://av.sc.com/assets/global/adobe/production/5e4ae16ab23e/2be1a655bb44/launch-5d0b74b28d2b.min.js 1:27118 "AT:" "metric element not found" Object
Jan 28,2022 11:53:50 [info]  Found error in logs for url "https://www.sc.com/sg/wealth/" and message : https://av.sc.com/assets/global/adobe/production/5e4ae16ab23e/2be1a655bb44/launch-5d0b74b28d2b.min.js 1:27118 "AT:" "metric element not found" Object
Jan 28,2022 11:53:50 [info]  Found error in logs for url "https://www.sc.com/sg/wealth/" and message : https://av.sc.com/assets/global/adobe/production/5e4ae16ab23e/2be1a655bb44/launch-5d0b74b28d2b.min.js 1:27118 "AT:" "metric element not found" Object
Jan 28,2022 11:53:50 [info]  Found error in logs for url "https://www.sc.com/sg/wealth/" and message : https://av.sc.com/assets/global/adobe/production/5e4ae16ab23e/2be1a655bb44/launch-5d0b74b28d2b.min.js 1:27118 "AT:" "metric element not found" Object
Jan 28,2022 11:53:50 [info]  Found error in logs for url "https://www.sc.com/sg/wealth/" and message : https://av.sc.com/assets/global/adobe/production/5e4ae16ab23e/2be1a655bb44/launch-5d0b74b28d2b.min.js 1:27118 "AT:" "metric element not found" Object
Jan 28,2022 11:53:50 [info]  Found error in logs for url "https://www.sc.com/sg/wealth/" and message : https://av.sc.com/assets/global/adobe/production/5e4ae16ab23e/2be1a655bb44/launch-5d0b74b28d2b.min.js 1:27118 "AT:" "metric element not found" Object
Jan 28,2022 11:53:50 [info]  Found error in logs for url "https://www.sc.com/sg/wealth/" and message : https://av.sc.com/assets/global/adobe/production/5e4ae16ab23e/2be1a655bb44/launch-5d0b74b28d2b.min.js 1:27118 "AT:" "metric element not found" Object
Jan 28,2022 11:53:50 [info]  Found error in logs for url "https://www.sc.com/sg/wealth/" and message : https://av.sc.com/assets/global/adobe/production/5e4ae16ab23e/2be1a655bb44/launch-5d0b74b28d2b.min.js 1:27118 "AT:" "metric element not found" Object
Jan 28,2022 11:53:50 [info]  Found error in logs for url "https://www.sc.com/sg/wealth/" and message : https://av.sc.com/assets/global/adobe/production/5e4ae16ab23e/2be1a655bb44/launch-5d0b74b28d2b.min.js 1:27118 "AT:" "metric element not found" Object
Jan 28,2022 11:53:50 [info]  Found error in logs for url "https://www.sc.com/sg/wealth/" and message : https://av.sc.com/assets/global/adobe/production/5e4ae16ab23e/2be1a655bb44/launch-5d0b74b28d2b.min.js 1:27118 "AT:" "metric element not found" Object
Jan 28,2022 11:53:50 [info]  Found error in logs for url "https://www.sc.com/sg/wealth/" and message : https://av.sc.com/assets/global/adobe/production/5e4ae16ab23e/2be1a655bb44/launch-5d0b74b28d2b.min.js 1:27118 "AT:" "metric element not found" Object
Jan 28,2022 11:53:50 [info]  Found error in logs for url "https://www.sc.com/sg/wealth/" and message : https://av.sc.com/assets/global/adobe/production/5e4ae16ab23e/2be1a655bb44/launch-5d0b74b28d2b.min.js 1:27118 "AT:" "metric element not found" Object
Jan 28,2022 11:53:50 [info]  Found error in logs for url "https://www.sc.com/sg/wealth/" and message : https://av.sc.com/assets/global/js/iframe.js?ver=e8ba9f3 7:866 "[iFrameSizer][Host page: sc-lb-module-embedded-form-frame]" "IFrame has not responded within 5 seconds. Check iFrameResizer.contentWindow.js has been loaded in iFrame. This message can be ignored if everything is working, or you can set the warningTimeout option to a higher value or zero to suppress this warning."
Jan 28,2022 11:53:50 [info]  Found error in logs for url "https://www.sc.com/sg/wealth/" and message : https://av.sc.com/assets/global/adobe/production/5e4ae16ab23e/2be1a655bb44/launch-5d0b74b28d2b.min.js 1:27118 "AT:" "[page-init]" "Adobe Target content delivery is disabled. Ensure that you can save cookies to your current domain, there is no \"mboxDisable\" cookie and there is no \"mboxDisable\" parameter in query string."
Jan 28,2022 11:53:50 [info]  Found error in logs for url "https://www.sc.com/sg/wealth/" and message : https://av.sc.com/assets/global/js/utils.min.js?ver=e8ba9f3 0:8411 Uncaught DOMException: Blocked a frame with origin "https://www.sc.com" from accessing a cross-origin frame.
Jan 28,2022 11:53:50 [info]  4 Console error found
Jan 28,2022 11:53:53 [info]  Navigated to the new URL: https://www.sc.com/sg/international-banking/
Jan 28,2022 11:53:58 [info]  Found error in logs for url "https://www.sc.com/sg/international-banking/" and message : https://av.sc.com/assets/global/js/vendor/flickity_v2.js?_=1643351030785 10:6413 "Error parsing data-flickity on m-banner carousel-full has-hero-slides flickity-enabled is-draggable: SyntaxError: Unexpected token ' in JSON at position 3"
Jan 28,2022 11:53:58 [info]  Found error in logs for url "https://www.sc.com/sg/international-banking/" and message : https://www.googletagmanager.com/gtm.js?id=GTM-P3BPFN7&l=dataLayer 73 Unrecognized feature: 'attribution-reporting'.
Jan 28,2022 11:53:58 [info]  Found error in logs for url "https://www.sc.com/sg/international-banking/" and message : https://www.googletagmanager.com/gtm.js?id=GTM-P3BPFN7&l=dataLayer 73 Unrecognized feature: 'conversion-measurement'.
Jan 28,2022 11:53:58 [info]  Found error in logs for url "https://www.sc.com/sg/international-banking/" and message : https://www.googletagmanager.com/gtm.js?id=GTM-P3BPFN7&l=dataLayer 73 Unrecognized feature: 'attribution-reporting'.
Jan 28,2022 11:53:58 [info]  Found error in logs for url "https://www.sc.com/sg/international-banking/" and message : https://www.googletagmanager.com/gtm.js?id=GTM-P3BPFN7&l=dataLayer 73 Unrecognized feature: 'conversion-measurement'.
Jan 28,2022 11:53:58 [info]  Found error in logs for url "https://www.sc.com/sg/international-banking/" and message : https://www.googletagmanager.com/gtm.js?id=GTM-P3BPFN7&l=dataLayer 73 Unrecognized feature: 'attribution-reporting'.
Jan 28,2022 11:53:58 [info]  Found error in logs for url "https://www.sc.com/sg/international-banking/" and message : https://www.googletagmanager.com/gtm.js?id=GTM-P3BPFN7&l=dataLayer 73 Unrecognized feature: 'conversion-measurement'.
Jan 28,2022 11:53:58 [info]  Found error in logs for url "https://www.sc.com/sg/international-banking/" and message : https://www.googletagmanager.com/gtm.js?id=GTM-P3BPFN7&l=dataLayer 73 Unrecognized feature: 'attribution-reporting'.
Jan 28,2022 11:53:58 [info]  Found error in logs for url "https://www.sc.com/sg/international-banking/" and message : https://www.googletagmanager.com/gtm.js?id=GTM-P3BPFN7&l=dataLayer 73 Unrecognized feature: 'conversion-measurement'.
Jan 28,2022 11:53:58 [info]  Found error in logs for url "https://www.sc.com/sg/international-banking/" and message : https://4933917.fls.doubleclick.net/activityi;dc_pre=CMOpldTn0_UCFQGL2AUdrXIIrA;src=4933917;type=remar0;cat=stanc0;ord=793115983882;gtm=2wg1q0;auiddc=319933692.1643350487;u1=%2Fsg%2Finternational-banking%2F;~oref=https%3A%2F%2Fwww.sc.com%2Fsg%2Finternational-banking%2F? 0 Refused to execute inline script because it violates the following Content Security Policy directive: "script-src 'none'". Either the 'unsafe-inline' keyword, a hash ('sha256-AfcggJl5oiFKi9hzc/K8iFxNPkTWv7zpkRVU5Jb3Hcc='), or a nonce ('nonce-...') is required to enable inline execution.

Jan 28,2022 11:53:58 [info]  Found error in logs for url "https://www.sc.com/sg/international-banking/" and message : https://4933917.fls.doubleclick.net/activityi;dc_pre=CN7eltTn0_UCFR6O2AUdXiQP9A;src=4933917;type=scbsg;cat=sglands;ord=9858239887768;gtm=2wg1q0;auiddc=319933692.1643350487;u1=%2Fsg%2Finternational-banking%2F;u2=international-banking;u3=;u9=sg;u5=;~oref=https%3A%2F%2Fwww.sc.com%2Fsg%2Finternational-banking%2F? 16 Refused to execute inline script because it violates the following Content Security Policy directive: "script-src 'none'". Either the 'unsafe-inline' keyword, a hash ('sha256-IvcEwgGnT26HYfR1WIkhtcKfPkiH2u/EDdhBDitdGCs='), or a nonce ('nonce-...') is required to enable inline execution.

Jan 28,2022 11:53:58 [info]  Found error in logs for url "https://www.sc.com/sg/international-banking/" and message : https://av.sc.com/assets/global/adobe/production/5e4ae16ab23e/2be1a655bb44/launch-5d0b74b28d2b.min.js 1:27118 "AT:" "[page-init]" "Adobe Target content delivery is disabled. Ensure that you can save cookies to your current domain, there is no \"mboxDisable\" cookie and there is no \"mboxDisable\" parameter in query string."
Jan 28,2022 11:53:58 [info]  Found error in logs for url "https://www.sc.com/sg/international-banking/" and message : https://av.sc.com/assets/global/js/utils.min.js?ver=4a944f7 0:8411 Uncaught DOMException: Blocked a frame with origin "https://www.sc.com" from accessing a cross-origin frame.
Jan 28,2022 11:53:58 [info]  Found error in logs for url "https://www.sc.com/sg/international-banking/" and message : https://av.sc.com/assets/global/adobe/production/5e4ae16ab23e/2be1a655bb44/launch-5d0b74b28d2b.min.js 12:2713 "?" "container.buildInfo.environment is deprecated.Please use `container.environment.stage` instead"
Jan 28,2022 11:53:58 [info]  Found error in logs for url "https://www.sc.com/sg/international-banking/" and message : https://av.sc.com/assets/global/adobe/production/5e4ae16ab23e/2be1a655bb44/launch-5d0b74b28d2b.min.js 1:27118 "AT:" "[page-init]" "Adobe Target content delivery is disabled. Ensure that you can save cookies to your current domain, there is no \"mboxDisable\" cookie and there is no \"mboxDisable\" parameter in query string."
Jan 28,2022 11:53:58 [info]  Found error in logs for url "https://www.sc.com/sg/international-banking/" and message : https://av.sc.com/assets/global/js/utils.min.js?ver=4a944f7 0:8411 Uncaught DOMException: Blocked a frame with origin "https://www.sc.com" from accessing a cross-origin frame.
Jan 28,2022 11:53:58 [info]  Found error in logs for url "https://www.sc.com/sg/international-banking/" and message : https://av.sc.com/assets/global/adobe/production/5e4ae16ab23e/2be1a655bb44/launch-5d0b74b28d2b.min.js 1:27118 "AT:" "metric element not found" Object
Jan 28,2022 11:53:58 [info]  Found error in logs for url "https://www.sc.com/sg/international-banking/" and message : https://av.sc.com/assets/global/adobe/production/5e4ae16ab23e/2be1a655bb44/launch-5d0b74b28d2b.min.js 1:27118 "AT:" "metric element not found" Object
Jan 28,2022 11:53:58 [info]  Found error in logs for url "https://www.sc.com/sg/international-banking/" and message : https://av.sc.com/assets/global/adobe/production/5e4ae16ab23e/2be1a655bb44/launch-5d0b74b28d2b.min.js 1:27118 "AT:" "metric element not found" Object
Jan 28,2022 11:53:58 [info]  Found error in logs for url "https://www.sc.com/sg/international-banking/" and message : https://av.sc.com/assets/global/adobe/production/5e4ae16ab23e/2be1a655bb44/launch-5d0b74b28d2b.min.js 1:27118 "AT:" "metric element not found" Object
Jan 28,2022 11:53:58 [info]  Found error in logs for url "https://www.sc.com/sg/international-banking/" and message : https://av.sc.com/assets/global/adobe/production/5e4ae16ab23e/2be1a655bb44/launch-5d0b74b28d2b.min.js 1:27118 "AT:" "metric element not found" Object
Jan 28,2022 11:53:58 [info]  Found error in logs for url "https://www.sc.com/sg/international-banking/" and message : https://av.sc.com/assets/global/adobe/production/5e4ae16ab23e/2be1a655bb44/launch-5d0b74b28d2b.min.js 1:27118 "AT:" "metric element not found" Object
Jan 28,2022 11:53:58 [info]  Found error in logs for url "https://www.sc.com/sg/international-banking/" and message : https://av.sc.com/assets/global/adobe/production/5e4ae16ab23e/2be1a655bb44/launch-5d0b74b28d2b.min.js 1:27118 "AT:" "metric element not found" Object
Jan 28,2022 11:53:58 [info]  Found error in logs for url "https://www.sc.com/sg/international-banking/" and message : https://av.sc.com/assets/global/adobe/production/5e4ae16ab23e/2be1a655bb44/launch-5d0b74b28d2b.min.js 1:27118 "AT:" "metric element not found" Object
Jan 28,2022 11:53:58 [info]  Found error in logs for url "https://www.sc.com/sg/international-banking/" and message : https://av.sc.com/assets/global/adobe/production/5e4ae16ab23e/2be1a655bb44/launch-5d0b74b28d2b.min.js 1:27118 "AT:" "metric element not found" Object
Jan 28,2022 11:53:58 [info]  Found error in logs for url "https://www.sc.com/sg/international-banking/" and message : https://av.sc.com/assets/global/adobe/production/5e4ae16ab23e/2be1a655bb44/launch-5d0b74b28d2b.min.js 1:27118 "AT:" "metric element not found" Object
Jan 28,2022 11:53:58 [info]  Found error in logs for url "https://www.sc.com/sg/international-banking/" and message : https://av.sc.com/assets/global/adobe/production/5e4ae16ab23e/2be1a655bb44/launch-5d0b74b28d2b.min.js 1:27118 "AT:" "metric element not found" Object
Jan 28,2022 11:53:58 [info]  Found error in logs for url "https://www.sc.com/sg/international-banking/" and message : https://av.sc.com/assets/global/adobe/production/5e4ae16ab23e/2be1a655bb44/launch-5d0b74b28d2b.min.js 1:27118 "AT:" "metric element not found" Object
Jan 28,2022 11:53:58 [info]  Found error in logs for url "https://www.sc.com/sg/international-banking/" and message : https://av.sc.com/assets/global/adobe/production/5e4ae16ab23e/2be1a655bb44/launch-5d0b74b28d2b.min.js 1:27118 "AT:" "metric element not found" Object
Jan 28,2022 11:53:58 [info]  Found error in logs for url "https://www.sc.com/sg/international-banking/" and message : https://av.sc.com/assets/global/adobe/production/5e4ae16ab23e/2be1a655bb44/launch-5d0b74b28d2b.min.js 1:27118 "AT:" "metric element not found" Object
Jan 28,2022 11:53:58 [info]  Found error in logs for url "https://www.sc.com/sg/international-banking/" and message : https://av.sc.com/assets/global/adobe/production/5e4ae16ab23e/2be1a655bb44/launch-5d0b74b28d2b.min.js 1:27118 "AT:" "metric element not found" Object
Jan 28,2022 11:53:58 [info]  Found error in logs for url "https://www.sc.com/sg/international-banking/" and message : https://av.sc.com/assets/global/adobe/production/5e4ae16ab23e/2be1a655bb44/launch-5d0b74b28d2b.min.js 1:27118 "AT:" "metric element not found" Object
Jan 28,2022 11:53:58 [info]  Found error in logs for url "https://www.sc.com/sg/international-banking/" and message : https://av.sc.com/assets/global/adobe/production/5e4ae16ab23e/2be1a655bb44/launch-5d0b74b28d2b.min.js 1:27118 "AT:" "metric element not found" Object
Jan 28,2022 11:53:58 [info]  Found error in logs for url "https://www.sc.com/sg/international-banking/" and message : https://av.sc.com/assets/global/adobe/production/5e4ae16ab23e/2be1a655bb44/launch-5d0b74b28d2b.min.js 1:27118 "AT:" "metric element not found" Object
Jan 28,2022 11:53:58 [info]  5 Console error found
Jan 28,2022 11:53:59 [info]  Navigated to the new URL: https://www.sc.com/privatebank/en/
Jan 28,2022 11:54:06 [info]  There are 245 hyperlinks
Jan 28,2022 11:54:08 [info]  Navigated to the new URL: https://www.sc.com/sg/credit-cards/
Jan 28,2022 11:54:12 [info]  Found error in logs for url "https://www.sc.com/sg/credit-cards/" and message : https://www.googletagmanager.com/gtm.js?id=GTM-P3BPFN7&l=dataLayer 73 Unrecognized feature: 'attribution-reporting'.
Jan 28,2022 11:54:12 [info]  Found error in logs for url "https://www.sc.com/sg/credit-cards/" and message : https://www.googletagmanager.com/gtm.js?id=GTM-P3BPFN7&l=dataLayer 73 Unrecognized feature: 'conversion-measurement'.
Jan 28,2022 11:54:12 [info]  Found error in logs for url "https://www.sc.com/sg/credit-cards/" and message : https://www.googletagmanager.com/gtm.js?id=GTM-P3BPFN7&l=dataLayer 73 Unrecognized feature: 'attribution-reporting'.
Jan 28,2022 11:54:12 [info]  Found error in logs for url "https://www.sc.com/sg/credit-cards/" and message : https://www.googletagmanager.com/gtm.js?id=GTM-P3BPFN7&l=dataLayer 73 Unrecognized feature: 'conversion-measurement'.
Jan 28,2022 11:54:12 [info]  Found error in logs for url "https://www.sc.com/sg/credit-cards/" and message : https://www.googleadservices.com/pagead/conversion_async.js 71 Unrecognized feature: 'attribution-reporting'.
Jan 28,2022 11:54:12 [info]  Found error in logs for url "https://www.sc.com/sg/credit-cards/" and message : https://4933917.fls.doubleclick.net/activityi;dc_pre=CJ3Yutrn0_UCFS3VcwEd2igLmQ;src=4933917;type=remar0;cat=stanc0;ord=6944006842944;gtm=2wg1q0;auiddc=319933692.1643350487;u1=%2Fsg%2Fcredit-cards%2F;~oref=https%3A%2F%2Fwww.sc.com%2Fsg%2Fcredit-cards%2F? 0 Refused to execute inline script because it violates the following Content Security Policy directive: "script-src 'none'". Either the 'unsafe-inline' keyword, a hash ('sha256-AfcggJl5oiFKi9hzc/K8iFxNPkTWv7zpkRVU5Jb3Hcc='), or a nonce ('nonce-...') is required to enable inline execution.

Jan 28,2022 11:54:12 [info]  Found error in logs for url "https://www.sc.com/sg/credit-cards/" and message : https://4933917.fls.doubleclick.net/activityi;dc_pre=CPz_u9rn0_UCFcGT2AUdWLcMTw;src=4933917;type=scbsg;cat=sglands;ord=3098317837543;gtm=2wg1q0;auiddc=319933692.1643350487;u1=%2Fsg%2Fcredit-cards%2F;u2=credit-cards;u3=;u9=sg;u5=;~oref=https%3A%2F%2Fwww.sc.com%2Fsg%2Fcredit-cards%2F? 16 Refused to execute inline script because it violates the following Content Security Policy directive: "script-src 'none'". Either the 'unsafe-inline' keyword, a hash ('sha256-duhUvaZGFoVwHLN1qPepQkfAK2EQRLcjznszUn5mzbw='), or a nonce ('nonce-...') is required to enable inline execution.

Jan 28,2022 11:54:12 [info]  Found error in logs for url "https://www.sc.com/sg/credit-cards/" and message : https://av.sc.com/assets/global/adobe/production/5e4ae16ab23e/2be1a655bb44/launch-5d0b74b28d2b.min.js 12:2713 "?" "container.buildInfo.environment is deprecated.Please use `container.environment.stage` instead"
Jan 28,2022 11:54:12 [info]  Found error in logs for url "https://www.sc.com/sg/credit-cards/" and message : https://www.googletagmanager.com/gtm.js?id=GTM-P3BPFN7&l=dataLayer 73 Unrecognized feature: 'attribution-reporting'.
Jan 28,2022 11:54:12 [info]  Found error in logs for url "https://www.sc.com/sg/credit-cards/" and message : https://www.googletagmanager.com/gtm.js?id=GTM-P3BPFN7&l=dataLayer 73 Unrecognized feature: 'conversion-measurement'.
Jan 28,2022 11:54:12 [info]  Found error in logs for url "https://www.sc.com/sg/credit-cards/" and message : https://www.googletagmanager.com/gtm.js?id=GTM-P3BPFN7&l=dataLayer 73 Unrecognized feature: 'attribution-reporting'.
Jan 28,2022 11:54:12 [info]  Found error in logs for url "https://www.sc.com/sg/credit-cards/" and message : https://www.googletagmanager.com/gtm.js?id=GTM-P3BPFN7&l=dataLayer 73 Unrecognized feature: 'conversion-measurement'.
Jan 28,2022 11:54:12 [info]  Found error in logs for url "https://www.sc.com/sg/credit-cards/" and message : https://www.googleadservices.com/pagead/conversion_async.js 71 Unrecognized feature: 'attribution-reporting'.
Jan 28,2022 11:54:12 [info]  Found error in logs for url "https://www.sc.com/sg/credit-cards/" and message : https://4933917.fls.doubleclick.net/activityi;dc_pre=COHlt9vn0_UCFVwKtwAdYsEKcQ;src=4933917;type=remar0;cat=stanc0;ord=4599301199438;gtm=2wg1q0;auiddc=319933692.1643350487;u1=%2Fsg%2Fcredit-cards%2F;~oref=https%3A%2F%2Fwww.sc.com%2Fsg%2Fcredit-cards%2F? 0 Refused to execute inline script because it violates the following Content Security Policy directive: "script-src 'none'". Either the 'unsafe-inline' keyword, a hash ('sha256-AfcggJl5oiFKi9hzc/K8iFxNPkTWv7zpkRVU5Jb3Hcc='), or a nonce ('nonce-...') is required to enable inline execution.

Jan 28,2022 11:54:12 [info]  Found error in logs for url "https://www.sc.com/sg/credit-cards/" and message : https://4933917.fls.doubleclick.net/activityi;dc_pre=CKT6uNvn0_UCFWQptwAdJS8EoA;src=4933917;type=scbsg;cat=sglands;ord=4055856180353;gtm=2wg1q0;auiddc=319933692.1643350487;u1=%2Fsg%2Fcredit-cards%2F;u2=credit-cards;u3=;u9=sg;u5=;~oref=https%3A%2F%2Fwww.sc.com%2Fsg%2Fcredit-cards%2F? 16 Refused to execute inline script because it violates the following Content Security Policy directive: "script-src 'none'". Either the 'unsafe-inline' keyword, a hash ('sha256-duhUvaZGFoVwHLN1qPepQkfAK2EQRLcjznszUn5mzbw='), or a nonce ('nonce-...') is required to enable inline execution.

Jan 28,2022 11:54:12 [info]  Found error in logs for url "https://www.sc.com/sg/credit-cards/" and message : https://av.sc.com/assets/global/adobe/production/5e4ae16ab23e/2be1a655bb44/launch-5d0b74b28d2b.min.js 12:2713 "?" "container.buildInfo.environment is deprecated.Please use `container.environment.stage` instead"
Jan 28,2022 11:54:12 [info]  Found error in logs for url "https://www.sc.com/sg/credit-cards/" and message : https://av.sc.com/assets/global/adobe/production/5e4ae16ab23e/2be1a655bb44/launch-5d0b74b28d2b.min.js 1:27118 "AT:" "metric element not found" Object
Jan 28,2022 11:54:12 [info]  Found error in logs for url "https://www.sc.com/sg/credit-cards/" and message : https://av.sc.com/assets/global/adobe/production/5e4ae16ab23e/2be1a655bb44/launch-5d0b74b28d2b.min.js 1:27118 "AT:" "metric element not found" Object
Jan 28,2022 11:54:12 [info]  Found error in logs for url "https://www.sc.com/sg/credit-cards/" and message : https://av.sc.com/assets/global/adobe/production/5e4ae16ab23e/2be1a655bb44/launch-5d0b74b28d2b.min.js 1:27118 "AT:" "metric element not found" Object
Jan 28,2022 11:54:12 [info]  Found error in logs for url "https://www.sc.com/sg/credit-cards/" and message : https://av.sc.com/assets/global/adobe/production/5e4ae16ab23e/2be1a655bb44/launch-5d0b74b28d2b.min.js 1:27118 "AT:" "metric element not found" Object
Jan 28,2022 11:54:12 [info]  Found error in logs for url "https://www.sc.com/sg/credit-cards/" and message : https://av.sc.com/assets/global/adobe/production/5e4ae16ab23e/2be1a655bb44/launch-5d0b74b28d2b.min.js 1:27118 "AT:" "metric element not found" Object
Jan 28,2022 11:54:12 [info]  Found error in logs for url "https://www.sc.com/sg/credit-cards/" and message : https://av.sc.com/assets/global/adobe/production/5e4ae16ab23e/2be1a655bb44/launch-5d0b74b28d2b.min.js 1:27118 "AT:" "metric element not found" Object
Jan 28,2022 11:54:12 [info]  Found error in logs for url "https://www.sc.com/sg/credit-cards/" and message : https://av.sc.com/assets/global/adobe/production/5e4ae16ab23e/2be1a655bb44/launch-5d0b74b28d2b.min.js 1:27118 "AT:" "metric element not found" Object
Jan 28,2022 11:54:12 [info]  Found error in logs for url "https://www.sc.com/sg/credit-cards/" and message : https://av.sc.com/assets/global/adobe/production/5e4ae16ab23e/2be1a655bb44/launch-5d0b74b28d2b.min.js 1:27118 "AT:" "metric element not found" Object
Jan 28,2022 11:54:12 [info]  Found error in logs for url "https://www.sc.com/sg/credit-cards/" and message : https://av.sc.com/assets/global/adobe/production/5e4ae16ab23e/2be1a655bb44/launch-5d0b74b28d2b.min.js 1:27118 "AT:" "metric element not found" Object
Jan 28,2022 11:54:12 [info]  Found error in logs for url "https://www.sc.com/sg/credit-cards/" and message : https://av.sc.com/assets/global/adobe/production/5e4ae16ab23e/2be1a655bb44/launch-5d0b74b28d2b.min.js 1:27118 "AT:" "metric element not found" Object
Jan 28,2022 11:54:12 [info]  Found error in logs for url "https://www.sc.com/sg/credit-cards/" and message : https://av.sc.com/assets/global/adobe/production/5e4ae16ab23e/2be1a655bb44/launch-5d0b74b28d2b.min.js 1:27118 "AT:" "metric element not found" Object
Jan 28,2022 11:54:12 [info]  Found error in logs for url "https://www.sc.com/sg/credit-cards/" and message : https://av.sc.com/assets/global/adobe/production/5e4ae16ab23e/2be1a655bb44/launch-5d0b74b28d2b.min.js 1:27118 "AT:" "metric element not found" Object
Jan 28,2022 11:54:12 [info]  Found error in logs for url "https://www.sc.com/sg/credit-cards/" and message : https://av.sc.com/assets/global/adobe/production/5e4ae16ab23e/2be1a655bb44/launch-5d0b74b28d2b.min.js 1:27118 "AT:" "metric element not found" Object
Jan 28,2022 11:54:12 [info]  Found error in logs for url "https://www.sc.com/sg/credit-cards/" and message : https://av.sc.com/assets/global/adobe/production/5e4ae16ab23e/2be1a655bb44/launch-5d0b74b28d2b.min.js 1:27118 "AT:" "metric element not found" Object
Jan 28,2022 11:54:12 [info]  Found error in logs for url "https://www.sc.com/sg/credit-cards/" and message : https://av.sc.com/assets/global/adobe/production/5e4ae16ab23e/2be1a655bb44/launch-5d0b74b28d2b.min.js 1:27118 "AT:" "metric element not found" Object
Jan 28,2022 11:54:12 [info]  Found error in logs for url "https://www.sc.com/sg/credit-cards/" and message : https://av.sc.com/assets/global/adobe/production/5e4ae16ab23e/2be1a655bb44/launch-5d0b74b28d2b.min.js 1:27118 "AT:" "metric element not found" Object
Jan 28,2022 11:54:12 [info]  Found error in logs for url "https://www.sc.com/sg/credit-cards/" and message : https://av.sc.com/assets/global/adobe/production/5e4ae16ab23e/2be1a655bb44/launch-5d0b74b28d2b.min.js 1:27118 "AT:" "metric element not found" Object
Jan 28,2022 11:54:12 [info]  Found error in logs for url "https://www.sc.com/sg/credit-cards/" and message : https://av.sc.com/assets/global/adobe/production/5e4ae16ab23e/2be1a655bb44/launch-5d0b74b28d2b.min.js 1:27118 "AT:" "metric element not found" Object
Jan 28,2022 11:54:12 [info]  4 Console error found
Jan 28,2022 11:54:15 [info]  Navigated to the new URL: https://www.sc.com/sg/priority/
Jan 28,2022 11:54:20 [info]  Found error in logs for url "https://www.sc.com/sg/priority/" and message : https://av.sc.com/assets/global/adobe/production/5e4ae16ab23e/2be1a655bb44/launch-5d0b74b28d2b.min.js 1:27118 "AT:" "metric element not found" Object
Jan 28,2022 11:54:20 [info]  Found error in logs for url "https://www.sc.com/sg/priority/" and message : https://av.sc.com/assets/global/adobe/production/5e4ae16ab23e/2be1a655bb44/launch-5d0b74b28d2b.min.js 1:27118 "AT:" "metric element not found" Object
Jan 28,2022 11:54:20 [info]  Found error in logs for url "https://www.sc.com/sg/priority/" and message : https://av.sc.com/assets/global/adobe/production/5e4ae16ab23e/2be1a655bb44/launch-5d0b74b28d2b.min.js 1:27118 "AT:" "metric element not found" Object
Jan 28,2022 11:54:20 [info]  Found error in logs for url "https://www.sc.com/sg/priority/" and message : https://av.sc.com/assets/global/adobe/production/5e4ae16ab23e/2be1a655bb44/launch-5d0b74b28d2b.min.js 1:27118 "AT:" "metric element not found" Object
Jan 28,2022 11:54:20 [info]  Found error in logs for url "https://www.sc.com/sg/priority/" and message : https://av.sc.com/assets/global/adobe/production/5e4ae16ab23e/2be1a655bb44/launch-5d0b74b28d2b.min.js 1:27118 "AT:" "metric element not found" Object
Jan 28,2022 11:54:20 [info]  Found error in logs for url "https://www.sc.com/sg/priority/" and message : https://av.sc.com/assets/global/adobe/production/5e4ae16ab23e/2be1a655bb44/launch-5d0b74b28d2b.min.js 1:27118 "AT:" "metric element not found" Object
Jan 28,2022 11:54:20 [info]  Found error in logs for url "https://www.sc.com/sg/priority/" and message : https://av.sc.com/assets/global/adobe/production/5e4ae16ab23e/2be1a655bb44/launch-5d0b74b28d2b.min.js 1:27118 "AT:" "metric element not found" Object
Jan 28,2022 11:54:20 [info]  Found error in logs for url "https://www.sc.com/sg/priority/" and message : https://av.sc.com/assets/global/adobe/production/5e4ae16ab23e/2be1a655bb44/launch-5d0b74b28d2b.min.js 1:27118 "AT:" "metric element not found" Object
Jan 28,2022 11:54:20 [info]  Found error in logs for url "https://www.sc.com/sg/priority/" and message : https://av.sc.com/assets/global/adobe/production/5e4ae16ab23e/2be1a655bb44/launch-5d0b74b28d2b.min.js 1:27118 "AT:" "metric element not found" Object
Jan 28,2022 11:54:20 [info]  Found error in logs for url "https://www.sc.com/sg/priority/" and message : https://av.sc.com/assets/global/adobe/production/5e4ae16ab23e/2be1a655bb44/launch-5d0b74b28d2b.min.js 1:27118 "AT:" "metric element not found" Object
Jan 28,2022 11:54:20 [info]  Found error in logs for url "https://www.sc.com/sg/priority/" and message : https://av.sc.com/assets/global/adobe/production/5e4ae16ab23e/2be1a655bb44/launch-5d0b74b28d2b.min.js 1:27118 "AT:" "metric element not found" Object
Jan 28,2022 11:54:20 [info]  Found error in logs for url "https://www.sc.com/sg/priority/" and message : https://av.sc.com/assets/global/adobe/production/5e4ae16ab23e/2be1a655bb44/launch-5d0b74b28d2b.min.js 1:27118 "AT:" "metric element not found" Object
Jan 28,2022 11:54:20 [info]  Found error in logs for url "https://www.sc.com/sg/priority/" and message : https://av.sc.com/assets/global/adobe/production/5e4ae16ab23e/2be1a655bb44/launch-5d0b74b28d2b.min.js 1:27118 "AT:" "metric element not found" Object
Jan 28,2022 11:54:20 [info]  Found error in logs for url "https://www.sc.com/sg/priority/" and message : https://av.sc.com/assets/global/adobe/production/5e4ae16ab23e/2be1a655bb44/launch-5d0b74b28d2b.min.js 1:27118 "AT:" "metric element not found" Object
Jan 28,2022 11:54:20 [info]  Found error in logs for url "https://www.sc.com/sg/priority/" and message : https://av.sc.com/assets/global/adobe/production/5e4ae16ab23e/2be1a655bb44/launch-5d0b74b28d2b.min.js 1:27118 "AT:" "metric element not found" Object
Jan 28,2022 11:54:20 [info]  Found error in logs for url "https://www.sc.com/sg/priority/" and message : https://av.sc.com/assets/global/adobe/production/5e4ae16ab23e/2be1a655bb44/launch-5d0b74b28d2b.min.js 1:27118 "AT:" "metric element not found" Object
Jan 28,2022 11:54:20 [info]  Found error in logs for url "https://www.sc.com/sg/priority/" and message : https://av.sc.com/assets/global/adobe/production/5e4ae16ab23e/2be1a655bb44/launch-5d0b74b28d2b.min.js 1:27118 "AT:" "metric element not found" Object
Jan 28,2022 11:54:20 [info]  Found error in logs for url "https://www.sc.com/sg/priority/" and message : https://av.sc.com/assets/global/adobe/production/5e4ae16ab23e/2be1a655bb44/launch-5d0b74b28d2b.min.js 1:27118 "AT:" "metric element not found" Object
Jan 28,2022 11:54:20 [info]  Found error in logs for url "https://www.sc.com/sg/priority/" and message : https://www.googletagmanager.com/gtm.js?id=GTM-P3BPFN7&l=dataLayer 73 Unrecognized feature: 'attribution-reporting'.
Jan 28,2022 11:54:20 [info]  Found error in logs for url "https://www.sc.com/sg/priority/" and message : https://www.googletagmanager.com/gtm.js?id=GTM-P3BPFN7&l=dataLayer 73 Unrecognized feature: 'conversion-measurement'.
Jan 28,2022 11:54:20 [info]  Found error in logs for url "https://www.sc.com/sg/priority/" and message : https://www.googletagmanager.com/gtm.js?id=GTM-P3BPFN7&l=dataLayer 73 Unrecognized feature: 'attribution-reporting'.
Jan 28,2022 11:54:20 [info]  Found error in logs for url "https://www.sc.com/sg/priority/" and message : https://www.googletagmanager.com/gtm.js?id=GTM-P3BPFN7&l=dataLayer 73 Unrecognized feature: 'conversion-measurement'.
Jan 28,2022 11:54:20 [info]  Found error in logs for url "https://www.sc.com/sg/priority/" and message : https://4933917.fls.doubleclick.net/activityi;dc_pre=CPLht97n0_UCFQiT2AUdJDcChA;src=4933917;type=remar0;cat=stanc0;ord=4136368617978;gtm=2wg1q0;auiddc=319933692.1643350487;u1=%2Fsg%2Fpriority%2F;~oref=https%3A%2F%2Fwww.sc.com%2Fsg%2Fpriority%2F? 0 Refused to execute inline script because it violates the following Content Security Policy directive: "script-src 'none'". Either the 'unsafe-inline' keyword, a hash ('sha256-AfcggJl5oiFKi9hzc/K8iFxNPkTWv7zpkRVU5Jb3Hcc='), or a nonce ('nonce-...') is required to enable inline execution.

Jan 28,2022 11:54:20 [info]  Found error in logs for url "https://www.sc.com/sg/priority/" and message : https://4933917.fls.doubleclick.net/activityi;dc_pre=CNWWud7n0_UCFaoptwAd2aUFoQ;src=4933917;type=scbsg;cat=sglands;ord=8285198769766;gtm=2wg1q0;auiddc=319933692.1643350487;u1=%2Fsg%2Fpriority%2F;u2=priority;u3=;u9=sg;u5=;~oref=https%3A%2F%2Fwww.sc.com%2Fsg%2Fpriority%2F? 16 Refused to execute inline script because it violates the following Content Security Policy directive: "script-src 'none'". Either the 'unsafe-inline' keyword, a hash ('sha256-47N20R3dMRJUG6HsKEWzGV1pq7WM6rrJOQpwLiDuTFE='), or a nonce ('nonce-...') is required to enable inline execution.

Jan 28,2022 11:54:20 [info]  Found error in logs for url "https://www.sc.com/sg/priority/" and message : https://av.sc.com/assets/global/adobe/production/5e4ae16ab23e/2be1a655bb44/launch-5d0b74b28d2b.min.js 12:2713 "?" "container.buildInfo.environment is deprecated.Please use `container.environment.stage` instead"
Jan 28,2022 11:54:20 [info]  Found error in logs for url "https://www.sc.com/sg/priority/" and message : https://av.sc.com/assets/global/adobe/production/5e4ae16ab23e/2be1a655bb44/launch-5d0b74b28d2b.min.js 1:27118 "AT:" "metric element not found" Object
Jan 28,2022 11:54:20 [info]  Found error in logs for url "https://www.sc.com/sg/priority/" and message : https://av.sc.com/assets/global/adobe/production/5e4ae16ab23e/2be1a655bb44/launch-5d0b74b28d2b.min.js 1:27118 "AT:" "metric element not found" Object
Jan 28,2022 11:54:20 [info]  Found error in logs for url "https://www.sc.com/sg/priority/" and message : https://av.sc.com/assets/global/adobe/production/5e4ae16ab23e/2be1a655bb44/launch-5d0b74b28d2b.min.js 1:27118 "AT:" "metric element not found" Object
Jan 28,2022 11:54:20 [info]  Found error in logs for url "https://www.sc.com/sg/priority/" and message : https://av.sc.com/assets/global/adobe/production/5e4ae16ab23e/2be1a655bb44/launch-5d0b74b28d2b.min.js 1:27118 "AT:" "metric element not found" Object
Jan 28,2022 11:54:20 [info]  Found error in logs for url "https://www.sc.com/sg/priority/" and message : https://av.sc.com/assets/global/adobe/production/5e4ae16ab23e/2be1a655bb44/launch-5d0b74b28d2b.min.js 1:27118 "AT:" "metric element not found" Object
Jan 28,2022 11:54:20 [info]  Found error in logs for url "https://www.sc.com/sg/priority/" and message : https://av.sc.com/assets/global/adobe/production/5e4ae16ab23e/2be1a655bb44/launch-5d0b74b28d2b.min.js 1:27118 "AT:" "metric element not found" Object
Jan 28,2022 11:54:20 [info]  Found error in logs for url "https://www.sc.com/sg/priority/" and message : https://av.sc.com/assets/global/adobe/production/5e4ae16ab23e/2be1a655bb44/launch-5d0b74b28d2b.min.js 1:27118 "AT:" "metric element not found" Object
Jan 28,2022 11:54:20 [info]  Found error in logs for url "https://www.sc.com/sg/priority/" and message : https://av.sc.com/assets/global/adobe/production/5e4ae16ab23e/2be1a655bb44/launch-5d0b74b28d2b.min.js 1:27118 "AT:" "metric element not found" Object
Jan 28,2022 11:54:20 [info]  Found error in logs for url "https://www.sc.com/sg/priority/" and message : https://av.sc.com/assets/global/adobe/production/5e4ae16ab23e/2be1a655bb44/launch-5d0b74b28d2b.min.js 1:27118 "AT:" "metric element not found" Object
Jan 28,2022 11:54:20 [info]  Found error in logs for url "https://www.sc.com/sg/priority/" and message : https://av.sc.com/assets/global/adobe/production/5e4ae16ab23e/2be1a655bb44/launch-5d0b74b28d2b.min.js 1:27118 "AT:" "metric element not found" Object
Jan 28,2022 11:54:20 [info]  Found error in logs for url "https://www.sc.com/sg/priority/" and message : https://av.sc.com/assets/global/adobe/production/5e4ae16ab23e/2be1a655bb44/launch-5d0b74b28d2b.min.js 1:27118 "AT:" "metric element not found" Object
Jan 28,2022 11:54:20 [info]  Found error in logs for url "https://www.sc.com/sg/priority/" and message : https://av.sc.com/assets/global/adobe/production/5e4ae16ab23e/2be1a655bb44/launch-5d0b74b28d2b.min.js 1:27118 "AT:" "metric element not found" Object
Jan 28,2022 11:54:20 [info]  Found error in logs for url "https://www.sc.com/sg/priority/" and message : https://av.sc.com/assets/global/adobe/production/5e4ae16ab23e/2be1a655bb44/launch-5d0b74b28d2b.min.js 1:27118 "AT:" "metric element not found" Object
Jan 28,2022 11:54:20 [info]  Found error in logs for url "https://www.sc.com/sg/priority/" and message : https://av.sc.com/assets/global/adobe/production/5e4ae16ab23e/2be1a655bb44/launch-5d0b74b28d2b.min.js 1:27118 "AT:" "metric element not found" Object
Jan 28,2022 11:54:20 [info]  Found error in logs for url "https://www.sc.com/sg/priority/" and message : https://av.sc.com/assets/global/adobe/production/5e4ae16ab23e/2be1a655bb44/launch-5d0b74b28d2b.min.js 1:27118 "AT:" "metric element not found" Object
Jan 28,2022 11:54:20 [info]  Found error in logs for url "https://www.sc.com/sg/priority/" and message : https://av.sc.com/assets/global/adobe/production/5e4ae16ab23e/2be1a655bb44/launch-5d0b74b28d2b.min.js 1:27118 "AT:" "metric element not found" Object
Jan 28,2022 11:54:20 [info]  2 Console error found
Jan 28,2022 11:54:23 [info]  Navigated to the new URL: https://www.sc.com/sg/priority/priority-private/
Jan 28,2022 11:54:30 [info]  Found error in logs for url "https://www.sc.com/sg/priority/priority-private/" and message : https://www.googletagmanager.com/gtm.js?id=GTM-P3BPFN7&l=dataLayer 73 Unrecognized feature: 'attribution-reporting'.
Jan 28,2022 11:54:30 [info]  Found error in logs for url "https://www.sc.com/sg/priority/priority-private/" and message : https://www.googletagmanager.com/gtm.js?id=GTM-P3BPFN7&l=dataLayer 73 Unrecognized feature: 'conversion-measurement'.
Jan 28,2022 11:54:30 [info]  Found error in logs for url "https://www.sc.com/sg/priority/priority-private/" and message : https://www.googletagmanager.com/gtm.js?id=GTM-P3BPFN7&l=dataLayer 73 Unrecognized feature: 'attribution-reporting'.
Jan 28,2022 11:54:30 [info]  Found error in logs for url "https://www.sc.com/sg/priority/priority-private/" and message : https://www.googletagmanager.com/gtm.js?id=GTM-P3BPFN7&l=dataLayer 73 Unrecognized feature: 'conversion-measurement'.
Jan 28,2022 11:54:30 [info]  Found error in logs for url "https://www.sc.com/sg/priority/priority-private/" and message : https://4933917.fls.doubleclick.net/activityi;dc_pre=CK295-Ln0_UCFeCT2AUdARkKcQ;src=4933917;type=remar0;cat=stanc0;ord=1794457423240;gtm=2wg1q0;auiddc=319933692.1643350487;u1=%2Fsg%2Fpriority%2Fpriority-private%2F;~oref=https%3A%2F%2Fwww.sc.com%2Fsg%2Fpriority%2Fpriority-private%2F? 0 Refused to execute inline script because it violates the following Content Security Policy directive: "script-src 'none'". Either the 'unsafe-inline' keyword, a hash ('sha256-AfcggJl5oiFKi9hzc/K8iFxNPkTWv7zpkRVU5Jb3Hcc='), or a nonce ('nonce-...') is required to enable inline execution.

Jan 28,2022 11:54:30 [info]  Found error in logs for url "https://www.sc.com/sg/priority/priority-private/" and message : https://4933917.fls.doubleclick.net/activityi;dc_pre=CJi66eLn0_UCFYOP2AUdqPIIhg;src=4933917;type=scbsg;cat=sglands;ord=6962816629163;gtm=2wg1q0;auiddc=319933692.1643350487;u1=%2Fsg%2Fpriority%2Fpriority-private%2F;u2=priority;u3=priority-private;u9=sg;u5=priority-private;~oref=https%3A%2F%2Fwww.sc.com%2Fsg%2Fpriority%2Fpriority-private%2F? 16 Refused to execute inline script because it violates the following Content Security Policy directive: "script-src 'none'". Either the 'unsafe-inline' keyword, a hash ('sha256-tDsXkBBffi58fbPbGQewzMcSFuXW9aWfTKA0I1BE/zM='), or a nonce ('nonce-...') is required to enable inline execution.

Jan 28,2022 11:54:30 [info]  Found error in logs for url "https://www.sc.com/sg/priority/priority-private/" and message : https://av.sc.com/assets/global/js/utils.min.js?ver=13bd13b 0:8411 Uncaught DOMException: Blocked a frame with origin "https://www.sc.com" from accessing a cross-origin frame.
Jan 28,2022 11:54:30 [info]  Found error in logs for url "https://www.sc.com/sg/priority/priority-private/" and message : https://av.sc.com/assets/global/adobe/production/5e4ae16ab23e/2be1a655bb44/launch-5d0b74b28d2b.min.js 12:2713 "?" "container.buildInfo.environment is deprecated.Please use `container.environment.stage` instead"
Jan 28,2022 11:54:30 [info]  Found error in logs for url "https://www.sc.com/sg/priority/priority-private/" and message : https://online.forms.standardchartered.com/public_website/singapore/priority-forms-cmsdct/priority_form_dynamic.html?ccode=sg&form_id=SGR556&p_id=2 - Access to XMLHttpRequest at 'chrome-extension://ghbmnnjooekpmoecnnnilnnbdlolhkhi/page_embed_script.js' from origin 'https://online.forms.standardchartered.com' has been blocked by CORS policy: Cross origin requests are only supported for protocol schemes: http, data, chrome, chrome-untrusted, https.
Jan 28,2022 11:54:30 [info]  Found error in logs for url "https://www.sc.com/sg/priority/priority-private/" and message : chrome-extension://ghbmnnjooekpmoecnnnilnnbdlolhkhi/page_embed_script.js - Failed to load resource: net::ERR_FAILED
Jan 28,2022 11:54:30 [info]  Found error in logs for url "https://www.sc.com/sg/priority/priority-private/" and message : https://av.sc.com/assets/global/adobe/production/5e4ae16ab23e/2be1a655bb44/launch-5d0b74b28d2b.min.js 1:27118 "AT:" "metric element not found" Object
Jan 28,2022 11:54:30 [info]  Found error in logs for url "https://www.sc.com/sg/priority/priority-private/" and message : https://av.sc.com/assets/global/adobe/production/5e4ae16ab23e/2be1a655bb44/launch-5d0b74b28d2b.min.js 1:27118 "AT:" "metric element not found" Object
Jan 28,2022 11:54:30 [info]  Found error in logs for url "https://www.sc.com/sg/priority/priority-private/" and message : https://av.sc.com/assets/global/adobe/production/5e4ae16ab23e/2be1a655bb44/launch-5d0b74b28d2b.min.js 1:27118 "AT:" "metric element not found" Object
Jan 28,2022 11:54:30 [info]  Found error in logs for url "https://www.sc.com/sg/priority/priority-private/" and message : https://av.sc.com/assets/global/adobe/production/5e4ae16ab23e/2be1a655bb44/launch-5d0b74b28d2b.min.js 1:27118 "AT:" "metric element not found" Object
Jan 28,2022 11:54:30 [info]  Found error in logs for url "https://www.sc.com/sg/priority/priority-private/" and message : https://av.sc.com/assets/global/adobe/production/5e4ae16ab23e/2be1a655bb44/launch-5d0b74b28d2b.min.js 1:27118 "AT:" "metric element not found" Object
Jan 28,2022 11:54:30 [info]  Found error in logs for url "https://www.sc.com/sg/priority/priority-private/" and message : https://av.sc.com/assets/global/adobe/production/5e4ae16ab23e/2be1a655bb44/launch-5d0b74b28d2b.min.js 1:27118 "AT:" "metric element not found" Object
Jan 28,2022 11:54:30 [info]  Found error in logs for url "https://www.sc.com/sg/priority/priority-private/" and message : https://av.sc.com/assets/global/adobe/production/5e4ae16ab23e/2be1a655bb44/launch-5d0b74b28d2b.min.js 1:27118 "AT:" "metric element not found" Object
Jan 28,2022 11:54:30 [info]  Found error in logs for url "https://www.sc.com/sg/priority/priority-private/" and message : https://av.sc.com/assets/global/adobe/production/5e4ae16ab23e/2be1a655bb44/launch-5d0b74b28d2b.min.js 1:27118 "AT:" "metric element not found" Object
Jan 28,2022 11:54:30 [info]  Found error in logs for url "https://www.sc.com/sg/priority/priority-private/" and message : https://av.sc.com/assets/global/adobe/production/5e4ae16ab23e/2be1a655bb44/launch-5d0b74b28d2b.min.js 1:27118 "AT:" "metric element not found" Object
Jan 28,2022 11:54:30 [info]  Found error in logs for url "https://www.sc.com/sg/priority/priority-private/" and message : https://av.sc.com/assets/global/adobe/production/5e4ae16ab23e/2be1a655bb44/launch-5d0b74b28d2b.min.js 1:27118 "AT:" "metric element not found" Object
Jan 28,2022 11:54:30 [info]  Found error in logs for url "https://www.sc.com/sg/priority/priority-private/" and message : https://av.sc.com/assets/global/adobe/production/5e4ae16ab23e/2be1a655bb44/launch-5d0b74b28d2b.min.js 1:27118 "AT:" "metric element not found" Object
Jan 28,2022 11:54:30 [info]  Found error in logs for url "https://www.sc.com/sg/priority/priority-private/" and message : https://av.sc.com/assets/global/adobe/production/5e4ae16ab23e/2be1a655bb44/launch-5d0b74b28d2b.min.js 1:27118 "AT:" "metric element not found" Object
Jan 28,2022 11:54:30 [info]  Found error in logs for url "https://www.sc.com/sg/priority/priority-private/" and message : https://av.sc.com/assets/global/adobe/production/5e4ae16ab23e/2be1a655bb44/launch-5d0b74b28d2b.min.js 1:27118 "AT:" "metric element not found" Object
Jan 28,2022 11:54:30 [info]  Found error in logs for url "https://www.sc.com/sg/priority/priority-private/" and message : https://av.sc.com/assets/global/adobe/production/5e4ae16ab23e/2be1a655bb44/launch-5d0b74b28d2b.min.js 1:27118 "AT:" "metric element not found" Object
Jan 28,2022 11:54:30 [info]  Found error in logs for url "https://www.sc.com/sg/priority/priority-private/" and message : https://av.sc.com/assets/global/adobe/production/5e4ae16ab23e/2be1a655bb44/launch-5d0b74b28d2b.min.js 1:27118 "AT:" "metric element not found" Object
Jan 28,2022 11:54:30 [info]  Found error in logs for url "https://www.sc.com/sg/priority/priority-private/" and message : https://av.sc.com/assets/global/adobe/production/5e4ae16ab23e/2be1a655bb44/launch-5d0b74b28d2b.min.js 1:27118 "AT:" "metric element not found" Object
Jan 28,2022 11:54:30 [info]  Found error in logs for url "https://www.sc.com/sg/priority/priority-private/" and message : https://av.sc.com/assets/global/adobe/production/5e4ae16ab23e/2be1a655bb44/launch-5d0b74b28d2b.min.js 1:27118 "AT:" "metric element not found" Object
Jan 28,2022 11:54:30 [info]  Found error in logs for url "https://www.sc.com/sg/priority/priority-private/" and message : https://av.sc.com/assets/global/adobe/production/5e4ae16ab23e/2be1a655bb44/launch-5d0b74b28d2b.min.js 1:27118 "AT:" "metric element not found" Object
Jan 28,2022 11:54:30 [info]  Found error in logs for url "https://www.sc.com/sg/priority/priority-private/" and message : blob:https://online.forms.standardchartered.com/2e2a7ff3-e021-423e-95c3-b82671bf1f9f 17 WebSocket connection to 'wss://127.0.0.1:3389/' failed: WebSocket is closed before the connection is established.
Jan 28,2022 11:54:30 [info]  Found error in logs for url "https://www.sc.com/sg/priority/priority-private/" and message : blob:https://online.forms.standardchartered.com/58695cd6-b750-42be-b600-2af03852949c 17 WebSocket connection to 'wss://127.0.0.1:5901/' failed: WebSocket is closed before the connection is established.
Jan 28,2022 11:54:30 [info]  Found error in logs for url "https://www.sc.com/sg/priority/priority-private/" and message : blob:https://online.forms.standardchartered.com/5d30722b-9864-45b9-8be8-b0351544f2dd 17 WebSocket connection to 'wss://127.0.0.1:5902/' failed: WebSocket is closed before the connection is established.
Jan 28,2022 11:54:30 [info]  Found error in logs for url "https://www.sc.com/sg/priority/priority-private/" and message : blob:https://online.forms.standardchartered.com/fbfebc4e-557f-4a7d-acc7-797a34fb6e84 17 WebSocket connection to 'wss://127.0.0.1:5900/' failed: WebSocket is closed before the connection is established.
Jan 28,2022 11:54:30 [info]  Found error in logs for url "https://www.sc.com/sg/priority/priority-private/" and message : blob:https://online.forms.standardchartered.com/1339c4d9-f110-496d-9b52-d4b28eedd391 17 WebSocket connection to 'wss://127.0.0.1:5931/' failed: WebSocket is closed before the connection is established.
Jan 28,2022 11:54:30 [info]  Found error in logs for url "https://www.sc.com/sg/priority/priority-private/" and message : blob:https://online.forms.standardchartered.com/7014b69e-44fa-423f-8a36-74777588e02b 17 WebSocket connection to 'wss://127.0.0.1:63333/' failed: WebSocket is closed before the connection is established.
Jan 28,2022 11:54:30 [info]  Found error in logs for url "https://www.sc.com/sg/priority/priority-private/" and message : blob:https://online.forms.standardchartered.com/d607f043-517e-4475-aa2e-18fcdeb3b88f 17 WebSocket connection to 'wss://127.0.0.1:5950/' failed: WebSocket is closed before the connection is established.
Jan 28,2022 11:54:30 [info]  Found error in logs for url "https://www.sc.com/sg/priority/priority-private/" and message : blob:https://online.forms.standardchartered.com/45a480b0-6371-437e-816a-ffb6faec8e01 17 WebSocket connection to 'wss://127.0.0.1:5903/' failed: WebSocket is closed before the connection is established.
Jan 28,2022 11:54:30 [info]  Found error in logs for url "https://www.sc.com/sg/priority/priority-private/" and message : blob:https://online.forms.standardchartered.com/79073822-0ece-4451-b81f-85f2aa8943af 17 WebSocket connection to 'wss://127.0.0.1:5939/' failed: WebSocket is closed before the connection is established.
Jan 28,2022 11:54:30 [info]  Found error in logs for url "https://www.sc.com/sg/priority/priority-private/" and message : blob:https://online.forms.standardchartered.com/11e3a2f9-0ee6-4224-81bf-8460bf3cacaa 17 WebSocket connection to 'wss://127.0.0.1:6039/' failed: WebSocket is closed before the connection is established.
Jan 28,2022 11:54:30 [info]  Found error in logs for url "https://www.sc.com/sg/priority/priority-private/" and message : blob:https://online.forms.standardchartered.com/15d09d57-dbf7-408c-89b0-7db83f64dbb2 17 WebSocket connection to 'wss://127.0.0.1:5944/' failed: WebSocket is closed before the connection is established.
Jan 28,2022 11:54:30 [info]  Found error in logs for url "https://www.sc.com/sg/priority/priority-private/" and message : blob:https://online.forms.standardchartered.com/efcdd0ee-307a-479c-936c-6059d9d35b51 17 WebSocket connection to 'wss://127.0.0.1:6040/' failed: WebSocket is closed before the connection is established.
Jan 28,2022 11:54:30 [info]  Found error in logs for url "https://www.sc.com/sg/priority/priority-private/" and message : blob:https://online.forms.standardchartered.com/bd2a02cb-031d-4396-8fe5-6e0d65856616 17 WebSocket connection to 'wss://127.0.0.1:5279/' failed: WebSocket is closed before the connection is established.
Jan 28,2022 11:54:30 [info]  Found error in logs for url "https://www.sc.com/sg/priority/priority-private/" and message : blob:https://online.forms.standardchartered.com/c8fc40ca-d59d-4cb7-9310-295173adfbcb 17 WebSocket connection to 'wss://127.0.0.1:7070/' failed: WebSocket is closed before the connection is established.
Jan 28,2022 11:54:30 [info]  Found error in logs for url "https://www.sc.com/sg/priority/priority-private/" and message : blob:https://online.forms.standardchartered.com/68b61a13-bc60-45e3-a769-049be4d6f848 17 WebSocket connection to 'wss://127.0.0.1:2112/' failed: WebSocket is closed before the connection is established.
Jan 28,2022 11:54:30 [info]  Found error in logs for url "https://www.sc.com/sg/priority/priority-private/" and message : https://av.sc.com/assets/global/js/utils.min.js?ver=13bd13b 0:8411 Uncaught DOMException: Blocked a frame with origin "https://www.sc.com" from accessing a cross-origin frame.
Jan 28,2022 11:54:30 [info]  6 Console error found
Jan 28,2022 11:54:33 [info]  Navigated to the new URL: https://www.sc.com/sg/wealth/
Jan 28,2022 11:54:38 [info]  Found error in logs for url "https://www.sc.com/sg/wealth/" and message : https://www.googletagmanager.com/gtm.js?id=GTM-P3BPFN7&l=dataLayer 73 Unrecognized feature: 'attribution-reporting'.
Jan 28,2022 11:54:38 [info]  Found error in logs for url "https://www.sc.com/sg/wealth/" and message : https://www.googletagmanager.com/gtm.js?id=GTM-P3BPFN7&l=dataLayer 73 Unrecognized feature: 'conversion-measurement'.
Jan 28,2022 11:54:38 [info]  Found error in logs for url "https://www.sc.com/sg/wealth/" and message : https://www.googletagmanager.com/gtm.js?id=GTM-P3BPFN7&l=dataLayer 73 Unrecognized feature: 'attribution-reporting'.
Jan 28,2022 11:54:38 [info]  Found error in logs for url "https://www.sc.com/sg/wealth/" and message : https://www.googletagmanager.com/gtm.js?id=GTM-P3BPFN7&l=dataLayer 73 Unrecognized feature: 'conversion-measurement'.
Jan 28,2022 11:54:38 [info]  Found error in logs for url "https://www.sc.com/sg/wealth/" and message : https://4933917.fls.doubleclick.net/activityi;dc_pre=CLLWsefn0_UCFQkptwAdMx4Msg;src=4933917;type=remar0;cat=stanc0;ord=5142104705883;gtm=2wg1q0;auiddc=319933692.1643350487;u1=%2Fsg%2Fwealth%2F;~oref=https%3A%2F%2Fwww.sc.com%2Fsg%2Fwealth%2F? 0 Refused to execute inline script because it violates the following Content Security Policy directive: "script-src 'none'". Either the 'unsafe-inline' keyword, a hash ('sha256-AfcggJl5oiFKi9hzc/K8iFxNPkTWv7zpkRVU5Jb3Hcc='), or a nonce ('nonce-...') is required to enable inline execution.

Jan 28,2022 11:54:38 [info]  Found error in logs for url "https://www.sc.com/sg/wealth/" and message : https://4933917.fls.doubleclick.net/activityi;dc_pre=CNC9s-fn0_UCFcGT2AUdWLcMTw;src=4933917;type=scbsg;cat=sglands;ord=5639754960169;gtm=2wg1q0;auiddc=319933692.1643350487;u1=%2Fsg%2Fwealth%2F;u2=wealth;u3=;u9=sg;u5=;~oref=https%3A%2F%2Fwww.sc.com%2Fsg%2Fwealth%2F? 16 Refused to execute inline script because it violates the following Content Security Policy directive: "script-src 'none'". Either the 'unsafe-inline' keyword, a hash ('sha256-fgTcfDu0mUiwuvWrTiWv/F9siqjHgbFnDgpLwq2Ocww='), or a nonce ('nonce-...') is required to enable inline execution.

Jan 28,2022 11:54:38 [info]  Found error in logs for url "https://www.sc.com/sg/wealth/" and message : https://av.sc.com/assets/global/adobe/production/5e4ae16ab23e/2be1a655bb44/launch-5d0b74b28d2b.min.js 1:27118 "AT:" "[page-init]" "Adobe Target content delivery is disabled. Ensure that you can save cookies to your current domain, there is no \"mboxDisable\" cookie and there is no \"mboxDisable\" parameter in query string."
Jan 28,2022 11:54:38 [info]  Found error in logs for url "https://www.sc.com/sg/wealth/" and message : https://av.sc.com/assets/global/js/utils.min.js?ver=e8ba9f3 0:8411 Uncaught DOMException: Blocked a frame with origin "https://www.sc.com" from accessing a cross-origin frame.
Jan 28,2022 11:54:38 [info]  Found error in logs for url "https://www.sc.com/sg/wealth/" and message : https://av.sc.com/assets/global/adobe/production/5e4ae16ab23e/2be1a655bb44/launch-5d0b74b28d2b.min.js 12:2713 "?" "container.buildInfo.environment is deprecated.Please use `container.environment.stage` instead"
Jan 28,2022 11:54:38 [info]  Found error in logs for url "https://www.sc.com/sg/wealth/" and message : https://av.sc.com/assets/global/js/iframe.js?ver=e8ba9f3 7:866 "[iFrameSizer][Host page: sc-lb-module-embedded-form-frame]" "IFrame has not responded within 5 seconds. Check iFrameResizer.contentWindow.js has been loaded in iFrame. This message can be ignored if everything is working, or you can set the warningTimeout option to a higher value or zero to suppress this warning."
Jan 28,2022 11:54:38 [info]  Found error in logs for url "https://www.sc.com/sg/wealth/" and message : https://av.sc.com/assets/global/adobe/production/5e4ae16ab23e/2be1a655bb44/launch-5d0b74b28d2b.min.js 1:27118 "AT:" "metric element not found" Object
Jan 28,2022 11:54:38 [info]  Found error in logs for url "https://www.sc.com/sg/wealth/" and message : https://av.sc.com/assets/global/adobe/production/5e4ae16ab23e/2be1a655bb44/launch-5d0b74b28d2b.min.js 1:27118 "AT:" "metric element not found" Object
Jan 28,2022 11:54:38 [info]  Found error in logs for url "https://www.sc.com/sg/wealth/" and message : https://av.sc.com/assets/global/adobe/production/5e4ae16ab23e/2be1a655bb44/launch-5d0b74b28d2b.min.js 1:27118 "AT:" "metric element not found" Object
Jan 28,2022 11:54:38 [info]  Found error in logs for url "https://www.sc.com/sg/wealth/" and message : https://av.sc.com/assets/global/adobe/production/5e4ae16ab23e/2be1a655bb44/launch-5d0b74b28d2b.min.js 1:27118 "AT:" "metric element not found" Object
Jan 28,2022 11:54:38 [info]  Found error in logs for url "https://www.sc.com/sg/wealth/" and message : https://av.sc.com/assets/global/adobe/production/5e4ae16ab23e/2be1a655bb44/launch-5d0b74b28d2b.min.js 1:27118 "AT:" "metric element not found" Object
Jan 28,2022 11:54:38 [info]  Found error in logs for url "https://www.sc.com/sg/wealth/" and message : https://av.sc.com/assets/global/adobe/production/5e4ae16ab23e/2be1a655bb44/launch-5d0b74b28d2b.min.js 1:27118 "AT:" "metric element not found" Object
Jan 28,2022 11:54:38 [info]  Found error in logs for url "https://www.sc.com/sg/wealth/" and message : https://av.sc.com/assets/global/adobe/production/5e4ae16ab23e/2be1a655bb44/launch-5d0b74b28d2b.min.js 1:27118 "AT:" "metric element not found" Object
Jan 28,2022 11:54:38 [info]  Found error in logs for url "https://www.sc.com/sg/wealth/" and message : https://av.sc.com/assets/global/adobe/production/5e4ae16ab23e/2be1a655bb44/launch-5d0b74b28d2b.min.js 1:27118 "AT:" "metric element not found" Object
Jan 28,2022 11:54:38 [info]  Found error in logs for url "https://www.sc.com/sg/wealth/" and message : https://av.sc.com/assets/global/adobe/production/5e4ae16ab23e/2be1a655bb44/launch-5d0b74b28d2b.min.js 1:27118 "AT:" "metric element not found" Object
Jan 28,2022 11:54:38 [info]  Found error in logs for url "https://www.sc.com/sg/wealth/" and message : https://av.sc.com/assets/global/adobe/production/5e4ae16ab23e/2be1a655bb44/launch-5d0b74b28d2b.min.js 1:27118 "AT:" "metric element not found" Object
Jan 28,2022 11:54:38 [info]  Found error in logs for url "https://www.sc.com/sg/wealth/" and message : https://av.sc.com/assets/global/adobe/production/5e4ae16ab23e/2be1a655bb44/launch-5d0b74b28d2b.min.js 1:27118 "AT:" "metric element not found" Object
Jan 28,2022 11:54:38 [info]  Found error in logs for url "https://www.sc.com/sg/wealth/" and message : https://av.sc.com/assets/global/adobe/production/5e4ae16ab23e/2be1a655bb44/launch-5d0b74b28d2b.min.js 1:27118 "AT:" "metric element not found" Object
Jan 28,2022 11:54:38 [info]  Found error in logs for url "https://www.sc.com/sg/wealth/" and message : https://av.sc.com/assets/global/adobe/production/5e4ae16ab23e/2be1a655bb44/launch-5d0b74b28d2b.min.js 1:27118 "AT:" "metric element not found" Object
Jan 28,2022 11:54:38 [info]  Found error in logs for url "https://www.sc.com/sg/wealth/" and message : https://av.sc.com/assets/global/adobe/production/5e4ae16ab23e/2be1a655bb44/launch-5d0b74b28d2b.min.js 1:27118 "AT:" "metric element not found" Object
Jan 28,2022 11:54:38 [info]  Found error in logs for url "https://www.sc.com/sg/wealth/" and message : https://av.sc.com/assets/global/adobe/production/5e4ae16ab23e/2be1a655bb44/launch-5d0b74b28d2b.min.js 1:27118 "AT:" "metric element not found" Object
Jan 28,2022 11:54:38 [info]  Found error in logs for url "https://www.sc.com/sg/wealth/" and message : https://av.sc.com/assets/global/adobe/production/5e4ae16ab23e/2be1a655bb44/launch-5d0b74b28d2b.min.js 1:27118 "AT:" "metric element not found" Object
Jan 28,2022 11:54:38 [info]  Found error in logs for url "https://www.sc.com/sg/wealth/" and message : https://av.sc.com/assets/global/adobe/production/5e4ae16ab23e/2be1a655bb44/launch-5d0b74b28d2b.min.js 1:27118 "AT:" "metric element not found" Object
Jan 28,2022 11:54:38 [info]  Found error in logs for url "https://www.sc.com/sg/wealth/" and message : https://av.sc.com/assets/global/adobe/production/5e4ae16ab23e/2be1a655bb44/launch-5d0b74b28d2b.min.js 1:27118 "AT:" "metric element not found" Object
Jan 28,2022 11:54:38 [info]  Found error in logs for url "https://www.sc.com/sg/wealth/" and message : https://av.sc.com/assets/global/adobe/production/5e4ae16ab23e/2be1a655bb44/launch-5d0b74b28d2b.min.js 1:27118 "AT:" "[page-init]" "Adobe Target content delivery is disabled. Ensure that you can save cookies to your current domain, there is no \"mboxDisable\" cookie and there is no \"mboxDisable\" parameter in query string."
Jan 28,2022 11:54:38 [info]  Found error in logs for url "https://www.sc.com/sg/wealth/" and message : https://av.sc.com/assets/global/js/iframe.js?ver=e8ba9f3 7:866 "[iFrameSizer][Host page: sc-lb-module-embedded-form-frame]" "IFrame has not responded within 5 seconds. Check iFrameResizer.contentWindow.js has been loaded in iFrame. This message can be ignored if everything is working, or you can set the warningTimeout option to a higher value or zero to suppress this warning."
Jan 28,2022 11:54:38 [info]  Found error in logs for url "https://www.sc.com/sg/wealth/" and message : https://av.sc.com/assets/global/js/utils.min.js?ver=e8ba9f3 0:8411 Uncaught DOMException: Blocked a frame with origin "https://www.sc.com" from accessing a cross-origin frame.
Jan 28,2022 11:54:38 [info]  4 Console error found
Jan 28,2022 11:54:41 [info]  Navigated to the new URL: https://www.sc.com/sg/international-banking/
Jan 28,2022 11:54:46 [info]  Found error in logs for url "https://www.sc.com/sg/international-banking/" and message : https://www.googletagmanager.com/gtm.js?id=GTM-P3BPFN7&l=dataLayer 73 Unrecognized feature: 'attribution-reporting'.
Jan 28,2022 11:54:46 [info]  Found error in logs for url "https://www.sc.com/sg/international-banking/" and message : https://www.googletagmanager.com/gtm.js?id=GTM-P3BPFN7&l=dataLayer 73 Unrecognized feature: 'conversion-measurement'.
Jan 28,2022 11:54:46 [info]  Found error in logs for url "https://www.sc.com/sg/international-banking/" and message : https://www.googletagmanager.com/gtm.js?id=GTM-P3BPFN7&l=dataLayer 73 Unrecognized feature: 'attribution-reporting'.
Jan 28,2022 11:54:46 [info]  Found error in logs for url "https://www.sc.com/sg/international-banking/" and message : https://www.googletagmanager.com/gtm.js?id=GTM-P3BPFN7&l=dataLayer 73 Unrecognized feature: 'conversion-measurement'.
Jan 28,2022 11:54:46 [info]  Found error in logs for url "https://www.sc.com/sg/international-banking/" and message : https://www.googletagmanager.com/gtm.js?id=GTM-P3BPFN7&l=dataLayer 73 Unrecognized feature: 'attribution-reporting'.
Jan 28,2022 11:54:46 [info]  Found error in logs for url "https://www.sc.com/sg/international-banking/" and message : https://www.googletagmanager.com/gtm.js?id=GTM-P3BPFN7&l=dataLayer 73 Unrecognized feature: 'conversion-measurement'.
Jan 28,2022 11:54:46 [info]  Found error in logs for url "https://www.sc.com/sg/international-banking/" and message : https://www.googletagmanager.com/gtm.js?id=GTM-P3BPFN7&l=dataLayer 73 Unrecognized feature: 'attribution-reporting'.
Jan 28,2022 11:54:46 [info]  Found error in logs for url "https://www.sc.com/sg/international-banking/" and message : https://www.googletagmanager.com/gtm.js?id=GTM-P3BPFN7&l=dataLayer 73 Unrecognized feature: 'conversion-measurement'.
Jan 28,2022 11:54:46 [info]  Found error in logs for url "https://www.sc.com/sg/international-banking/" and message : https://av.sc.com/assets/global/js/vendor/flickity_v2.js?_=1643351079392 10:6413 "Error parsing data-flickity on m-banner carousel-full has-hero-slides flickity-enabled is-draggable: SyntaxError: Unexpected token ' in JSON at position 3"
Jan 28,2022 11:54:46 [info]  Found error in logs for url "https://www.sc.com/sg/international-banking/" and message : https://4933917.fls.doubleclick.net/activityi;dc_pre=CMLSp-vn0_UCFQ4ItwAdCmMDNw;src=4933917;type=remar0;cat=stanc0;ord=4625376035269;gtm=2wg1q0;auiddc=319933692.1643350487;u1=%2Fsg%2Finternational-banking%2F;~oref=https%3A%2F%2Fwww.sc.com%2Fsg%2Finternational-banking%2F? 0 Refused to execute inline script because it violates the following Content Security Policy directive: "script-src 'none'". Either the 'unsafe-inline' keyword, a hash ('sha256-AfcggJl5oiFKi9hzc/K8iFxNPkTWv7zpkRVU5Jb3Hcc='), or a nonce ('nonce-...') is required to enable inline execution.

Jan 28,2022 11:54:46 [info]  Found error in logs for url "https://www.sc.com/sg/international-banking/" and message : https://4933917.fls.doubleclick.net/activityi;dc_pre=CO-Vqevn0_UCFSSO2AUda3wP2A;src=4933917;type=scbsg;cat=sglands;ord=7365884823664;gtm=2wg1q0;auiddc=319933692.1643350487;u1=%2Fsg%2Finternational-banking%2F;u2=international-banking;u3=;u9=sg;u5=;~oref=https%3A%2F%2Fwww.sc.com%2Fsg%2Finternational-banking%2F? 16 Refused to execute inline script because it violates the following Content Security Policy directive: "script-src 'none'". Either the 'unsafe-inline' keyword, a hash ('sha256-IvcEwgGnT26HYfR1WIkhtcKfPkiH2u/EDdhBDitdGCs='), or a nonce ('nonce-...') is required to enable inline execution.

Jan 28,2022 11:54:46 [info]  Found error in logs for url "https://www.sc.com/sg/international-banking/" and message : https://av.sc.com/assets/global/adobe/production/5e4ae16ab23e/2be1a655bb44/launch-5d0b74b28d2b.min.js 1:27118 "AT:" "[page-init]" "Adobe Target content delivery is disabled. Ensure that you can save cookies to your current domain, there is no \"mboxDisable\" cookie and there is no \"mboxDisable\" parameter in query string."
Jan 28,2022 11:54:46 [info]  Found error in logs for url "https://www.sc.com/sg/international-banking/" and message : https://av.sc.com/assets/global/js/utils.min.js?ver=4a944f7 0:8411 Uncaught DOMException: Blocked a frame with origin "https://www.sc.com" from accessing a cross-origin frame.
Jan 28,2022 11:54:46 [info]  Found error in logs for url "https://www.sc.com/sg/international-banking/" and message : https://av.sc.com/assets/global/adobe/production/5e4ae16ab23e/2be1a655bb44/launch-5d0b74b28d2b.min.js 12:2713 "?" "container.buildInfo.environment is deprecated.Please use `container.environment.stage` instead"
Jan 28,2022 11:54:46 [info]  Found error in logs for url "https://www.sc.com/sg/international-banking/" and message : https://av.sc.com/assets/global/adobe/production/5e4ae16ab23e/2be1a655bb44/launch-5d0b74b28d2b.min.js 1:27118 "AT:" "[page-init]" "Adobe Target content delivery is disabled. Ensure that you can save cookies to your current domain, there is no \"mboxDisable\" cookie and there is no \"mboxDisable\" parameter in query string."
Jan 28,2022 11:54:46 [info]  Found error in logs for url "https://www.sc.com/sg/international-banking/" and message : https://av.sc.com/assets/global/js/utils.min.js?ver=4a944f7 0:8411 Uncaught DOMException: Blocked a frame with origin "https://www.sc.com" from accessing a cross-origin frame.
Jan 28,2022 11:54:46 [info]  Found error in logs for url "https://www.sc.com/sg/international-banking/" and message : https://av.sc.com/assets/global/adobe/production/5e4ae16ab23e/2be1a655bb44/launch-5d0b74b28d2b.min.js 1:27118 "AT:" "metric element not found" Object
Jan 28,2022 11:54:46 [info]  Found error in logs for url "https://www.sc.com/sg/international-banking/" and message : https://av.sc.com/assets/global/adobe/production/5e4ae16ab23e/2be1a655bb44/launch-5d0b74b28d2b.min.js 1:27118 "AT:" "metric element not found" Object
Jan 28,2022 11:54:46 [info]  Found error in logs for url "https://www.sc.com/sg/international-banking/" and message : https://av.sc.com/assets/global/adobe/production/5e4ae16ab23e/2be1a655bb44/launch-5d0b74b28d2b.min.js 1:27118 "AT:" "metric element not found" Object
Jan 28,2022 11:54:46 [info]  Found error in logs for url "https://www.sc.com/sg/international-banking/" and message : https://av.sc.com/assets/global/adobe/production/5e4ae16ab23e/2be1a655bb44/launch-5d0b74b28d2b.min.js 1:27118 "AT:" "metric element not found" Object
Jan 28,2022 11:54:46 [info]  Found error in logs for url "https://www.sc.com/sg/international-banking/" and message : https://av.sc.com/assets/global/adobe/production/5e4ae16ab23e/2be1a655bb44/launch-5d0b74b28d2b.min.js 1:27118 "AT:" "metric element not found" Object
Jan 28,2022 11:54:46 [info]  Found error in logs for url "https://www.sc.com/sg/international-banking/" and message : https://av.sc.com/assets/global/adobe/production/5e4ae16ab23e/2be1a655bb44/launch-5d0b74b28d2b.min.js 1:27118 "AT:" "metric element not found" Object
Jan 28,2022 11:54:46 [info]  Found error in logs for url "https://www.sc.com/sg/international-banking/" and message : https://av.sc.com/assets/global/adobe/production/5e4ae16ab23e/2be1a655bb44/launch-5d0b74b28d2b.min.js 1:27118 "AT:" "metric element not found" Object
Jan 28,2022 11:54:46 [info]  Found error in logs for url "https://www.sc.com/sg/international-banking/" and message : https://av.sc.com/assets/global/adobe/production/5e4ae16ab23e/2be1a655bb44/launch-5d0b74b28d2b.min.js 1:27118 "AT:" "metric element not found" Object
Jan 28,2022 11:54:46 [info]  Found error in logs for url "https://www.sc.com/sg/international-banking/" and message : https://av.sc.com/assets/global/adobe/production/5e4ae16ab23e/2be1a655bb44/launch-5d0b74b28d2b.min.js 1:27118 "AT:" "metric element not found" Object
Jan 28,2022 11:54:46 [info]  Found error in logs for url "https://www.sc.com/sg/international-banking/" and message : https://av.sc.com/assets/global/adobe/production/5e4ae16ab23e/2be1a655bb44/launch-5d0b74b28d2b.min.js 1:27118 "AT:" "metric element not found" Object
Jan 28,2022 11:54:46 [info]  Found error in logs for url "https://www.sc.com/sg/international-banking/" and message : https://av.sc.com/assets/global/adobe/production/5e4ae16ab23e/2be1a655bb44/launch-5d0b74b28d2b.min.js 1:27118 "AT:" "metric element not found" Object
Jan 28,2022 11:54:46 [info]  Found error in logs for url "https://www.sc.com/sg/international-banking/" and message : https://av.sc.com/assets/global/adobe/production/5e4ae16ab23e/2be1a655bb44/launch-5d0b74b28d2b.min.js 1:27118 "AT:" "metric element not found" Object
Jan 28,2022 11:54:46 [info]  Found error in logs for url "https://www.sc.com/sg/international-banking/" and message : https://av.sc.com/assets/global/adobe/production/5e4ae16ab23e/2be1a655bb44/launch-5d0b74b28d2b.min.js 1:27118 "AT:" "metric element not found" Object
Jan 28,2022 11:54:46 [info]  Found error in logs for url "https://www.sc.com/sg/international-banking/" and message : https://av.sc.com/assets/global/adobe/production/5e4ae16ab23e/2be1a655bb44/launch-5d0b74b28d2b.min.js 1:27118 "AT:" "metric element not found" Object
Jan 28,2022 11:54:46 [info]  Found error in logs for url "https://www.sc.com/sg/international-banking/" and message : https://av.sc.com/assets/global/adobe/production/5e4ae16ab23e/2be1a655bb44/launch-5d0b74b28d2b.min.js 1:27118 "AT:" "metric element not found" Object
Jan 28,2022 11:54:46 [info]  Found error in logs for url "https://www.sc.com/sg/international-banking/" and message : https://av.sc.com/assets/global/adobe/production/5e4ae16ab23e/2be1a655bb44/launch-5d0b74b28d2b.min.js 1:27118 "AT:" "metric element not found" Object
Jan 28,2022 11:54:46 [info]  Found error in logs for url "https://www.sc.com/sg/international-banking/" and message : https://av.sc.com/assets/global/adobe/production/5e4ae16ab23e/2be1a655bb44/launch-5d0b74b28d2b.min.js 1:27118 "AT:" "metric element not found" Object
Jan 28,2022 11:54:46 [info]  Found error in logs for url "https://www.sc.com/sg/international-banking/" and message : https://av.sc.com/assets/global/adobe/production/5e4ae16ab23e/2be1a655bb44/launch-5d0b74b28d2b.min.js 1:27118 "AT:" "metric element not found" Object
Jan 28,2022 11:54:46 [info]  5 Console error found
Jan 28,2022 11:54:48 [info]  Navigated to the new URL: https://www.sc.com/privatebank/en/
Jan 28,2022 11:54:54 [info]  There are 266 hyperlinks
Jan 28,2022 11:54:56 [info]  Navigated to the new URL: https://www.sc.com/sg/
Jan 28,2022 11:55:00 [info]  Found error in logs for url "https://www.sc.com/sg/" and message : https://www.googletagmanager.com/gtm.js?id=GTM-P3BPFN7&l=dataLayer 73 Unrecognized feature: 'attribution-reporting'.
Jan 28,2022 11:55:00 [info]  Found error in logs for url "https://www.sc.com/sg/" and message : https://www.googletagmanager.com/gtm.js?id=GTM-P3BPFN7&l=dataLayer 73 Unrecognized feature: 'conversion-measurement'.
Jan 28,2022 11:55:00 [info]  Found error in logs for url "https://www.sc.com/sg/" and message : https://www.googletagmanager.com/gtm.js?id=GTM-P3BPFN7&l=dataLayer 73 Unrecognized feature: 'attribution-reporting'.
Jan 28,2022 11:55:00 [info]  Found error in logs for url "https://www.sc.com/sg/" and message : https://www.googletagmanager.com/gtm.js?id=GTM-P3BPFN7&l=dataLayer 73 Unrecognized feature: 'conversion-measurement'.
Jan 28,2022 11:55:00 [info]  Found error in logs for url "https://www.sc.com/sg/" and message : https://4933917.fls.doubleclick.net/activityi;dc_pre=CNm-y_Hn0_UCFS3VcwEd2igLmQ;src=4933917;type=remar0;cat=stanc0;ord=2918294847044;gtm=2wg1q0;auiddc=319933692.1643350487;u1=%2Fsg%2F;~oref=https%3A%2F%2Fwww.sc.com%2Fsg%2F? 0 Refused to execute inline script because it violates the following Content Security Policy directive: "script-src 'none'". Either the 'unsafe-inline' keyword, a hash ('sha256-AfcggJl5oiFKi9hzc/K8iFxNPkTWv7zpkRVU5Jb3Hcc='), or a nonce ('nonce-...') is required to enable inline execution.

Jan 28,2022 11:55:00 [info]  Found error in logs for url "https://www.sc.com/sg/" and message : https://4933917.fls.doubleclick.net/activityi;dc_pre=COjbzPHn0_UCFQiT2AUdJDcChA;src=4933917;type=scbsg;cat=sglands;ord=8302936541703;gtm=2wg1q0;auiddc=319933692.1643350487;u1=%2Fsg%2F;u2=undefined;u3=undefined;u9=sg;u5=undefined;~oref=https%3A%2F%2Fwww.sc.com%2Fsg%2F? 16 Refused to execute inline script because it violates the following Content Security Policy directive: "script-src 'none'". Either the 'unsafe-inline' keyword, a hash ('sha256-U7xJz1aUAxHVwomnMkQXiPNrFLpP8htRy9tvosxKv4w='), or a nonce ('nonce-...') is required to enable inline execution.

Jan 28,2022 11:55:00 [info]  Found error in logs for url "https://www.sc.com/sg/" and message : https://av.sc.com/assets/global/adobe/production/5e4ae16ab23e/2be1a655bb44/launch-5d0b74b28d2b.min.js 12:2713 "?" "container.buildInfo.environment is deprecated.Please use `container.environment.stage` instead"
Jan 28,2022 11:55:00 [info]  Found error in logs for url "https://www.sc.com/sg/" and message : https://www.googletagmanager.com/gtm.js?id=GTM-P3BPFN7&l=dataLayer 73 Unrecognized feature: 'attribution-reporting'.
Jan 28,2022 11:55:00 [info]  Found error in logs for url "https://www.sc.com/sg/" and message : https://www.googletagmanager.com/gtm.js?id=GTM-P3BPFN7&l=dataLayer 73 Unrecognized feature: 'conversion-measurement'.
Jan 28,2022 11:55:00 [info]  Found error in logs for url "https://www.sc.com/sg/" and message : https://www.googletagmanager.com/gtm.js?id=GTM-P3BPFN7&l=dataLayer 73 Unrecognized feature: 'attribution-reporting'.
Jan 28,2022 11:55:00 [info]  Found error in logs for url "https://www.sc.com/sg/" and message : https://www.googletagmanager.com/gtm.js?id=GTM-P3BPFN7&l=dataLayer 73 Unrecognized feature: 'conversion-measurement'.
Jan 28,2022 11:55:00 [info]  Found error in logs for url "https://www.sc.com/sg/" and message : https://av.sc.com/assets/global/js/vendor.min.js?ver=e8ba9f3 0:322219 Uncaught Error: [splide] A track/list element is missing.
Jan 28,2022 11:55:00 [info]  Found error in logs for url "https://www.sc.com/sg/" and message : https://4933917.fls.doubleclick.net/activityi;dc_pre=COGOvfLn0_UCFQGL2AUdrXIIrA;src=4933917;type=remar0;cat=stanc0;ord=8792307056224;gtm=2wg1q0;auiddc=319933692.1643350487;u1=%2Fsg%2F;~oref=https%3A%2F%2Fwww.sc.com%2Fsg%2F? 0 Refused to execute inline script because it violates the following Content Security Policy directive: "script-src 'none'". Either the 'unsafe-inline' keyword, a hash ('sha256-AfcggJl5oiFKi9hzc/K8iFxNPkTWv7zpkRVU5Jb3Hcc='), or a nonce ('nonce-...') is required to enable inline execution.

Jan 28,2022 11:55:00 [info]  Found error in logs for url "https://www.sc.com/sg/" and message : https://4933917.fls.doubleclick.net/activityi;dc_pre=CK78vfLn0_UCFR6O2AUdXiQP9A;src=4933917;type=scbsg;cat=sglands;ord=2802454203751;gtm=2wg1q0;auiddc=319933692.1643350487;u1=%2Fsg%2F;u2=undefined;u3=undefined;u9=sg;u5=undefined;~oref=https%3A%2F%2Fwww.sc.com%2Fsg%2F? 16 Refused to execute inline script because it violates the following Content Security Policy directive: "script-src 'none'". Either the 'unsafe-inline' keyword, a hash ('sha256-U7xJz1aUAxHVwomnMkQXiPNrFLpP8htRy9tvosxKv4w='), or a nonce ('nonce-...') is required to enable inline execution.

Jan 28,2022 11:55:00 [info]  Found error in logs for url "https://www.sc.com/sg/" and message : https://av.sc.com/assets/global/adobe/production/5e4ae16ab23e/2be1a655bb44/launch-5d0b74b28d2b.min.js 12:2713 "?" "container.buildInfo.environment is deprecated.Please use `container.environment.stage` instead"
Jan 28,2022 11:55:00 [info]  5 Console error found
Jan 28,2022 11:55:02 [info]  Navigated to the new URL: https://www.sc.com/sg/priority/
Jan 28,2022 11:55:08 [info]  Found error in logs for url "https://www.sc.com/sg/priority/" and message : https://av.sc.com/assets/global/adobe/production/5e4ae16ab23e/2be1a655bb44/launch-5d0b74b28d2b.min.js 1:27118 "AT:" "metric element not found" Object
Jan 28,2022 11:55:08 [info]  Found error in logs for url "https://www.sc.com/sg/priority/" and message : https://av.sc.com/assets/global/adobe/production/5e4ae16ab23e/2be1a655bb44/launch-5d0b74b28d2b.min.js 1:27118 "AT:" "metric element not found" Object
Jan 28,2022 11:55:08 [info]  Found error in logs for url "https://www.sc.com/sg/priority/" and message : https://av.sc.com/assets/global/adobe/production/5e4ae16ab23e/2be1a655bb44/launch-5d0b74b28d2b.min.js 1:27118 "AT:" "metric element not found" Object
Jan 28,2022 11:55:08 [info]  Found error in logs for url "https://www.sc.com/sg/priority/" and message : https://www.googletagmanager.com/gtm.js?id=GTM-P3BPFN7&l=dataLayer 73 Unrecognized feature: 'attribution-reporting'.
Jan 28,2022 11:55:08 [info]  Found error in logs for url "https://www.sc.com/sg/priority/" and message : https://www.googletagmanager.com/gtm.js?id=GTM-P3BPFN7&l=dataLayer 73 Unrecognized feature: 'conversion-measurement'.
Jan 28,2022 11:55:08 [info]  Found error in logs for url "https://www.sc.com/sg/priority/" and message : https://www.googletagmanager.com/gtm.js?id=GTM-P3BPFN7&l=dataLayer 73 Unrecognized feature: 'attribution-reporting'.
Jan 28,2022 11:55:08 [info]  Found error in logs for url "https://www.sc.com/sg/priority/" and message : https://www.googletagmanager.com/gtm.js?id=GTM-P3BPFN7&l=dataLayer 73 Unrecognized feature: 'conversion-measurement'.
Jan 28,2022 11:55:08 [info]  Found error in logs for url "https://www.sc.com/sg/priority/" and message : https://4933917.fls.doubleclick.net/activityi;dc_pre=CK60jvXn0_UCFU6X2AUdvpgOFA;src=4933917;type=remar0;cat=stanc0;ord=6024616868718;gtm=2wg1q0;auiddc=319933692.1643350487;u1=%2Fsg%2Fpriority%2F;~oref=https%3A%2F%2Fwww.sc.com%2Fsg%2Fpriority%2F? 0 Refused to execute inline script because it violates the following Content Security Policy directive: "script-src 'none'". Either the 'unsafe-inline' keyword, a hash ('sha256-AfcggJl5oiFKi9hzc/K8iFxNPkTWv7zpkRVU5Jb3Hcc='), or a nonce ('nonce-...') is required to enable inline execution.

Jan 28,2022 11:55:08 [info]  Found error in logs for url "https://www.sc.com/sg/priority/" and message : https://4933917.fls.doubleclick.net/activityi;dc_pre=CPHuj_Xn0_UCFQkptwAdMx4Msg;src=4933917;type=scbsg;cat=sglands;ord=4981291712396;gtm=2wg1q0;auiddc=319933692.1643350487;u1=%2Fsg%2Fpriority%2F;u2=priority;u3=;u9=sg;u5=;~oref=https%3A%2F%2Fwww.sc.com%2Fsg%2Fpriority%2F? 16 Refused to execute inline script because it violates the following Content Security Policy directive: "script-src 'none'". Either the 'unsafe-inline' keyword, a hash ('sha256-47N20R3dMRJUG6HsKEWzGV1pq7WM6rrJOQpwLiDuTFE='), or a nonce ('nonce-...') is required to enable inline execution.

Jan 28,2022 11:55:08 [info]  Found error in logs for url "https://www.sc.com/sg/priority/" and message : https://av.sc.com/assets/global/adobe/production/5e4ae16ab23e/2be1a655bb44/launch-5d0b74b28d2b.min.js 12:2713 "?" "container.buildInfo.environment is deprecated.Please use `container.environment.stage` instead"
Jan 28,2022 11:55:08 [info]  Found error in logs for url "https://www.sc.com/sg/priority/" and message : https://av.sc.com/assets/global/adobe/production/5e4ae16ab23e/2be1a655bb44/launch-5d0b74b28d2b.min.js 1:27118 "AT:" "metric element not found" Object
Jan 28,2022 11:55:08 [info]  Found error in logs for url "https://www.sc.com/sg/priority/" and message : https://av.sc.com/assets/global/adobe/production/5e4ae16ab23e/2be1a655bb44/launch-5d0b74b28d2b.min.js 1:27118 "AT:" "metric element not found" Object
Jan 28,2022 11:55:08 [info]  Found error in logs for url "https://www.sc.com/sg/priority/" and message : https://av.sc.com/assets/global/adobe/production/5e4ae16ab23e/2be1a655bb44/launch-5d0b74b28d2b.min.js 1:27118 "AT:" "metric element not found" Object
Jan 28,2022 11:55:08 [info]  Found error in logs for url "https://www.sc.com/sg/priority/" and message : https://av.sc.com/assets/global/adobe/production/5e4ae16ab23e/2be1a655bb44/launch-5d0b74b28d2b.min.js 1:27118 "AT:" "metric element not found" Object
Jan 28,2022 11:55:08 [info]  Found error in logs for url "https://www.sc.com/sg/priority/" and message : https://av.sc.com/assets/global/adobe/production/5e4ae16ab23e/2be1a655bb44/launch-5d0b74b28d2b.min.js 1:27118 "AT:" "metric element not found" Object
Jan 28,2022 11:55:08 [info]  Found error in logs for url "https://www.sc.com/sg/priority/" and message : https://av.sc.com/assets/global/adobe/production/5e4ae16ab23e/2be1a655bb44/launch-5d0b74b28d2b.min.js 1:27118 "AT:" "metric element not found" Object
Jan 28,2022 11:55:08 [info]  Found error in logs for url "https://www.sc.com/sg/priority/" and message : https://av.sc.com/assets/global/adobe/production/5e4ae16ab23e/2be1a655bb44/launch-5d0b74b28d2b.min.js 1:27118 "AT:" "metric element not found" Object
Jan 28,2022 11:55:08 [info]  Found error in logs for url "https://www.sc.com/sg/priority/" and message : https://av.sc.com/assets/global/adobe/production/5e4ae16ab23e/2be1a655bb44/launch-5d0b74b28d2b.min.js 1:27118 "AT:" "metric element not found" Object
Jan 28,2022 11:55:08 [info]  Found error in logs for url "https://www.sc.com/sg/priority/" and message : https://av.sc.com/assets/global/adobe/production/5e4ae16ab23e/2be1a655bb44/launch-5d0b74b28d2b.min.js 1:27118 "AT:" "metric element not found" Object
Jan 28,2022 11:55:08 [info]  Found error in logs for url "https://www.sc.com/sg/priority/" and message : https://av.sc.com/assets/global/adobe/production/5e4ae16ab23e/2be1a655bb44/launch-5d0b74b28d2b.min.js 1:27118 "AT:" "metric element not found" Object
Jan 28,2022 11:55:08 [info]  Found error in logs for url "https://www.sc.com/sg/priority/" and message : https://av.sc.com/assets/global/adobe/production/5e4ae16ab23e/2be1a655bb44/launch-5d0b74b28d2b.min.js 1:27118 "AT:" "metric element not found" Object
Jan 28,2022 11:55:08 [info]  Found error in logs for url "https://www.sc.com/sg/priority/" and message : https://av.sc.com/assets/global/adobe/production/5e4ae16ab23e/2be1a655bb44/launch-5d0b74b28d2b.min.js 1:27118 "AT:" "metric element not found" Object
Jan 28,2022 11:55:08 [info]  Found error in logs for url "https://www.sc.com/sg/priority/" and message : https://av.sc.com/assets/global/adobe/production/5e4ae16ab23e/2be1a655bb44/launch-5d0b74b28d2b.min.js 1:27118 "AT:" "metric element not found" Object
Jan 28,2022 11:55:08 [info]  Found error in logs for url "https://www.sc.com/sg/priority/" and message : https://av.sc.com/assets/global/adobe/production/5e4ae16ab23e/2be1a655bb44/launch-5d0b74b28d2b.min.js 1:27118 "AT:" "metric element not found" Object
Jan 28,2022 11:55:08 [info]  Found error in logs for url "https://www.sc.com/sg/priority/" and message : https://av.sc.com/assets/global/adobe/production/5e4ae16ab23e/2be1a655bb44/launch-5d0b74b28d2b.min.js 1:27118 "AT:" "metric element not found" Object
Jan 28,2022 11:55:08 [info]  Found error in logs for url "https://www.sc.com/sg/priority/" and message : https://av.sc.com/assets/global/adobe/production/5e4ae16ab23e/2be1a655bb44/launch-5d0b74b28d2b.min.js 1:27118 "AT:" "metric element not found" Object
Jan 28,2022 11:55:08 [info]  2 Console error found
Jan 28,2022 11:55:11 [info]  Navigated to the new URL: https://www.sc.com/sg/priority/priority-private/
Jan 28,2022 11:55:17 [info]  Found error in logs for url "https://www.sc.com/sg/priority/priority-private/" and message : https://www.googletagmanager.com/gtm.js?id=GTM-P3BPFN7&l=dataLayer 73 Unrecognized feature: 'attribution-reporting'.
Jan 28,2022 11:55:17 [info]  Found error in logs for url "https://www.sc.com/sg/priority/priority-private/" and message : https://www.googletagmanager.com/gtm.js?id=GTM-P3BPFN7&l=dataLayer 73 Unrecognized feature: 'conversion-measurement'.
Jan 28,2022 11:55:17 [info]  Found error in logs for url "https://www.sc.com/sg/priority/priority-private/" and message : https://www.googletagmanager.com/gtm.js?id=GTM-P3BPFN7&l=dataLayer 73 Unrecognized feature: 'attribution-reporting'.
Jan 28,2022 11:55:17 [info]  Found error in logs for url "https://www.sc.com/sg/priority/priority-private/" and message : https://www.googletagmanager.com/gtm.js?id=GTM-P3BPFN7&l=dataLayer 73 Unrecognized feature: 'conversion-measurement'.
Jan 28,2022 11:55:17 [info]  Found error in logs for url "https://www.sc.com/sg/priority/priority-private/" and message : https://4933917.fls.doubleclick.net/activityi;dc_pre=CKTds_nn0_UCFUGL2AUdnO0BpA;src=4933917;type=remar0;cat=stanc0;ord=7920165682331;gtm=2wg1q0;auiddc=319933692.1643350487;u1=%2Fsg%2Fpriority%2Fpriority-private%2F;~oref=https%3A%2F%2Fwww.sc.com%2Fsg%2Fpriority%2Fpriority-private%2F? 0 Refused to execute inline script because it violates the following Content Security Policy directive: "script-src 'none'". Either the 'unsafe-inline' keyword, a hash ('sha256-AfcggJl5oiFKi9hzc/K8iFxNPkTWv7zpkRVU5Jb3Hcc='), or a nonce ('nonce-...') is required to enable inline execution.

Jan 28,2022 11:55:17 [info]  Found error in logs for url "https://www.sc.com/sg/priority/priority-private/" and message : https://4933917.fls.doubleclick.net/activityi;dc_pre=COXOtPnn0_UCFaoptwAd2aUFoQ;src=4933917;type=scbsg;cat=sglands;ord=9615452668378;gtm=2wg1q0;auiddc=319933692.1643350487;u1=%2Fsg%2Fpriority%2Fpriority-private%2F;u2=priority;u3=priority-private;u9=sg;u5=priority-private;~oref=https%3A%2F%2Fwww.sc.com%2Fsg%2Fpriority%2Fpriority-private%2F? 16 Refused to execute inline script because it violates the following Content Security Policy directive: "script-src 'none'". Either the 'unsafe-inline' keyword, a hash ('sha256-tDsXkBBffi58fbPbGQewzMcSFuXW9aWfTKA0I1BE/zM='), or a nonce ('nonce-...') is required to enable inline execution.

Jan 28,2022 11:55:17 [info]  Found error in logs for url "https://www.sc.com/sg/priority/priority-private/" and message : https://av.sc.com/assets/global/js/utils.min.js?ver=13bd13b 0:8411 Uncaught DOMException: Blocked a frame with origin "https://www.sc.com" from accessing a cross-origin frame.
Jan 28,2022 11:55:17 [info]  Found error in logs for url "https://www.sc.com/sg/priority/priority-private/" and message : https://av.sc.com/assets/global/adobe/production/5e4ae16ab23e/2be1a655bb44/launch-5d0b74b28d2b.min.js 12:2713 "?" "container.buildInfo.environment is deprecated.Please use `container.environment.stage` instead"
Jan 28,2022 11:55:17 [info]  Found error in logs for url "https://www.sc.com/sg/priority/priority-private/" and message : https://av.sc.com/assets/global/adobe/production/5e4ae16ab23e/2be1a655bb44/launch-5d0b74b28d2b.min.js 1:27118 "AT:" "metric element not found" Object
Jan 28,2022 11:55:17 [info]  Found error in logs for url "https://www.sc.com/sg/priority/priority-private/" and message : https://av.sc.com/assets/global/adobe/production/5e4ae16ab23e/2be1a655bb44/launch-5d0b74b28d2b.min.js 1:27118 "AT:" "metric element not found" Object
Jan 28,2022 11:55:17 [info]  Found error in logs for url "https://www.sc.com/sg/priority/priority-private/" and message : https://av.sc.com/assets/global/adobe/production/5e4ae16ab23e/2be1a655bb44/launch-5d0b74b28d2b.min.js 1:27118 "AT:" "metric element not found" Object
Jan 28,2022 11:55:17 [info]  Found error in logs for url "https://www.sc.com/sg/priority/priority-private/" and message : https://av.sc.com/assets/global/adobe/production/5e4ae16ab23e/2be1a655bb44/launch-5d0b74b28d2b.min.js 1:27118 "AT:" "metric element not found" Object
Jan 28,2022 11:55:17 [info]  Found error in logs for url "https://www.sc.com/sg/priority/priority-private/" and message : https://av.sc.com/assets/global/adobe/production/5e4ae16ab23e/2be1a655bb44/launch-5d0b74b28d2b.min.js 1:27118 "AT:" "metric element not found" Object
Jan 28,2022 11:55:17 [info]  Found error in logs for url "https://www.sc.com/sg/priority/priority-private/" and message : https://av.sc.com/assets/global/adobe/production/5e4ae16ab23e/2be1a655bb44/launch-5d0b74b28d2b.min.js 1:27118 "AT:" "metric element not found" Object
Jan 28,2022 11:55:17 [info]  Found error in logs for url "https://www.sc.com/sg/priority/priority-private/" and message : https://av.sc.com/assets/global/adobe/production/5e4ae16ab23e/2be1a655bb44/launch-5d0b74b28d2b.min.js 1:27118 "AT:" "metric element not found" Object
Jan 28,2022 11:55:17 [info]  Found error in logs for url "https://www.sc.com/sg/priority/priority-private/" and message : https://av.sc.com/assets/global/adobe/production/5e4ae16ab23e/2be1a655bb44/launch-5d0b74b28d2b.min.js 1:27118 "AT:" "metric element not found" Object
Jan 28,2022 11:55:17 [info]  Found error in logs for url "https://www.sc.com/sg/priority/priority-private/" and message : https://av.sc.com/assets/global/adobe/production/5e4ae16ab23e/2be1a655bb44/launch-5d0b74b28d2b.min.js 1:27118 "AT:" "metric element not found" Object
Jan 28,2022 11:55:17 [info]  Found error in logs for url "https://www.sc.com/sg/priority/priority-private/" and message : https://av.sc.com/assets/global/adobe/production/5e4ae16ab23e/2be1a655bb44/launch-5d0b74b28d2b.min.js 1:27118 "AT:" "metric element not found" Object
Jan 28,2022 11:55:17 [info]  Found error in logs for url "https://www.sc.com/sg/priority/priority-private/" and message : https://av.sc.com/assets/global/adobe/production/5e4ae16ab23e/2be1a655bb44/launch-5d0b74b28d2b.min.js 1:27118 "AT:" "metric element not found" Object
Jan 28,2022 11:55:17 [info]  Found error in logs for url "https://www.sc.com/sg/priority/priority-private/" and message : https://av.sc.com/assets/global/adobe/production/5e4ae16ab23e/2be1a655bb44/launch-5d0b74b28d2b.min.js 1:27118 "AT:" "metric element not found" Object
Jan 28,2022 11:55:17 [info]  Found error in logs for url "https://www.sc.com/sg/priority/priority-private/" and message : https://av.sc.com/assets/global/adobe/production/5e4ae16ab23e/2be1a655bb44/launch-5d0b74b28d2b.min.js 1:27118 "AT:" "metric element not found" Object
Jan 28,2022 11:55:17 [info]  Found error in logs for url "https://www.sc.com/sg/priority/priority-private/" and message : https://av.sc.com/assets/global/adobe/production/5e4ae16ab23e/2be1a655bb44/launch-5d0b74b28d2b.min.js 1:27118 "AT:" "metric element not found" Object
Jan 28,2022 11:55:17 [info]  Found error in logs for url "https://www.sc.com/sg/priority/priority-private/" and message : https://av.sc.com/assets/global/adobe/production/5e4ae16ab23e/2be1a655bb44/launch-5d0b74b28d2b.min.js 1:27118 "AT:" "metric element not found" Object
Jan 28,2022 11:55:17 [info]  Found error in logs for url "https://www.sc.com/sg/priority/priority-private/" and message : https://av.sc.com/assets/global/adobe/production/5e4ae16ab23e/2be1a655bb44/launch-5d0b74b28d2b.min.js 1:27118 "AT:" "metric element not found" Object
Jan 28,2022 11:55:17 [info]  Found error in logs for url "https://www.sc.com/sg/priority/priority-private/" and message : https://av.sc.com/assets/global/adobe/production/5e4ae16ab23e/2be1a655bb44/launch-5d0b74b28d2b.min.js 1:27118 "AT:" "metric element not found" Object
Jan 28,2022 11:55:17 [info]  Found error in logs for url "https://www.sc.com/sg/priority/priority-private/" and message : https://av.sc.com/assets/global/adobe/production/5e4ae16ab23e/2be1a655bb44/launch-5d0b74b28d2b.min.js 1:27118 "AT:" "metric element not found" Object
Jan 28,2022 11:55:17 [info]  Found error in logs for url "https://www.sc.com/sg/priority/priority-private/" and message : https://av.sc.com/assets/global/js/utils.min.js?ver=13bd13b 0:8411 Uncaught DOMException: Blocked a frame with origin "https://www.sc.com" from accessing a cross-origin frame.
Jan 28,2022 11:55:17 [info]  Found error in logs for url "https://www.sc.com/sg/priority/priority-private/" and message : https://online.forms.standardchartered.com/public_website/singapore/priority-forms-cmsdct/priority_form_dynamic.html?ccode=sg&form_id=SGR556&p_id=2 - Access to XMLHttpRequest at 'chrome-extension://ghbmnnjooekpmoecnnnilnnbdlolhkhi/page_embed_script.js' from origin 'https://online.forms.standardchartered.com' has been blocked by CORS policy: Cross origin requests are only supported for protocol schemes: http, data, chrome, chrome-untrusted, https.
Jan 28,2022 11:55:17 [info]  Found error in logs for url "https://www.sc.com/sg/priority/priority-private/" and message : chrome-extension://ghbmnnjooekpmoecnnnilnnbdlolhkhi/page_embed_script.js - Failed to load resource: net::ERR_FAILED
Jan 28,2022 11:55:17 [info]  6 Console error found
Jan 28,2022 11:55:20 [info]  Navigated to the new URL: https://www.sc.com/sg/wealth/
Jan 28,2022 11:55:25 [info]  Found error in logs for url "https://www.sc.com/sg/wealth/" and message : https://www.googletagmanager.com/gtm.js?id=GTM-P3BPFN7&l=dataLayer 73 Unrecognized feature: 'attribution-reporting'.
Jan 28,2022 11:55:25 [info]  Found error in logs for url "https://www.sc.com/sg/wealth/" and message : https://www.googletagmanager.com/gtm.js?id=GTM-P3BPFN7&l=dataLayer 73 Unrecognized feature: 'conversion-measurement'.
Jan 28,2022 11:55:25 [info]  Found error in logs for url "https://www.sc.com/sg/wealth/" and message : https://www.googletagmanager.com/gtm.js?id=GTM-P3BPFN7&l=dataLayer 73 Unrecognized feature: 'attribution-reporting'.
Jan 28,2022 11:55:25 [info]  Found error in logs for url "https://www.sc.com/sg/wealth/" and message : https://www.googletagmanager.com/gtm.js?id=GTM-P3BPFN7&l=dataLayer 73 Unrecognized feature: 'conversion-measurement'.
Jan 28,2022 11:55:25 [info]  Found error in logs for url "https://www.sc.com/sg/wealth/" and message : https://4933917.fls.doubleclick.net/activityi;dc_pre=CLOe-_3n0_UCFXqK2AUd9CwErw;src=4933917;type=remar0;cat=stanc0;ord=2328684502856;gtm=2wg1q0;auiddc=319933692.1643350487;u1=%2Fsg%2Fwealth%2F;~oref=https%3A%2F%2Fwww.sc.com%2Fsg%2Fwealth%2F? 0 Refused to execute inline script because it violates the following Content Security Policy directive: "script-src 'none'". Either the 'unsafe-inline' keyword, a hash ('sha256-AfcggJl5oiFKi9hzc/K8iFxNPkTWv7zpkRVU5Jb3Hcc='), or a nonce ('nonce-...') is required to enable inline execution.

Jan 28,2022 11:55:25 [info]  Found error in logs for url "https://www.sc.com/sg/wealth/" and message : https://4933917.fls.doubleclick.net/activityi;dc_pre=CNPS-_3n0_UCFSSO2AUda3wP2A;src=4933917;type=scbsg;cat=sglands;ord=4601925599511;gtm=2wg1q0;auiddc=319933692.1643350487;u1=%2Fsg%2Fwealth%2F;u2=wealth;u3=;u9=sg;u5=;~oref=https%3A%2F%2Fwww.sc.com%2Fsg%2Fwealth%2F? 16 Refused to execute inline script because it violates the following Content Security Policy directive: "script-src 'none'". Either the 'unsafe-inline' keyword, a hash ('sha256-fgTcfDu0mUiwuvWrTiWv/F9siqjHgbFnDgpLwq2Ocww='), or a nonce ('nonce-...') is required to enable inline execution.

Jan 28,2022 11:55:25 [info]  Found error in logs for url "https://www.sc.com/sg/wealth/" and message : https://av.sc.com/assets/global/adobe/production/5e4ae16ab23e/2be1a655bb44/launch-5d0b74b28d2b.min.js 1:27118 "AT:" "[page-init]" "Adobe Target content delivery is disabled. Ensure that you can save cookies to your current domain, there is no \"mboxDisable\" cookie and there is no \"mboxDisable\" parameter in query string."
Jan 28,2022 11:55:25 [info]  Found error in logs for url "https://www.sc.com/sg/wealth/" and message : https://av.sc.com/assets/global/js/utils.min.js?ver=e8ba9f3 0:8411 Uncaught DOMException: Blocked a frame with origin "https://www.sc.com" from accessing a cross-origin frame.
Jan 28,2022 11:55:25 [info]  Found error in logs for url "https://www.sc.com/sg/wealth/" and message : https://av.sc.com/assets/global/adobe/production/5e4ae16ab23e/2be1a655bb44/launch-5d0b74b28d2b.min.js 12:2713 "?" "container.buildInfo.environment is deprecated.Please use `container.environment.stage` instead"
Jan 28,2022 11:55:25 [info]  Found error in logs for url "https://www.sc.com/sg/wealth/" and message : https://av.sc.com/assets/global/js/iframe.js?ver=e8ba9f3 7:866 "[iFrameSizer][Host page: sc-lb-module-embedded-form-frame]" "IFrame has not responded within 5 seconds. Check iFrameResizer.contentWindow.js has been loaded in iFrame. This message can be ignored if everything is working, or you can set the warningTimeout option to a higher value or zero to suppress this warning."
Jan 28,2022 11:55:25 [info]  Found error in logs for url "https://www.sc.com/sg/wealth/" and message : https://av.sc.com/assets/global/adobe/production/5e4ae16ab23e/2be1a655bb44/launch-5d0b74b28d2b.min.js 1:27118 "AT:" "metric element not found" Object
Jan 28,2022 11:55:25 [info]  Found error in logs for url "https://www.sc.com/sg/wealth/" and message : https://av.sc.com/assets/global/adobe/production/5e4ae16ab23e/2be1a655bb44/launch-5d0b74b28d2b.min.js 1:27118 "AT:" "metric element not found" Object
Jan 28,2022 11:55:25 [info]  Found error in logs for url "https://www.sc.com/sg/wealth/" and message : https://av.sc.com/assets/global/adobe/production/5e4ae16ab23e/2be1a655bb44/launch-5d0b74b28d2b.min.js 1:27118 "AT:" "metric element not found" Object
Jan 28,2022 11:55:25 [info]  Found error in logs for url "https://www.sc.com/sg/wealth/" and message : https://av.sc.com/assets/global/adobe/production/5e4ae16ab23e/2be1a655bb44/launch-5d0b74b28d2b.min.js 1:27118 "AT:" "metric element not found" Object
Jan 28,2022 11:55:25 [info]  Found error in logs for url "https://www.sc.com/sg/wealth/" and message : https://av.sc.com/assets/global/adobe/production/5e4ae16ab23e/2be1a655bb44/launch-5d0b74b28d2b.min.js 1:27118 "AT:" "metric element not found" Object
Jan 28,2022 11:55:25 [info]  Found error in logs for url "https://www.sc.com/sg/wealth/" and message : https://av.sc.com/assets/global/adobe/production/5e4ae16ab23e/2be1a655bb44/launch-5d0b74b28d2b.min.js 1:27118 "AT:" "metric element not found" Object
Jan 28,2022 11:55:25 [info]  Found error in logs for url "https://www.sc.com/sg/wealth/" and message : https://av.sc.com/assets/global/adobe/production/5e4ae16ab23e/2be1a655bb44/launch-5d0b74b28d2b.min.js 1:27118 "AT:" "metric element not found" Object
Jan 28,2022 11:55:25 [info]  Found error in logs for url "https://www.sc.com/sg/wealth/" and message : https://av.sc.com/assets/global/adobe/production/5e4ae16ab23e/2be1a655bb44/launch-5d0b74b28d2b.min.js 1:27118 "AT:" "metric element not found" Object
Jan 28,2022 11:55:25 [info]  Found error in logs for url "https://www.sc.com/sg/wealth/" and message : https://av.sc.com/assets/global/adobe/production/5e4ae16ab23e/2be1a655bb44/launch-5d0b74b28d2b.min.js 1:27118 "AT:" "metric element not found" Object
Jan 28,2022 11:55:25 [info]  Found error in logs for url "https://www.sc.com/sg/wealth/" and message : https://av.sc.com/assets/global/adobe/production/5e4ae16ab23e/2be1a655bb44/launch-5d0b74b28d2b.min.js 1:27118 "AT:" "metric element not found" Object
Jan 28,2022 11:55:25 [info]  Found error in logs for url "https://www.sc.com/sg/wealth/" and message : https://av.sc.com/assets/global/adobe/production/5e4ae16ab23e/2be1a655bb44/launch-5d0b74b28d2b.min.js 1:27118 "AT:" "metric element not found" Object
Jan 28,2022 11:55:25 [info]  Found error in logs for url "https://www.sc.com/sg/wealth/" and message : https://av.sc.com/assets/global/adobe/production/5e4ae16ab23e/2be1a655bb44/launch-5d0b74b28d2b.min.js 1:27118 "AT:" "metric element not found" Object
Jan 28,2022 11:55:25 [info]  Found error in logs for url "https://www.sc.com/sg/wealth/" and message : https://av.sc.com/assets/global/adobe/production/5e4ae16ab23e/2be1a655bb44/launch-5d0b74b28d2b.min.js 1:27118 "AT:" "metric element not found" Object
Jan 28,2022 11:55:25 [info]  Found error in logs for url "https://www.sc.com/sg/wealth/" and message : https://av.sc.com/assets/global/adobe/production/5e4ae16ab23e/2be1a655bb44/launch-5d0b74b28d2b.min.js 1:27118 "AT:" "metric element not found" Object
Jan 28,2022 11:55:25 [info]  Found error in logs for url "https://www.sc.com/sg/wealth/" and message : https://av.sc.com/assets/global/adobe/production/5e4ae16ab23e/2be1a655bb44/launch-5d0b74b28d2b.min.js 1:27118 "AT:" "metric element not found" Object
Jan 28,2022 11:55:25 [info]  Found error in logs for url "https://www.sc.com/sg/wealth/" and message : https://av.sc.com/assets/global/adobe/production/5e4ae16ab23e/2be1a655bb44/launch-5d0b74b28d2b.min.js 1:27118 "AT:" "metric element not found" Object
Jan 28,2022 11:55:25 [info]  Found error in logs for url "https://www.sc.com/sg/wealth/" and message : https://av.sc.com/assets/global/adobe/production/5e4ae16ab23e/2be1a655bb44/launch-5d0b74b28d2b.min.js 1:27118 "AT:" "metric element not found" Object
Jan 28,2022 11:55:25 [info]  Found error in logs for url "https://www.sc.com/sg/wealth/" and message : https://av.sc.com/assets/global/adobe/production/5e4ae16ab23e/2be1a655bb44/launch-5d0b74b28d2b.min.js 1:27118 "AT:" "metric element not found" Object
Jan 28,2022 11:55:25 [info]  Found error in logs for url "https://www.sc.com/sg/wealth/" and message : https://av.sc.com/assets/global/adobe/production/5e4ae16ab23e/2be1a655bb44/launch-5d0b74b28d2b.min.js 1:27118 "AT:" "[page-init]" "Adobe Target content delivery is disabled. Ensure that you can save cookies to your current domain, there is no \"mboxDisable\" cookie and there is no \"mboxDisable\" parameter in query string."
Jan 28,2022 11:55:25 [info]  Found error in logs for url "https://www.sc.com/sg/wealth/" and message : https://av.sc.com/assets/global/js/utils.min.js?ver=e8ba9f3 0:8411 Uncaught DOMException: Blocked a frame with origin "https://www.sc.com" from accessing a cross-origin frame.
Jan 28,2022 11:55:25 [info]  Found error in logs for url "https://www.sc.com/sg/wealth/" and message : https://av.sc.com/assets/global/js/iframe.js?ver=e8ba9f3 7:866 "[iFrameSizer][Host page: sc-lb-module-embedded-form-frame]" "IFrame has not responded within 5 seconds. Check iFrameResizer.contentWindow.js has been loaded in iFrame. This message can be ignored if everything is working, or you can set the warningTimeout option to a higher value or zero to suppress this warning."
Jan 28,2022 11:55:25 [info]  4 Console error found
Jan 28,2022 11:55:28 [info]  Navigated to the new URL: https://www.sc.com/sg/international-banking/
Jan 28,2022 11:55:33 [info]  Found error in logs for url "https://www.sc.com/sg/international-banking/" and message : https://www.googletagmanager.com/gtm.js?id=GTM-P3BPFN7&l=dataLayer 73 Unrecognized feature: 'attribution-reporting'.
Jan 28,2022 11:55:33 [info]  Found error in logs for url "https://www.sc.com/sg/international-banking/" and message : https://www.googletagmanager.com/gtm.js?id=GTM-P3BPFN7&l=dataLayer 73 Unrecognized feature: 'conversion-measurement'.
Jan 28,2022 11:55:33 [info]  Found error in logs for url "https://www.sc.com/sg/international-banking/" and message : https://www.googletagmanager.com/gtm.js?id=GTM-P3BPFN7&l=dataLayer 73 Unrecognized feature: 'attribution-reporting'.
Jan 28,2022 11:55:33 [info]  Found error in logs for url "https://www.sc.com/sg/international-banking/" and message : https://www.googletagmanager.com/gtm.js?id=GTM-P3BPFN7&l=dataLayer 73 Unrecognized feature: 'conversion-measurement'.
Jan 28,2022 11:55:33 [info]  Found error in logs for url "https://www.sc.com/sg/international-banking/" and message : https://www.googletagmanager.com/gtm.js?id=GTM-P3BPFN7&l=dataLayer 73 Unrecognized feature: 'attribution-reporting'.
Jan 28,2022 11:55:33 [info]  Found error in logs for url "https://www.sc.com/sg/international-banking/" and message : https://www.googletagmanager.com/gtm.js?id=GTM-P3BPFN7&l=dataLayer 73 Unrecognized feature: 'conversion-measurement'.
Jan 28,2022 11:55:33 [info]  Found error in logs for url "https://www.sc.com/sg/international-banking/" and message : https://www.googletagmanager.com/gtm.js?id=GTM-P3BPFN7&l=dataLayer 73 Unrecognized feature: 'attribution-reporting'.
Jan 28,2022 11:55:33 [info]  Found error in logs for url "https://www.sc.com/sg/international-banking/" and message : https://www.googletagmanager.com/gtm.js?id=GTM-P3BPFN7&l=dataLayer 73 Unrecognized feature: 'conversion-measurement'.
Jan 28,2022 11:55:33 [info]  Found error in logs for url "https://www.sc.com/sg/international-banking/" and message : https://av.sc.com/assets/global/adobe/production/5e4ae16ab23e/2be1a655bb44/launch-5d0b74b28d2b.min.js 1:27118 "AT:" "[page-init]" "Adobe Target content delivery is disabled. Ensure that you can save cookies to your current domain, there is no \"mboxDisable\" cookie and there is no \"mboxDisable\" parameter in query string."
Jan 28,2022 11:55:33 [info]  Found error in logs for url "https://www.sc.com/sg/international-banking/" and message : https://av.sc.com/assets/global/js/vendor/flickity_v2.js?_=1643351126441 10:6413 "Error parsing data-flickity on m-banner carousel-full has-hero-slides flickity-enabled is-draggable: SyntaxError: Unexpected token ' in JSON at position 3"
Jan 28,2022 11:55:33 [info]  Found error in logs for url "https://www.sc.com/sg/international-banking/" and message : https://4933917.fls.doubleclick.net/activityi;dc_pre=CMOJ3oHo0_UCFQGL2AUdrXIIrA;src=4933917;type=remar0;cat=stanc0;ord=4685738776605;gtm=2wg1q0;auiddc=319933692.1643350487;u1=%2Fsg%2Finternational-banking%2F;~oref=https%3A%2F%2Fwww.sc.com%2Fsg%2Finternational-banking%2F? 0 Refused to execute inline script because it violates the following Content Security Policy directive: "script-src 'none'". Either the 'unsafe-inline' keyword, a hash ('sha256-AfcggJl5oiFKi9hzc/K8iFxNPkTWv7zpkRVU5Jb3Hcc='), or a nonce ('nonce-...') is required to enable inline execution.

Jan 28,2022 11:55:33 [info]  Found error in logs for url "https://www.sc.com/sg/international-banking/" and message : https://4933917.fls.doubleclick.net/activityi;dc_pre=CMW834Ho0_UCFeCT2AUdARkKcQ;src=4933917;type=scbsg;cat=sglands;ord=5576360055876;gtm=2wg1q0;auiddc=319933692.1643350487;u1=%2Fsg%2Finternational-banking%2F;u2=international-banking;u3=;u9=sg;u5=;~oref=https%3A%2F%2Fwww.sc.com%2Fsg%2Finternational-banking%2F? 16 Refused to execute inline script because it violates the following Content Security Policy directive: "script-src 'none'". Either the 'unsafe-inline' keyword, a hash ('sha256-IvcEwgGnT26HYfR1WIkhtcKfPkiH2u/EDdhBDitdGCs='), or a nonce ('nonce-...') is required to enable inline execution.

Jan 28,2022 11:55:33 [info]  Found error in logs for url "https://www.sc.com/sg/international-banking/" and message : https://av.sc.com/assets/global/js/utils.min.js?ver=4a944f7 0:8411 Uncaught DOMException: Blocked a frame with origin "https://www.sc.com" from accessing a cross-origin frame.
Jan 28,2022 11:55:33 [info]  Found error in logs for url "https://www.sc.com/sg/international-banking/" and message : https://av.sc.com/assets/global/adobe/production/5e4ae16ab23e/2be1a655bb44/launch-5d0b74b28d2b.min.js 12:2713 "?" "container.buildInfo.environment is deprecated.Please use `container.environment.stage` instead"
Jan 28,2022 11:55:33 [info]  Found error in logs for url "https://www.sc.com/sg/international-banking/" and message : https://av.sc.com/assets/global/adobe/production/5e4ae16ab23e/2be1a655bb44/launch-5d0b74b28d2b.min.js 1:27118 "AT:" "[page-init]" "Adobe Target content delivery is disabled. Ensure that you can save cookies to your current domain, there is no \"mboxDisable\" cookie and there is no \"mboxDisable\" parameter in query string."
Jan 28,2022 11:55:33 [info]  Found error in logs for url "https://www.sc.com/sg/international-banking/" and message : https://av.sc.com/assets/global/js/utils.min.js?ver=4a944f7 0:8411 Uncaught DOMException: Blocked a frame with origin "https://www.sc.com" from accessing a cross-origin frame.
Jan 28,2022 11:55:33 [info]  Found error in logs for url "https://www.sc.com/sg/international-banking/" and message : https://av.sc.com/assets/global/adobe/production/5e4ae16ab23e/2be1a655bb44/launch-5d0b74b28d2b.min.js 1:27118 "AT:" "metric element not found" Object
Jan 28,2022 11:55:33 [info]  Found error in logs for url "https://www.sc.com/sg/international-banking/" and message : https://av.sc.com/assets/global/adobe/production/5e4ae16ab23e/2be1a655bb44/launch-5d0b74b28d2b.min.js 1:27118 "AT:" "metric element not found" Object
Jan 28,2022 11:55:33 [info]  Found error in logs for url "https://www.sc.com/sg/international-banking/" and message : https://av.sc.com/assets/global/adobe/production/5e4ae16ab23e/2be1a655bb44/launch-5d0b74b28d2b.min.js 1:27118 "AT:" "metric element not found" Object
Jan 28,2022 11:55:33 [info]  Found error in logs for url "https://www.sc.com/sg/international-banking/" and message : https://av.sc.com/assets/global/adobe/production/5e4ae16ab23e/2be1a655bb44/launch-5d0b74b28d2b.min.js 1:27118 "AT:" "metric element not found" Object
Jan 28,2022 11:55:33 [info]  Found error in logs for url "https://www.sc.com/sg/international-banking/" and message : https://av.sc.com/assets/global/adobe/production/5e4ae16ab23e/2be1a655bb44/launch-5d0b74b28d2b.min.js 1:27118 "AT:" "metric element not found" Object
Jan 28,2022 11:55:33 [info]  Found error in logs for url "https://www.sc.com/sg/international-banking/" and message : https://av.sc.com/assets/global/adobe/production/5e4ae16ab23e/2be1a655bb44/launch-5d0b74b28d2b.min.js 1:27118 "AT:" "metric element not found" Object
Jan 28,2022 11:55:33 [info]  Found error in logs for url "https://www.sc.com/sg/international-banking/" and message : https://av.sc.com/assets/global/adobe/production/5e4ae16ab23e/2be1a655bb44/launch-5d0b74b28d2b.min.js 1:27118 "AT:" "metric element not found" Object
Jan 28,2022 11:55:33 [info]  Found error in logs for url "https://www.sc.com/sg/international-banking/" and message : https://av.sc.com/assets/global/adobe/production/5e4ae16ab23e/2be1a655bb44/launch-5d0b74b28d2b.min.js 1:27118 "AT:" "metric element not found" Object
Jan 28,2022 11:55:33 [info]  Found error in logs for url "https://www.sc.com/sg/international-banking/" and message : https://av.sc.com/assets/global/adobe/production/5e4ae16ab23e/2be1a655bb44/launch-5d0b74b28d2b.min.js 1:27118 "AT:" "metric element not found" Object
Jan 28,2022 11:55:33 [info]  Found error in logs for url "https://www.sc.com/sg/international-banking/" and message : https://av.sc.com/assets/global/adobe/production/5e4ae16ab23e/2be1a655bb44/launch-5d0b74b28d2b.min.js 1:27118 "AT:" "metric element not found" Object
Jan 28,2022 11:55:33 [info]  Found error in logs for url "https://www.sc.com/sg/international-banking/" and message : https://av.sc.com/assets/global/adobe/production/5e4ae16ab23e/2be1a655bb44/launch-5d0b74b28d2b.min.js 1:27118 "AT:" "metric element not found" Object
Jan 28,2022 11:55:33 [info]  Found error in logs for url "https://www.sc.com/sg/international-banking/" and message : https://av.sc.com/assets/global/adobe/production/5e4ae16ab23e/2be1a655bb44/launch-5d0b74b28d2b.min.js 1:27118 "AT:" "metric element not found" Object
Jan 28,2022 11:55:33 [info]  Found error in logs for url "https://www.sc.com/sg/international-banking/" and message : https://av.sc.com/assets/global/adobe/production/5e4ae16ab23e/2be1a655bb44/launch-5d0b74b28d2b.min.js 1:27118 "AT:" "metric element not found" Object
Jan 28,2022 11:55:33 [info]  Found error in logs for url "https://www.sc.com/sg/international-banking/" and message : https://av.sc.com/assets/global/adobe/production/5e4ae16ab23e/2be1a655bb44/launch-5d0b74b28d2b.min.js 1:27118 "AT:" "metric element not found" Object
Jan 28,2022 11:55:33 [info]  Found error in logs for url "https://www.sc.com/sg/international-banking/" and message : https://av.sc.com/assets/global/adobe/production/5e4ae16ab23e/2be1a655bb44/launch-5d0b74b28d2b.min.js 1:27118 "AT:" "metric element not found" Object
Jan 28,2022 11:55:33 [info]  Found error in logs for url "https://www.sc.com/sg/international-banking/" and message : https://av.sc.com/assets/global/adobe/production/5e4ae16ab23e/2be1a655bb44/launch-5d0b74b28d2b.min.js 1:27118 "AT:" "metric element not found" Object
Jan 28,2022 11:55:33 [info]  Found error in logs for url "https://www.sc.com/sg/international-banking/" and message : https://av.sc.com/assets/global/adobe/production/5e4ae16ab23e/2be1a655bb44/launch-5d0b74b28d2b.min.js 1:27118 "AT:" "metric element not found" Object
Jan 28,2022 11:55:33 [info]  Found error in logs for url "https://www.sc.com/sg/international-banking/" and message : https://av.sc.com/assets/global/adobe/production/5e4ae16ab23e/2be1a655bb44/launch-5d0b74b28d2b.min.js 1:27118 "AT:" "metric element not found" Object
Jan 28,2022 11:55:33 [info]  5 Console error found
Jan 28,2022 11:55:35 [info]  Navigated to the new URL: https://www.sc.com/privatebank/en/
Jan 28,2022 11:55:41 [info]  There are 245 hyperlinks
Jan 28,2022 11:55:43 [info]  Navigated to the new URL: https://www.sc.com/sg/credit-cards/
Jan 28,2022 11:55:47 [info]  Found error in logs for url "https://www.sc.com/sg/credit-cards/" and message : https://www.googletagmanager.com/gtm.js?id=GTM-P3BPFN7&l=dataLayer 73 Unrecognized feature: 'attribution-reporting'.
Jan 28,2022 11:55:47 [info]  Found error in logs for url "https://www.sc.com/sg/credit-cards/" and message : https://www.googletagmanager.com/gtm.js?id=GTM-P3BPFN7&l=dataLayer 73 Unrecognized feature: 'conversion-measurement'.
Jan 28,2022 11:55:47 [info]  Found error in logs for url "https://www.sc.com/sg/credit-cards/" and message : https://www.googletagmanager.com/gtm.js?id=GTM-P3BPFN7&l=dataLayer 73 Unrecognized feature: 'attribution-reporting'.
Jan 28,2022 11:55:47 [info]  Found error in logs for url "https://www.sc.com/sg/credit-cards/" and message : https://www.googletagmanager.com/gtm.js?id=GTM-P3BPFN7&l=dataLayer 73 Unrecognized feature: 'conversion-measurement'.
Jan 28,2022 11:55:47 [info]  Found error in logs for url "https://www.sc.com/sg/credit-cards/" and message : https://www.googleadservices.com/pagead/conversion_async.js 71 Unrecognized feature: 'attribution-reporting'.
Jan 28,2022 11:55:47 [info]  Found error in logs for url "https://www.sc.com/sg/credit-cards/" and message : https://4933917.fls.doubleclick.net/activityi;dc_pre=CLbokIjo0_UCFcGT2AUdWLcMTw;src=4933917;type=remar0;cat=stanc0;ord=2506199860495;gtm=2wg1q0;auiddc=319933692.1643350487;u1=%2Fsg%2Fcredit-cards%2F;~oref=https%3A%2F%2Fwww.sc.com%2Fsg%2Fcredit-cards%2F? 0 Refused to execute inline script because it violates the following Content Security Policy directive: "script-src 'none'". Either the 'unsafe-inline' keyword, a hash ('sha256-AfcggJl5oiFKi9hzc/K8iFxNPkTWv7zpkRVU5Jb3Hcc='), or a nonce ('nonce-...') is required to enable inline execution.

Jan 28,2022 11:55:47 [info]  Found error in logs for url "https://www.sc.com/sg/credit-cards/" and message : https://4933917.fls.doubleclick.net/activityi;dc_pre=CNuIkojo0_UCFVwKtwAdYsEKcQ;src=4933917;type=scbsg;cat=sglands;ord=3713509669149;gtm=2wg1q0;auiddc=319933692.1643350487;u1=%2Fsg%2Fcredit-cards%2F;u2=credit-cards;u3=;u9=sg;u5=;~oref=https%3A%2F%2Fwww.sc.com%2Fsg%2Fcredit-cards%2F? 16 Refused to execute inline script because it violates the following Content Security Policy directive: "script-src 'none'". Either the 'unsafe-inline' keyword, a hash ('sha256-duhUvaZGFoVwHLN1qPepQkfAK2EQRLcjznszUn5mzbw='), or a nonce ('nonce-...') is required to enable inline execution.

Jan 28,2022 11:55:47 [info]  Found error in logs for url "https://www.sc.com/sg/credit-cards/" and message : https://av.sc.com/assets/global/adobe/production/5e4ae16ab23e/2be1a655bb44/launch-5d0b74b28d2b.min.js 12:2713 "?" "container.buildInfo.environment is deprecated.Please use `container.environment.stage` instead"
Jan 28,2022 11:55:47 [info]  Found error in logs for url "https://www.sc.com/sg/credit-cards/" and message : https://www.googletagmanager.com/gtm.js?id=GTM-P3BPFN7&l=dataLayer 73 Unrecognized feature: 'attribution-reporting'.
Jan 28,2022 11:55:47 [info]  Found error in logs for url "https://www.sc.com/sg/credit-cards/" and message : https://www.googletagmanager.com/gtm.js?id=GTM-P3BPFN7&l=dataLayer 73 Unrecognized feature: 'conversion-measurement'.
Jan 28,2022 11:55:47 [info]  Found error in logs for url "https://www.sc.com/sg/credit-cards/" and message : https://www.googletagmanager.com/gtm.js?id=GTM-P3BPFN7&l=dataLayer 73 Unrecognized feature: 'attribution-reporting'.
Jan 28,2022 11:55:47 [info]  Found error in logs for url "https://www.sc.com/sg/credit-cards/" and message : https://www.googletagmanager.com/gtm.js?id=GTM-P3BPFN7&l=dataLayer 73 Unrecognized feature: 'conversion-measurement'.
Jan 28,2022 11:55:47 [info]  Found error in logs for url "https://www.sc.com/sg/credit-cards/" and message : https://www.googleadservices.com/pagead/conversion_async.js 71 Unrecognized feature: 'attribution-reporting'.
Jan 28,2022 11:55:47 [info]  Found error in logs for url "https://www.sc.com/sg/credit-cards/" and message : https://4933917.fls.doubleclick.net/activityi;dc_pre=CIWcgIno0_UCFa2O2AUdV0EDsw;src=4933917;type=remar0;cat=stanc0;ord=8222943479458;gtm=2wg1q0;auiddc=319933692.1643350487;u1=%2Fsg%2Fcredit-cards%2F;~oref=https%3A%2F%2Fwww.sc.com%2Fsg%2Fcredit-cards%2F? 0 Refused to execute inline script because it violates the following Content Security Policy directive: "script-src 'none'". Either the 'unsafe-inline' keyword, a hash ('sha256-AfcggJl5oiFKi9hzc/K8iFxNPkTWv7zpkRVU5Jb3Hcc='), or a nonce ('nonce-...') is required to enable inline execution.

Jan 28,2022 11:55:47 [info]  Found error in logs for url "https://www.sc.com/sg/credit-cards/" and message : https://4933917.fls.doubleclick.net/activityi;dc_pre=COnGgYno0_UCFWQptwAdJS8EoA;src=4933917;type=scbsg;cat=sglands;ord=6173397306165;gtm=2wg1q0;auiddc=319933692.1643350487;u1=%2Fsg%2Fcredit-cards%2F;u2=credit-cards;u3=;u9=sg;u5=;~oref=https%3A%2F%2Fwww.sc.com%2Fsg%2Fcredit-cards%2F? 16 Refused to execute inline script because it violates the following Content Security Policy directive: "script-src 'none'". Either the 'unsafe-inline' keyword, a hash ('sha256-duhUvaZGFoVwHLN1qPepQkfAK2EQRLcjznszUn5mzbw='), or a nonce ('nonce-...') is required to enable inline execution.

Jan 28,2022 11:55:47 [info]  Found error in logs for url "https://www.sc.com/sg/credit-cards/" and message : https://av.sc.com/assets/global/adobe/production/5e4ae16ab23e/2be1a655bb44/launch-5d0b74b28d2b.min.js 12:2713 "?" "container.buildInfo.environment is deprecated.Please use `container.environment.stage` instead"
Jan 28,2022 11:55:47 [info]  Found error in logs for url "https://www.sc.com/sg/credit-cards/" and message : https://av.sc.com/assets/global/adobe/production/5e4ae16ab23e/2be1a655bb44/launch-5d0b74b28d2b.min.js 1:27118 "AT:" "metric element not found" Object
Jan 28,2022 11:55:47 [info]  Found error in logs for url "https://www.sc.com/sg/credit-cards/" and message : https://av.sc.com/assets/global/adobe/production/5e4ae16ab23e/2be1a655bb44/launch-5d0b74b28d2b.min.js 1:27118 "AT:" "metric element not found" Object
Jan 28,2022 11:55:47 [info]  Found error in logs for url "https://www.sc.com/sg/credit-cards/" and message : https://av.sc.com/assets/global/adobe/production/5e4ae16ab23e/2be1a655bb44/launch-5d0b74b28d2b.min.js 1:27118 "AT:" "metric element not found" Object
Jan 28,2022 11:55:47 [info]  Found error in logs for url "https://www.sc.com/sg/credit-cards/" and message : https://av.sc.com/assets/global/adobe/production/5e4ae16ab23e/2be1a655bb44/launch-5d0b74b28d2b.min.js 1:27118 "AT:" "metric element not found" Object
Jan 28,2022 11:55:47 [info]  Found error in logs for url "https://www.sc.com/sg/credit-cards/" and message : https://av.sc.com/assets/global/adobe/production/5e4ae16ab23e/2be1a655bb44/launch-5d0b74b28d2b.min.js 1:27118 "AT:" "metric element not found" Object
Jan 28,2022 11:55:47 [info]  Found error in logs for url "https://www.sc.com/sg/credit-cards/" and message : https://av.sc.com/assets/global/adobe/production/5e4ae16ab23e/2be1a655bb44/launch-5d0b74b28d2b.min.js 1:27118 "AT:" "metric element not found" Object
Jan 28,2022 11:55:47 [info]  Found error in logs for url "https://www.sc.com/sg/credit-cards/" and message : https://av.sc.com/assets/global/adobe/production/5e4ae16ab23e/2be1a655bb44/launch-5d0b74b28d2b.min.js 1:27118 "AT:" "metric element not found" Object
Jan 28,2022 11:55:47 [info]  Found error in logs for url "https://www.sc.com/sg/credit-cards/" and message : https://av.sc.com/assets/global/adobe/production/5e4ae16ab23e/2be1a655bb44/launch-5d0b74b28d2b.min.js 1:27118 "AT:" "metric element not found" Object
Jan 28,2022 11:55:47 [info]  Found error in logs for url "https://www.sc.com/sg/credit-cards/" and message : https://av.sc.com/assets/global/adobe/production/5e4ae16ab23e/2be1a655bb44/launch-5d0b74b28d2b.min.js 1:27118 "AT:" "metric element not found" Object
Jan 28,2022 11:55:47 [info]  Found error in logs for url "https://www.sc.com/sg/credit-cards/" and message : https://av.sc.com/assets/global/adobe/production/5e4ae16ab23e/2be1a655bb44/launch-5d0b74b28d2b.min.js 1:27118 "AT:" "metric element not found" Object
Jan 28,2022 11:55:47 [info]  Found error in logs for url "https://www.sc.com/sg/credit-cards/" and message : https://av.sc.com/assets/global/adobe/production/5e4ae16ab23e/2be1a655bb44/launch-5d0b74b28d2b.min.js 1:27118 "AT:" "metric element not found" Object
Jan 28,2022 11:55:47 [info]  Found error in logs for url "https://www.sc.com/sg/credit-cards/" and message : https://av.sc.com/assets/global/adobe/production/5e4ae16ab23e/2be1a655bb44/launch-5d0b74b28d2b.min.js 1:27118 "AT:" "metric element not found" Object
Jan 28,2022 11:55:47 [info]  Found error in logs for url "https://www.sc.com/sg/credit-cards/" and message : https://av.sc.com/assets/global/adobe/production/5e4ae16ab23e/2be1a655bb44/launch-5d0b74b28d2b.min.js 1:27118 "AT:" "metric element not found" Object
Jan 28,2022 11:55:47 [info]  Found error in logs for url "https://www.sc.com/sg/credit-cards/" and message : https://av.sc.com/assets/global/adobe/production/5e4ae16ab23e/2be1a655bb44/launch-5d0b74b28d2b.min.js 1:27118 "AT:" "metric element not found" Object
Jan 28,2022 11:55:47 [info]  Found error in logs for url "https://www.sc.com/sg/credit-cards/" and message : https://av.sc.com/assets/global/adobe/production/5e4ae16ab23e/2be1a655bb44/launch-5d0b74b28d2b.min.js 1:27118 "AT:" "metric element not found" Object
Jan 28,2022 11:55:47 [info]  Found error in logs for url "https://www.sc.com/sg/credit-cards/" and message : https://av.sc.com/assets/global/adobe/production/5e4ae16ab23e/2be1a655bb44/launch-5d0b74b28d2b.min.js 1:27118 "AT:" "metric element not found" Object
Jan 28,2022 11:55:47 [info]  Found error in logs for url "https://www.sc.com/sg/credit-cards/" and message : https://av.sc.com/assets/global/adobe/production/5e4ae16ab23e/2be1a655bb44/launch-5d0b74b28d2b.min.js 1:27118 "AT:" "metric element not found" Object
Jan 28,2022 11:55:47 [info]  Found error in logs for url "https://www.sc.com/sg/credit-cards/" and message : https://av.sc.com/assets/global/adobe/production/5e4ae16ab23e/2be1a655bb44/launch-5d0b74b28d2b.min.js 1:27118 "AT:" "metric element not found" Object
Jan 28,2022 11:55:47 [info]  4 Console error found
Jan 28,2022 11:55:50 [info]  Navigated to the new URL: https://www.sc.com/sg/priority/
Jan 28,2022 11:55:55 [info]  Found error in logs for url "https://www.sc.com/sg/priority/" and message : https://av.sc.com/assets/global/adobe/production/5e4ae16ab23e/2be1a655bb44/launch-5d0b74b28d2b.min.js 1:27118 "AT:" "metric element not found" Object
Jan 28,2022 11:55:55 [info]  Found error in logs for url "https://www.sc.com/sg/priority/" and message : https://av.sc.com/assets/global/adobe/production/5e4ae16ab23e/2be1a655bb44/launch-5d0b74b28d2b.min.js 1:27118 "AT:" "metric element not found" Object
Jan 28,2022 11:55:55 [info]  Found error in logs for url "https://www.sc.com/sg/priority/" and message : https://av.sc.com/assets/global/adobe/production/5e4ae16ab23e/2be1a655bb44/launch-5d0b74b28d2b.min.js 1:27118 "AT:" "metric element not found" Object
Jan 28,2022 11:55:55 [info]  Found error in logs for url "https://www.sc.com/sg/priority/" and message : https://av.sc.com/assets/global/adobe/production/5e4ae16ab23e/2be1a655bb44/launch-5d0b74b28d2b.min.js 1:27118 "AT:" "metric element not found" Object
Jan 28,2022 11:55:55 [info]  Found error in logs for url "https://www.sc.com/sg/priority/" and message : https://av.sc.com/assets/global/adobe/production/5e4ae16ab23e/2be1a655bb44/launch-5d0b74b28d2b.min.js 1:27118 "AT:" "metric element not found" Object
Jan 28,2022 11:55:55 [info]  Found error in logs for url "https://www.sc.com/sg/priority/" and message : https://av.sc.com/assets/global/adobe/production/5e4ae16ab23e/2be1a655bb44/launch-5d0b74b28d2b.min.js 1:27118 "AT:" "metric element not found" Object
Jan 28,2022 11:55:55 [info]  Found error in logs for url "https://www.sc.com/sg/priority/" and message : https://av.sc.com/assets/global/adobe/production/5e4ae16ab23e/2be1a655bb44/launch-5d0b74b28d2b.min.js 1:27118 "AT:" "metric element not found" Object
Jan 28,2022 11:55:55 [info]  Found error in logs for url "https://www.sc.com/sg/priority/" and message : https://av.sc.com/assets/global/adobe/production/5e4ae16ab23e/2be1a655bb44/launch-5d0b74b28d2b.min.js 1:27118 "AT:" "metric element not found" Object
Jan 28,2022 11:55:55 [info]  Found error in logs for url "https://www.sc.com/sg/priority/" and message : https://av.sc.com/assets/global/adobe/production/5e4ae16ab23e/2be1a655bb44/launch-5d0b74b28d2b.min.js 1:27118 "AT:" "metric element not found" Object
Jan 28,2022 11:55:55 [info]  Found error in logs for url "https://www.sc.com/sg/priority/" and message : https://av.sc.com/assets/global/adobe/production/5e4ae16ab23e/2be1a655bb44/launch-5d0b74b28d2b.min.js 1:27118 "AT:" "metric element not found" Object
Jan 28,2022 11:55:55 [info]  Found error in logs for url "https://www.sc.com/sg/priority/" and message : https://av.sc.com/assets/global/adobe/production/5e4ae16ab23e/2be1a655bb44/launch-5d0b74b28d2b.min.js 1:27118 "AT:" "metric element not found" Object
Jan 28,2022 11:55:55 [info]  Found error in logs for url "https://www.sc.com/sg/priority/" and message : https://av.sc.com/assets/global/adobe/production/5e4ae16ab23e/2be1a655bb44/launch-5d0b74b28d2b.min.js 1:27118 "AT:" "metric element not found" Object
Jan 28,2022 11:55:55 [info]  Found error in logs for url "https://www.sc.com/sg/priority/" and message : https://av.sc.com/assets/global/adobe/production/5e4ae16ab23e/2be1a655bb44/launch-5d0b74b28d2b.min.js 1:27118 "AT:" "metric element not found" Object
Jan 28,2022 11:55:55 [info]  Found error in logs for url "https://www.sc.com/sg/priority/" and message : https://av.sc.com/assets/global/adobe/production/5e4ae16ab23e/2be1a655bb44/launch-5d0b74b28d2b.min.js 1:27118 "AT:" "metric element not found" Object
Jan 28,2022 11:55:55 [info]  Found error in logs for url "https://www.sc.com/sg/priority/" and message : https://av.sc.com/assets/global/adobe/production/5e4ae16ab23e/2be1a655bb44/launch-5d0b74b28d2b.min.js 1:27118 "AT:" "metric element not found" Object
Jan 28,2022 11:55:55 [info]  Found error in logs for url "https://www.sc.com/sg/priority/" and message : https://av.sc.com/assets/global/adobe/production/5e4ae16ab23e/2be1a655bb44/launch-5d0b74b28d2b.min.js 1:27118 "AT:" "metric element not found" Object
Jan 28,2022 11:55:55 [info]  Found error in logs for url "https://www.sc.com/sg/priority/" and message : https://av.sc.com/assets/global/adobe/production/5e4ae16ab23e/2be1a655bb44/launch-5d0b74b28d2b.min.js 1:27118 "AT:" "metric element not found" Object
Jan 28,2022 11:55:55 [info]  Found error in logs for url "https://www.sc.com/sg/priority/" and message : https://av.sc.com/assets/global/adobe/production/5e4ae16ab23e/2be1a655bb44/launch-5d0b74b28d2b.min.js 1:27118 "AT:" "metric element not found" Object
Jan 28,2022 11:55:55 [info]  Found error in logs for url "https://www.sc.com/sg/priority/" and message : https://www.googletagmanager.com/gtm.js?id=GTM-P3BPFN7&l=dataLayer 73 Unrecognized feature: 'attribution-reporting'.
Jan 28,2022 11:55:55 [info]  Found error in logs for url "https://www.sc.com/sg/priority/" and message : https://www.googletagmanager.com/gtm.js?id=GTM-P3BPFN7&l=dataLayer 73 Unrecognized feature: 'conversion-measurement'.
Jan 28,2022 11:55:55 [info]  Found error in logs for url "https://www.sc.com/sg/priority/" and message : https://www.googletagmanager.com/gtm.js?id=GTM-P3BPFN7&l=dataLayer 73 Unrecognized feature: 'attribution-reporting'.
Jan 28,2022 11:55:55 [info]  Found error in logs for url "https://www.sc.com/sg/priority/" and message : https://www.googletagmanager.com/gtm.js?id=GTM-P3BPFN7&l=dataLayer 73 Unrecognized feature: 'conversion-measurement'.
Jan 28,2022 11:55:55 [info]  Found error in logs for url "https://www.sc.com/sg/priority/" and message : https://4933917.fls.doubleclick.net/activityi;dc_pre=CPTn04vo0_UCFfottwAd7V4EtA;src=4933917;type=remar0;cat=stanc0;ord=2078984864730;gtm=2wg1q0;auiddc=319933692.1643350487;u1=%2Fsg%2Fpriority%2F;~oref=https%3A%2F%2Fwww.sc.com%2Fsg%2Fpriority%2F? 0 Refused to execute inline script because it violates the following Content Security Policy directive: "script-src 'none'". Either the 'unsafe-inline' keyword, a hash ('sha256-AfcggJl5oiFKi9hzc/K8iFxNPkTWv7zpkRVU5Jb3Hcc='), or a nonce ('nonce-...') is required to enable inline execution.

Jan 28,2022 11:55:55 [info]  Found error in logs for url "https://www.sc.com/sg/priority/" and message : https://4933917.fls.doubleclick.net/activityi;dc_pre=CIHQ1Yvo0_UCFXqK2AUd9CwErw;src=4933917;type=scbsg;cat=sglands;ord=8899006569725;gtm=2wg1q0;auiddc=319933692.1643350487;u1=%2Fsg%2Fpriority%2F;u2=priority;u3=;u9=sg;u5=;~oref=https%3A%2F%2Fwww.sc.com%2Fsg%2Fpriority%2F? 16 Refused to execute inline script because it violates the following Content Security Policy directive: "script-src 'none'". Either the 'unsafe-inline' keyword, a hash ('sha256-47N20R3dMRJUG6HsKEWzGV1pq7WM6rrJOQpwLiDuTFE='), or a nonce ('nonce-...') is required to enable inline execution.

Jan 28,2022 11:55:55 [info]  Found error in logs for url "https://www.sc.com/sg/priority/" and message : https://av.sc.com/assets/global/adobe/production/5e4ae16ab23e/2be1a655bb44/launch-5d0b74b28d2b.min.js 12:2713 "?" "container.buildInfo.environment is deprecated.Please use `container.environment.stage` instead"
Jan 28,2022 11:55:55 [info]  Found error in logs for url "https://www.sc.com/sg/priority/" and message : https://av.sc.com/assets/global/adobe/production/5e4ae16ab23e/2be1a655bb44/launch-5d0b74b28d2b.min.js 1:27118 "AT:" "metric element not found" Object
Jan 28,2022 11:55:55 [info]  Found error in logs for url "https://www.sc.com/sg/priority/" and message : https://av.sc.com/assets/global/adobe/production/5e4ae16ab23e/2be1a655bb44/launch-5d0b74b28d2b.min.js 1:27118 "AT:" "metric element not found" Object
Jan 28,2022 11:55:55 [info]  Found error in logs for url "https://www.sc.com/sg/priority/" and message : https://av.sc.com/assets/global/adobe/production/5e4ae16ab23e/2be1a655bb44/launch-5d0b74b28d2b.min.js 1:27118 "AT:" "metric element not found" Object
Jan 28,2022 11:55:55 [info]  Found error in logs for url "https://www.sc.com/sg/priority/" and message : https://av.sc.com/assets/global/adobe/production/5e4ae16ab23e/2be1a655bb44/launch-5d0b74b28d2b.min.js 1:27118 "AT:" "metric element not found" Object
Jan 28,2022 11:55:55 [info]  Found error in logs for url "https://www.sc.com/sg/priority/" and message : https://av.sc.com/assets/global/adobe/production/5e4ae16ab23e/2be1a655bb44/launch-5d0b74b28d2b.min.js 1:27118 "AT:" "metric element not found" Object
Jan 28,2022 11:55:55 [info]  Found error in logs for url "https://www.sc.com/sg/priority/" and message : https://av.sc.com/assets/global/adobe/production/5e4ae16ab23e/2be1a655bb44/launch-5d0b74b28d2b.min.js 1:27118 "AT:" "metric element not found" Object
Jan 28,2022 11:55:55 [info]  Found error in logs for url "https://www.sc.com/sg/priority/" and message : https://av.sc.com/assets/global/adobe/production/5e4ae16ab23e/2be1a655bb44/launch-5d0b74b28d2b.min.js 1:27118 "AT:" "metric element not found" Object
Jan 28,2022 11:55:55 [info]  Found error in logs for url "https://www.sc.com/sg/priority/" and message : https://av.sc.com/assets/global/adobe/production/5e4ae16ab23e/2be1a655bb44/launch-5d0b74b28d2b.min.js 1:27118 "AT:" "metric element not found" Object
Jan 28,2022 11:55:55 [info]  Found error in logs for url "https://www.sc.com/sg/priority/" and message : https://av.sc.com/assets/global/adobe/production/5e4ae16ab23e/2be1a655bb44/launch-5d0b74b28d2b.min.js 1:27118 "AT:" "metric element not found" Object
Jan 28,2022 11:55:55 [info]  Found error in logs for url "https://www.sc.com/sg/priority/" and message : https://av.sc.com/assets/global/adobe/production/5e4ae16ab23e/2be1a655bb44/launch-5d0b74b28d2b.min.js 1:27118 "AT:" "metric element not found" Object
Jan 28,2022 11:55:55 [info]  Found error in logs for url "https://www.sc.com/sg/priority/" and message : https://av.sc.com/assets/global/adobe/production/5e4ae16ab23e/2be1a655bb44/launch-5d0b74b28d2b.min.js 1:27118 "AT:" "metric element not found" Object
Jan 28,2022 11:55:55 [info]  Found error in logs for url "https://www.sc.com/sg/priority/" and message : https://av.sc.com/assets/global/adobe/production/5e4ae16ab23e/2be1a655bb44/launch-5d0b74b28d2b.min.js 1:27118 "AT:" "metric element not found" Object
Jan 28,2022 11:55:55 [info]  Found error in logs for url "https://www.sc.com/sg/priority/" and message : https://av.sc.com/assets/global/adobe/production/5e4ae16ab23e/2be1a655bb44/launch-5d0b74b28d2b.min.js 1:27118 "AT:" "metric element not found" Object
Jan 28,2022 11:55:55 [info]  Found error in logs for url "https://www.sc.com/sg/priority/" and message : https://av.sc.com/assets/global/adobe/production/5e4ae16ab23e/2be1a655bb44/launch-5d0b74b28d2b.min.js 1:27118 "AT:" "metric element not found" Object
Jan 28,2022 11:55:55 [info]  Found error in logs for url "https://www.sc.com/sg/priority/" and message : https://av.sc.com/assets/global/adobe/production/5e4ae16ab23e/2be1a655bb44/launch-5d0b74b28d2b.min.js 1:27118 "AT:" "metric element not found" Object
Jan 28,2022 11:55:55 [info]  Found error in logs for url "https://www.sc.com/sg/priority/" and message : https://av.sc.com/assets/global/adobe/production/5e4ae16ab23e/2be1a655bb44/launch-5d0b74b28d2b.min.js 1:27118 "AT:" "metric element not found" Object
Jan 28,2022 11:55:55 [info]  2 Console error found
Jan 28,2022 11:55:59 [info]  Navigated to the new URL: https://www.sc.com/sg/priority/priority-private/
Jan 28,2022 11:56:05 [info]  Found error in logs for url "https://www.sc.com/sg/priority/priority-private/" and message : https://www.googletagmanager.com/gtm.js?id=GTM-P3BPFN7&l=dataLayer 73 Unrecognized feature: 'attribution-reporting'.
Jan 28,2022 11:56:05 [info]  Found error in logs for url "https://www.sc.com/sg/priority/priority-private/" and message : https://www.googletagmanager.com/gtm.js?id=GTM-P3BPFN7&l=dataLayer 73 Unrecognized feature: 'conversion-measurement'.
Jan 28,2022 11:56:05 [info]  Found error in logs for url "https://www.sc.com/sg/priority/priority-private/" and message : https://www.googletagmanager.com/gtm.js?id=GTM-P3BPFN7&l=dataLayer 73 Unrecognized feature: 'attribution-reporting'.
Jan 28,2022 11:56:05 [info]  Found error in logs for url "https://www.sc.com/sg/priority/priority-private/" and message : https://www.googletagmanager.com/gtm.js?id=GTM-P3BPFN7&l=dataLayer 73 Unrecognized feature: 'conversion-measurement'.
Jan 28,2022 11:56:05 [info]  Found error in logs for url "https://www.sc.com/sg/priority/priority-private/" and message : https://4933917.fls.doubleclick.net/activityi;dc_pre=CJOFjZDo0_UCFQGL2AUdrXIIrA;src=4933917;type=remar0;cat=stanc0;ord=5909246384749;gtm=2wg1q0;auiddc=319933692.1643350487;u1=%2Fsg%2Fpriority%2Fpriority-private%2F;~oref=https%3A%2F%2Fwww.sc.com%2Fsg%2Fpriority%2Fpriority-private%2F? 0 Refused to execute inline script because it violates the following Content Security Policy directive: "script-src 'none'". Either the 'unsafe-inline' keyword, a hash ('sha256-AfcggJl5oiFKi9hzc/K8iFxNPkTWv7zpkRVU5Jb3Hcc='), or a nonce ('nonce-...') is required to enable inline execution.

Jan 28,2022 11:56:05 [info]  Found error in logs for url "https://www.sc.com/sg/priority/priority-private/" and message : https://4933917.fls.doubleclick.net/activityi;dc_pre=CKapjpDo0_UCFQ4ItwAdCmMDNw;src=4933917;type=scbsg;cat=sglands;ord=3487213526138;gtm=2wg1q0;auiddc=319933692.1643350487;u1=%2Fsg%2Fpriority%2Fpriority-private%2F;u2=priority;u3=priority-private;u9=sg;u5=priority-private;~oref=https%3A%2F%2Fwww.sc.com%2Fsg%2Fpriority%2Fpriority-private%2F? 16 Refused to execute inline script because it violates the following Content Security Policy directive: "script-src 'none'". Either the 'unsafe-inline' keyword, a hash ('sha256-tDsXkBBffi58fbPbGQewzMcSFuXW9aWfTKA0I1BE/zM='), or a nonce ('nonce-...') is required to enable inline execution.

Jan 28,2022 11:56:05 [info]  Found error in logs for url "https://www.sc.com/sg/priority/priority-private/" and message : https://av.sc.com/assets/global/js/utils.min.js?ver=13bd13b 0:8411 Uncaught DOMException: Blocked a frame with origin "https://www.sc.com" from accessing a cross-origin frame.
Jan 28,2022 11:56:05 [info]  Found error in logs for url "https://www.sc.com/sg/priority/priority-private/" and message : https://av.sc.com/assets/global/adobe/production/5e4ae16ab23e/2be1a655bb44/launch-5d0b74b28d2b.min.js 12:2713 "?" "container.buildInfo.environment is deprecated.Please use `container.environment.stage` instead"
Jan 28,2022 11:56:05 [info]  Found error in logs for url "https://www.sc.com/sg/priority/priority-private/" and message : https://av.sc.com/assets/global/adobe/production/5e4ae16ab23e/2be1a655bb44/launch-5d0b74b28d2b.min.js 1:27118 "AT:" "metric element not found" Object
Jan 28,2022 11:56:05 [info]  Found error in logs for url "https://www.sc.com/sg/priority/priority-private/" and message : https://av.sc.com/assets/global/adobe/production/5e4ae16ab23e/2be1a655bb44/launch-5d0b74b28d2b.min.js 1:27118 "AT:" "metric element not found" Object
Jan 28,2022 11:56:05 [info]  Found error in logs for url "https://www.sc.com/sg/priority/priority-private/" and message : https://av.sc.com/assets/global/adobe/production/5e4ae16ab23e/2be1a655bb44/launch-5d0b74b28d2b.min.js 1:27118 "AT:" "metric element not found" Object
Jan 28,2022 11:56:05 [info]  Found error in logs for url "https://www.sc.com/sg/priority/priority-private/" and message : https://av.sc.com/assets/global/adobe/production/5e4ae16ab23e/2be1a655bb44/launch-5d0b74b28d2b.min.js 1:27118 "AT:" "metric element not found" Object
Jan 28,2022 11:56:05 [info]  Found error in logs for url "https://www.sc.com/sg/priority/priority-private/" and message : https://av.sc.com/assets/global/adobe/production/5e4ae16ab23e/2be1a655bb44/launch-5d0b74b28d2b.min.js 1:27118 "AT:" "metric element not found" Object
Jan 28,2022 11:56:05 [info]  Found error in logs for url "https://www.sc.com/sg/priority/priority-private/" and message : https://av.sc.com/assets/global/adobe/production/5e4ae16ab23e/2be1a655bb44/launch-5d0b74b28d2b.min.js 1:27118 "AT:" "metric element not found" Object
Jan 28,2022 11:56:05 [info]  Found error in logs for url "https://www.sc.com/sg/priority/priority-private/" and message : https://av.sc.com/assets/global/adobe/production/5e4ae16ab23e/2be1a655bb44/launch-5d0b74b28d2b.min.js 1:27118 "AT:" "metric element not found" Object
Jan 28,2022 11:56:05 [info]  Found error in logs for url "https://www.sc.com/sg/priority/priority-private/" and message : https://av.sc.com/assets/global/adobe/production/5e4ae16ab23e/2be1a655bb44/launch-5d0b74b28d2b.min.js 1:27118 "AT:" "metric element not found" Object
Jan 28,2022 11:56:05 [info]  Found error in logs for url "https://www.sc.com/sg/priority/priority-private/" and message : https://av.sc.com/assets/global/adobe/production/5e4ae16ab23e/2be1a655bb44/launch-5d0b74b28d2b.min.js 1:27118 "AT:" "metric element not found" Object
Jan 28,2022 11:56:05 [info]  Found error in logs for url "https://www.sc.com/sg/priority/priority-private/" and message : https://av.sc.com/assets/global/adobe/production/5e4ae16ab23e/2be1a655bb44/launch-5d0b74b28d2b.min.js 1:27118 "AT:" "metric element not found" Object
Jan 28,2022 11:56:05 [info]  Found error in logs for url "https://www.sc.com/sg/priority/priority-private/" and message : https://av.sc.com/assets/global/adobe/production/5e4ae16ab23e/2be1a655bb44/launch-5d0b74b28d2b.min.js 1:27118 "AT:" "metric element not found" Object
Jan 28,2022 11:56:05 [info]  Found error in logs for url "https://www.sc.com/sg/priority/priority-private/" and message : https://av.sc.com/assets/global/adobe/production/5e4ae16ab23e/2be1a655bb44/launch-5d0b74b28d2b.min.js 1:27118 "AT:" "metric element not found" Object
Jan 28,2022 11:56:05 [info]  Found error in logs for url "https://www.sc.com/sg/priority/priority-private/" and message : https://av.sc.com/assets/global/adobe/production/5e4ae16ab23e/2be1a655bb44/launch-5d0b74b28d2b.min.js 1:27118 "AT:" "metric element not found" Object
Jan 28,2022 11:56:05 [info]  Found error in logs for url "https://www.sc.com/sg/priority/priority-private/" and message : https://av.sc.com/assets/global/adobe/production/5e4ae16ab23e/2be1a655bb44/launch-5d0b74b28d2b.min.js 1:27118 "AT:" "metric element not found" Object
Jan 28,2022 11:56:05 [info]  Found error in logs for url "https://www.sc.com/sg/priority/priority-private/" and message : https://av.sc.com/assets/global/adobe/production/5e4ae16ab23e/2be1a655bb44/launch-5d0b74b28d2b.min.js 1:27118 "AT:" "metric element not found" Object
Jan 28,2022 11:56:05 [info]  Found error in logs for url "https://www.sc.com/sg/priority/priority-private/" and message : https://av.sc.com/assets/global/adobe/production/5e4ae16ab23e/2be1a655bb44/launch-5d0b74b28d2b.min.js 1:27118 "AT:" "metric element not found" Object
Jan 28,2022 11:56:05 [info]  Found error in logs for url "https://www.sc.com/sg/priority/priority-private/" and message : https://av.sc.com/assets/global/adobe/production/5e4ae16ab23e/2be1a655bb44/launch-5d0b74b28d2b.min.js 1:27118 "AT:" "metric element not found" Object
Jan 28,2022 11:56:05 [info]  Found error in logs for url "https://www.sc.com/sg/priority/priority-private/" and message : https://av.sc.com/assets/global/adobe/production/5e4ae16ab23e/2be1a655bb44/launch-5d0b74b28d2b.min.js 1:27118 "AT:" "metric element not found" Object
Jan 28,2022 11:56:05 [info]  Found error in logs for url "https://www.sc.com/sg/priority/priority-private/" and message : https://av.sc.com/assets/global/js/utils.min.js?ver=13bd13b 0:8411 Uncaught DOMException: Blocked a frame with origin "https://www.sc.com" from accessing a cross-origin frame.
Jan 28,2022 11:56:05 [info]  Found error in logs for url "https://www.sc.com/sg/priority/priority-private/" and message : https://online.forms.standardchartered.com/public_website/singapore/priority-forms-cmsdct/priority_form_dynamic.html?ccode=sg&form_id=SGR556&p_id=2 - Access to XMLHttpRequest at 'chrome-extension://ghbmnnjooekpmoecnnnilnnbdlolhkhi/page_embed_script.js' from origin 'https://online.forms.standardchartered.com' has been blocked by CORS policy: Cross origin requests are only supported for protocol schemes: http, data, chrome, chrome-untrusted, https.
Jan 28,2022 11:56:05 [info]  Found error in logs for url "https://www.sc.com/sg/priority/priority-private/" and message : chrome-extension://ghbmnnjooekpmoecnnnilnnbdlolhkhi/page_embed_script.js - Failed to load resource: net::ERR_FAILED
Jan 28,2022 11:56:05 [info]  6 Console error found
Jan 28,2022 11:56:08 [info]  Navigated to the new URL: https://www.sc.com/sg/wealth/
Jan 28,2022 11:56:14 [info]  Found error in logs for url "https://www.sc.com/sg/wealth/" and message : https://www.googletagmanager.com/gtm.js?id=GTM-P3BPFN7&l=dataLayer 73 Unrecognized feature: 'attribution-reporting'.
Jan 28,2022 11:56:14 [info]  Found error in logs for url "https://www.sc.com/sg/wealth/" and message : https://www.googletagmanager.com/gtm.js?id=GTM-P3BPFN7&l=dataLayer 73 Unrecognized feature: 'conversion-measurement'.
Jan 28,2022 11:56:14 [info]  Found error in logs for url "https://www.sc.com/sg/wealth/" and message : https://www.googletagmanager.com/gtm.js?id=GTM-P3BPFN7&l=dataLayer 73 Unrecognized feature: 'attribution-reporting'.
Jan 28,2022 11:56:14 [info]  Found error in logs for url "https://www.sc.com/sg/wealth/" and message : https://www.googletagmanager.com/gtm.js?id=GTM-P3BPFN7&l=dataLayer 73 Unrecognized feature: 'conversion-measurement'.
Jan 28,2022 11:56:14 [info]  Found error in logs for url "https://www.sc.com/sg/wealth/" and message : https://4933917.fls.doubleclick.net/activityi;dc_pre=CMiw6JTo0_UCFeCT2AUdARkKcQ;src=4933917;type=remar0;cat=stanc0;ord=1079377761484;gtm=2wg1q0;auiddc=319933692.1643350487;u1=%2Fsg%2Fwealth%2F;~oref=https%3A%2F%2Fwww.sc.com%2Fsg%2Fwealth%2F? 0 Refused to execute inline script because it violates the following Content Security Policy directive: "script-src 'none'". Either the 'unsafe-inline' keyword, a hash ('sha256-AfcggJl5oiFKi9hzc/K8iFxNPkTWv7zpkRVU5Jb3Hcc='), or a nonce ('nonce-...') is required to enable inline execution.

Jan 28,2022 11:56:14 [info]  Found error in logs for url "https://www.sc.com/sg/wealth/" and message : https://4933917.fls.doubleclick.net/activityi;dc_pre=CPT_6ZTo0_UCFcGT2AUdWLcMTw;src=4933917;type=scbsg;cat=sglands;ord=5308722782298;gtm=2wg1q0;auiddc=319933692.1643350487;u1=%2Fsg%2Fwealth%2F;u2=wealth;u3=;u9=sg;u5=;~oref=https%3A%2F%2Fwww.sc.com%2Fsg%2Fwealth%2F? 16 Refused to execute inline script because it violates the following Content Security Policy directive: "script-src 'none'". Either the 'unsafe-inline' keyword, a hash ('sha256-fgTcfDu0mUiwuvWrTiWv/F9siqjHgbFnDgpLwq2Ocww='), or a nonce ('nonce-...') is required to enable inline execution.

Jan 28,2022 11:56:14 [info]  Found error in logs for url "https://www.sc.com/sg/wealth/" and message : https://av.sc.com/assets/global/adobe/production/5e4ae16ab23e/2be1a655bb44/launch-5d0b74b28d2b.min.js 1:27118 "AT:" "[page-init]" "Adobe Target content delivery is disabled. Ensure that you can save cookies to your current domain, there is no \"mboxDisable\" cookie and there is no \"mboxDisable\" parameter in query string."
Jan 28,2022 11:56:14 [info]  Found error in logs for url "https://www.sc.com/sg/wealth/" and message : https://av.sc.com/assets/global/js/utils.min.js?ver=e8ba9f3 0:8411 Uncaught DOMException: Blocked a frame with origin "https://www.sc.com" from accessing a cross-origin frame.
Jan 28,2022 11:56:14 [info]  Found error in logs for url "https://www.sc.com/sg/wealth/" and message : https://av.sc.com/assets/global/adobe/production/5e4ae16ab23e/2be1a655bb44/launch-5d0b74b28d2b.min.js 12:2713 "?" "container.buildInfo.environment is deprecated.Please use `container.environment.stage` instead"
Jan 28,2022 11:56:14 [info]  Found error in logs for url "https://www.sc.com/sg/wealth/" and message : https://av.sc.com/assets/global/js/iframe.js?ver=e8ba9f3 7:866 "[iFrameSizer][Host page: sc-lb-module-embedded-form-frame]" "IFrame has not responded within 5 seconds. Check iFrameResizer.contentWindow.js has been loaded in iFrame. This message can be ignored if everything is working, or you can set the warningTimeout option to a higher value or zero to suppress this warning."
Jan 28,2022 11:56:14 [info]  Found error in logs for url "https://www.sc.com/sg/wealth/" and message : https://av.sc.com/assets/global/adobe/production/5e4ae16ab23e/2be1a655bb44/launch-5d0b74b28d2b.min.js 1:27118 "AT:" "metric element not found" Object
Jan 28,2022 11:56:14 [info]  Found error in logs for url "https://www.sc.com/sg/wealth/" and message : https://av.sc.com/assets/global/adobe/production/5e4ae16ab23e/2be1a655bb44/launch-5d0b74b28d2b.min.js 1:27118 "AT:" "metric element not found" Object
Jan 28,2022 11:56:14 [info]  Found error in logs for url "https://www.sc.com/sg/wealth/" and message : https://av.sc.com/assets/global/adobe/production/5e4ae16ab23e/2be1a655bb44/launch-5d0b74b28d2b.min.js 1:27118 "AT:" "metric element not found" Object
Jan 28,2022 11:56:14 [info]  Found error in logs for url "https://www.sc.com/sg/wealth/" and message : https://av.sc.com/assets/global/adobe/production/5e4ae16ab23e/2be1a655bb44/launch-5d0b74b28d2b.min.js 1:27118 "AT:" "metric element not found" Object
Jan 28,2022 11:56:14 [info]  Found error in logs for url "https://www.sc.com/sg/wealth/" and message : https://av.sc.com/assets/global/adobe/production/5e4ae16ab23e/2be1a655bb44/launch-5d0b74b28d2b.min.js 1:27118 "AT:" "metric element not found" Object
Jan 28,2022 11:56:14 [info]  Found error in logs for url "https://www.sc.com/sg/wealth/" and message : https://av.sc.com/assets/global/adobe/production/5e4ae16ab23e/2be1a655bb44/launch-5d0b74b28d2b.min.js 1:27118 "AT:" "metric element not found" Object
Jan 28,2022 11:56:14 [info]  Found error in logs for url "https://www.sc.com/sg/wealth/" and message : https://av.sc.com/assets/global/adobe/production/5e4ae16ab23e/2be1a655bb44/launch-5d0b74b28d2b.min.js 1:27118 "AT:" "metric element not found" Object
Jan 28,2022 11:56:14 [info]  Found error in logs for url "https://www.sc.com/sg/wealth/" and message : https://av.sc.com/assets/global/adobe/production/5e4ae16ab23e/2be1a655bb44/launch-5d0b74b28d2b.min.js 1:27118 "AT:" "metric element not found" Object
Jan 28,2022 11:56:14 [info]  Found error in logs for url "https://www.sc.com/sg/wealth/" and message : https://av.sc.com/assets/global/adobe/production/5e4ae16ab23e/2be1a655bb44/launch-5d0b74b28d2b.min.js 1:27118 "AT:" "metric element not found" Object
Jan 28,2022 11:56:14 [info]  Found error in logs for url "https://www.sc.com/sg/wealth/" and message : https://av.sc.com/assets/global/adobe/production/5e4ae16ab23e/2be1a655bb44/launch-5d0b74b28d2b.min.js 1:27118 "AT:" "metric element not found" Object
Jan 28,2022 11:56:14 [info]  Found error in logs for url "https://www.sc.com/sg/wealth/" and message : https://av.sc.com/assets/global/adobe/production/5e4ae16ab23e/2be1a655bb44/launch-5d0b74b28d2b.min.js 1:27118 "AT:" "metric element not found" Object
Jan 28,2022 11:56:14 [info]  Found error in logs for url "https://www.sc.com/sg/wealth/" and message : https://av.sc.com/assets/global/adobe/production/5e4ae16ab23e/2be1a655bb44/launch-5d0b74b28d2b.min.js 1:27118 "AT:" "metric element not found" Object
Jan 28,2022 11:56:14 [info]  Found error in logs for url "https://www.sc.com/sg/wealth/" and message : https://av.sc.com/assets/global/adobe/production/5e4ae16ab23e/2be1a655bb44/launch-5d0b74b28d2b.min.js 1:27118 "AT:" "metric element not found" Object
Jan 28,2022 11:56:14 [info]  Found error in logs for url "https://www.sc.com/sg/wealth/" and message : https://av.sc.com/assets/global/adobe/production/5e4ae16ab23e/2be1a655bb44/launch-5d0b74b28d2b.min.js 1:27118 "AT:" "metric element not found" Object
Jan 28,2022 11:56:14 [info]  Found error in logs for url "https://www.sc.com/sg/wealth/" and message : https://av.sc.com/assets/global/adobe/production/5e4ae16ab23e/2be1a655bb44/launch-5d0b74b28d2b.min.js 1:27118 "AT:" "metric element not found" Object
Jan 28,2022 11:56:14 [info]  Found error in logs for url "https://www.sc.com/sg/wealth/" and message : https://av.sc.com/assets/global/adobe/production/5e4ae16ab23e/2be1a655bb44/launch-5d0b74b28d2b.min.js 1:27118 "AT:" "metric element not found" Object
Jan 28,2022 11:56:14 [info]  Found error in logs for url "https://www.sc.com/sg/wealth/" and message : https://av.sc.com/assets/global/adobe/production/5e4ae16ab23e/2be1a655bb44/launch-5d0b74b28d2b.min.js 1:27118 "AT:" "metric element not found" Object
Jan 28,2022 11:56:14 [info]  Found error in logs for url "https://www.sc.com/sg/wealth/" and message : https://av.sc.com/assets/global/adobe/production/5e4ae16ab23e/2be1a655bb44/launch-5d0b74b28d2b.min.js 1:27118 "AT:" "metric element not found" Object
Jan 28,2022 11:56:14 [info]  Found error in logs for url "https://www.sc.com/sg/wealth/" and message : https://av.sc.com/assets/global/adobe/production/5e4ae16ab23e/2be1a655bb44/launch-5d0b74b28d2b.min.js 1:27118 "AT:" "[page-init]" "Adobe Target content delivery is disabled. Ensure that you can save cookies to your current domain, there is no \"mboxDisable\" cookie and there is no \"mboxDisable\" parameter in query string."
Jan 28,2022 11:56:14 [info]  Found error in logs for url "https://www.sc.com/sg/wealth/" and message : https://av.sc.com/assets/global/js/utils.min.js?ver=e8ba9f3 0:8411 Uncaught DOMException: Blocked a frame with origin "https://www.sc.com" from accessing a cross-origin frame.
Jan 28,2022 11:56:14 [info]  Found error in logs for url "https://www.sc.com/sg/wealth/" and message : https://av.sc.com/assets/global/js/iframe.js?ver=e8ba9f3 7:866 "[iFrameSizer][Host page: sc-lb-module-embedded-form-frame]" "IFrame has not responded within 5 seconds. Check iFrameResizer.contentWindow.js has been loaded in iFrame. This message can be ignored if everything is working, or you can set the warningTimeout option to a higher value or zero to suppress this warning."
Jan 28,2022 11:56:14 [info]  4 Console error found
Jan 28,2022 11:56:16 [info]  Navigated to the new URL: https://www.sc.com/sg/international-banking/
Jan 28,2022 11:56:21 [info]  Found error in logs for url "https://www.sc.com/sg/international-banking/" and message : https://www.googletagmanager.com/gtm.js?id=GTM-P3BPFN7&l=dataLayer 73 Unrecognized feature: 'attribution-reporting'.
Jan 28,2022 11:56:21 [info]  Found error in logs for url "https://www.sc.com/sg/international-banking/" and message : https://www.googletagmanager.com/gtm.js?id=GTM-P3BPFN7&l=dataLayer 73 Unrecognized feature: 'conversion-measurement'.
Jan 28,2022 11:56:21 [info]  Found error in logs for url "https://www.sc.com/sg/international-banking/" and message : https://www.googletagmanager.com/gtm.js?id=GTM-P3BPFN7&l=dataLayer 73 Unrecognized feature: 'attribution-reporting'.
Jan 28,2022 11:56:21 [info]  Found error in logs for url "https://www.sc.com/sg/international-banking/" and message : https://www.googletagmanager.com/gtm.js?id=GTM-P3BPFN7&l=dataLayer 73 Unrecognized feature: 'conversion-measurement'.
Jan 28,2022 11:56:21 [info]  Found error in logs for url "https://www.sc.com/sg/international-banking/" and message : https://www.googletagmanager.com/gtm.js?id=GTM-P3BPFN7&l=dataLayer 73 Unrecognized feature: 'attribution-reporting'.
Jan 28,2022 11:56:21 [info]  Found error in logs for url "https://www.sc.com/sg/international-banking/" and message : https://www.googletagmanager.com/gtm.js?id=GTM-P3BPFN7&l=dataLayer 73 Unrecognized feature: 'conversion-measurement'.
Jan 28,2022 11:56:21 [info]  Found error in logs for url "https://www.sc.com/sg/international-banking/" and message : https://www.googletagmanager.com/gtm.js?id=GTM-P3BPFN7&l=dataLayer 73 Unrecognized feature: 'attribution-reporting'.
Jan 28,2022 11:56:21 [info]  Found error in logs for url "https://www.sc.com/sg/international-banking/" and message : https://www.googletagmanager.com/gtm.js?id=GTM-P3BPFN7&l=dataLayer 73 Unrecognized feature: 'conversion-measurement'.
Jan 28,2022 11:56:21 [info]  Found error in logs for url "https://www.sc.com/sg/international-banking/" and message : https://av.sc.com/assets/global/adobe/production/5e4ae16ab23e/2be1a655bb44/launch-5d0b74b28d2b.min.js 1:27118 "AT:" "[page-init]" "Adobe Target content delivery is disabled. Ensure that you can save cookies to your current domain, there is no \"mboxDisable\" cookie and there is no \"mboxDisable\" parameter in query string."
Jan 28,2022 11:56:21 [info]  Found error in logs for url "https://www.sc.com/sg/international-banking/" and message : https://4933917.fls.doubleclick.net/activityi;dc_pre=CJOj3pjo0_UCFWQptwAdJS8EoA;src=4933917;type=remar0;cat=stanc0;ord=4995739929323;gtm=2wg1q0;auiddc=319933692.1643350487;u1=%2Fsg%2Finternational-banking%2F;~oref=https%3A%2F%2Fwww.sc.com%2Fsg%2Finternational-banking%2F? 0 Refused to execute inline script because it violates the following Content Security Policy directive: "script-src 'none'". Either the 'unsafe-inline' keyword, a hash ('sha256-AfcggJl5oiFKi9hzc/K8iFxNPkTWv7zpkRVU5Jb3Hcc='), or a nonce ('nonce-...') is required to enable inline execution.

Jan 28,2022 11:56:21 [info]  Found error in logs for url "https://www.sc.com/sg/international-banking/" and message : https://av.sc.com/assets/global/js/vendor/flickity_v2.js?_=1643351174722 10:6413 "Error parsing data-flickity on m-banner carousel-full has-hero-slides flickity-enabled is-draggable: SyntaxError: Unexpected token ' in JSON at position 3"
Jan 28,2022 11:56:21 [info]  Found error in logs for url "https://www.sc.com/sg/international-banking/" and message : https://4933917.fls.doubleclick.net/activityi;dc_pre=CMu135jo0_UCFa2O2AUdV0EDsw;src=4933917;type=scbsg;cat=sglands;ord=6581027353645;gtm=2wg1q0;auiddc=319933692.1643350487;u1=%2Fsg%2Finternational-banking%2F;u2=international-banking;u3=;u9=sg;u5=;~oref=https%3A%2F%2Fwww.sc.com%2Fsg%2Finternational-banking%2F? 16 Refused to execute inline script because it violates the following Content Security Policy directive: "script-src 'none'". Either the 'unsafe-inline' keyword, a hash ('sha256-IvcEwgGnT26HYfR1WIkhtcKfPkiH2u/EDdhBDitdGCs='), or a nonce ('nonce-...') is required to enable inline execution.

Jan 28,2022 11:56:21 [info]  Found error in logs for url "https://www.sc.com/sg/international-banking/" and message : https://av.sc.com/assets/global/js/utils.min.js?ver=4a944f7 0:8411 Uncaught DOMException: Blocked a frame with origin "https://www.sc.com" from accessing a cross-origin frame.
Jan 28,2022 11:56:21 [info]  Found error in logs for url "https://www.sc.com/sg/international-banking/" and message : https://av.sc.com/assets/global/adobe/production/5e4ae16ab23e/2be1a655bb44/launch-5d0b74b28d2b.min.js 12:2713 "?" "container.buildInfo.environment is deprecated.Please use `container.environment.stage` instead"
Jan 28,2022 11:56:21 [info]  Found error in logs for url "https://www.sc.com/sg/international-banking/" and message : https://av.sc.com/assets/global/adobe/production/5e4ae16ab23e/2be1a655bb44/launch-5d0b74b28d2b.min.js 1:27118 "AT:" "[page-init]" "Adobe Target content delivery is disabled. Ensure that you can save cookies to your current domain, there is no \"mboxDisable\" cookie and there is no \"mboxDisable\" parameter in query string."
Jan 28,2022 11:56:21 [info]  Found error in logs for url "https://www.sc.com/sg/international-banking/" and message : https://av.sc.com/assets/global/js/utils.min.js?ver=4a944f7 0:8411 Uncaught DOMException: Blocked a frame with origin "https://www.sc.com" from accessing a cross-origin frame.
Jan 28,2022 11:56:21 [info]  Found error in logs for url "https://www.sc.com/sg/international-banking/" and message : https://av.sc.com/assets/global/adobe/production/5e4ae16ab23e/2be1a655bb44/launch-5d0b74b28d2b.min.js 1:27118 "AT:" "metric element not found" Object
Jan 28,2022 11:56:21 [info]  Found error in logs for url "https://www.sc.com/sg/international-banking/" and message : https://av.sc.com/assets/global/adobe/production/5e4ae16ab23e/2be1a655bb44/launch-5d0b74b28d2b.min.js 1:27118 "AT:" "metric element not found" Object
Jan 28,2022 11:56:21 [info]  Found error in logs for url "https://www.sc.com/sg/international-banking/" and message : https://av.sc.com/assets/global/adobe/production/5e4ae16ab23e/2be1a655bb44/launch-5d0b74b28d2b.min.js 1:27118 "AT:" "metric element not found" Object
Jan 28,2022 11:56:21 [info]  Found error in logs for url "https://www.sc.com/sg/international-banking/" and message : https://av.sc.com/assets/global/adobe/production/5e4ae16ab23e/2be1a655bb44/launch-5d0b74b28d2b.min.js 1:27118 "AT:" "metric element not found" Object
Jan 28,2022 11:56:21 [info]  Found error in logs for url "https://www.sc.com/sg/international-banking/" and message : https://av.sc.com/assets/global/adobe/production/5e4ae16ab23e/2be1a655bb44/launch-5d0b74b28d2b.min.js 1:27118 "AT:" "metric element not found" Object
Jan 28,2022 11:56:21 [info]  Found error in logs for url "https://www.sc.com/sg/international-banking/" and message : https://av.sc.com/assets/global/adobe/production/5e4ae16ab23e/2be1a655bb44/launch-5d0b74b28d2b.min.js 1:27118 "AT:" "metric element not found" Object
Jan 28,2022 11:56:21 [info]  Found error in logs for url "https://www.sc.com/sg/international-banking/" and message : https://av.sc.com/assets/global/adobe/production/5e4ae16ab23e/2be1a655bb44/launch-5d0b74b28d2b.min.js 1:27118 "AT:" "metric element not found" Object
Jan 28,2022 11:56:21 [info]  Found error in logs for url "https://www.sc.com/sg/international-banking/" and message : https://av.sc.com/assets/global/adobe/production/5e4ae16ab23e/2be1a655bb44/launch-5d0b74b28d2b.min.js 1:27118 "AT:" "metric element not found" Object
Jan 28,2022 11:56:21 [info]  Found error in logs for url "https://www.sc.com/sg/international-banking/" and message : https://av.sc.com/assets/global/adobe/production/5e4ae16ab23e/2be1a655bb44/launch-5d0b74b28d2b.min.js 1:27118 "AT:" "metric element not found" Object
Jan 28,2022 11:56:21 [info]  Found error in logs for url "https://www.sc.com/sg/international-banking/" and message : https://av.sc.com/assets/global/adobe/production/5e4ae16ab23e/2be1a655bb44/launch-5d0b74b28d2b.min.js 1:27118 "AT:" "metric element not found" Object
Jan 28,2022 11:56:21 [info]  Found error in logs for url "https://www.sc.com/sg/international-banking/" and message : https://av.sc.com/assets/global/adobe/production/5e4ae16ab23e/2be1a655bb44/launch-5d0b74b28d2b.min.js 1:27118 "AT:" "metric element not found" Object
Jan 28,2022 11:56:21 [info]  Found error in logs for url "https://www.sc.com/sg/international-banking/" and message : https://av.sc.com/assets/global/adobe/production/5e4ae16ab23e/2be1a655bb44/launch-5d0b74b28d2b.min.js 1:27118 "AT:" "metric element not found" Object
Jan 28,2022 11:56:21 [info]  Found error in logs for url "https://www.sc.com/sg/international-banking/" and message : https://av.sc.com/assets/global/adobe/production/5e4ae16ab23e/2be1a655bb44/launch-5d0b74b28d2b.min.js 1:27118 "AT:" "metric element not found" Object
Jan 28,2022 11:56:21 [info]  Found error in logs for url "https://www.sc.com/sg/international-banking/" and message : https://av.sc.com/assets/global/adobe/production/5e4ae16ab23e/2be1a655bb44/launch-5d0b74b28d2b.min.js 1:27118 "AT:" "metric element not found" Object
Jan 28,2022 11:56:21 [info]  Found error in logs for url "https://www.sc.com/sg/international-banking/" and message : https://av.sc.com/assets/global/adobe/production/5e4ae16ab23e/2be1a655bb44/launch-5d0b74b28d2b.min.js 1:27118 "AT:" "metric element not found" Object
Jan 28,2022 11:56:21 [info]  Found error in logs for url "https://www.sc.com/sg/international-banking/" and message : https://av.sc.com/assets/global/adobe/production/5e4ae16ab23e/2be1a655bb44/launch-5d0b74b28d2b.min.js 1:27118 "AT:" "metric element not found" Object
Jan 28,2022 11:56:21 [info]  Found error in logs for url "https://www.sc.com/sg/international-banking/" and message : https://av.sc.com/assets/global/adobe/production/5e4ae16ab23e/2be1a655bb44/launch-5d0b74b28d2b.min.js 1:27118 "AT:" "metric element not found" Object
Jan 28,2022 11:56:21 [info]  Found error in logs for url "https://www.sc.com/sg/international-banking/" and message : https://av.sc.com/assets/global/adobe/production/5e4ae16ab23e/2be1a655bb44/launch-5d0b74b28d2b.min.js 1:27118 "AT:" "metric element not found" Object
Jan 28,2022 11:56:21 [info]  5 Console error found
Jan 28,2022 11:56:22 [info]  Navigated to the new URL: https://www.sc.com/privatebank/en/
Jan 28,2022 11:56:29 [info]  There are 266 hyperlinks
Jan 28,2022 11:56:31 [info]  Navigated to the new URL: https://www.sc.com/sg/
Jan 28,2022 11:56:35 [info]  Found error in logs for url "https://www.sc.com/sg/" and message : https://www.googletagmanager.com/gtm.js?id=GTM-P3BPFN7&l=dataLayer 73 Unrecognized feature: 'attribution-reporting'.
Jan 28,2022 11:56:35 [info]  Found error in logs for url "https://www.sc.com/sg/" and message : https://www.googletagmanager.com/gtm.js?id=GTM-P3BPFN7&l=dataLayer 73 Unrecognized feature: 'conversion-measurement'.
Jan 28,2022 11:56:35 [info]  Found error in logs for url "https://www.sc.com/sg/" and message : https://www.googletagmanager.com/gtm.js?id=GTM-P3BPFN7&l=dataLayer 73 Unrecognized feature: 'attribution-reporting'.
Jan 28,2022 11:56:35 [info]  Found error in logs for url "https://www.sc.com/sg/" and message : https://www.googletagmanager.com/gtm.js?id=GTM-P3BPFN7&l=dataLayer 73 Unrecognized feature: 'conversion-measurement'.
Jan 28,2022 11:56:35 [info]  Found error in logs for url "https://www.sc.com/sg/" and message : https://4933917.fls.doubleclick.net/activityi;dc_pre=CJqd4J7o0_UCFS3VcwEd2igLmQ;src=4933917;type=remar0;cat=stanc0;ord=3932338732837;gtm=2wg1q0;auiddc=319933692.1643350487;u1=%2Fsg%2F;~oref=https%3A%2F%2Fwww.sc.com%2Fsg%2F? 0 Refused to execute inline script because it violates the following Content Security Policy directive: "script-src 'none'". Either the 'unsafe-inline' keyword, a hash ('sha256-AfcggJl5oiFKi9hzc/K8iFxNPkTWv7zpkRVU5Jb3Hcc='), or a nonce ('nonce-...') is required to enable inline execution.

Jan 28,2022 11:56:35 [info]  Found error in logs for url "https://www.sc.com/sg/" and message : https://4933917.fls.doubleclick.net/activityi;dc_pre=COu74Z7o0_UCFUGL2AUdnO0BpA;src=4933917;type=scbsg;cat=sglands;ord=4591728753677;gtm=2wg1q0;auiddc=319933692.1643350487;u1=%2Fsg%2F;u2=undefined;u3=undefined;u9=sg;u5=undefined;~oref=https%3A%2F%2Fwww.sc.com%2Fsg%2F? 16 Refused to execute inline script because it violates the following Content Security Policy directive: "script-src 'none'". Either the 'unsafe-inline' keyword, a hash ('sha256-U7xJz1aUAxHVwomnMkQXiPNrFLpP8htRy9tvosxKv4w='), or a nonce ('nonce-...') is required to enable inline execution.

Jan 28,2022 11:56:35 [info]  Found error in logs for url "https://www.sc.com/sg/" and message : https://av.sc.com/assets/global/adobe/production/5e4ae16ab23e/2be1a655bb44/launch-5d0b74b28d2b.min.js 12:2713 "?" "container.buildInfo.environment is deprecated.Please use `container.environment.stage` instead"
Jan 28,2022 11:56:35 [info]  Found error in logs for url "https://www.sc.com/sg/" and message : https://www.googletagmanager.com/gtm.js?id=GTM-P3BPFN7&l=dataLayer 73 Unrecognized feature: 'attribution-reporting'.
Jan 28,2022 11:56:35 [info]  Found error in logs for url "https://www.sc.com/sg/" and message : https://www.googletagmanager.com/gtm.js?id=GTM-P3BPFN7&l=dataLayer 73 Unrecognized feature: 'conversion-measurement'.
Jan 28,2022 11:56:35 [info]  Found error in logs for url "https://www.sc.com/sg/" and message : https://www.googletagmanager.com/gtm.js?id=GTM-P3BPFN7&l=dataLayer 73 Unrecognized feature: 'attribution-reporting'.
Jan 28,2022 11:56:35 [info]  Found error in logs for url "https://www.sc.com/sg/" and message : https://www.googletagmanager.com/gtm.js?id=GTM-P3BPFN7&l=dataLayer 73 Unrecognized feature: 'conversion-measurement'.
Jan 28,2022 11:56:35 [info]  Found error in logs for url "https://www.sc.com/sg/" and message : https://av.sc.com/assets/global/js/vendor.min.js?ver=e8ba9f3 0:322219 Uncaught Error: [splide] A track/list element is missing.
Jan 28,2022 11:56:35 [info]  Found error in logs for url "https://www.sc.com/sg/" and message : https://4933917.fls.doubleclick.net/activityi;dc_pre=COPF4Z_o0_UCFQiT2AUdJDcChA;src=4933917;type=remar0;cat=stanc0;ord=1538335037369;gtm=2wg1q0;auiddc=319933692.1643350487;u1=%2Fsg%2F;~oref=https%3A%2F%2Fwww.sc.com%2Fsg%2F? 0 Refused to execute inline script because it violates the following Content Security Policy directive: "script-src 'none'". Either the 'unsafe-inline' keyword, a hash ('sha256-AfcggJl5oiFKi9hzc/K8iFxNPkTWv7zpkRVU5Jb3Hcc='), or a nonce ('nonce-...') is required to enable inline execution.

Jan 28,2022 11:56:35 [info]  Found error in logs for url "https://www.sc.com/sg/" and message : https://4933917.fls.doubleclick.net/activityi;dc_pre=CLWp45_o0_UCFQGL2AUdrXIIrA;src=4933917;type=scbsg;cat=sglands;ord=3174532679514;gtm=2wg1q0;auiddc=319933692.1643350487;u1=%2Fsg%2F;u2=undefined;u3=undefined;u9=sg;u5=undefined;~oref=https%3A%2F%2Fwww.sc.com%2Fsg%2F? 16 Refused to execute inline script because it violates the following Content Security Policy directive: "script-src 'none'". Either the 'unsafe-inline' keyword, a hash ('sha256-U7xJz1aUAxHVwomnMkQXiPNrFLpP8htRy9tvosxKv4w='), or a nonce ('nonce-...') is required to enable inline execution.

Jan 28,2022 11:56:35 [info]  Found error in logs for url "https://www.sc.com/sg/" and message : https://av.sc.com/assets/global/adobe/production/5e4ae16ab23e/2be1a655bb44/launch-5d0b74b28d2b.min.js 12:2713 "?" "container.buildInfo.environment is deprecated.Please use `container.environment.stage` instead"
Jan 28,2022 11:56:35 [info]  5 Console error found
Jan 28,2022 11:56:37 [info]  Navigated to the new URL: https://www.sc.com/sg/priority/
Jan 28,2022 11:56:43 [info]  Found error in logs for url "https://www.sc.com/sg/priority/" and message : https://av.sc.com/assets/global/adobe/production/5e4ae16ab23e/2be1a655bb44/launch-5d0b74b28d2b.min.js 1:27118 "AT:" "metric element not found" Object
Jan 28,2022 11:56:43 [info]  Found error in logs for url "https://www.sc.com/sg/priority/" and message : https://av.sc.com/assets/global/adobe/production/5e4ae16ab23e/2be1a655bb44/launch-5d0b74b28d2b.min.js 1:27118 "AT:" "metric element not found" Object
Jan 28,2022 11:56:43 [info]  Found error in logs for url "https://www.sc.com/sg/priority/" and message : https://av.sc.com/assets/global/adobe/production/5e4ae16ab23e/2be1a655bb44/launch-5d0b74b28d2b.min.js 1:27118 "AT:" "metric element not found" Object
Jan 28,2022 11:56:43 [info]  Found error in logs for url "https://www.sc.com/sg/priority/" and message : https://av.sc.com/assets/global/adobe/production/5e4ae16ab23e/2be1a655bb44/launch-5d0b74b28d2b.min.js 1:27118 "AT:" "metric element not found" Object
Jan 28,2022 11:56:43 [info]  Found error in logs for url "https://www.sc.com/sg/priority/" and message : https://av.sc.com/assets/global/adobe/production/5e4ae16ab23e/2be1a655bb44/launch-5d0b74b28d2b.min.js 1:27118 "AT:" "metric element not found" Object
Jan 28,2022 11:56:43 [info]  Found error in logs for url "https://www.sc.com/sg/priority/" and message : https://av.sc.com/assets/global/adobe/production/5e4ae16ab23e/2be1a655bb44/launch-5d0b74b28d2b.min.js 1:27118 "AT:" "metric element not found" Object
Jan 28,2022 11:56:43 [info]  Found error in logs for url "https://www.sc.com/sg/priority/" and message : https://av.sc.com/assets/global/adobe/production/5e4ae16ab23e/2be1a655bb44/launch-5d0b74b28d2b.min.js 1:27118 "AT:" "metric element not found" Object
Jan 28,2022 11:56:43 [info]  Found error in logs for url "https://www.sc.com/sg/priority/" and message : https://av.sc.com/assets/global/adobe/production/5e4ae16ab23e/2be1a655bb44/launch-5d0b74b28d2b.min.js 1:27118 "AT:" "metric element not found" Object
Jan 28,2022 11:56:43 [info]  Found error in logs for url "https://www.sc.com/sg/priority/" and message : https://www.googletagmanager.com/gtm.js?id=GTM-P3BPFN7&l=dataLayer 73 Unrecognized feature: 'attribution-reporting'.
Jan 28,2022 11:56:43 [info]  Found error in logs for url "https://www.sc.com/sg/priority/" and message : https://www.googletagmanager.com/gtm.js?id=GTM-P3BPFN7&l=dataLayer 73 Unrecognized feature: 'conversion-measurement'.
Jan 28,2022 11:56:43 [info]  Found error in logs for url "https://www.sc.com/sg/priority/" and message : https://www.googletagmanager.com/gtm.js?id=GTM-P3BPFN7&l=dataLayer 73 Unrecognized feature: 'attribution-reporting'.
Jan 28,2022 11:56:43 [info]  Found error in logs for url "https://www.sc.com/sg/priority/" and message : https://www.googletagmanager.com/gtm.js?id=GTM-P3BPFN7&l=dataLayer 73 Unrecognized feature: 'conversion-measurement'.
Jan 28,2022 11:56:43 [info]  Found error in logs for url "https://www.sc.com/sg/priority/" and message : https://4933917.fls.doubleclick.net/activityi;dc_pre=CMOKvKLo0_UCFT2Q2AUdUD4Ivg;src=4933917;type=remar0;cat=stanc0;ord=7267279182890;gtm=2wg1q0;auiddc=319933692.1643350487;u1=%2Fsg%2Fpriority%2F;~oref=https%3A%2F%2Fwww.sc.com%2Fsg%2Fpriority%2F? 0 Refused to execute inline script because it violates the following Content Security Policy directive: "script-src 'none'". Either the 'unsafe-inline' keyword, a hash ('sha256-AfcggJl5oiFKi9hzc/K8iFxNPkTWv7zpkRVU5Jb3Hcc='), or a nonce ('nonce-...') is required to enable inline execution.

Jan 28,2022 11:56:43 [info]  Found error in logs for url "https://www.sc.com/sg/priority/" and message : https://4933917.fls.doubleclick.net/activityi;dc_pre=CP67vaLo0_UCFR6O2AUdXiQP9A;src=4933917;type=scbsg;cat=sglands;ord=537015052149;gtm=2wg1q0;auiddc=319933692.1643350487;u1=%2Fsg%2Fpriority%2F;u2=priority;u3=;u9=sg;u5=;~oref=https%3A%2F%2Fwww.sc.com%2Fsg%2Fpriority%2F? 16 Refused to execute inline script because it violates the following Content Security Policy directive: "script-src 'none'". Either the 'unsafe-inline' keyword, a hash ('sha256-47N20R3dMRJUG6HsKEWzGV1pq7WM6rrJOQpwLiDuTFE='), or a nonce ('nonce-...') is required to enable inline execution.

Jan 28,2022 11:56:43 [info]  Found error in logs for url "https://www.sc.com/sg/priority/" and message : https://av.sc.com/assets/global/adobe/production/5e4ae16ab23e/2be1a655bb44/launch-5d0b74b28d2b.min.js 12:2713 "?" "container.buildInfo.environment is deprecated.Please use `container.environment.stage` instead"
Jan 28,2022 11:56:43 [info]  Found error in logs for url "https://www.sc.com/sg/priority/" and message : https://av.sc.com/assets/global/adobe/production/5e4ae16ab23e/2be1a655bb44/launch-5d0b74b28d2b.min.js 1:27118 "AT:" "metric element not found" Object
Jan 28,2022 11:56:43 [info]  Found error in logs for url "https://www.sc.com/sg/priority/" and message : https://av.sc.com/assets/global/adobe/production/5e4ae16ab23e/2be1a655bb44/launch-5d0b74b28d2b.min.js 1:27118 "AT:" "metric element not found" Object
Jan 28,2022 11:56:43 [info]  Found error in logs for url "https://www.sc.com/sg/priority/" and message : https://av.sc.com/assets/global/adobe/production/5e4ae16ab23e/2be1a655bb44/launch-5d0b74b28d2b.min.js 1:27118 "AT:" "metric element not found" Object
Jan 28,2022 11:56:43 [info]  Found error in logs for url "https://www.sc.com/sg/priority/" and message : https://av.sc.com/assets/global/adobe/production/5e4ae16ab23e/2be1a655bb44/launch-5d0b74b28d2b.min.js 1:27118 "AT:" "metric element not found" Object
Jan 28,2022 11:56:43 [info]  Found error in logs for url "https://www.sc.com/sg/priority/" and message : https://av.sc.com/assets/global/adobe/production/5e4ae16ab23e/2be1a655bb44/launch-5d0b74b28d2b.min.js 1:27118 "AT:" "metric element not found" Object
Jan 28,2022 11:56:43 [info]  Found error in logs for url "https://www.sc.com/sg/priority/" and message : https://av.sc.com/assets/global/adobe/production/5e4ae16ab23e/2be1a655bb44/launch-5d0b74b28d2b.min.js 1:27118 "AT:" "metric element not found" Object
Jan 28,2022 11:56:43 [info]  Found error in logs for url "https://www.sc.com/sg/priority/" and message : https://av.sc.com/assets/global/adobe/production/5e4ae16ab23e/2be1a655bb44/launch-5d0b74b28d2b.min.js 1:27118 "AT:" "metric element not found" Object
Jan 28,2022 11:56:43 [info]  Found error in logs for url "https://www.sc.com/sg/priority/" and message : https://av.sc.com/assets/global/adobe/production/5e4ae16ab23e/2be1a655bb44/launch-5d0b74b28d2b.min.js 1:27118 "AT:" "metric element not found" Object
Jan 28,2022 11:56:43 [info]  Found error in logs for url "https://www.sc.com/sg/priority/" and message : https://av.sc.com/assets/global/adobe/production/5e4ae16ab23e/2be1a655bb44/launch-5d0b74b28d2b.min.js 1:27118 "AT:" "metric element not found" Object
Jan 28,2022 11:56:43 [info]  Found error in logs for url "https://www.sc.com/sg/priority/" and message : https://av.sc.com/assets/global/adobe/production/5e4ae16ab23e/2be1a655bb44/launch-5d0b74b28d2b.min.js 1:27118 "AT:" "metric element not found" Object
Jan 28,2022 11:56:43 [info]  Found error in logs for url "https://www.sc.com/sg/priority/" and message : https://av.sc.com/assets/global/adobe/production/5e4ae16ab23e/2be1a655bb44/launch-5d0b74b28d2b.min.js 1:27118 "AT:" "metric element not found" Object
Jan 28,2022 11:56:43 [info]  Found error in logs for url "https://www.sc.com/sg/priority/" and message : https://av.sc.com/assets/global/adobe/production/5e4ae16ab23e/2be1a655bb44/launch-5d0b74b28d2b.min.js 1:27118 "AT:" "metric element not found" Object
Jan 28,2022 11:56:43 [info]  Found error in logs for url "https://www.sc.com/sg/priority/" and message : https://av.sc.com/assets/global/adobe/production/5e4ae16ab23e/2be1a655bb44/launch-5d0b74b28d2b.min.js 1:27118 "AT:" "metric element not found" Object
Jan 28,2022 11:56:43 [info]  Found error in logs for url "https://www.sc.com/sg/priority/" and message : https://av.sc.com/assets/global/adobe/production/5e4ae16ab23e/2be1a655bb44/launch-5d0b74b28d2b.min.js 1:27118 "AT:" "metric element not found" Object
Jan 28,2022 11:56:43 [info]  Found error in logs for url "https://www.sc.com/sg/priority/" and message : https://av.sc.com/assets/global/adobe/production/5e4ae16ab23e/2be1a655bb44/launch-5d0b74b28d2b.min.js 1:27118 "AT:" "metric element not found" Object
Jan 28,2022 11:56:43 [info]  Found error in logs for url "https://www.sc.com/sg/priority/" and message : https://av.sc.com/assets/global/adobe/production/5e4ae16ab23e/2be1a655bb44/launch-5d0b74b28d2b.min.js 1:27118 "AT:" "metric element not found" Object
Jan 28,2022 11:56:43 [info]  2 Console error found
Jan 28,2022 11:56:46 [info]  Navigated to the new URL: https://www.sc.com/sg/priority/priority-private/
Jan 28,2022 11:56:53 [info]  Found error in logs for url "https://www.sc.com/sg/priority/priority-private/" and message : https://www.googletagmanager.com/gtm.js?id=GTM-P3BPFN7&l=dataLayer 73 Unrecognized feature: 'attribution-reporting'.
Jan 28,2022 11:56:53 [info]  Found error in logs for url "https://www.sc.com/sg/priority/priority-private/" and message : https://www.googletagmanager.com/gtm.js?id=GTM-P3BPFN7&l=dataLayer 73 Unrecognized feature: 'conversion-measurement'.
Jan 28,2022 11:56:53 [info]  Found error in logs for url "https://www.sc.com/sg/priority/priority-private/" and message : https://www.googletagmanager.com/gtm.js?id=GTM-P3BPFN7&l=dataLayer 73 Unrecognized feature: 'attribution-reporting'.
Jan 28,2022 11:56:53 [info]  Found error in logs for url "https://www.sc.com/sg/priority/priority-private/" and message : https://www.googletagmanager.com/gtm.js?id=GTM-P3BPFN7&l=dataLayer 73 Unrecognized feature: 'conversion-measurement'.
Jan 28,2022 11:56:53 [info]  Found error in logs for url "https://www.sc.com/sg/priority/priority-private/" and message : https://4933917.fls.doubleclick.net/activityi;dc_pre=CLa94abo0_UCFV_WcwEd5bkKZg;src=4933917;type=remar0;cat=stanc0;ord=8363921025836;gtm=2wg1q0;auiddc=319933692.1643350487;u1=%2Fsg%2Fpriority%2Fpriority-private%2F;~oref=https%3A%2F%2Fwww.sc.com%2Fsg%2Fpriority%2Fpriority-private%2F? 0 Refused to execute inline script because it violates the following Content Security Policy directive: "script-src 'none'". Either the 'unsafe-inline' keyword, a hash ('sha256-AfcggJl5oiFKi9hzc/K8iFxNPkTWv7zpkRVU5Jb3Hcc='), or a nonce ('nonce-...') is required to enable inline execution.

Jan 28,2022 11:56:53 [info]  Found error in logs for url "https://www.sc.com/sg/priority/priority-private/" and message : https://4933917.fls.doubleclick.net/activityi;dc_pre=CIKi46bo0_UCFQ4ItwAdCmMDNw;src=4933917;type=scbsg;cat=sglands;ord=7031183035794;gtm=2wg1q0;auiddc=319933692.1643350487;u1=%2Fsg%2Fpriority%2Fpriority-private%2F;u2=priority;u3=priority-private;u9=sg;u5=priority-private;~oref=https%3A%2F%2Fwww.sc.com%2Fsg%2Fpriority%2Fpriority-private%2F? 16 Refused to execute inline script because it violates the following Content Security Policy directive: "script-src 'none'". Either the 'unsafe-inline' keyword, a hash ('sha256-tDsXkBBffi58fbPbGQewzMcSFuXW9aWfTKA0I1BE/zM='), or a nonce ('nonce-...') is required to enable inline execution.

Jan 28,2022 11:56:53 [info]  Found error in logs for url "https://www.sc.com/sg/priority/priority-private/" and message : https://av.sc.com/assets/global/js/utils.min.js?ver=13bd13b 0:8411 Uncaught DOMException: Blocked a frame with origin "https://www.sc.com" from accessing a cross-origin frame.
Jan 28,2022 11:56:53 [info]  Found error in logs for url "https://www.sc.com/sg/priority/priority-private/" and message : https://av.sc.com/assets/global/adobe/production/5e4ae16ab23e/2be1a655bb44/launch-5d0b74b28d2b.min.js 12:2713 "?" "container.buildInfo.environment is deprecated.Please use `container.environment.stage` instead"
Jan 28,2022 11:56:53 [info]  Found error in logs for url "https://www.sc.com/sg/priority/priority-private/" and message : https://online.forms.standardchartered.com/public_website/singapore/priority-forms-cmsdct/priority_form_dynamic.html?ccode=sg&form_id=SGR556&p_id=2 - Access to XMLHttpRequest at 'chrome-extension://ghbmnnjooekpmoecnnnilnnbdlolhkhi/page_embed_script.js' from origin 'https://online.forms.standardchartered.com' has been blocked by CORS policy: Cross origin requests are only supported for protocol schemes: http, data, chrome, chrome-untrusted, https.
Jan 28,2022 11:56:53 [info]  Found error in logs for url "https://www.sc.com/sg/priority/priority-private/" and message : chrome-extension://ghbmnnjooekpmoecnnnilnnbdlolhkhi/page_embed_script.js - Failed to load resource: net::ERR_FAILED
Jan 28,2022 11:56:53 [info]  Found error in logs for url "https://www.sc.com/sg/priority/priority-private/" and message : https://av.sc.com/assets/global/adobe/production/5e4ae16ab23e/2be1a655bb44/launch-5d0b74b28d2b.min.js 1:27118 "AT:" "metric element not found" Object
Jan 28,2022 11:56:53 [info]  Found error in logs for url "https://www.sc.com/sg/priority/priority-private/" and message : https://av.sc.com/assets/global/adobe/production/5e4ae16ab23e/2be1a655bb44/launch-5d0b74b28d2b.min.js 1:27118 "AT:" "metric element not found" Object
Jan 28,2022 11:56:53 [info]  Found error in logs for url "https://www.sc.com/sg/priority/priority-private/" and message : https://av.sc.com/assets/global/adobe/production/5e4ae16ab23e/2be1a655bb44/launch-5d0b74b28d2b.min.js 1:27118 "AT:" "metric element not found" Object
Jan 28,2022 11:56:53 [info]  Found error in logs for url "https://www.sc.com/sg/priority/priority-private/" and message : https://av.sc.com/assets/global/adobe/production/5e4ae16ab23e/2be1a655bb44/launch-5d0b74b28d2b.min.js 1:27118 "AT:" "metric element not found" Object
Jan 28,2022 11:56:53 [info]  Found error in logs for url "https://www.sc.com/sg/priority/priority-private/" and message : https://av.sc.com/assets/global/adobe/production/5e4ae16ab23e/2be1a655bb44/launch-5d0b74b28d2b.min.js 1:27118 "AT:" "metric element not found" Object
Jan 28,2022 11:56:53 [info]  Found error in logs for url "https://www.sc.com/sg/priority/priority-private/" and message : https://av.sc.com/assets/global/adobe/production/5e4ae16ab23e/2be1a655bb44/launch-5d0b74b28d2b.min.js 1:27118 "AT:" "metric element not found" Object
Jan 28,2022 11:56:53 [info]  Found error in logs for url "https://www.sc.com/sg/priority/priority-private/" and message : https://av.sc.com/assets/global/adobe/production/5e4ae16ab23e/2be1a655bb44/launch-5d0b74b28d2b.min.js 1:27118 "AT:" "metric element not found" Object
Jan 28,2022 11:56:53 [info]  Found error in logs for url "https://www.sc.com/sg/priority/priority-private/" and message : https://av.sc.com/assets/global/adobe/production/5e4ae16ab23e/2be1a655bb44/launch-5d0b74b28d2b.min.js 1:27118 "AT:" "metric element not found" Object
Jan 28,2022 11:56:53 [info]  Found error in logs for url "https://www.sc.com/sg/priority/priority-private/" and message : https://av.sc.com/assets/global/adobe/production/5e4ae16ab23e/2be1a655bb44/launch-5d0b74b28d2b.min.js 1:27118 "AT:" "metric element not found" Object
Jan 28,2022 11:56:53 [info]  Found error in logs for url "https://www.sc.com/sg/priority/priority-private/" and message : https://av.sc.com/assets/global/adobe/production/5e4ae16ab23e/2be1a655bb44/launch-5d0b74b28d2b.min.js 1:27118 "AT:" "metric element not found" Object
Jan 28,2022 11:56:53 [info]  Found error in logs for url "https://www.sc.com/sg/priority/priority-private/" and message : https://av.sc.com/assets/global/adobe/production/5e4ae16ab23e/2be1a655bb44/launch-5d0b74b28d2b.min.js 1:27118 "AT:" "metric element not found" Object
Jan 28,2022 11:56:53 [info]  Found error in logs for url "https://www.sc.com/sg/priority/priority-private/" and message : https://av.sc.com/assets/global/adobe/production/5e4ae16ab23e/2be1a655bb44/launch-5d0b74b28d2b.min.js 1:27118 "AT:" "metric element not found" Object
Jan 28,2022 11:56:53 [info]  Found error in logs for url "https://www.sc.com/sg/priority/priority-private/" and message : https://av.sc.com/assets/global/adobe/production/5e4ae16ab23e/2be1a655bb44/launch-5d0b74b28d2b.min.js 1:27118 "AT:" "metric element not found" Object
Jan 28,2022 11:56:53 [info]  Found error in logs for url "https://www.sc.com/sg/priority/priority-private/" and message : https://av.sc.com/assets/global/adobe/production/5e4ae16ab23e/2be1a655bb44/launch-5d0b74b28d2b.min.js 1:27118 "AT:" "metric element not found" Object
Jan 28,2022 11:56:53 [info]  Found error in logs for url "https://www.sc.com/sg/priority/priority-private/" and message : https://av.sc.com/assets/global/adobe/production/5e4ae16ab23e/2be1a655bb44/launch-5d0b74b28d2b.min.js 1:27118 "AT:" "metric element not found" Object
Jan 28,2022 11:56:53 [info]  Found error in logs for url "https://www.sc.com/sg/priority/priority-private/" and message : https://av.sc.com/assets/global/adobe/production/5e4ae16ab23e/2be1a655bb44/launch-5d0b74b28d2b.min.js 1:27118 "AT:" "metric element not found" Object
Jan 28,2022 11:56:53 [info]  Found error in logs for url "https://www.sc.com/sg/priority/priority-private/" and message : https://av.sc.com/assets/global/adobe/production/5e4ae16ab23e/2be1a655bb44/launch-5d0b74b28d2b.min.js 1:27118 "AT:" "metric element not found" Object
Jan 28,2022 11:56:53 [info]  Found error in logs for url "https://www.sc.com/sg/priority/priority-private/" and message : https://av.sc.com/assets/global/adobe/production/5e4ae16ab23e/2be1a655bb44/launch-5d0b74b28d2b.min.js 1:27118 "AT:" "metric element not found" Object
Jan 28,2022 11:56:53 [info]  Found error in logs for url "https://www.sc.com/sg/priority/priority-private/" and message : blob:https://online.forms.standardchartered.com/9567e634-89ee-4ea8-a419-3be34aa267d8 17 WebSocket connection to 'wss://127.0.0.1:6039/' failed: WebSocket is closed before the connection is established.
Jan 28,2022 11:56:53 [info]  Found error in logs for url "https://www.sc.com/sg/priority/priority-private/" and message : blob:https://online.forms.standardchartered.com/0a43896d-536b-4743-8aa0-f6b301b0e1f3 17 WebSocket connection to 'wss://127.0.0.1:5902/' failed: WebSocket is closed before the connection is established.
Jan 28,2022 11:56:53 [info]  Found error in logs for url "https://www.sc.com/sg/priority/priority-private/" and message : blob:https://online.forms.standardchartered.com/621ad4c7-a656-46e6-805d-0cade4a403bb 17 WebSocket connection to 'wss://127.0.0.1:5950/' failed: WebSocket is closed before the connection is established.
Jan 28,2022 11:56:53 [info]  Found error in logs for url "https://www.sc.com/sg/priority/priority-private/" and message : blob:https://online.forms.standardchartered.com/88fdee1b-cb2b-4699-bf96-a42834ece9d1 17 WebSocket connection to 'wss://127.0.0.1:5901/' failed: WebSocket is closed before the connection is established.
Jan 28,2022 11:56:53 [info]  Found error in logs for url "https://www.sc.com/sg/priority/priority-private/" and message : blob:https://online.forms.standardchartered.com/e9ea3a62-6ac4-45b9-86dd-853215372662 17 WebSocket connection to 'wss://127.0.0.1:3389/' failed: WebSocket is closed before the connection is established.
Jan 28,2022 11:56:53 [info]  Found error in logs for url "https://www.sc.com/sg/priority/priority-private/" and message : blob:https://online.forms.standardchartered.com/90fed966-1ab4-4a71-a13d-a0f228fb5eaa 17 WebSocket connection to 'wss://127.0.0.1:5900/' failed: WebSocket is closed before the connection is established.
Jan 28,2022 11:56:53 [info]  Found error in logs for url "https://www.sc.com/sg/priority/priority-private/" and message : blob:https://online.forms.standardchartered.com/7318a1b0-47cf-4321-8cba-327956b5c47a 17 WebSocket connection to 'wss://127.0.0.1:5931/' failed: WebSocket is closed before the connection is established.
Jan 28,2022 11:56:53 [info]  Found error in logs for url "https://www.sc.com/sg/priority/priority-private/" and message : blob:https://online.forms.standardchartered.com/563df94f-9191-4bb7-b4ec-cba129e1ee6b 17 WebSocket connection to 'wss://127.0.0.1:63333/' failed: WebSocket is closed before the connection is established.
Jan 28,2022 11:56:53 [info]  Found error in logs for url "https://www.sc.com/sg/priority/priority-private/" and message : blob:https://online.forms.standardchartered.com/f6dcbc30-de93-4983-8761-c33498a22de8 17 WebSocket connection to 'wss://127.0.0.1:5939/' failed: WebSocket is closed before the connection is established.
Jan 28,2022 11:56:53 [info]  Found error in logs for url "https://www.sc.com/sg/priority/priority-private/" and message : blob:https://online.forms.standardchartered.com/ff4f41f5-7904-4857-bf41-dbe072de5e32 17 WebSocket connection to 'wss://127.0.0.1:5903/' failed: WebSocket is closed before the connection is established.
Jan 28,2022 11:56:53 [info]  Found error in logs for url "https://www.sc.com/sg/priority/priority-private/" and message : blob:https://online.forms.standardchartered.com/0f7acb18-0936-4c2b-b33e-daa75fa4f46d 17 WebSocket connection to 'wss://127.0.0.1:5944/' failed: WebSocket is closed before the connection is established.
Jan 28,2022 11:56:53 [info]  Found error in logs for url "https://www.sc.com/sg/priority/priority-private/" and message : blob:https://online.forms.standardchartered.com/b7272dd4-8374-4e8d-871e-c9ed40d6e0d9 17 WebSocket connection to 'wss://127.0.0.1:6040/' failed: WebSocket is closed before the connection is established.
Jan 28,2022 11:56:53 [info]  Found error in logs for url "https://www.sc.com/sg/priority/priority-private/" and message : blob:https://online.forms.standardchartered.com/ceb7122b-1c4f-42ac-8baf-84ca15e6a291 17 WebSocket connection to 'wss://127.0.0.1:2112/' failed: WebSocket is closed before the connection is established.
Jan 28,2022 11:56:53 [info]  Found error in logs for url "https://www.sc.com/sg/priority/priority-private/" and message : blob:https://online.forms.standardchartered.com/f1815ca9-b955-49ff-80b8-c23fbddbfe39 17 WebSocket connection to 'wss://127.0.0.1:7070/' failed: WebSocket is closed before the connection is established.
Jan 28,2022 11:56:53 [info]  Found error in logs for url "https://www.sc.com/sg/priority/priority-private/" and message : blob:https://online.forms.standardchartered.com/43ecb3ed-d108-4479-9871-451140f72d7a 17 WebSocket connection to 'wss://127.0.0.1:5279/' failed: WebSocket is closed before the connection is established.
Jan 28,2022 11:56:53 [info]  Found error in logs for url "https://www.sc.com/sg/priority/priority-private/" and message : https://av.sc.com/assets/global/js/utils.min.js?ver=13bd13b 0:8411 Uncaught DOMException: Blocked a frame with origin "https://www.sc.com" from accessing a cross-origin frame.
Jan 28,2022 11:56:53 [info]  Found error in logs for url "https://www.sc.com/sg/priority/priority-private/" and message : https://online.forms.standardchartered.com/public_website/singapore/priority-forms-cmsdct/priority_form_dynamic.html?ccode=sg&form_id=SGR556&p_id=2 - Access to XMLHttpRequest at 'chrome-extension://ghbmnnjooekpmoecnnnilnnbdlolhkhi/page_embed_script.js' from origin 'https://online.forms.standardchartered.com' has been blocked by CORS policy: Cross origin requests are only supported for protocol schemes: http, data, chrome, chrome-untrusted, https.
Jan 28,2022 11:56:53 [info]  Found error in logs for url "https://www.sc.com/sg/priority/priority-private/" and message : chrome-extension://ghbmnnjooekpmoecnnnilnnbdlolhkhi/page_embed_script.js - Failed to load resource: net::ERR_FAILED
Jan 28,2022 11:56:53 [info]  8 Console error found
Jan 28,2022 11:56:56 [info]  Navigated to the new URL: https://www.sc.com/sg/wealth/
Jan 28,2022 11:57:02 [info]  Found error in logs for url "https://www.sc.com/sg/wealth/" and message : https://www.googletagmanager.com/gtm.js?id=GTM-P3BPFN7&l=dataLayer 73 Unrecognized feature: 'attribution-reporting'.
Jan 28,2022 11:57:02 [info]  Found error in logs for url "https://www.sc.com/sg/wealth/" and message : https://www.googletagmanager.com/gtm.js?id=GTM-P3BPFN7&l=dataLayer 73 Unrecognized feature: 'conversion-measurement'.
Jan 28,2022 11:57:02 [info]  Found error in logs for url "https://www.sc.com/sg/wealth/" and message : https://www.googletagmanager.com/gtm.js?id=GTM-P3BPFN7&l=dataLayer 73 Unrecognized feature: 'attribution-reporting'.
Jan 28,2022 11:57:02 [info]  Found error in logs for url "https://www.sc.com/sg/wealth/" and message : https://www.googletagmanager.com/gtm.js?id=GTM-P3BPFN7&l=dataLayer 73 Unrecognized feature: 'conversion-measurement'.
Jan 28,2022 11:57:02 [info]  Found error in logs for url "https://www.sc.com/sg/wealth/" and message : https://4933917.fls.doubleclick.net/activityi;dc_pre=CNmU2avo0_UCFUGL2AUdnO0BpA;src=4933917;type=scbsg;cat=sglands;ord=9417243198205;gtm=2wg1q0;auiddc=319933692.1643350487;u1=%2Fsg%2Fwealth%2F;u2=wealth;u3=;u9=sg;u5=;~oref=https%3A%2F%2Fwww.sc.com%2Fsg%2Fwealth%2F? 16 Refused to execute inline script because it violates the following Content Security Policy directive: "script-src 'none'". Either the 'unsafe-inline' keyword, a hash ('sha256-fgTcfDu0mUiwuvWrTiWv/F9siqjHgbFnDgpLwq2Ocww='), or a nonce ('nonce-...') is required to enable inline execution.

Jan 28,2022 11:57:02 [info]  Found error in logs for url "https://www.sc.com/sg/wealth/" and message : https://4933917.fls.doubleclick.net/activityi;dc_pre=CNP016vo0_UCFYOP2AUdqPIIhg;src=4933917;type=remar0;cat=stanc0;ord=4784563584622;gtm=2wg1q0;auiddc=319933692.1643350487;u1=%2Fsg%2Fwealth%2F;~oref=https%3A%2F%2Fwww.sc.com%2Fsg%2Fwealth%2F? 0 Refused to execute inline script because it violates the following Content Security Policy directive: "script-src 'none'". Either the 'unsafe-inline' keyword, a hash ('sha256-AfcggJl5oiFKi9hzc/K8iFxNPkTWv7zpkRVU5Jb3Hcc='), or a nonce ('nonce-...') is required to enable inline execution.

Jan 28,2022 11:57:02 [info]  Found error in logs for url "https://www.sc.com/sg/wealth/" and message : https://av.sc.com/assets/global/adobe/production/5e4ae16ab23e/2be1a655bb44/launch-5d0b74b28d2b.min.js 1:27118 "AT:" "[page-init]" "Adobe Target content delivery is disabled. Ensure that you can save cookies to your current domain, there is no \"mboxDisable\" cookie and there is no \"mboxDisable\" parameter in query string."
Jan 28,2022 11:57:02 [info]  Found error in logs for url "https://www.sc.com/sg/wealth/" and message : https://av.sc.com/assets/global/js/utils.min.js?ver=e8ba9f3 0:8411 Uncaught DOMException: Blocked a frame with origin "https://www.sc.com" from accessing a cross-origin frame.
Jan 28,2022 11:57:02 [info]  Found error in logs for url "https://www.sc.com/sg/wealth/" and message : https://av.sc.com/assets/global/adobe/production/5e4ae16ab23e/2be1a655bb44/launch-5d0b74b28d2b.min.js 12:2713 "?" "container.buildInfo.environment is deprecated.Please use `container.environment.stage` instead"
Jan 28,2022 11:57:02 [info]  Found error in logs for url "https://www.sc.com/sg/wealth/" and message : https://av.sc.com/assets/global/js/iframe.js?ver=e8ba9f3 7:866 "[iFrameSizer][Host page: sc-lb-module-embedded-form-frame]" "IFrame has not responded within 5 seconds. Check iFrameResizer.contentWindow.js has been loaded in iFrame. This message can be ignored if everything is working, or you can set the warningTimeout option to a higher value or zero to suppress this warning."
Jan 28,2022 11:57:02 [info]  Found error in logs for url "https://www.sc.com/sg/wealth/" and message : https://av.sc.com/assets/global/adobe/production/5e4ae16ab23e/2be1a655bb44/launch-5d0b74b28d2b.min.js 1:27118 "AT:" "metric element not found" Object
Jan 28,2022 11:57:02 [info]  Found error in logs for url "https://www.sc.com/sg/wealth/" and message : https://av.sc.com/assets/global/adobe/production/5e4ae16ab23e/2be1a655bb44/launch-5d0b74b28d2b.min.js 1:27118 "AT:" "metric element not found" Object
Jan 28,2022 11:57:02 [info]  Found error in logs for url "https://www.sc.com/sg/wealth/" and message : https://av.sc.com/assets/global/adobe/production/5e4ae16ab23e/2be1a655bb44/launch-5d0b74b28d2b.min.js 1:27118 "AT:" "metric element not found" Object
Jan 28,2022 11:57:02 [info]  Found error in logs for url "https://www.sc.com/sg/wealth/" and message : https://av.sc.com/assets/global/adobe/production/5e4ae16ab23e/2be1a655bb44/launch-5d0b74b28d2b.min.js 1:27118 "AT:" "metric element not found" Object
Jan 28,2022 11:57:02 [info]  Found error in logs for url "https://www.sc.com/sg/wealth/" and message : https://av.sc.com/assets/global/adobe/production/5e4ae16ab23e/2be1a655bb44/launch-5d0b74b28d2b.min.js 1:27118 "AT:" "metric element not found" Object
Jan 28,2022 11:57:02 [info]  Found error in logs for url "https://www.sc.com/sg/wealth/" and message : https://av.sc.com/assets/global/adobe/production/5e4ae16ab23e/2be1a655bb44/launch-5d0b74b28d2b.min.js 1:27118 "AT:" "metric element not found" Object
Jan 28,2022 11:57:02 [info]  Found error in logs for url "https://www.sc.com/sg/wealth/" and message : https://av.sc.com/assets/global/adobe/production/5e4ae16ab23e/2be1a655bb44/launch-5d0b74b28d2b.min.js 1:27118 "AT:" "metric element not found" Object
Jan 28,2022 11:57:02 [info]  Found error in logs for url "https://www.sc.com/sg/wealth/" and message : https://av.sc.com/assets/global/adobe/production/5e4ae16ab23e/2be1a655bb44/launch-5d0b74b28d2b.min.js 1:27118 "AT:" "metric element not found" Object
Jan 28,2022 11:57:02 [info]  Found error in logs for url "https://www.sc.com/sg/wealth/" and message : https://av.sc.com/assets/global/adobe/production/5e4ae16ab23e/2be1a655bb44/launch-5d0b74b28d2b.min.js 1:27118 "AT:" "metric element not found" Object
Jan 28,2022 11:57:02 [info]  Found error in logs for url "https://www.sc.com/sg/wealth/" and message : https://av.sc.com/assets/global/adobe/production/5e4ae16ab23e/2be1a655bb44/launch-5d0b74b28d2b.min.js 1:27118 "AT:" "metric element not found" Object
Jan 28,2022 11:57:02 [info]  Found error in logs for url "https://www.sc.com/sg/wealth/" and message : https://av.sc.com/assets/global/adobe/production/5e4ae16ab23e/2be1a655bb44/launch-5d0b74b28d2b.min.js 1:27118 "AT:" "metric element not found" Object
Jan 28,2022 11:57:02 [info]  Found error in logs for url "https://www.sc.com/sg/wealth/" and message : https://av.sc.com/assets/global/adobe/production/5e4ae16ab23e/2be1a655bb44/launch-5d0b74b28d2b.min.js 1:27118 "AT:" "metric element not found" Object
Jan 28,2022 11:57:02 [info]  Found error in logs for url "https://www.sc.com/sg/wealth/" and message : https://av.sc.com/assets/global/adobe/production/5e4ae16ab23e/2be1a655bb44/launch-5d0b74b28d2b.min.js 1:27118 "AT:" "metric element not found" Object
Jan 28,2022 11:57:02 [info]  Found error in logs for url "https://www.sc.com/sg/wealth/" and message : https://av.sc.com/assets/global/adobe/production/5e4ae16ab23e/2be1a655bb44/launch-5d0b74b28d2b.min.js 1:27118 "AT:" "metric element not found" Object
Jan 28,2022 11:57:02 [info]  Found error in logs for url "https://www.sc.com/sg/wealth/" and message : https://av.sc.com/assets/global/adobe/production/5e4ae16ab23e/2be1a655bb44/launch-5d0b74b28d2b.min.js 1:27118 "AT:" "metric element not found" Object
Jan 28,2022 11:57:02 [info]  Found error in logs for url "https://www.sc.com/sg/wealth/" and message : https://av.sc.com/assets/global/adobe/production/5e4ae16ab23e/2be1a655bb44/launch-5d0b74b28d2b.min.js 1:27118 "AT:" "metric element not found" Object
Jan 28,2022 11:57:02 [info]  Found error in logs for url "https://www.sc.com/sg/wealth/" and message : https://av.sc.com/assets/global/adobe/production/5e4ae16ab23e/2be1a655bb44/launch-5d0b74b28d2b.min.js 1:27118 "AT:" "metric element not found" Object
Jan 28,2022 11:57:02 [info]  Found error in logs for url "https://www.sc.com/sg/wealth/" and message : https://av.sc.com/assets/global/adobe/production/5e4ae16ab23e/2be1a655bb44/launch-5d0b74b28d2b.min.js 1:27118 "AT:" "metric element not found" Object
Jan 28,2022 11:57:02 [info]  Found error in logs for url "https://www.sc.com/sg/wealth/" and message : https://av.sc.com/assets/global/adobe/production/5e4ae16ab23e/2be1a655bb44/launch-5d0b74b28d2b.min.js 1:27118 "AT:" "[page-init]" "Adobe Target content delivery is disabled. Ensure that you can save cookies to your current domain, there is no \"mboxDisable\" cookie and there is no \"mboxDisable\" parameter in query string."
Jan 28,2022 11:57:02 [info]  Found error in logs for url "https://www.sc.com/sg/wealth/" and message : https://av.sc.com/assets/global/js/utils.min.js?ver=e8ba9f3 0:8411 Uncaught DOMException: Blocked a frame with origin "https://www.sc.com" from accessing a cross-origin frame.
Jan 28,2022 11:57:02 [info]  Found error in logs for url "https://www.sc.com/sg/wealth/" and message : https://av.sc.com/assets/global/js/iframe.js?ver=e8ba9f3 7:866 "[iFrameSizer][Host page: sc-lb-module-embedded-form-frame]" "IFrame has not responded within 5 seconds. Check iFrameResizer.contentWindow.js has been loaded in iFrame. This message can be ignored if everything is working, or you can set the warningTimeout option to a higher value or zero to suppress this warning."
Jan 28,2022 11:57:02 [info]  4 Console error found
Jan 28,2022 11:57:04 [info]  Navigated to the new URL: https://www.sc.com/sg/international-banking/
Jan 28,2022 11:57:09 [info]  Found error in logs for url "https://www.sc.com/sg/international-banking/" and message : https://av.sc.com/assets/global/js/vendor/flickity_v2.js?_=1643351222641 10:6413 "Error parsing data-flickity on m-banner carousel-full has-hero-slides flickity-enabled is-draggable: SyntaxError: Unexpected token ' in JSON at position 3"
Jan 28,2022 11:57:09 [info]  Found error in logs for url "https://www.sc.com/sg/international-banking/" and message : https://www.googletagmanager.com/gtm.js?id=GTM-P3BPFN7&l=dataLayer 73 Unrecognized feature: 'attribution-reporting'.
Jan 28,2022 11:57:09 [info]  Found error in logs for url "https://www.sc.com/sg/international-banking/" and message : https://www.googletagmanager.com/gtm.js?id=GTM-P3BPFN7&l=dataLayer 73 Unrecognized feature: 'conversion-measurement'.
Jan 28,2022 11:57:09 [info]  Found error in logs for url "https://www.sc.com/sg/international-banking/" and message : https://www.googletagmanager.com/gtm.js?id=GTM-P3BPFN7&l=dataLayer 73 Unrecognized feature: 'attribution-reporting'.
Jan 28,2022 11:57:09 [info]  Found error in logs for url "https://www.sc.com/sg/international-banking/" and message : https://www.googletagmanager.com/gtm.js?id=GTM-P3BPFN7&l=dataLayer 73 Unrecognized feature: 'conversion-measurement'.
Jan 28,2022 11:57:09 [info]  Found error in logs for url "https://www.sc.com/sg/international-banking/" and message : https://www.googletagmanager.com/gtm.js?id=GTM-P3BPFN7&l=dataLayer 73 Unrecognized feature: 'attribution-reporting'.
Jan 28,2022 11:57:09 [info]  Found error in logs for url "https://www.sc.com/sg/international-banking/" and message : https://www.googletagmanager.com/gtm.js?id=GTM-P3BPFN7&l=dataLayer 73 Unrecognized feature: 'conversion-measurement'.
Jan 28,2022 11:57:09 [info]  Found error in logs for url "https://www.sc.com/sg/international-banking/" and message : https://www.googletagmanager.com/gtm.js?id=GTM-P3BPFN7&l=dataLayer 73 Unrecognized feature: 'attribution-reporting'.
Jan 28,2022 11:57:09 [info]  Found error in logs for url "https://www.sc.com/sg/international-banking/" and message : https://www.googletagmanager.com/gtm.js?id=GTM-P3BPFN7&l=dataLayer 73 Unrecognized feature: 'conversion-measurement'.
Jan 28,2022 11:57:09 [info]  Found error in logs for url "https://www.sc.com/sg/international-banking/" and message : https://4933917.fls.doubleclick.net/activityi;dc_pre=CKSa1K_o0_UCFfottwAd7V4EtA;src=4933917;type=remar0;cat=stanc0;ord=8422289987432;gtm=2wg1q0;auiddc=319933692.1643350487;u1=%2Fsg%2Finternational-banking%2F;~oref=https%3A%2F%2Fwww.sc.com%2Fsg%2Finternational-banking%2F? 0 Refused to execute inline script because it violates the following Content Security Policy directive: "script-src 'none'". Either the 'unsafe-inline' keyword, a hash ('sha256-AfcggJl5oiFKi9hzc/K8iFxNPkTWv7zpkRVU5Jb3Hcc='), or a nonce ('nonce-...') is required to enable inline execution.

Jan 28,2022 11:57:09 [info]  Found error in logs for url "https://www.sc.com/sg/international-banking/" and message : https://av.sc.com/assets/global/adobe/production/5e4ae16ab23e/2be1a655bb44/launch-5d0b74b28d2b.min.js 1:27118 "AT:" "[page-init]" "Adobe Target content delivery is disabled. Ensure that you can save cookies to your current domain, there is no \"mboxDisable\" cookie and there is no \"mboxDisable\" parameter in query string."
Jan 28,2022 11:57:09 [info]  Found error in logs for url "https://www.sc.com/sg/international-banking/" and message : https://4933917.fls.doubleclick.net/activityi;dc_pre=CLzE1a_o0_UCFQGL2AUdrXIIrA;src=4933917;type=scbsg;cat=sglands;ord=735419494265;gtm=2wg1q0;auiddc=319933692.1643350487;u1=%2Fsg%2Finternational-banking%2F;u2=international-banking;u3=;u9=sg;u5=;~oref=https%3A%2F%2Fwww.sc.com%2Fsg%2Finternational-banking%2F? 16 Refused to execute inline script because it violates the following Content Security Policy directive: "script-src 'none'". Either the 'unsafe-inline' keyword, a hash ('sha256-IvcEwgGnT26HYfR1WIkhtcKfPkiH2u/EDdhBDitdGCs='), or a nonce ('nonce-...') is required to enable inline execution.

Jan 28,2022 11:57:09 [info]  Found error in logs for url "https://www.sc.com/sg/international-banking/" and message : https://av.sc.com/assets/global/js/utils.min.js?ver=4a944f7 0:8411 Uncaught DOMException: Blocked a frame with origin "https://www.sc.com" from accessing a cross-origin frame.
Jan 28,2022 11:57:09 [info]  Found error in logs for url "https://www.sc.com/sg/international-banking/" and message : https://av.sc.com/assets/global/adobe/production/5e4ae16ab23e/2be1a655bb44/launch-5d0b74b28d2b.min.js 12:2713 "?" "container.buildInfo.environment is deprecated.Please use `container.environment.stage` instead"
Jan 28,2022 11:57:09 [info]  Found error in logs for url "https://www.sc.com/sg/international-banking/" and message : https://av.sc.com/assets/global/adobe/production/5e4ae16ab23e/2be1a655bb44/launch-5d0b74b28d2b.min.js 1:27118 "AT:" "[page-init]" "Adobe Target content delivery is disabled. Ensure that you can save cookies to your current domain, there is no \"mboxDisable\" cookie and there is no \"mboxDisable\" parameter in query string."
Jan 28,2022 11:57:09 [info]  Found error in logs for url "https://www.sc.com/sg/international-banking/" and message : https://av.sc.com/assets/global/js/utils.min.js?ver=4a944f7 0:8411 Uncaught DOMException: Blocked a frame with origin "https://www.sc.com" from accessing a cross-origin frame.
Jan 28,2022 11:57:09 [info]  Found error in logs for url "https://www.sc.com/sg/international-banking/" and message : https://av.sc.com/assets/global/adobe/production/5e4ae16ab23e/2be1a655bb44/launch-5d0b74b28d2b.min.js 1:27118 "AT:" "metric element not found" Object
Jan 28,2022 11:57:09 [info]  Found error in logs for url "https://www.sc.com/sg/international-banking/" and message : https://av.sc.com/assets/global/adobe/production/5e4ae16ab23e/2be1a655bb44/launch-5d0b74b28d2b.min.js 1:27118 "AT:" "metric element not found" Object
Jan 28,2022 11:57:09 [info]  Found error in logs for url "https://www.sc.com/sg/international-banking/" and message : https://av.sc.com/assets/global/adobe/production/5e4ae16ab23e/2be1a655bb44/launch-5d0b74b28d2b.min.js 1:27118 "AT:" "metric element not found" Object
Jan 28,2022 11:57:09 [info]  Found error in logs for url "https://www.sc.com/sg/international-banking/" and message : https://av.sc.com/assets/global/adobe/production/5e4ae16ab23e/2be1a655bb44/launch-5d0b74b28d2b.min.js 1:27118 "AT:" "metric element not found" Object
Jan 28,2022 11:57:09 [info]  Found error in logs for url "https://www.sc.com/sg/international-banking/" and message : https://av.sc.com/assets/global/adobe/production/5e4ae16ab23e/2be1a655bb44/launch-5d0b74b28d2b.min.js 1:27118 "AT:" "metric element not found" Object
Jan 28,2022 11:57:09 [info]  Found error in logs for url "https://www.sc.com/sg/international-banking/" and message : https://av.sc.com/assets/global/adobe/production/5e4ae16ab23e/2be1a655bb44/launch-5d0b74b28d2b.min.js 1:27118 "AT:" "metric element not found" Object
Jan 28,2022 11:57:09 [info]  Found error in logs for url "https://www.sc.com/sg/international-banking/" and message : https://av.sc.com/assets/global/adobe/production/5e4ae16ab23e/2be1a655bb44/launch-5d0b74b28d2b.min.js 1:27118 "AT:" "metric element not found" Object
Jan 28,2022 11:57:09 [info]  Found error in logs for url "https://www.sc.com/sg/international-banking/" and message : https://av.sc.com/assets/global/adobe/production/5e4ae16ab23e/2be1a655bb44/launch-5d0b74b28d2b.min.js 1:27118 "AT:" "metric element not found" Object
Jan 28,2022 11:57:09 [info]  Found error in logs for url "https://www.sc.com/sg/international-banking/" and message : https://av.sc.com/assets/global/adobe/production/5e4ae16ab23e/2be1a655bb44/launch-5d0b74b28d2b.min.js 1:27118 "AT:" "metric element not found" Object
Jan 28,2022 11:57:09 [info]  Found error in logs for url "https://www.sc.com/sg/international-banking/" and message : https://av.sc.com/assets/global/adobe/production/5e4ae16ab23e/2be1a655bb44/launch-5d0b74b28d2b.min.js 1:27118 "AT:" "metric element not found" Object
Jan 28,2022 11:57:09 [info]  Found error in logs for url "https://www.sc.com/sg/international-banking/" and message : https://av.sc.com/assets/global/adobe/production/5e4ae16ab23e/2be1a655bb44/launch-5d0b74b28d2b.min.js 1:27118 "AT:" "metric element not found" Object
Jan 28,2022 11:57:09 [info]  Found error in logs for url "https://www.sc.com/sg/international-banking/" and message : https://av.sc.com/assets/global/adobe/production/5e4ae16ab23e/2be1a655bb44/launch-5d0b74b28d2b.min.js 1:27118 "AT:" "metric element not found" Object
Jan 28,2022 11:57:09 [info]  Found error in logs for url "https://www.sc.com/sg/international-banking/" and message : https://av.sc.com/assets/global/adobe/production/5e4ae16ab23e/2be1a655bb44/launch-5d0b74b28d2b.min.js 1:27118 "AT:" "metric element not found" Object
Jan 28,2022 11:57:09 [info]  Found error in logs for url "https://www.sc.com/sg/international-banking/" and message : https://av.sc.com/assets/global/adobe/production/5e4ae16ab23e/2be1a655bb44/launch-5d0b74b28d2b.min.js 1:27118 "AT:" "metric element not found" Object
Jan 28,2022 11:57:09 [info]  Found error in logs for url "https://www.sc.com/sg/international-banking/" and message : https://av.sc.com/assets/global/adobe/production/5e4ae16ab23e/2be1a655bb44/launch-5d0b74b28d2b.min.js 1:27118 "AT:" "metric element not found" Object
Jan 28,2022 11:57:09 [info]  Found error in logs for url "https://www.sc.com/sg/international-banking/" and message : https://av.sc.com/assets/global/adobe/production/5e4ae16ab23e/2be1a655bb44/launch-5d0b74b28d2b.min.js 1:27118 "AT:" "metric element not found" Object
Jan 28,2022 11:57:09 [info]  Found error in logs for url "https://www.sc.com/sg/international-banking/" and message : https://av.sc.com/assets/global/adobe/production/5e4ae16ab23e/2be1a655bb44/launch-5d0b74b28d2b.min.js 1:27118 "AT:" "metric element not found" Object
Jan 28,2022 11:57:09 [info]  Found error in logs for url "https://www.sc.com/sg/international-banking/" and message : https://av.sc.com/assets/global/adobe/production/5e4ae16ab23e/2be1a655bb44/launch-5d0b74b28d2b.min.js 1:27118 "AT:" "metric element not found" Object
Jan 28,2022 11:57:09 [info]  5 Console error found
Jan 28,2022 11:57:11 [info]  Navigated to the new URL: https://www.sc.com/privatebank/en/
Jan 28,2022 11:57:17 [info]  There are 245 hyperlinks
Jan 28,2022 11:57:19 [info]  Navigated to the new URL: https://www.sc.com/sg/credit-cards/
Jan 28,2022 11:57:23 [info]  Found error in logs for url "https://www.sc.com/sg/credit-cards/" and message : https://www.googletagmanager.com/gtm.js?id=GTM-P3BPFN7&l=dataLayer 73 Unrecognized feature: 'attribution-reporting'.
Jan 28,2022 11:57:23 [info]  Found error in logs for url "https://www.sc.com/sg/credit-cards/" and message : https://www.googletagmanager.com/gtm.js?id=GTM-P3BPFN7&l=dataLayer 73 Unrecognized feature: 'conversion-measurement'.
Jan 28,2022 11:57:23 [info]  Found error in logs for url "https://www.sc.com/sg/credit-cards/" and message : https://www.googletagmanager.com/gtm.js?id=GTM-P3BPFN7&l=dataLayer 73 Unrecognized feature: 'attribution-reporting'.
Jan 28,2022 11:57:23 [info]  Found error in logs for url "https://www.sc.com/sg/credit-cards/" and message : https://www.googletagmanager.com/gtm.js?id=GTM-P3BPFN7&l=dataLayer 73 Unrecognized feature: 'conversion-measurement'.
Jan 28,2022 11:57:23 [info]  Found error in logs for url "https://www.sc.com/sg/credit-cards/" and message : https://www.googleadservices.com/pagead/conversion_async.js 71 Unrecognized feature: 'attribution-reporting'.
Jan 28,2022 11:57:23 [info]  Found error in logs for url "https://www.sc.com/sg/credit-cards/" and message : https://4933917.fls.doubleclick.net/activityi;dc_pre=CPmA47Xo0_UCFXqK2AUd9CwErw;src=4933917;type=remar0;cat=stanc0;ord=3403519744046;gtm=2wg1q0;auiddc=319933692.1643350487;u1=%2Fsg%2Fcredit-cards%2F;~oref=https%3A%2F%2Fwww.sc.com%2Fsg%2Fcredit-cards%2F? 0 Refused to execute inline script because it violates the following Content Security Policy directive: "script-src 'none'". Either the 'unsafe-inline' keyword, a hash ('sha256-AfcggJl5oiFKi9hzc/K8iFxNPkTWv7zpkRVU5Jb3Hcc='), or a nonce ('nonce-...') is required to enable inline execution.

Jan 28,2022 11:57:23 [info]  Found error in logs for url "https://www.sc.com/sg/credit-cards/" and message : https://4933917.fls.doubleclick.net/activityi;dc_pre=CJfo5LXo0_UCFVwKtwAdYsEKcQ;src=4933917;type=scbsg;cat=sglands;ord=4127355261039;gtm=2wg1q0;auiddc=319933692.1643350487;u1=%2Fsg%2Fcredit-cards%2F;u2=credit-cards;u3=;u9=sg;u5=;~oref=https%3A%2F%2Fwww.sc.com%2Fsg%2Fcredit-cards%2F? 16 Refused to execute inline script because it violates the following Content Security Policy directive: "script-src 'none'". Either the 'unsafe-inline' keyword, a hash ('sha256-duhUvaZGFoVwHLN1qPepQkfAK2EQRLcjznszUn5mzbw='), or a nonce ('nonce-...') is required to enable inline execution.

Jan 28,2022 11:57:23 [info]  Found error in logs for url "https://www.sc.com/sg/credit-cards/" and message : https://av.sc.com/assets/global/adobe/production/5e4ae16ab23e/2be1a655bb44/launch-5d0b74b28d2b.min.js 12:2713 "?" "container.buildInfo.environment is deprecated.Please use `container.environment.stage` instead"
Jan 28,2022 11:57:23 [info]  Found error in logs for url "https://www.sc.com/sg/credit-cards/" and message : https://www.googletagmanager.com/gtm.js?id=GTM-P3BPFN7&l=dataLayer 73 Unrecognized feature: 'attribution-reporting'.
Jan 28,2022 11:57:23 [info]  Found error in logs for url "https://www.sc.com/sg/credit-cards/" and message : https://www.googletagmanager.com/gtm.js?id=GTM-P3BPFN7&l=dataLayer 73 Unrecognized feature: 'conversion-measurement'.
Jan 28,2022 11:57:23 [info]  Found error in logs for url "https://www.sc.com/sg/credit-cards/" and message : https://www.googletagmanager.com/gtm.js?id=GTM-P3BPFN7&l=dataLayer 73 Unrecognized feature: 'attribution-reporting'.
Jan 28,2022 11:57:23 [info]  Found error in logs for url "https://www.sc.com/sg/credit-cards/" and message : https://www.googletagmanager.com/gtm.js?id=GTM-P3BPFN7&l=dataLayer 73 Unrecognized feature: 'conversion-measurement'.
Jan 28,2022 11:57:23 [info]  Found error in logs for url "https://www.sc.com/sg/credit-cards/" and message : https://www.googleadservices.com/pagead/conversion_async.js 71 Unrecognized feature: 'attribution-reporting'.
Jan 28,2022 11:57:23 [info]  Found error in logs for url "https://www.sc.com/sg/credit-cards/" and message : https://4933917.fls.doubleclick.net/activityi;dc_pre=CJGa2bbo0_UCFR6O2AUdXiQP9A;src=4933917;type=remar0;cat=stanc0;ord=692269303749;gtm=2wg1q0;auiddc=319933692.1643350487;u1=%2Fsg%2Fcredit-cards%2F;~oref=https%3A%2F%2Fwww.sc.com%2Fsg%2Fcredit-cards%2F? 0 Refused to execute inline script because it violates the following Content Security Policy directive: "script-src 'none'". Either the 'unsafe-inline' keyword, a hash ('sha256-AfcggJl5oiFKi9hzc/K8iFxNPkTWv7zpkRVU5Jb3Hcc='), or a nonce ('nonce-...') is required to enable inline execution.

Jan 28,2022 11:57:23 [info]  Found error in logs for url "https://www.sc.com/sg/credit-cards/" and message : https://4933917.fls.doubleclick.net/activityi;dc_pre=CJq02rbo0_UCFS3VcwEd2igLmQ;src=4933917;type=scbsg;cat=sglands;ord=8225188179736;gtm=2wg1q0;auiddc=319933692.1643350487;u1=%2Fsg%2Fcredit-cards%2F;u2=credit-cards;u3=;u9=sg;u5=;~oref=https%3A%2F%2Fwww.sc.com%2Fsg%2Fcredit-cards%2F? 16 Refused to execute inline script because it violates the following Content Security Policy directive: "script-src 'none'". Either the 'unsafe-inline' keyword, a hash ('sha256-duhUvaZGFoVwHLN1qPepQkfAK2EQRLcjznszUn5mzbw='), or a nonce ('nonce-...') is required to enable inline execution.

Jan 28,2022 11:57:23 [info]  Found error in logs for url "https://www.sc.com/sg/credit-cards/" and message : https://av.sc.com/assets/global/adobe/production/5e4ae16ab23e/2be1a655bb44/launch-5d0b74b28d2b.min.js 12:2713 "?" "container.buildInfo.environment is deprecated.Please use `container.environment.stage` instead"
Jan 28,2022 11:57:23 [info]  4 Console error found
Jan 28,2022 11:57:25 [info]  Navigated to the new URL: https://www.sc.com/sg/priority/
Jan 28,2022 11:57:31 [info]  Found error in logs for url "https://www.sc.com/sg/priority/" and message : https://av.sc.com/assets/global/adobe/production/5e4ae16ab23e/2be1a655bb44/launch-5d0b74b28d2b.min.js 1:27118 "AT:" "metric element not found" Object
Jan 28,2022 11:57:31 [info]  Found error in logs for url "https://www.sc.com/sg/priority/" and message : https://av.sc.com/assets/global/adobe/production/5e4ae16ab23e/2be1a655bb44/launch-5d0b74b28d2b.min.js 1:27118 "AT:" "metric element not found" Object
Jan 28,2022 11:57:31 [info]  Found error in logs for url "https://www.sc.com/sg/priority/" and message : https://av.sc.com/assets/global/adobe/production/5e4ae16ab23e/2be1a655bb44/launch-5d0b74b28d2b.min.js 1:27118 "AT:" "metric element not found" Object
Jan 28,2022 11:57:31 [info]  Found error in logs for url "https://www.sc.com/sg/priority/" and message : https://av.sc.com/assets/global/adobe/production/5e4ae16ab23e/2be1a655bb44/launch-5d0b74b28d2b.min.js 1:27118 "AT:" "metric element not found" Object
Jan 28,2022 11:57:31 [info]  Found error in logs for url "https://www.sc.com/sg/priority/" and message : https://av.sc.com/assets/global/adobe/production/5e4ae16ab23e/2be1a655bb44/launch-5d0b74b28d2b.min.js 1:27118 "AT:" "metric element not found" Object
Jan 28,2022 11:57:31 [info]  Found error in logs for url "https://www.sc.com/sg/priority/" and message : https://av.sc.com/assets/global/adobe/production/5e4ae16ab23e/2be1a655bb44/launch-5d0b74b28d2b.min.js 1:27118 "AT:" "metric element not found" Object
Jan 28,2022 11:57:31 [info]  Found error in logs for url "https://www.sc.com/sg/priority/" and message : https://av.sc.com/assets/global/adobe/production/5e4ae16ab23e/2be1a655bb44/launch-5d0b74b28d2b.min.js 1:27118 "AT:" "metric element not found" Object
Jan 28,2022 11:57:31 [info]  Found error in logs for url "https://www.sc.com/sg/priority/" and message : https://av.sc.com/assets/global/adobe/production/5e4ae16ab23e/2be1a655bb44/launch-5d0b74b28d2b.min.js 1:27118 "AT:" "metric element not found" Object
Jan 28,2022 11:57:31 [info]  Found error in logs for url "https://www.sc.com/sg/priority/" and message : https://av.sc.com/assets/global/adobe/production/5e4ae16ab23e/2be1a655bb44/launch-5d0b74b28d2b.min.js 1:27118 "AT:" "metric element not found" Object
Jan 28,2022 11:57:31 [info]  Found error in logs for url "https://www.sc.com/sg/priority/" and message : https://av.sc.com/assets/global/adobe/production/5e4ae16ab23e/2be1a655bb44/launch-5d0b74b28d2b.min.js 1:27118 "AT:" "metric element not found" Object
Jan 28,2022 11:57:31 [info]  Found error in logs for url "https://www.sc.com/sg/priority/" and message : https://av.sc.com/assets/global/adobe/production/5e4ae16ab23e/2be1a655bb44/launch-5d0b74b28d2b.min.js 1:27118 "AT:" "metric element not found" Object
Jan 28,2022 11:57:31 [info]  Found error in logs for url "https://www.sc.com/sg/priority/" and message : https://av.sc.com/assets/global/adobe/production/5e4ae16ab23e/2be1a655bb44/launch-5d0b74b28d2b.min.js 1:27118 "AT:" "metric element not found" Object
Jan 28,2022 11:57:31 [info]  Found error in logs for url "https://www.sc.com/sg/priority/" and message : https://av.sc.com/assets/global/adobe/production/5e4ae16ab23e/2be1a655bb44/launch-5d0b74b28d2b.min.js 1:27118 "AT:" "metric element not found" Object
Jan 28,2022 11:57:31 [info]  Found error in logs for url "https://www.sc.com/sg/priority/" and message : https://av.sc.com/assets/global/adobe/production/5e4ae16ab23e/2be1a655bb44/launch-5d0b74b28d2b.min.js 1:27118 "AT:" "metric element not found" Object
Jan 28,2022 11:57:31 [info]  Found error in logs for url "https://www.sc.com/sg/priority/" and message : https://av.sc.com/assets/global/adobe/production/5e4ae16ab23e/2be1a655bb44/launch-5d0b74b28d2b.min.js 1:27118 "AT:" "metric element not found" Object
Jan 28,2022 11:57:31 [info]  Found error in logs for url "https://www.sc.com/sg/priority/" and message : https://av.sc.com/assets/global/adobe/production/5e4ae16ab23e/2be1a655bb44/launch-5d0b74b28d2b.min.js 1:27118 "AT:" "metric element not found" Object
Jan 28,2022 11:57:31 [info]  Found error in logs for url "https://www.sc.com/sg/priority/" and message : https://av.sc.com/assets/global/adobe/production/5e4ae16ab23e/2be1a655bb44/launch-5d0b74b28d2b.min.js 1:27118 "AT:" "metric element not found" Object
Jan 28,2022 11:57:31 [info]  Found error in logs for url "https://www.sc.com/sg/priority/" and message : https://av.sc.com/assets/global/adobe/production/5e4ae16ab23e/2be1a655bb44/launch-5d0b74b28d2b.min.js 1:27118 "AT:" "metric element not found" Object
Jan 28,2022 11:57:31 [info]  Found error in logs for url "https://www.sc.com/sg/priority/" and message : https://www.googletagmanager.com/gtm.js?id=GTM-P3BPFN7&l=dataLayer 73 Unrecognized feature: 'attribution-reporting'.
Jan 28,2022 11:57:31 [info]  Found error in logs for url "https://www.sc.com/sg/priority/" and message : https://www.googletagmanager.com/gtm.js?id=GTM-P3BPFN7&l=dataLayer 73 Unrecognized feature: 'conversion-measurement'.
Jan 28,2022 11:57:31 [info]  Found error in logs for url "https://www.sc.com/sg/priority/" and message : https://www.googletagmanager.com/gtm.js?id=GTM-P3BPFN7&l=dataLayer 73 Unrecognized feature: 'attribution-reporting'.
Jan 28,2022 11:57:31 [info]  Found error in logs for url "https://www.sc.com/sg/priority/" and message : https://www.googletagmanager.com/gtm.js?id=GTM-P3BPFN7&l=dataLayer 73 Unrecognized feature: 'conversion-measurement'.
Jan 28,2022 11:57:31 [info]  Found error in logs for url "https://www.sc.com/sg/priority/" and message : https://4933917.fls.doubleclick.net/activityi;dc_pre=CMP5n7no0_UCFQ4ItwAdCmMDNw;src=4933917;type=remar0;cat=stanc0;ord=7123662403977;gtm=2wg1q0;auiddc=319933692.1643350487;u1=%2Fsg%2Fpriority%2F;~oref=https%3A%2F%2Fwww.sc.com%2Fsg%2Fpriority%2F? 0 Refused to execute inline script because it violates the following Content Security Policy directive: "script-src 'none'". Either the 'unsafe-inline' keyword, a hash ('sha256-AfcggJl5oiFKi9hzc/K8iFxNPkTWv7zpkRVU5Jb3Hcc='), or a nonce ('nonce-...') is required to enable inline execution.

Jan 28,2022 11:57:31 [info]  Found error in logs for url "https://www.sc.com/sg/priority/" and message : https://4933917.fls.doubleclick.net/activityi;dc_pre=CKKnobno0_UCFV_WcwEd5bkKZg;src=4933917;type=scbsg;cat=sglands;ord=5622856952170;gtm=2wg1q0;auiddc=319933692.1643350487;u1=%2Fsg%2Fpriority%2F;u2=priority;u3=;u9=sg;u5=;~oref=https%3A%2F%2Fwww.sc.com%2Fsg%2Fpriority%2F? 16 Refused to execute inline script because it violates the following Content Security Policy directive: "script-src 'none'". Either the 'unsafe-inline' keyword, a hash ('sha256-47N20R3dMRJUG6HsKEWzGV1pq7WM6rrJOQpwLiDuTFE='), or a nonce ('nonce-...') is required to enable inline execution.

Jan 28,2022 11:57:31 [info]  Found error in logs for url "https://www.sc.com/sg/priority/" and message : https://av.sc.com/assets/global/adobe/production/5e4ae16ab23e/2be1a655bb44/launch-5d0b74b28d2b.min.js 12:2713 "?" "container.buildInfo.environment is deprecated.Please use `container.environment.stage` instead"
Jan 28,2022 11:57:31 [info]  Found error in logs for url "https://www.sc.com/sg/priority/" and message : https://av.sc.com/assets/global/adobe/production/5e4ae16ab23e/2be1a655bb44/launch-5d0b74b28d2b.min.js 1:27118 "AT:" "metric element not found" Object
Jan 28,2022 11:57:31 [info]  Found error in logs for url "https://www.sc.com/sg/priority/" and message : https://av.sc.com/assets/global/adobe/production/5e4ae16ab23e/2be1a655bb44/launch-5d0b74b28d2b.min.js 1:27118 "AT:" "metric element not found" Object
Jan 28,2022 11:57:31 [info]  Found error in logs for url "https://www.sc.com/sg/priority/" and message : https://av.sc.com/assets/global/adobe/production/5e4ae16ab23e/2be1a655bb44/launch-5d0b74b28d2b.min.js 1:27118 "AT:" "metric element not found" Object
Jan 28,2022 11:57:31 [info]  Found error in logs for url "https://www.sc.com/sg/priority/" and message : https://av.sc.com/assets/global/adobe/production/5e4ae16ab23e/2be1a655bb44/launch-5d0b74b28d2b.min.js 1:27118 "AT:" "metric element not found" Object
Jan 28,2022 11:57:31 [info]  Found error in logs for url "https://www.sc.com/sg/priority/" and message : https://av.sc.com/assets/global/adobe/production/5e4ae16ab23e/2be1a655bb44/launch-5d0b74b28d2b.min.js 1:27118 "AT:" "metric element not found" Object
Jan 28,2022 11:57:31 [info]  Found error in logs for url "https://www.sc.com/sg/priority/" and message : https://av.sc.com/assets/global/adobe/production/5e4ae16ab23e/2be1a655bb44/launch-5d0b74b28d2b.min.js 1:27118 "AT:" "metric element not found" Object
Jan 28,2022 11:57:31 [info]  Found error in logs for url "https://www.sc.com/sg/priority/" and message : https://av.sc.com/assets/global/adobe/production/5e4ae16ab23e/2be1a655bb44/launch-5d0b74b28d2b.min.js 1:27118 "AT:" "metric element not found" Object
Jan 28,2022 11:57:31 [info]  Found error in logs for url "https://www.sc.com/sg/priority/" and message : https://av.sc.com/assets/global/adobe/production/5e4ae16ab23e/2be1a655bb44/launch-5d0b74b28d2b.min.js 1:27118 "AT:" "metric element not found" Object
Jan 28,2022 11:57:31 [info]  Found error in logs for url "https://www.sc.com/sg/priority/" and message : https://av.sc.com/assets/global/adobe/production/5e4ae16ab23e/2be1a655bb44/launch-5d0b74b28d2b.min.js 1:27118 "AT:" "metric element not found" Object
Jan 28,2022 11:57:31 [info]  Found error in logs for url "https://www.sc.com/sg/priority/" and message : https://av.sc.com/assets/global/adobe/production/5e4ae16ab23e/2be1a655bb44/launch-5d0b74b28d2b.min.js 1:27118 "AT:" "metric element not found" Object
Jan 28,2022 11:57:31 [info]  Found error in logs for url "https://www.sc.com/sg/priority/" and message : https://av.sc.com/assets/global/adobe/production/5e4ae16ab23e/2be1a655bb44/launch-5d0b74b28d2b.min.js 1:27118 "AT:" "metric element not found" Object
Jan 28,2022 11:57:31 [info]  Found error in logs for url "https://www.sc.com/sg/priority/" and message : https://av.sc.com/assets/global/adobe/production/5e4ae16ab23e/2be1a655bb44/launch-5d0b74b28d2b.min.js 1:27118 "AT:" "metric element not found" Object
Jan 28,2022 11:57:31 [info]  Found error in logs for url "https://www.sc.com/sg/priority/" and message : https://av.sc.com/assets/global/adobe/production/5e4ae16ab23e/2be1a655bb44/launch-5d0b74b28d2b.min.js 1:27118 "AT:" "metric element not found" Object
Jan 28,2022 11:57:31 [info]  Found error in logs for url "https://www.sc.com/sg/priority/" and message : https://av.sc.com/assets/global/adobe/production/5e4ae16ab23e/2be1a655bb44/launch-5d0b74b28d2b.min.js 1:27118 "AT:" "metric element not found" Object
Jan 28,2022 11:57:31 [info]  Found error in logs for url "https://www.sc.com/sg/priority/" and message : https://av.sc.com/assets/global/adobe/production/5e4ae16ab23e/2be1a655bb44/launch-5d0b74b28d2b.min.js 1:27118 "AT:" "metric element not found" Object
Jan 28,2022 11:57:31 [info]  Found error in logs for url "https://www.sc.com/sg/priority/" and message : https://av.sc.com/assets/global/adobe/production/5e4ae16ab23e/2be1a655bb44/launch-5d0b74b28d2b.min.js 1:27118 "AT:" "metric element not found" Object
Jan 28,2022 11:57:31 [info]  2 Console error found
Jan 28,2022 11:57:34 [info]  Navigated to the new URL: https://www.sc.com/sg/priority/priority-private/
Jan 28,2022 11:57:40 [info]  Found error in logs for url "https://www.sc.com/sg/priority/priority-private/" and message : https://www.googletagmanager.com/gtm.js?id=GTM-P3BPFN7&l=dataLayer 73 Unrecognized feature: 'attribution-reporting'.
Jan 28,2022 11:57:40 [info]  Found error in logs for url "https://www.sc.com/sg/priority/priority-private/" and message : https://www.googletagmanager.com/gtm.js?id=GTM-P3BPFN7&l=dataLayer 73 Unrecognized feature: 'conversion-measurement'.
Jan 28,2022 11:57:40 [info]  Found error in logs for url "https://www.sc.com/sg/priority/priority-private/" and message : https://www.googletagmanager.com/gtm.js?id=GTM-P3BPFN7&l=dataLayer 73 Unrecognized feature: 'attribution-reporting'.
Jan 28,2022 11:57:40 [info]  Found error in logs for url "https://www.sc.com/sg/priority/priority-private/" and message : https://www.googletagmanager.com/gtm.js?id=GTM-P3BPFN7&l=dataLayer 73 Unrecognized feature: 'conversion-measurement'.
Jan 28,2022 11:57:40 [info]  Found error in logs for url "https://www.sc.com/sg/priority/priority-private/" and message : https://4933917.fls.doubleclick.net/activityi;dc_pre=CPWD273o0_UCFQGL2AUdrXIIrA;src=4933917;type=remar0;cat=stanc0;ord=6093355182871;gtm=2wg1q0;auiddc=319933692.1643350487;u1=%2Fsg%2Fpriority%2Fpriority-private%2F;~oref=https%3A%2F%2Fwww.sc.com%2Fsg%2Fpriority%2Fpriority-private%2F? 0 Refused to execute inline script because it violates the following Content Security Policy directive: "script-src 'none'". Either the 'unsafe-inline' keyword, a hash ('sha256-AfcggJl5oiFKi9hzc/K8iFxNPkTWv7zpkRVU5Jb3Hcc='), or a nonce ('nonce-...') is required to enable inline execution.

Jan 28,2022 11:57:40 [info]  Found error in logs for url "https://www.sc.com/sg/priority/priority-private/" and message : https://4933917.fls.doubleclick.net/activityi;dc_pre=CPmE3b3o0_UCFfottwAd7V4EtA;src=4933917;type=scbsg;cat=sglands;ord=874322263382;gtm=2wg1q0;auiddc=319933692.1643350487;u1=%2Fsg%2Fpriority%2Fpriority-private%2F;u2=priority;u3=priority-private;u9=sg;u5=priority-private;~oref=https%3A%2F%2Fwww.sc.com%2Fsg%2Fpriority%2Fpriority-private%2F? 16 Refused to execute inline script because it violates the following Content Security Policy directive: "script-src 'none'". Either the 'unsafe-inline' keyword, a hash ('sha256-tDsXkBBffi58fbPbGQewzMcSFuXW9aWfTKA0I1BE/zM='), or a nonce ('nonce-...') is required to enable inline execution.

Jan 28,2022 11:57:40 [info]  Found error in logs for url "https://www.sc.com/sg/priority/priority-private/" and message : https://av.sc.com/assets/global/js/utils.min.js?ver=13bd13b 0:8411 Uncaught DOMException: Blocked a frame with origin "https://www.sc.com" from accessing a cross-origin frame.
Jan 28,2022 11:57:40 [info]  Found error in logs for url "https://www.sc.com/sg/priority/priority-private/" and message : https://av.sc.com/assets/global/adobe/production/5e4ae16ab23e/2be1a655bb44/launch-5d0b74b28d2b.min.js 12:2713 "?" "container.buildInfo.environment is deprecated.Please use `container.environment.stage` instead"
Jan 28,2022 11:57:40 [info]  Found error in logs for url "https://www.sc.com/sg/priority/priority-private/" and message : https://av.sc.com/assets/global/adobe/production/5e4ae16ab23e/2be1a655bb44/launch-5d0b74b28d2b.min.js 1:27118 "AT:" "metric element not found" Object
Jan 28,2022 11:57:40 [info]  Found error in logs for url "https://www.sc.com/sg/priority/priority-private/" and message : https://av.sc.com/assets/global/adobe/production/5e4ae16ab23e/2be1a655bb44/launch-5d0b74b28d2b.min.js 1:27118 "AT:" "metric element not found" Object
Jan 28,2022 11:57:40 [info]  Found error in logs for url "https://www.sc.com/sg/priority/priority-private/" and message : https://av.sc.com/assets/global/adobe/production/5e4ae16ab23e/2be1a655bb44/launch-5d0b74b28d2b.min.js 1:27118 "AT:" "metric element not found" Object
Jan 28,2022 11:57:40 [info]  Found error in logs for url "https://www.sc.com/sg/priority/priority-private/" and message : https://av.sc.com/assets/global/adobe/production/5e4ae16ab23e/2be1a655bb44/launch-5d0b74b28d2b.min.js 1:27118 "AT:" "metric element not found" Object
Jan 28,2022 11:57:40 [info]  Found error in logs for url "https://www.sc.com/sg/priority/priority-private/" and message : https://av.sc.com/assets/global/adobe/production/5e4ae16ab23e/2be1a655bb44/launch-5d0b74b28d2b.min.js 1:27118 "AT:" "metric element not found" Object
Jan 28,2022 11:57:40 [info]  Found error in logs for url "https://www.sc.com/sg/priority/priority-private/" and message : https://av.sc.com/assets/global/adobe/production/5e4ae16ab23e/2be1a655bb44/launch-5d0b74b28d2b.min.js 1:27118 "AT:" "metric element not found" Object
Jan 28,2022 11:57:40 [info]  Found error in logs for url "https://www.sc.com/sg/priority/priority-private/" and message : https://av.sc.com/assets/global/adobe/production/5e4ae16ab23e/2be1a655bb44/launch-5d0b74b28d2b.min.js 1:27118 "AT:" "metric element not found" Object
Jan 28,2022 11:57:40 [info]  Found error in logs for url "https://www.sc.com/sg/priority/priority-private/" and message : https://av.sc.com/assets/global/adobe/production/5e4ae16ab23e/2be1a655bb44/launch-5d0b74b28d2b.min.js 1:27118 "AT:" "metric element not found" Object
Jan 28,2022 11:57:40 [info]  Found error in logs for url "https://www.sc.com/sg/priority/priority-private/" and message : https://av.sc.com/assets/global/adobe/production/5e4ae16ab23e/2be1a655bb44/launch-5d0b74b28d2b.min.js 1:27118 "AT:" "metric element not found" Object
Jan 28,2022 11:57:40 [info]  Found error in logs for url "https://www.sc.com/sg/priority/priority-private/" and message : https://av.sc.com/assets/global/adobe/production/5e4ae16ab23e/2be1a655bb44/launch-5d0b74b28d2b.min.js 1:27118 "AT:" "metric element not found" Object
Jan 28,2022 11:57:40 [info]  Found error in logs for url "https://www.sc.com/sg/priority/priority-private/" and message : https://av.sc.com/assets/global/adobe/production/5e4ae16ab23e/2be1a655bb44/launch-5d0b74b28d2b.min.js 1:27118 "AT:" "metric element not found" Object
Jan 28,2022 11:57:40 [info]  Found error in logs for url "https://www.sc.com/sg/priority/priority-private/" and message : https://av.sc.com/assets/global/adobe/production/5e4ae16ab23e/2be1a655bb44/launch-5d0b74b28d2b.min.js 1:27118 "AT:" "metric element not found" Object
Jan 28,2022 11:57:40 [info]  Found error in logs for url "https://www.sc.com/sg/priority/priority-private/" and message : https://av.sc.com/assets/global/adobe/production/5e4ae16ab23e/2be1a655bb44/launch-5d0b74b28d2b.min.js 1:27118 "AT:" "metric element not found" Object
Jan 28,2022 11:57:40 [info]  Found error in logs for url "https://www.sc.com/sg/priority/priority-private/" and message : https://av.sc.com/assets/global/adobe/production/5e4ae16ab23e/2be1a655bb44/launch-5d0b74b28d2b.min.js 1:27118 "AT:" "metric element not found" Object
Jan 28,2022 11:57:40 [info]  Found error in logs for url "https://www.sc.com/sg/priority/priority-private/" and message : https://av.sc.com/assets/global/adobe/production/5e4ae16ab23e/2be1a655bb44/launch-5d0b74b28d2b.min.js 1:27118 "AT:" "metric element not found" Object
Jan 28,2022 11:57:40 [info]  Found error in logs for url "https://www.sc.com/sg/priority/priority-private/" and message : https://av.sc.com/assets/global/adobe/production/5e4ae16ab23e/2be1a655bb44/launch-5d0b74b28d2b.min.js 1:27118 "AT:" "metric element not found" Object
Jan 28,2022 11:57:40 [info]  Found error in logs for url "https://www.sc.com/sg/priority/priority-private/" and message : https://av.sc.com/assets/global/adobe/production/5e4ae16ab23e/2be1a655bb44/launch-5d0b74b28d2b.min.js 1:27118 "AT:" "metric element not found" Object
Jan 28,2022 11:57:40 [info]  Found error in logs for url "https://www.sc.com/sg/priority/priority-private/" and message : https://av.sc.com/assets/global/adobe/production/5e4ae16ab23e/2be1a655bb44/launch-5d0b74b28d2b.min.js 1:27118 "AT:" "metric element not found" Object
Jan 28,2022 11:57:40 [info]  Found error in logs for url "https://www.sc.com/sg/priority/priority-private/" and message : https://av.sc.com/assets/global/js/utils.min.js?ver=13bd13b 0:8411 Uncaught DOMException: Blocked a frame with origin "https://www.sc.com" from accessing a cross-origin frame.
Jan 28,2022 11:57:40 [info]  4 Console error found
Jan 28,2022 11:57:43 [info]  Navigated to the new URL: https://www.sc.com/sg/wealth/
Jan 28,2022 11:57:48 [info]  Found error in logs for url "https://www.sc.com/sg/wealth/" and message : https://online.forms.standardchartered.com/public_website/singapore/priority-forms-cmsdct/priority_form_dynamic.html?ccode=sg&form_id=SGR556&p_id=2 - Access to XMLHttpRequest at 'chrome-extension://ghbmnnjooekpmoecnnnilnnbdlolhkhi/page_embed_script.js' from origin 'https://online.forms.standardchartered.com' has been blocked by CORS policy: Cross origin requests are only supported for protocol schemes: http, data, chrome, chrome-untrusted, https.
Jan 28,2022 11:57:48 [info]  Found error in logs for url "https://www.sc.com/sg/wealth/" and message : chrome-extension://ghbmnnjooekpmoecnnnilnnbdlolhkhi/page_embed_script.js - Failed to load resource: net::ERR_FAILED
Jan 28,2022 11:57:48 [info]  Found error in logs for url "https://www.sc.com/sg/wealth/" and message : https://www.googletagmanager.com/gtm.js?id=GTM-P3BPFN7&l=dataLayer 73 Unrecognized feature: 'attribution-reporting'.
Jan 28,2022 11:57:48 [info]  Found error in logs for url "https://www.sc.com/sg/wealth/" and message : https://www.googletagmanager.com/gtm.js?id=GTM-P3BPFN7&l=dataLayer 73 Unrecognized feature: 'conversion-measurement'.
Jan 28,2022 11:57:48 [info]  Found error in logs for url "https://www.sc.com/sg/wealth/" and message : https://www.googletagmanager.com/gtm.js?id=GTM-P3BPFN7&l=dataLayer 73 Unrecognized feature: 'attribution-reporting'.
Jan 28,2022 11:57:48 [info]  Found error in logs for url "https://www.sc.com/sg/wealth/" and message : https://www.googletagmanager.com/gtm.js?id=GTM-P3BPFN7&l=dataLayer 73 Unrecognized feature: 'conversion-measurement'.
Jan 28,2022 11:57:48 [info]  Found error in logs for url "https://www.sc.com/sg/wealth/" and message : https://4933917.fls.doubleclick.net/activityi;dc_pre=CPn8gsLo0_UCFXqK2AUd9CwErw;src=4933917;type=remar0;cat=stanc0;ord=2310058452033;gtm=2wg1q0;auiddc=319933692.1643350487;u1=%2Fsg%2Fwealth%2F;~oref=https%3A%2F%2Fwww.sc.com%2Fsg%2Fwealth%2F? 0 Refused to execute inline script because it violates the following Content Security Policy directive: "script-src 'none'". Either the 'unsafe-inline' keyword, a hash ('sha256-AfcggJl5oiFKi9hzc/K8iFxNPkTWv7zpkRVU5Jb3Hcc='), or a nonce ('nonce-...') is required to enable inline execution.

Jan 28,2022 11:57:48 [info]  Found error in logs for url "https://www.sc.com/sg/wealth/" and message : https://4933917.fls.doubleclick.net/activityi;dc_pre=CKijhMLo0_UCFa2O2AUdV0EDsw;src=4933917;type=scbsg;cat=sglands;ord=7587870921861;gtm=2wg1q0;auiddc=319933692.1643350487;u1=%2Fsg%2Fwealth%2F;u2=wealth;u3=;u9=sg;u5=;~oref=https%3A%2F%2Fwww.sc.com%2Fsg%2Fwealth%2F? 16 Refused to execute inline script because it violates the following Content Security Policy directive: "script-src 'none'". Either the 'unsafe-inline' keyword, a hash ('sha256-fgTcfDu0mUiwuvWrTiWv/F9siqjHgbFnDgpLwq2Ocww='), or a nonce ('nonce-...') is required to enable inline execution.

Jan 28,2022 11:57:48 [info]  Found error in logs for url "https://www.sc.com/sg/wealth/" and message : https://av.sc.com/assets/global/adobe/production/5e4ae16ab23e/2be1a655bb44/launch-5d0b74b28d2b.min.js 1:27118 "AT:" "[page-init]" "Adobe Target content delivery is disabled. Ensure that you can save cookies to your current domain, there is no \"mboxDisable\" cookie and there is no \"mboxDisable\" parameter in query string."
Jan 28,2022 11:57:48 [info]  Found error in logs for url "https://www.sc.com/sg/wealth/" and message : https://av.sc.com/assets/global/js/utils.min.js?ver=e8ba9f3 0:8411 Uncaught DOMException: Blocked a frame with origin "https://www.sc.com" from accessing a cross-origin frame.
Jan 28,2022 11:57:48 [info]  Found error in logs for url "https://www.sc.com/sg/wealth/" and message : https://av.sc.com/assets/global/adobe/production/5e4ae16ab23e/2be1a655bb44/launch-5d0b74b28d2b.min.js 12:2713 "?" "container.buildInfo.environment is deprecated.Please use `container.environment.stage` instead"
Jan 28,2022 11:57:48 [info]  Found error in logs for url "https://www.sc.com/sg/wealth/" and message : https://av.sc.com/assets/global/js/iframe.js?ver=e8ba9f3 7:866 "[iFrameSizer][Host page: sc-lb-module-embedded-form-frame]" "IFrame has not responded within 5 seconds. Check iFrameResizer.contentWindow.js has been loaded in iFrame. This message can be ignored if everything is working, or you can set the warningTimeout option to a higher value or zero to suppress this warning."
Jan 28,2022 11:57:48 [info]  Found error in logs for url "https://www.sc.com/sg/wealth/" and message : https://av.sc.com/assets/global/adobe/production/5e4ae16ab23e/2be1a655bb44/launch-5d0b74b28d2b.min.js 1:27118 "AT:" "metric element not found" Object
Jan 28,2022 11:57:48 [info]  Found error in logs for url "https://www.sc.com/sg/wealth/" and message : https://av.sc.com/assets/global/adobe/production/5e4ae16ab23e/2be1a655bb44/launch-5d0b74b28d2b.min.js 1:27118 "AT:" "metric element not found" Object
Jan 28,2022 11:57:48 [info]  Found error in logs for url "https://www.sc.com/sg/wealth/" and message : https://av.sc.com/assets/global/adobe/production/5e4ae16ab23e/2be1a655bb44/launch-5d0b74b28d2b.min.js 1:27118 "AT:" "metric element not found" Object
Jan 28,2022 11:57:48 [info]  Found error in logs for url "https://www.sc.com/sg/wealth/" and message : https://av.sc.com/assets/global/adobe/production/5e4ae16ab23e/2be1a655bb44/launch-5d0b74b28d2b.min.js 1:27118 "AT:" "metric element not found" Object
Jan 28,2022 11:57:48 [info]  Found error in logs for url "https://www.sc.com/sg/wealth/" and message : https://av.sc.com/assets/global/adobe/production/5e4ae16ab23e/2be1a655bb44/launch-5d0b74b28d2b.min.js 1:27118 "AT:" "metric element not found" Object
Jan 28,2022 11:57:48 [info]  Found error in logs for url "https://www.sc.com/sg/wealth/" and message : https://av.sc.com/assets/global/adobe/production/5e4ae16ab23e/2be1a655bb44/launch-5d0b74b28d2b.min.js 1:27118 "AT:" "metric element not found" Object
Jan 28,2022 11:57:48 [info]  Found error in logs for url "https://www.sc.com/sg/wealth/" and message : https://av.sc.com/assets/global/adobe/production/5e4ae16ab23e/2be1a655bb44/launch-5d0b74b28d2b.min.js 1:27118 "AT:" "metric element not found" Object
Jan 28,2022 11:57:48 [info]  Found error in logs for url "https://www.sc.com/sg/wealth/" and message : https://av.sc.com/assets/global/adobe/production/5e4ae16ab23e/2be1a655bb44/launch-5d0b74b28d2b.min.js 1:27118 "AT:" "metric element not found" Object
Jan 28,2022 11:57:48 [info]  Found error in logs for url "https://www.sc.com/sg/wealth/" and message : https://av.sc.com/assets/global/adobe/production/5e4ae16ab23e/2be1a655bb44/launch-5d0b74b28d2b.min.js 1:27118 "AT:" "metric element not found" Object
Jan 28,2022 11:57:48 [info]  Found error in logs for url "https://www.sc.com/sg/wealth/" and message : https://av.sc.com/assets/global/adobe/production/5e4ae16ab23e/2be1a655bb44/launch-5d0b74b28d2b.min.js 1:27118 "AT:" "metric element not found" Object
Jan 28,2022 11:57:48 [info]  Found error in logs for url "https://www.sc.com/sg/wealth/" and message : https://av.sc.com/assets/global/adobe/production/5e4ae16ab23e/2be1a655bb44/launch-5d0b74b28d2b.min.js 1:27118 "AT:" "metric element not found" Object
Jan 28,2022 11:57:48 [info]  Found error in logs for url "https://www.sc.com/sg/wealth/" and message : https://av.sc.com/assets/global/adobe/production/5e4ae16ab23e/2be1a655bb44/launch-5d0b74b28d2b.min.js 1:27118 "AT:" "metric element not found" Object
Jan 28,2022 11:57:48 [info]  Found error in logs for url "https://www.sc.com/sg/wealth/" and message : https://av.sc.com/assets/global/adobe/production/5e4ae16ab23e/2be1a655bb44/launch-5d0b74b28d2b.min.js 1:27118 "AT:" "metric element not found" Object
Jan 28,2022 11:57:48 [info]  Found error in logs for url "https://www.sc.com/sg/wealth/" and message : https://av.sc.com/assets/global/adobe/production/5e4ae16ab23e/2be1a655bb44/launch-5d0b74b28d2b.min.js 1:27118 "AT:" "metric element not found" Object
Jan 28,2022 11:57:48 [info]  Found error in logs for url "https://www.sc.com/sg/wealth/" and message : https://av.sc.com/assets/global/adobe/production/5e4ae16ab23e/2be1a655bb44/launch-5d0b74b28d2b.min.js 1:27118 "AT:" "metric element not found" Object
Jan 28,2022 11:57:48 [info]  Found error in logs for url "https://www.sc.com/sg/wealth/" and message : https://av.sc.com/assets/global/adobe/production/5e4ae16ab23e/2be1a655bb44/launch-5d0b74b28d2b.min.js 1:27118 "AT:" "metric element not found" Object
Jan 28,2022 11:57:48 [info]  Found error in logs for url "https://www.sc.com/sg/wealth/" and message : https://av.sc.com/assets/global/adobe/production/5e4ae16ab23e/2be1a655bb44/launch-5d0b74b28d2b.min.js 1:27118 "AT:" "metric element not found" Object
Jan 28,2022 11:57:48 [info]  Found error in logs for url "https://www.sc.com/sg/wealth/" and message : https://av.sc.com/assets/global/adobe/production/5e4ae16ab23e/2be1a655bb44/launch-5d0b74b28d2b.min.js 1:27118 "AT:" "metric element not found" Object
Jan 28,2022 11:57:48 [info]  Found error in logs for url "https://www.sc.com/sg/wealth/" and message : https://av.sc.com/assets/global/adobe/production/5e4ae16ab23e/2be1a655bb44/launch-5d0b74b28d2b.min.js 1:27118 "AT:" "[page-init]" "Adobe Target content delivery is disabled. Ensure that you can save cookies to your current domain, there is no \"mboxDisable\" cookie and there is no \"mboxDisable\" parameter in query string."
Jan 28,2022 11:57:48 [info]  Found error in logs for url "https://www.sc.com/sg/wealth/" and message : https://av.sc.com/assets/global/js/utils.min.js?ver=e8ba9f3 0:8411 Uncaught DOMException: Blocked a frame with origin "https://www.sc.com" from accessing a cross-origin frame.
Jan 28,2022 11:57:48 [info]  Found error in logs for url "https://www.sc.com/sg/wealth/" and message : https://av.sc.com/assets/global/js/iframe.js?ver=e8ba9f3 7:866 "[iFrameSizer][Host page: sc-lb-module-embedded-form-frame]" "IFrame has not responded within 5 seconds. Check iFrameResizer.contentWindow.js has been loaded in iFrame. This message can be ignored if everything is working, or you can set the warningTimeout option to a higher value or zero to suppress this warning."
Jan 28,2022 11:57:48 [info]  6 Console error found
Jan 28,2022 11:57:51 [info]  Navigated to the new URL: https://www.sc.com/sg/international-banking/
Jan 28,2022 11:57:56 [info]  Found error in logs for url "https://www.sc.com/sg/international-banking/" and message : https://www.googletagmanager.com/gtm.js?id=GTM-P3BPFN7&l=dataLayer 73 Unrecognized feature: 'attribution-reporting'.
Jan 28,2022 11:57:56 [info]  Found error in logs for url "https://www.sc.com/sg/international-banking/" and message : https://www.googletagmanager.com/gtm.js?id=GTM-P3BPFN7&l=dataLayer 73 Unrecognized feature: 'conversion-measurement'.
Jan 28,2022 11:57:56 [info]  Found error in logs for url "https://www.sc.com/sg/international-banking/" and message : https://www.googletagmanager.com/gtm.js?id=GTM-P3BPFN7&l=dataLayer 73 Unrecognized feature: 'attribution-reporting'.
Jan 28,2022 11:57:56 [info]  Found error in logs for url "https://www.sc.com/sg/international-banking/" and message : https://www.googletagmanager.com/gtm.js?id=GTM-P3BPFN7&l=dataLayer 73 Unrecognized feature: 'conversion-measurement'.
Jan 28,2022 11:57:56 [info]  Found error in logs for url "https://www.sc.com/sg/international-banking/" and message : https://www.googletagmanager.com/gtm.js?id=GTM-P3BPFN7&l=dataLayer 73 Unrecognized feature: 'attribution-reporting'.
Jan 28,2022 11:57:56 [info]  Found error in logs for url "https://www.sc.com/sg/international-banking/" and message : https://www.googletagmanager.com/gtm.js?id=GTM-P3BPFN7&l=dataLayer 73 Unrecognized feature: 'conversion-measurement'.
Jan 28,2022 11:57:56 [info]  Found error in logs for url "https://www.sc.com/sg/international-banking/" and message : https://www.googletagmanager.com/gtm.js?id=GTM-P3BPFN7&l=dataLayer 73 Unrecognized feature: 'attribution-reporting'.
Jan 28,2022 11:57:56 [info]  Found error in logs for url "https://www.sc.com/sg/international-banking/" and message : https://www.googletagmanager.com/gtm.js?id=GTM-P3BPFN7&l=dataLayer 73 Unrecognized feature: 'conversion-measurement'.
Jan 28,2022 11:57:56 [info]  Found error in logs for url "https://www.sc.com/sg/international-banking/" and message : https://av.sc.com/assets/global/js/vendor/flickity_v2.js?_=1643351269224 10:6413 "Error parsing data-flickity on m-banner carousel-full has-hero-slides flickity-enabled is-draggable: SyntaxError: Unexpected token ' in JSON at position 3"
Jan 28,2022 11:57:56 [info]  Found error in logs for url "https://www.sc.com/sg/international-banking/" and message : https://4933917.fls.doubleclick.net/activityi;dc_pre=CIfn4sXo0_UCFVwKtwAdYsEKcQ;src=4933917;type=remar0;cat=stanc0;ord=5205861704287;gtm=2wg1q0;auiddc=319933692.1643350487;u1=%2Fsg%2Finternational-banking%2F;~oref=https%3A%2F%2Fwww.sc.com%2Fsg%2Finternational-banking%2F? 0 Refused to execute inline script because it violates the following Content Security Policy directive: "script-src 'none'". Either the 'unsafe-inline' keyword, a hash ('sha256-AfcggJl5oiFKi9hzc/K8iFxNPkTWv7zpkRVU5Jb3Hcc='), or a nonce ('nonce-...') is required to enable inline execution.

Jan 28,2022 11:57:56 [info]  Found error in logs for url "https://www.sc.com/sg/international-banking/" and message : https://4933917.fls.doubleclick.net/activityi;dc_pre=CP3748Xo0_UCFeCT2AUdARkKcQ;src=4933917;type=scbsg;cat=sglands;ord=3099255845230;gtm=2wg1q0;auiddc=319933692.1643350487;u1=%2Fsg%2Finternational-banking%2F;u2=international-banking;u3=;u9=sg;u5=;~oref=https%3A%2F%2Fwww.sc.com%2Fsg%2Finternational-banking%2F? 16 Refused to execute inline script because it violates the following Content Security Policy directive: "script-src 'none'". Either the 'unsafe-inline' keyword, a hash ('sha256-IvcEwgGnT26HYfR1WIkhtcKfPkiH2u/EDdhBDitdGCs='), or a nonce ('nonce-...') is required to enable inline execution.

Jan 28,2022 11:57:56 [info]  Found error in logs for url "https://www.sc.com/sg/international-banking/" and message : https://av.sc.com/assets/global/adobe/production/5e4ae16ab23e/2be1a655bb44/launch-5d0b74b28d2b.min.js 1:27118 "AT:" "[page-init]" "Adobe Target content delivery is disabled. Ensure that you can save cookies to your current domain, there is no \"mboxDisable\" cookie and there is no \"mboxDisable\" parameter in query string."
Jan 28,2022 11:57:56 [info]  Found error in logs for url "https://www.sc.com/sg/international-banking/" and message : https://av.sc.com/assets/global/js/utils.min.js?ver=4a944f7 0:8411 Uncaught DOMException: Blocked a frame with origin "https://www.sc.com" from accessing a cross-origin frame.
Jan 28,2022 11:57:56 [info]  Found error in logs for url "https://www.sc.com/sg/international-banking/" and message : https://av.sc.com/assets/global/adobe/production/5e4ae16ab23e/2be1a655bb44/launch-5d0b74b28d2b.min.js 12:2713 "?" "container.buildInfo.environment is deprecated.Please use `container.environment.stage` instead"
Jan 28,2022 11:57:56 [info]  Found error in logs for url "https://www.sc.com/sg/international-banking/" and message : https://av.sc.com/assets/global/adobe/production/5e4ae16ab23e/2be1a655bb44/launch-5d0b74b28d2b.min.js 1:27118 "AT:" "[page-init]" "Adobe Target content delivery is disabled. Ensure that you can save cookies to your current domain, there is no \"mboxDisable\" cookie and there is no \"mboxDisable\" parameter in query string."
Jan 28,2022 11:57:56 [info]  Found error in logs for url "https://www.sc.com/sg/international-banking/" and message : https://av.sc.com/assets/global/js/utils.min.js?ver=4a944f7 0:8411 Uncaught DOMException: Blocked a frame with origin "https://www.sc.com" from accessing a cross-origin frame.
Jan 28,2022 11:57:56 [info]  Found error in logs for url "https://www.sc.com/sg/international-banking/" and message : https://av.sc.com/assets/global/adobe/production/5e4ae16ab23e/2be1a655bb44/launch-5d0b74b28d2b.min.js 1:27118 "AT:" "metric element not found" Object
Jan 28,2022 11:57:56 [info]  Found error in logs for url "https://www.sc.com/sg/international-banking/" and message : https://av.sc.com/assets/global/adobe/production/5e4ae16ab23e/2be1a655bb44/launch-5d0b74b28d2b.min.js 1:27118 "AT:" "metric element not found" Object
Jan 28,2022 11:57:56 [info]  Found error in logs for url "https://www.sc.com/sg/international-banking/" and message : https://av.sc.com/assets/global/adobe/production/5e4ae16ab23e/2be1a655bb44/launch-5d0b74b28d2b.min.js 1:27118 "AT:" "metric element not found" Object
Jan 28,2022 11:57:56 [info]  Found error in logs for url "https://www.sc.com/sg/international-banking/" and message : https://av.sc.com/assets/global/adobe/production/5e4ae16ab23e/2be1a655bb44/launch-5d0b74b28d2b.min.js 1:27118 "AT:" "metric element not found" Object
Jan 28,2022 11:57:56 [info]  Found error in logs for url "https://www.sc.com/sg/international-banking/" and message : https://av.sc.com/assets/global/adobe/production/5e4ae16ab23e/2be1a655bb44/launch-5d0b74b28d2b.min.js 1:27118 "AT:" "metric element not found" Object
Jan 28,2022 11:57:56 [info]  Found error in logs for url "https://www.sc.com/sg/international-banking/" and message : https://av.sc.com/assets/global/adobe/production/5e4ae16ab23e/2be1a655bb44/launch-5d0b74b28d2b.min.js 1:27118 "AT:" "metric element not found" Object
Jan 28,2022 11:57:56 [info]  Found error in logs for url "https://www.sc.com/sg/international-banking/" and message : https://av.sc.com/assets/global/adobe/production/5e4ae16ab23e/2be1a655bb44/launch-5d0b74b28d2b.min.js 1:27118 "AT:" "metric element not found" Object
Jan 28,2022 11:57:56 [info]  Found error in logs for url "https://www.sc.com/sg/international-banking/" and message : https://av.sc.com/assets/global/adobe/production/5e4ae16ab23e/2be1a655bb44/launch-5d0b74b28d2b.min.js 1:27118 "AT:" "metric element not found" Object
Jan 28,2022 11:57:56 [info]  Found error in logs for url "https://www.sc.com/sg/international-banking/" and message : https://av.sc.com/assets/global/adobe/production/5e4ae16ab23e/2be1a655bb44/launch-5d0b74b28d2b.min.js 1:27118 "AT:" "metric element not found" Object
Jan 28,2022 11:57:56 [info]  Found error in logs for url "https://www.sc.com/sg/international-banking/" and message : https://av.sc.com/assets/global/adobe/production/5e4ae16ab23e/2be1a655bb44/launch-5d0b74b28d2b.min.js 1:27118 "AT:" "metric element not found" Object
Jan 28,2022 11:57:56 [info]  Found error in logs for url "https://www.sc.com/sg/international-banking/" and message : https://av.sc.com/assets/global/adobe/production/5e4ae16ab23e/2be1a655bb44/launch-5d0b74b28d2b.min.js 1:27118 "AT:" "metric element not found" Object
Jan 28,2022 11:57:56 [info]  Found error in logs for url "https://www.sc.com/sg/international-banking/" and message : https://av.sc.com/assets/global/adobe/production/5e4ae16ab23e/2be1a655bb44/launch-5d0b74b28d2b.min.js 1:27118 "AT:" "metric element not found" Object
Jan 28,2022 11:57:56 [info]  Found error in logs for url "https://www.sc.com/sg/international-banking/" and message : https://av.sc.com/assets/global/adobe/production/5e4ae16ab23e/2be1a655bb44/launch-5d0b74b28d2b.min.js 1:27118 "AT:" "metric element not found" Object
Jan 28,2022 11:57:56 [info]  Found error in logs for url "https://www.sc.com/sg/international-banking/" and message : https://av.sc.com/assets/global/adobe/production/5e4ae16ab23e/2be1a655bb44/launch-5d0b74b28d2b.min.js 1:27118 "AT:" "metric element not found" Object
Jan 28,2022 11:57:56 [info]  Found error in logs for url "https://www.sc.com/sg/international-banking/" and message : https://av.sc.com/assets/global/adobe/production/5e4ae16ab23e/2be1a655bb44/launch-5d0b74b28d2b.min.js 1:27118 "AT:" "metric element not found" Object
Jan 28,2022 11:57:56 [info]  Found error in logs for url "https://www.sc.com/sg/international-banking/" and message : https://av.sc.com/assets/global/adobe/production/5e4ae16ab23e/2be1a655bb44/launch-5d0b74b28d2b.min.js 1:27118 "AT:" "metric element not found" Object
Jan 28,2022 11:57:56 [info]  Found error in logs for url "https://www.sc.com/sg/international-banking/" and message : https://av.sc.com/assets/global/adobe/production/5e4ae16ab23e/2be1a655bb44/launch-5d0b74b28d2b.min.js 1:27118 "AT:" "metric element not found" Object
Jan 28,2022 11:57:56 [info]  Found error in logs for url "https://www.sc.com/sg/international-banking/" and message : https://av.sc.com/assets/global/adobe/production/5e4ae16ab23e/2be1a655bb44/launch-5d0b74b28d2b.min.js 1:27118 "AT:" "metric element not found" Object
Jan 28,2022 11:57:56 [info]  5 Console error found
Jan 28,2022 11:57:57 [info]  Navigated to the new URL: https://www.sc.com/privatebank/en/]]>
  </system-out>
</testsuite> <!-- ParentClass -->
